1520593636812105 CHEETAH_SIGNAL SENT_AFTER_TIME 132851.699738
1520593640051476 CHEETAH_SIGNAL SENT_AFTER_TIME 132854.939102
1520593640114805 CHEETAH_SIGNAL SENT_AFTER_TIME 132855.002274
1520593640113024 DISPLAY_INSTRUCTIONS Stimuli/instructions_audio_sentences.png
1520593658254817 KEY_PRESS space
1520593658256152 CHEETAH_SIGNAL SENT_AFTER_TIME 132873.143699
1520593658354115 CHEETAH_SIGNAL SENT_AFTER_TIME 132873.241608
1520593658352484 DISPLAY_INSTRUCTIONS OFF
1520593658399478 CHEETAH_SIGNAL SENT_AFTER_TIME 132873.286993
1520593658432858 CHEETAH_SIGNAL SENT_AFTER_TIME 132873.320454
1520593658487162 CHEETAH_SIGNAL SENT_AFTER_TIME 132873.374689
1520593658485597 DISPLAY_FIXATION
1520593661737500 AUDIO_PLAYBACK_ONSET 44.wav
1520593662925006 AUDIO_PLAYBACK_DONE 44.wav
1520593658250930 KEY_PRESS space
1520593658515066 KEY_PRESS space
1520593660403061 KEY_PRESS l
1520593660579060 KEY_PRESS l
1520593663925006 AUDIO_PLAYBACK_ONSET 125.wav
1520593665050019 AUDIO_PLAYBACK_DONE 125.wav
1520593663323080 KEY_PRESS l
1520593663651050 KEY_PRESS l
1520593666050019 AUDIO_PLAYBACK_ONSET 86.wav
1520593667362521 AUDIO_PLAYBACK_DONE 86.wav
1520593668362521 AUDIO_PLAYBACK_ONSET 9.wav
1520593669612506 AUDIO_PLAYBACK_DONE 9.wav
1520593667379076 KEY_PRESS l
1520593667683050 KEY_PRESS l
1520593669466929 KEY_PRESS l
1520593670612506 AUDIO_PLAYBACK_ONSET 41.wav
1520593671839062 AUDIO_PLAYBACK_DONE 41.wav
1520593669722938 KEY_PRESS l
1520593672839062 AUDIO_PLAYBACK_ONSET 109.wav
1520593674284373 AUDIO_PLAYBACK_DONE 109.wav
1520593675284373 AUDIO_PLAYBACK_ONSET 34.wav
1520593676659368 AUDIO_PLAYBACK_DONE 34.wav
1520593677659368 AUDIO_PLAYBACK_ONSET 53.wav
1520593679159368 AUDIO_PLAYBACK_DONE 53.wav
1520593680159368 AUDIO_PLAYBACK_ONSET 15.wav
1520593681221864 AUDIO_PLAYBACK_DONE 15.wav
1520593682221864 AUDIO_PLAYBACK_ONSET 106.wav
1520593683440598 AUDIO_PLAYBACK_DONE 106.wav
1520593684440598 AUDIO_PLAYBACK_ONSET 130.wav
1520593685753097 AUDIO_PLAYBACK_DONE 130.wav
1520593686753097 AUDIO_PLAYBACK_ONSET 123.wav
1520593688049970 AUDIO_PLAYBACK_DONE 123.wav
1520593689049970 AUDIO_PLAYBACK_ONSET 28.wav
1520593690549953 AUDIO_PLAYBACK_DONE 28.wav
1520593691549953 AUDIO_PLAYBACK_ONSET 21.wav
1520593692518706 AUDIO_PLAYBACK_DONE 21.wav
1520593693518706 AUDIO_PLAYBACK_ONSET 147.wav
1520593694870248 AUDIO_PLAYBACK_DONE 147.wav
1520593692611069 KEY_PRESS l
1520593692987057 KEY_PRESS l
1520593695870248 AUDIO_PLAYBACK_ONSET 78.wav
1520593697292109 AUDIO_PLAYBACK_DONE 78.wav
1520593698292109 AUDIO_PLAYBACK_ONSET 51.wav
1520593699635852 AUDIO_PLAYBACK_DONE 51.wav
1520593700635852 AUDIO_PLAYBACK_ONSET 116.wav
1520593701698346 AUDIO_PLAYBACK_DONE 116.wav
1520593700347077 KEY_PRESS l
1520593700611050 KEY_PRESS l
1520593702698346 AUDIO_PLAYBACK_ONSET 138.wav
1520593703901458 AUDIO_PLAYBACK_DONE 138.wav
1520593704901458 AUDIO_PLAYBACK_ONSET 60.wav
1520593706682709 AUDIO_PLAYBACK_DONE 60.wav
1520593707682709 AUDIO_PLAYBACK_ONSET 33.wav
1520593708823325 AUDIO_PLAYBACK_DONE 33.wav
1520593709823325 AUDIO_PLAYBACK_ONSET 47.wav
1520593711057682 AUDIO_PLAYBACK_DONE 47.wav
1520593712057682 AUDIO_PLAYBACK_ONSET 152.wav
1520593713120181 AUDIO_PLAYBACK_DONE 152.wav
1520593714120181 AUDIO_PLAYBACK_ONSET 82.wav
1520593715401428 AUDIO_PLAYBACK_DONE 82.wav
1520593716401428 AUDIO_PLAYBACK_ONSET 22.wav
1520593717557690 AUDIO_PLAYBACK_DONE 22.wav
1520593718557690 AUDIO_PLAYBACK_ONSET 52.wav
1520593719807667 AUDIO_PLAYBACK_DONE 52.wav
1520593720807667 AUDIO_PLAYBACK_ONSET 73.wav
1520593722198284 AUDIO_PLAYBACK_DONE 73.wav
1520593723198284 AUDIO_PLAYBACK_ONSET 115.wav
1520593724995156 AUDIO_PLAYBACK_DONE 115.wav
1520593725995156 AUDIO_PLAYBACK_ONSET 89.wav
1520593726924843 AUDIO_PLAYBACK_DONE 89.wav
1520593727924843 AUDIO_PLAYBACK_ONSET 18.wav
1520593729424821 AUDIO_PLAYBACK_DONE 18.wav
1520593729187066 KEY_PRESS l
1520593730424821 AUDIO_PLAYBACK_ONSET 57.wav
1520593731659178 AUDIO_PLAYBACK_DONE 57.wav
1520593729611058 KEY_PRESS l
1520593731475050 KEY_PRESS l
1520593732659178 AUDIO_PLAYBACK_ONSET 101.wav
1520593733893532 AUDIO_PLAYBACK_DONE 101.wav
1520593731771055 KEY_PRESS l
1520593734893532 AUDIO_PLAYBACK_ONSET 12.wav
1520593736299769 AUDIO_PLAYBACK_DONE 12.wav
1520593737299769 AUDIO_PLAYBACK_ONSET 124.wav
1520593738284123 AUDIO_PLAYBACK_DONE 124.wav
1520593739284123 AUDIO_PLAYBACK_ONSET 10.wav
1520593740409114 AUDIO_PLAYBACK_DONE 10.wav
1520593741409114 AUDIO_PLAYBACK_ONSET 40.wav
1520593742846598 AUDIO_PLAYBACK_DONE 40.wav
1520593743846598 AUDIO_PLAYBACK_ONSET 128.wav
1520593745159119 AUDIO_PLAYBACK_DONE 128.wav
1520593746159119 AUDIO_PLAYBACK_ONSET 32.wav
1520593747393477 AUDIO_PLAYBACK_DONE 32.wav
1520593748393477 AUDIO_PLAYBACK_ONSET 121.wav
1520593749830960 AUDIO_PLAYBACK_DONE 121.wav
1520593750830960 AUDIO_PLAYBACK_ONSET 16.wav
1520593752299691 AUDIO_PLAYBACK_DONE 16.wav
1520593753299691 AUDIO_PLAYBACK_ONSET 58.wav
1520593754526245 AUDIO_PLAYBACK_DONE 58.wav
1520593755526245 AUDIO_PLAYBACK_ONSET 104.wav
1520593757151234 AUDIO_PLAYBACK_DONE 104.wav
1520593758151234 AUDIO_PLAYBACK_ONSET 27.wav
1520593759838723 AUDIO_PLAYBACK_DONE 27.wav
1520593760838723 AUDIO_PLAYBACK_ONSET 49.wav
1520593762104350 AUDIO_PLAYBACK_DONE 49.wav
1520593763104350 AUDIO_PLAYBACK_ONSET 88.wav
1520593764323081 AUDIO_PLAYBACK_DONE 88.wav
1520593765323081 AUDIO_PLAYBACK_ONSET 13.wav
1520593767166824 AUDIO_PLAYBACK_DONE 13.wav
1520593765307087 KEY_PRESS l
1520593765499318 KEY_PRESS l
1520593766779065 KEY_PRESS l
1520593767059047 KEY_PRESS l
1520593768166824 AUDIO_PLAYBACK_ONSET 102.wav
1520593769760567 AUDIO_PLAYBACK_DONE 102.wav
1520593770760567 AUDIO_PLAYBACK_ONSET 45.wav
1520593771854309 AUDIO_PLAYBACK_DONE 45.wav
1520593772854309 AUDIO_PLAYBACK_ONSET 71.wav
1520593773854288 AUDIO_PLAYBACK_DONE 71.wav
1520593774854288 AUDIO_PLAYBACK_ONSET 137.wav
1520593776276148 AUDIO_PLAYBACK_DONE 137.wav
1520593777276148 AUDIO_PLAYBACK_ONSET 66.wav
1520593778487079 AUDIO_PLAYBACK_DONE 66.wav
1520593779487079 AUDIO_PLAYBACK_ONSET 105.wav
1520593780701908 AUDIO_PLAYBACK_DONE 105.wav
1520593781701908 AUDIO_PLAYBACK_ONSET 2.wav
1520593783123791 AUDIO_PLAYBACK_DONE 2.wav
1520593784123791 AUDIO_PLAYBACK_ONSET 90.wav
1520593785514430 AUDIO_PLAYBACK_DONE 90.wav
1520593786514430 AUDIO_PLAYBACK_ONSET 74.wav
1520593787701914 AUDIO_PLAYBACK_DONE 74.wav
1520593788701914 AUDIO_PLAYBACK_ONSET 31.wav
1520593789951895 AUDIO_PLAYBACK_DONE 31.wav
1520593787947075 KEY_PRESS l
1520593788203066 KEY_PRESS l
1520593790951895 AUDIO_PLAYBACK_ONSET 141.wav
1520593792022192 AUDIO_PLAYBACK_DONE 141.wav
1520593793022192 AUDIO_PLAYBACK_ONSET 25.wav
1520593794522173 AUDIO_PLAYBACK_DONE 25.wav
1520593795522173 AUDIO_PLAYBACK_ONSET 3.wav
1520593797014351 AUDIO_PLAYBACK_DONE 3.wav
1520593796283078 KEY_PRESS l
1520593796563057 KEY_PRESS l
1520593798014351 AUDIO_PLAYBACK_ONSET 37.wav
1520593799108096 AUDIO_PLAYBACK_DONE 37.wav
1520593800108096 AUDIO_PLAYBACK_ONSET 62.wav
1520593801576827 AUDIO_PLAYBACK_DONE 62.wav
1520593802576827 AUDIO_PLAYBACK_ONSET 20.wav
1520593803795559 AUDIO_PLAYBACK_DONE 20.wav
1520593802419030 KEY_PRESS l
1520593802723090 KEY_PRESS l
1520593804795559 AUDIO_PLAYBACK_ONSET 7.wav
1520593805889301 AUDIO_PLAYBACK_DONE 7.wav
1520593806889301 AUDIO_PLAYBACK_ONSET 85.wav
1520593808233048 AUDIO_PLAYBACK_DONE 85.wav
1520593808075077 KEY_PRESS l
1520593809233048 AUDIO_PLAYBACK_ONSET 65.wav
1520593810608038 AUDIO_PLAYBACK_DONE 65.wav
1520593808507081 KEY_PRESS l
1520593811608038 AUDIO_PLAYBACK_ONSET 81.wav
1520593812795521 AUDIO_PLAYBACK_DONE 81.wav
1520593813795521 AUDIO_PLAYBACK_ONSET 26.wav
1520593815154888 AUDIO_PLAYBACK_DONE 26.wav
1520593816154888 AUDIO_PLAYBACK_ONSET 56.wav
1520593817936137 AUDIO_PLAYBACK_DONE 56.wav
1520593818936137 AUDIO_PLAYBACK_ONSET 150.wav
1520593820186115 AUDIO_PLAYBACK_DONE 150.wav
1520593821186115 AUDIO_PLAYBACK_ONSET 117.wav
1520593822561104 AUDIO_PLAYBACK_DONE 117.wav
1520593823561104 AUDIO_PLAYBACK_ONSET 23.wav
1520593825061106 AUDIO_PLAYBACK_DONE 23.wav
1520593826061106 AUDIO_PLAYBACK_ONSET 96.wav
1520593827412647 AUDIO_PLAYBACK_DONE 96.wav
1520593828412647 AUDIO_PLAYBACK_ONSET 76.wav
1520593829725143 AUDIO_PLAYBACK_DONE 76.wav
1520593830725143 AUDIO_PLAYBACK_ONSET 80.wav
1520593831943874 AUDIO_PLAYBACK_DONE 80.wav
1520593832943874 AUDIO_PLAYBACK_ONSET 54.wav
1520593834193853 AUDIO_PLAYBACK_DONE 54.wav
1520593835193853 AUDIO_PLAYBACK_ONSET 72.wav
1520593836678207 AUDIO_PLAYBACK_DONE 72.wav
1520593837678207 AUDIO_PLAYBACK_ONSET 4.wav
1520593838734832 AUDIO_PLAYBACK_DONE 4.wav
1520593839734832 AUDIO_PLAYBACK_ONSET 132.wav
1520593841348121 AUDIO_PLAYBACK_DONE 132.wav
1520593842348121 AUDIO_PLAYBACK_ONSET 98.wav
1520593843695762 AUDIO_PLAYBACK_DONE 98.wav
1520593844695762 AUDIO_PLAYBACK_ONSET 64.wav
1520593845680117 AUDIO_PLAYBACK_DONE 64.wav
1520593846680117 AUDIO_PLAYBACK_ONSET 50.wav
1520593847781660 AUDIO_PLAYBACK_DONE 50.wav
1520593848781660 AUDIO_PLAYBACK_ONSET 94.wav
1520593850000412 AUDIO_PLAYBACK_DONE 94.wav
1520593851000412 AUDIO_PLAYBACK_ONSET 14.wav
1520593852344177 AUDIO_PLAYBACK_DONE 14.wav
1520593853344177 AUDIO_PLAYBACK_ONSET 48.wav
1520593854516037 AUDIO_PLAYBACK_DONE 48.wav
1520593855516037 AUDIO_PLAYBACK_ONSET 119.wav
1520593856672298 AUDIO_PLAYBACK_DONE 119.wav
1520593857672298 AUDIO_PLAYBACK_ONSET 75.wav
1520593858672298 AUDIO_PLAYBACK_DONE 75.wav
1520593859672298 AUDIO_PLAYBACK_ONSET 8.wav
1520593860851982 AUDIO_PLAYBACK_DONE 8.wav
1520593861851982 AUDIO_PLAYBACK_ONSET 67.wav
1520593862773843 AUDIO_PLAYBACK_DONE 67.wav
1520593863773843 AUDIO_PLAYBACK_ONSET 112.wav
1520593864711329 AUDIO_PLAYBACK_DONE 112.wav
1520593865711329 AUDIO_PLAYBACK_ONSET 108.wav
1520593867195684 AUDIO_PLAYBACK_DONE 108.wav
1520593868195684 AUDIO_PLAYBACK_ONSET 91.wav
1520593869101920 AUDIO_PLAYBACK_DONE 91.wav
1520593870101920 AUDIO_PLAYBACK_ONSET 133.wav
1520593871430038 AUDIO_PLAYBACK_DONE 133.wav
1520593872430038 AUDIO_PLAYBACK_ONSET 17.wav
1520593873430019 AUDIO_PLAYBACK_DONE 17.wav
1520593874430019 AUDIO_PLAYBACK_ONSET 68.wav
1520593875406596 AUDIO_PLAYBACK_DONE 68.wav
1520593876406596 AUDIO_PLAYBACK_ONSET 97.wav
1520593878058933 AUDIO_PLAYBACK_DONE 97.wav
1520593879058933 AUDIO_PLAYBACK_ONSET 114.wav
1520593880293287 AUDIO_PLAYBACK_DONE 114.wav
1520593881293287 AUDIO_PLAYBACK_ONSET 142.wav
1520593882738595 AUDIO_PLAYBACK_DONE 142.wav
1520593883738595 AUDIO_PLAYBACK_ONSET 87.wav
1520593884847961 AUDIO_PLAYBACK_DONE 87.wav
1520593885847961 AUDIO_PLAYBACK_ONSET 144.wav
1520593887160478 AUDIO_PLAYBACK_DONE 144.wav
1520593888160478 AUDIO_PLAYBACK_ONSET 148.wav
1520593889426124 AUDIO_PLAYBACK_DONE 148.wav
1520593890426124 AUDIO_PLAYBACK_ONSET 69.wav
1520593891722997 AUDIO_PLAYBACK_DONE 69.wav
1520593891331071 KEY_PRESS l
1520593891539057 KEY_PRESS l
1520593892722997 AUDIO_PLAYBACK_ONSET 111.wav
1520593894004244 AUDIO_PLAYBACK_DONE 111.wav
1520593895004244 AUDIO_PLAYBACK_ONSET 113.wav
1520593896222978 AUDIO_PLAYBACK_DONE 113.wav
1520593897222978 AUDIO_PLAYBACK_ONSET 118.wav
1520593898722956 AUDIO_PLAYBACK_DONE 118.wav
1520593899722956 AUDIO_PLAYBACK_ONSET 120.wav
1520593901019828 AUDIO_PLAYBACK_DONE 120.wav
1520593902019828 AUDIO_PLAYBACK_ONSET 36.wav
1520593903269828 AUDIO_PLAYBACK_DONE 36.wav
1520593904269828 AUDIO_PLAYBACK_ONSET 145.wav
1520593905660441 AUDIO_PLAYBACK_DONE 145.wav
1520593906660441 AUDIO_PLAYBACK_ONSET 134.wav
1520593907449489 AUDIO_PLAYBACK_DONE 134.wav
1520593908449489 AUDIO_PLAYBACK_ONSET 143.wav
1520593909566656 AUDIO_PLAYBACK_DONE 143.wav
1520593910566656 AUDIO_PLAYBACK_ONSET 42.wav
1520593911722892 AUDIO_PLAYBACK_DONE 42.wav
1520593911099062 KEY_PRESS l
1520593912722892 AUDIO_PLAYBACK_ONSET 126.wav
1520593914113505 AUDIO_PLAYBACK_DONE 126.wav
1520593911859052 KEY_PRESS l
1520593915113505 AUDIO_PLAYBACK_ONSET 38.wav
1520593916394752 AUDIO_PLAYBACK_DONE 38.wav
1520593917394752 AUDIO_PLAYBACK_ONSET 103.wav
1520593918785365 AUDIO_PLAYBACK_DONE 103.wav
1520593919785365 AUDIO_PLAYBACK_ONSET 43.wav
1520593921035344 AUDIO_PLAYBACK_DONE 43.wav
1520593922035344 AUDIO_PLAYBACK_ONSET 35.wav
1520593923597840 AUDIO_PLAYBACK_DONE 35.wav
1520593924597840 AUDIO_PLAYBACK_ONSET 93.wav
1520593926113465 AUDIO_PLAYBACK_DONE 93.wav
1520593927113465 AUDIO_PLAYBACK_ONSET 146.wav
1520593928488477 AUDIO_PLAYBACK_DONE 146.wav
1520593929488477 AUDIO_PLAYBACK_ONSET 110.wav
1520593931019725 AUDIO_PLAYBACK_DONE 110.wav
1520593930619067 KEY_PRESS l
1520593932019725 AUDIO_PLAYBACK_ONSET 46.wav
1520593933082220 AUDIO_PLAYBACK_DONE 46.wav
1520593931043051 KEY_PRESS l
1520593934082220 AUDIO_PLAYBACK_ONSET 136.wav
1520593935699386 AUDIO_PLAYBACK_DONE 136.wav
1520593936699386 AUDIO_PLAYBACK_ONSET 95.wav
1520593937972812 AUDIO_PLAYBACK_DONE 95.wav
1520593938972812 AUDIO_PLAYBACK_ONSET 151.wav
1520593940004061 AUDIO_PLAYBACK_DONE 151.wav
1520593941004061 AUDIO_PLAYBACK_ONSET 30.wav
1520593942504039 AUDIO_PLAYBACK_DONE 30.wav
1520593943504039 AUDIO_PLAYBACK_ONSET 122.wav
1520593944691546 AUDIO_PLAYBACK_DONE 122.wav
1520593945691546 AUDIO_PLAYBACK_ONSET 77.wav
1520593946738440 AUDIO_PLAYBACK_DONE 77.wav
1520593947738440 AUDIO_PLAYBACK_ONSET 139.wav
1520593948918124 AUDIO_PLAYBACK_DONE 139.wav
1520593949918124 AUDIO_PLAYBACK_ONSET 55.wav
1520593951105609 AUDIO_PLAYBACK_DONE 55.wav
1520593952105609 AUDIO_PLAYBACK_ONSET 107.wav
1520593953269668 AUDIO_PLAYBACK_DONE 107.wav
1520593954269668 AUDIO_PLAYBACK_ONSET 39.wav
1520593956144656 AUDIO_PLAYBACK_DONE 39.wav
1520593957144656 AUDIO_PLAYBACK_ONSET 127.wav
1520593958324361 AUDIO_PLAYBACK_DONE 127.wav
1520593959324361 AUDIO_PLAYBACK_ONSET 149.wav
1520593960480597 AUDIO_PLAYBACK_DONE 149.wav
1520593961480597 AUDIO_PLAYBACK_ONSET 140.wav
1520593962761844 AUDIO_PLAYBACK_DONE 140.wav
1520593963761844 AUDIO_PLAYBACK_ONSET 6.wav
1520593964988399 AUDIO_PLAYBACK_DONE 6.wav
1520593965988399 AUDIO_PLAYBACK_ONSET 131.wav
1520593966863387 AUDIO_PLAYBACK_DONE 131.wav
1520593967863387 AUDIO_PLAYBACK_ONSET 84.wav
1520593969113366 AUDIO_PLAYBACK_DONE 84.wav
1520593970113366 AUDIO_PLAYBACK_ONSET 5.wav
1520593971576247 AUDIO_PLAYBACK_DONE 5.wav
1520593972576247 AUDIO_PLAYBACK_ONSET 24.wav
1520593974169992 AUDIO_PLAYBACK_DONE 24.wav
1520593973867072 KEY_PRESS l
1520593975169992 AUDIO_PLAYBACK_ONSET 61.wav
1520593976669970 AUDIO_PLAYBACK_DONE 61.wav
1520593974259057 KEY_PRESS l
1520593977669970 AUDIO_PLAYBACK_ONSET 1.wav
1520593978544959 AUDIO_PLAYBACK_DONE 1.wav
1520593979544959 AUDIO_PLAYBACK_ONSET 92.wav
1520593980794936 AUDIO_PLAYBACK_DONE 92.wav
1520593981794936 AUDIO_PLAYBACK_ONSET 99.wav
1520593982888681 AUDIO_PLAYBACK_DONE 99.wav
1520593983888681 AUDIO_PLAYBACK_ONSET 135.wav
1520593984939452 AUDIO_PLAYBACK_DONE 135.wav
1520593985939452 AUDIO_PLAYBACK_ONSET 70.wav
1520593987470700 AUDIO_PLAYBACK_DONE 70.wav
1520593988470700 AUDIO_PLAYBACK_ONSET 83.wav
1520593990158183 AUDIO_PLAYBACK_DONE 83.wav
1520593991158183 AUDIO_PLAYBACK_ONSET 63.wav
1520593992322245 AUDIO_PLAYBACK_DONE 63.wav
1520593990123107 KEY_PRESS l
1520593990451048 KEY_PRESS l
1520593993322245 AUDIO_PLAYBACK_ONSET 29.wav
1520593994822222 AUDIO_PLAYBACK_DONE 29.wav
1520593995822222 AUDIO_PLAYBACK_ONSET 129.wav
1520593996947211 AUDIO_PLAYBACK_DONE 129.wav
1520593997947211 AUDIO_PLAYBACK_ONSET 100.wav
1520593998822201 AUDIO_PLAYBACK_DONE 100.wav
1520593999822201 AUDIO_PLAYBACK_ONSET 79.wav
1520594001134696 AUDIO_PLAYBACK_DONE 79.wav
1520594002134696 AUDIO_PLAYBACK_ONSET 11.wav
1520594003087804 AUDIO_PLAYBACK_DONE 11.wav
1520594004087804 AUDIO_PLAYBACK_ONSET 19.wav
1520594005119052 AUDIO_PLAYBACK_DONE 19.wav
1520594006119052 AUDIO_PLAYBACK_ONSET 59.wav
1520594007423724 AUDIO_PLAYBACK_DONE 59.wav
