1520591889330547 CHEETAH_SIGNAL SENT_AFTER_TIME 131104.218217
1520591892176783 CHEETAH_SIGNAL SENT_AFTER_TIME 131107.064378
1520591892248342 CHEETAH_SIGNAL SENT_AFTER_TIME 131107.135812
1520591892246494 DISPLAY_INSTRUCTIONS Stimuli/instructions_audio_sentences.png
1520591893629989 KEY_PRESS F12
1520591893631782 KEY_PRESS F12
1520591893633480 KEY_PRESS F12
1520591893635047 KEY_PRESS F12
1520591893636656 KEY_PRESS F12
1520591893638239 KEY_PRESS F12
1520591893640087 KEY_PRESS F12
1520591893641755 KEY_PRESS F12
1520591893643422 KEY_PRESS F12
1520591893645080 KEY_PRESS F12
1520591893646737 KEY_PRESS F12
1520591893648259 KEY_PRESS F12
1520591893649763 KEY_PRESS F12
1520591893651253 KEY_PRESS F12
1520591893652662 KEY_PRESS F12
1520591893654070 KEY_PRESS F12
1520591893655723 KEY_PRESS F12
1520591893657142 KEY_PRESS F12
1520591893658648 KEY_PRESS F12
1520591893660200 KEY_PRESS F12
1520591893661656 KEY_PRESS F12
1520591893663067 KEY_PRESS F12
1520591893664477 KEY_PRESS F12
1520591893665955 KEY_PRESS F12
1520591893667366 KEY_PRESS F12
1520591893668776 KEY_PRESS F12
1520591893670516 KEY_PRESS F12
1520591893672027 KEY_PRESS F12
1520591893673445 KEY_PRESS F12
1520591893674859 KEY_PRESS F12
1520591893676315 KEY_PRESS F12
1520591893677727 KEY_PRESS F12
1520591893679181 KEY_PRESS F12
1520591893680591 KEY_PRESS F12
1520591893682098 KEY_PRESS F12
1520591893683650 KEY_PRESS F12
1520591893685285 KEY_PRESS F12
1520591893686700 KEY_PRESS F12
1520591893688187 KEY_PRESS F12
1520591893689600 KEY_PRESS F12
1520591893691010 KEY_PRESS F12
1520591893692418 KEY_PRESS F12
1520591893693984 KEY_PRESS F12
1520591893695501 KEY_PRESS F12
1520591893696908 KEY_PRESS F12
1520591893698361 KEY_PRESS F12
1520591893699997 KEY_PRESS F12
1520591893701414 KEY_PRESS F12
1520591893702826 KEY_PRESS F12
1520591893704243 KEY_PRESS F12
1520591893705815 KEY_PRESS F12
1520591893707377 KEY_PRESS F12
1520591894030178 KEY_PRESS F12
1520591894031891 KEY_PRESS F12
1520591894033568 KEY_PRESS F12
1520591894035224 KEY_PRESS F12
1520591894037092 KEY_PRESS F12
1520591894038617 KEY_PRESS F12
1520591894040092 KEY_PRESS F12
1520591894041575 KEY_PRESS F12
1520591894043230 KEY_PRESS F12
1520591894044862 KEY_PRESS F12
1520591894046446 KEY_PRESS F12
1520591894047877 KEY_PRESS F12
1520591894049295 KEY_PRESS F12
1520591894050730 KEY_PRESS F12
1520591894052385 KEY_PRESS F12
1520591894053807 KEY_PRESS F12
1520591894055214 KEY_PRESS F12
1520591894056645 KEY_PRESS F12
1520591894058064 KEY_PRESS F12
1520591894059493 KEY_PRESS F12
1520591894061016 KEY_PRESS F12
1520591894062517 KEY_PRESS F12
1520591894063959 KEY_PRESS F12
1520591894065430 KEY_PRESS F12
1520591894067070 KEY_PRESS F12
1520591894068506 KEY_PRESS F12
1520591894069942 KEY_PRESS F12
1520591894071378 KEY_PRESS F12
1520591894072864 KEY_PRESS F12
1520591894074443 KEY_PRESS F12
1520591894075871 KEY_PRESS F12
1520591894077289 KEY_PRESS F12
1520591894078754 KEY_PRESS F12
1520591894080172 KEY_PRESS F12
1520591894081814 KEY_PRESS F12
1520591894083226 KEY_PRESS F12
1520591894084751 KEY_PRESS F12
1520591894086273 KEY_PRESS F12
1520591894087697 KEY_PRESS F12
1520591894089130 KEY_PRESS F12
1520591894090538 KEY_PRESS F12
1520591894092447 KEY_PRESS F12
1520591894221868 KEY_PRESS F12
1520591894223586 KEY_PRESS F12
1520591894225543 KEY_PRESS F12
1520591894227217 KEY_PRESS F12
1520591894228843 KEY_PRESS F12
1520591894230366 KEY_PRESS F12
1520591894231882 KEY_PRESS F12
1520591894233338 KEY_PRESS F12
1520591894234802 KEY_PRESS F12
1520591894236388 KEY_PRESS F12
1520591894238001 KEY_PRESS F12
1520591894239637 KEY_PRESS F12
1520591894241329 KEY_PRESS F12
1520591894242739 KEY_PRESS F12
1520591894244177 KEY_PRESS F12
1520591894245644 KEY_PRESS F12
1520591894247065 KEY_PRESS F12
1520591894248480 KEY_PRESS F12
1520591894249894 KEY_PRESS F12
1520591894251347 KEY_PRESS F12
1520591894252806 KEY_PRESS F12
1520591894254367 KEY_PRESS F12
1520591894256015 KEY_PRESS F12
1520591894257443 KEY_PRESS F12
1520591894258860 KEY_PRESS F12
1520591894260284 KEY_PRESS F12
1520591894261774 KEY_PRESS F12
1520591894263200 KEY_PRESS F12
1520591894264634 KEY_PRESS F12
1520591894266273 KEY_PRESS F12
1520591894267684 KEY_PRESS F12
1520591894269106 KEY_PRESS F12
1520591894270740 KEY_PRESS F12
1520591894272177 KEY_PRESS F12
1520591894273593 KEY_PRESS F12
1520591894275003 KEY_PRESS F12
1520591894276443 KEY_PRESS F12
1520591894278111 KEY_PRESS F12
1520591894279521 KEY_PRESS F12
1520591894280945 KEY_PRESS F12
1520591894282361 KEY_PRESS F12
1520591894283774 KEY_PRESS F12
1520591894285411 KEY_PRESS F12
1520591894286844 KEY_PRESS F12
1520591894288299 KEY_PRESS F12
1520591894289868 KEY_PRESS F12
1520591894291453 KEY_PRESS F12
1520591894398420 KEY_PRESS F12
1520591894400986 KEY_PRESS F12
1520591894403155 KEY_PRESS F12
1520591894405048 KEY_PRESS F12
1520591894406669 KEY_PRESS F12
1520591894408590 KEY_PRESS F12
1520591894410071 KEY_PRESS F12
1520591894411535 KEY_PRESS F12
1520591894412941 KEY_PRESS F12
1520591894414339 KEY_PRESS F12
1520591894415735 KEY_PRESS F12
1520591894417132 KEY_PRESS F12
1520591894418528 KEY_PRESS F12
1520591894419921 KEY_PRESS F12
1520591894421315 KEY_PRESS F12
1520591894423001 KEY_PRESS F12
1520591894424408 KEY_PRESS F12
1520591894425811 KEY_PRESS F12
1520591894427211 KEY_PRESS F12
1520591894429024 KEY_PRESS F12
1520591894430435 KEY_PRESS F12
1520591894431941 KEY_PRESS F12
1520591894433340 KEY_PRESS F12
1520591894434737 KEY_PRESS F12
1520591894436133 KEY_PRESS F12
1520591894437751 KEY_PRESS F12
1520591894439252 KEY_PRESS F12
1520591894440748 KEY_PRESS F12
1520591894442250 KEY_PRESS F12
1520591894443648 KEY_PRESS F12
1520591894445097 KEY_PRESS F12
1520591894446541 KEY_PRESS F12
1520591894447937 KEY_PRESS F12
1520591894449335 KEY_PRESS F12
1520591894450730 KEY_PRESS F12
1520591894452458 KEY_PRESS F12
1520591894453942 KEY_PRESS F12
1520591894455340 KEY_PRESS F12
1520591894456740 KEY_PRESS F12
1520591894458135 KEY_PRESS F12
1520591894459530 KEY_PRESS F12
1520591894460924 KEY_PRESS F12
1520591894462389 KEY_PRESS F12
1520591894463897 KEY_PRESS F12
1520591894465401 KEY_PRESS F12
1520591894467017 KEY_PRESS F12
1520591894468418 KEY_PRESS F12
1520591894469813 KEY_PRESS F12
1520591894471213 KEY_PRESS F12
1520591894472608 KEY_PRESS F12
1520591894474002 KEY_PRESS F12
1520591894475944 KEY_PRESS F12
1520591894573556 KEY_PRESS F12
1520591894575902 KEY_PRESS F12
1520591894578455 KEY_PRESS F12
1520591894580945 KEY_PRESS F12
1520591894582575 KEY_PRESS F12
1520591894584448 KEY_PRESS F12
1520591894585958 KEY_PRESS F12
1520591894587404 KEY_PRESS F12
1520591894588848 KEY_PRESS F12
1520591894590290 KEY_PRESS F12
1520591894591738 KEY_PRESS F12
1520591894593181 KEY_PRESS F12
1520591894594646 KEY_PRESS F12
1520591894596325 KEY_PRESS F12
1520591894597900 KEY_PRESS F12
1520591894599455 KEY_PRESS F12
1520591894600895 KEY_PRESS F12
1520591894602298 KEY_PRESS F12
1520591894603696 KEY_PRESS F12
1520591894605093 KEY_PRESS F12
1520591894606888 KEY_PRESS F12
1520591894608300 KEY_PRESS F12
1520591894609702 KEY_PRESS F12
1520591894611352 KEY_PRESS F12
1520591894612821 KEY_PRESS F12
1520591894614219 KEY_PRESS F12
1520591894615615 KEY_PRESS F12
1520591894617012 KEY_PRESS F12
1520591894618606 KEY_PRESS F12
1520591894620025 KEY_PRESS F12
1520591894621425 KEY_PRESS F12
1520591894622820 KEY_PRESS F12
1520591894624215 KEY_PRESS F12
1520591894625831 KEY_PRESS F12
1520591894627230 KEY_PRESS F12
1520591894628672 KEY_PRESS F12
1520591894630256 KEY_PRESS F12
1520591894631664 KEY_PRESS F12
1520591894633059 KEY_PRESS F12
1520591894634454 KEY_PRESS F12
1520591894636467 KEY_PRESS F12
1520591894742547 KEY_PRESS F12
1520591894745116 KEY_PRESS F12
1520591894747797 KEY_PRESS F12
1520591894749463 KEY_PRESS F12
1520591894750961 KEY_PRESS F12
1520591894752455 KEY_PRESS F12
1520591894754100 KEY_PRESS F12
1520591894755558 KEY_PRESS F12
1520591894757276 KEY_PRESS F12
1520591894759966 KEY_PRESS F12
1520591894762136 KEY_PRESS F12
1520591894763589 KEY_PRESS F12
1520591894765314 KEY_PRESS F12
1520591894766763 KEY_PRESS F12
1520591894768208 KEY_PRESS F12
1520591894769650 KEY_PRESS F12
1520591894771092 KEY_PRESS F12
1520591894772488 KEY_PRESS F12
1520591894774300 KEY_PRESS F12
1520591894775714 KEY_PRESS F12
1520591894777117 KEY_PRESS F12
1520591894778541 KEY_PRESS F12
1520591894780162 KEY_PRESS F12
1520591894781562 KEY_PRESS F12
1520591894782960 KEY_PRESS F12
1520591894784356 KEY_PRESS F12
1520591894785929 KEY_PRESS F12
1520591894787375 KEY_PRESS F12
1520591894788770 KEY_PRESS F12
1520591894790164 KEY_PRESS F12
1520591894791557 KEY_PRESS F12
1520591894792951 KEY_PRESS F12
1520591894794640 KEY_PRESS F12
1520591894796663 KEY_PRESS F12
1520591894942049 KEY_PRESS F12
1520591894944485 KEY_PRESS F12
1520591894946670 KEY_PRESS F12
1520591894948648 KEY_PRESS F12
1520591894950284 KEY_PRESS F12
1520591894951912 KEY_PRESS F12
1520591894953383 KEY_PRESS F12
1520591894954827 KEY_PRESS F12
1520591894956541 KEY_PRESS F12
1520591894958015 KEY_PRESS F12
1520591894959457 KEY_PRESS F12
1520591894960901 KEY_PRESS F12
1520591894962366 KEY_PRESS F12
1520591894963769 KEY_PRESS F12
1520591894965234 KEY_PRESS F12
1520591894966634 KEY_PRESS F12
1520591894968030 KEY_PRESS F12
1520591894969424 KEY_PRESS F12
1520591894971229 KEY_PRESS F12
1520591913429559 KEY_PRESS F11
1520591913431655 KEY_PRESS F11
1520591913433394 KEY_PRESS F11
1520591913435048 KEY_PRESS F11
1520591913436784 KEY_PRESS F11
1520591913439256 KEY_PRESS F11
1520591913441924 KEY_PRESS F11
1520591913444612 KEY_PRESS F11
1520591913447275 KEY_PRESS F11
1520591913450562 KEY_PRESS F11
1520591913453217 KEY_PRESS F11
1520591913455857 KEY_PRESS F11
1520591913458494 KEY_PRESS F11
1520591913461138 KEY_PRESS F11
1520591913463769 KEY_PRESS F11
1520591913466396 KEY_PRESS F11
1520591913469022 KEY_PRESS F11
1520591913471649 KEY_PRESS F11
1520591913474281 KEY_PRESS F11
1520591913477316 KEY_PRESS F11
1520591913479967 KEY_PRESS F11
1520591913482597 KEY_PRESS F11
1520591913485234 KEY_PRESS F11
1520591913487860 KEY_PRESS F11
1520591913490482 KEY_PRESS F11
1520591913493107 KEY_PRESS F11
1520591913495743 KEY_PRESS F11
1520591913498365 KEY_PRESS F11
1520591913500984 KEY_PRESS F11
1520591913504011 KEY_PRESS F11
1520591913506656 KEY_PRESS F11
1520591913509278 KEY_PRESS F11
1520591913511911 KEY_PRESS F11
1520591913514538 KEY_PRESS F11
1520591913517155 KEY_PRESS F11
1520591913519790 KEY_PRESS F11
1520591913522404 KEY_PRESS F11
1520591913525047 KEY_PRESS F11
1520591913527664 KEY_PRESS F11
1520591913530698 KEY_PRESS F11
1520591916871983 KEY_PRESS space
1520591916873229 CHEETAH_SIGNAL SENT_AFTER_TIME 131131.760820
1520591916971515 CHEETAH_SIGNAL SENT_AFTER_TIME 131131.859036
1520591916969986 DISPLAY_INSTRUCTIONS OFF
1520591917016954 CHEETAH_SIGNAL SENT_AFTER_TIME 131131.904468
1520591917050285 CHEETAH_SIGNAL SENT_AFTER_TIME 131131.937898
1520591917103698 CHEETAH_SIGNAL SENT_AFTER_TIME 131131.991230
1520591917102127 DISPLAY_FIXATION
1520591920357853 AUDIO_PLAYBACK_ONSET 1.wav
1520591921232864 AUDIO_PLAYBACK_DONE 1.wav
1520591893626929 KEY_PRESS F12
1520591893706926 KEY_PRESS F12
1520591894026930 KEY_PRESS F12
1520591894090934 KEY_PRESS F12
1520591894218928 KEY_PRESS F12
1520591894290929 KEY_PRESS F12
1520591894394928 KEY_PRESS F12
1520591894474914 KEY_PRESS F12
1520591894570929 KEY_PRESS F12
1520591894634928 KEY_PRESS F12
1520591894738911 KEY_PRESS F12
1520591894794909 KEY_PRESS F12
1520591894938912 KEY_PRESS F12
1520591894970914 KEY_PRESS F12
1520591913426933 KEY_PRESS F11
1520591913530928 KEY_PRESS F11
1520591916866930 KEY_PRESS space
1520591917314922 KEY_PRESS space
1520591922232864 AUDIO_PLAYBACK_ONSET 2.wav
1520591923654754 AUDIO_PLAYBACK_DONE 2.wav
1520591921243068 KEY_PRESS F12
1520591921339055 KEY_PRESS F12
1520591921450981 KEY_PRESS F12
1520591921539117 KEY_PRESS F12
1520591921635051 KEY_PRESS F12
1520591921707057 KEY_PRESS F12
1520591921795023 KEY_PRESS F12
1520591921835050 KEY_PRESS F12
1520591924654754 AUDIO_PLAYBACK_ONSET 3.wav
1520591926146937 AUDIO_PLAYBACK_DONE 3.wav
1520591925331048 KEY_PRESS l
1520591925715047 KEY_PRESS l
1520591927146937 AUDIO_PLAYBACK_ONSET 4.wav
1520591928203584 AUDIO_PLAYBACK_DONE 4.wav
1520591927979049 KEY_PRESS l
1520591929203584 AUDIO_PLAYBACK_ONSET 5.wav
1520591930666468 AUDIO_PLAYBACK_DONE 5.wav
1520591928251048 KEY_PRESS l
1520591931666468 AUDIO_PLAYBACK_ONSET 6.wav
1520591932893024 AUDIO_PLAYBACK_DONE 6.wav
1520591933893024 AUDIO_PLAYBACK_ONSET 7.wav
1520591934986770 AUDIO_PLAYBACK_DONE 7.wav
1520591935986770 AUDIO_PLAYBACK_ONSET 8.wav
1520591937166456 AUDIO_PLAYBACK_DONE 8.wav
1520591938166456 AUDIO_PLAYBACK_ONSET 9.wav
1520591939416437 AUDIO_PLAYBACK_DONE 9.wav
1520591939299070 KEY_PRESS l
1520591940416437 AUDIO_PLAYBACK_ONSET 10.wav
1520591941541427 AUDIO_PLAYBACK_DONE 10.wav
1520591939579051 KEY_PRESS l
1520591942541427 AUDIO_PLAYBACK_ONSET 11.wav
1520591943494533 AUDIO_PLAYBACK_DONE 11.wav
1520591944494533 AUDIO_PLAYBACK_ONSET 12.wav
1520591945900775 AUDIO_PLAYBACK_DONE 12.wav
1520591946900775 AUDIO_PLAYBACK_ONSET 13.wav
1520591948744525 AUDIO_PLAYBACK_DONE 13.wav
1520591948394966 KEY_PRESS l
1520591949744525 AUDIO_PLAYBACK_ONSET 14.wav
1520591951088270 AUDIO_PLAYBACK_DONE 14.wav
1520591948755048 KEY_PRESS l
1520591952088270 AUDIO_PLAYBACK_ONSET 15.wav
1520591953150787 AUDIO_PLAYBACK_DONE 15.wav
1520591954150787 AUDIO_PLAYBACK_ONSET 16.wav
1520591955619518 AUDIO_PLAYBACK_DONE 16.wav
1520591956619518 AUDIO_PLAYBACK_ONSET 17.wav
1520591957619495 AUDIO_PLAYBACK_DONE 17.wav
1520591958619495 AUDIO_PLAYBACK_ONSET 18.wav
1520591960119476 AUDIO_PLAYBACK_DONE 18.wav
1520591959987064 KEY_PRESS l
1520591961119476 AUDIO_PLAYBACK_ONSET 19.wav
1520591962150725 AUDIO_PLAYBACK_DONE 19.wav
1520591960371049 KEY_PRESS l
1520591963150725 AUDIO_PLAYBACK_ONSET 20.wav
1520591964369459 AUDIO_PLAYBACK_DONE 20.wav
1520591965369459 AUDIO_PLAYBACK_ONSET 21.wav
1520591966338190 AUDIO_PLAYBACK_DONE 21.wav
1520591967338190 AUDIO_PLAYBACK_ONSET 22.wav
1520591968494429 AUDIO_PLAYBACK_DONE 22.wav
1520591969494429 AUDIO_PLAYBACK_ONSET 23.wav
1520591970994411 AUDIO_PLAYBACK_DONE 23.wav
1520591971994411 AUDIO_PLAYBACK_ONSET 24.wav
1520591973588155 AUDIO_PLAYBACK_DONE 24.wav
1520591973123157 KEY_PRESS l
1520591973531049 KEY_PRESS l
1520591974588155 AUDIO_PLAYBACK_ONSET 25.wav
1520591976088133 AUDIO_PLAYBACK_DONE 25.wav
1520591977088133 AUDIO_PLAYBACK_ONSET 26.wav
1520591978447498 AUDIO_PLAYBACK_DONE 26.wav
1520591979447498 AUDIO_PLAYBACK_ONSET 27.wav
1520591981134986 AUDIO_PLAYBACK_DONE 27.wav
1520591982134986 AUDIO_PLAYBACK_ONSET 28.wav
1520591983634963 AUDIO_PLAYBACK_DONE 28.wav
1520591984634963 AUDIO_PLAYBACK_ONSET 29.wav
1520591986134943 AUDIO_PLAYBACK_DONE 29.wav
1520591987134943 AUDIO_PLAYBACK_ONSET 30.wav
1520591988634925 AUDIO_PLAYBACK_DONE 30.wav
1520591989634925 AUDIO_PLAYBACK_ONSET 31.wav
1520591990884902 AUDIO_PLAYBACK_DONE 31.wav
1520591991884902 AUDIO_PLAYBACK_ONSET 32.wav
1520591993119261 AUDIO_PLAYBACK_DONE 32.wav
1520591994119261 AUDIO_PLAYBACK_ONSET 33.wav
1520591995259874 AUDIO_PLAYBACK_DONE 33.wav
1520591996259874 AUDIO_PLAYBACK_ONSET 34.wav
1520591997634867 AUDIO_PLAYBACK_DONE 34.wav
1520591998634867 AUDIO_PLAYBACK_ONSET 35.wav
1520592000197366 AUDIO_PLAYBACK_DONE 35.wav
1520592001197366 AUDIO_PLAYBACK_ONSET 36.wav
1520592002447344 AUDIO_PLAYBACK_DONE 36.wav
1520592003447344 AUDIO_PLAYBACK_ONSET 37.wav
1520592004541086 AUDIO_PLAYBACK_DONE 37.wav
1520592005541086 AUDIO_PLAYBACK_ONSET 38.wav
1520592006822333 AUDIO_PLAYBACK_DONE 38.wav
1520592007822333 AUDIO_PLAYBACK_ONSET 39.wav
1520592009697325 AUDIO_PLAYBACK_DONE 39.wav
1520592010697325 AUDIO_PLAYBACK_ONSET 40.wav
1520592012134814 AUDIO_PLAYBACK_DONE 40.wav
1520592013134814 AUDIO_PLAYBACK_ONSET 41.wav
1520592014361371 AUDIO_PLAYBACK_DONE 41.wav
1520592015361371 AUDIO_PLAYBACK_ONSET 42.wav
1520592016517611 AUDIO_PLAYBACK_DONE 42.wav
1520592017517611 AUDIO_PLAYBACK_ONSET 43.wav
1520592018767591 AUDIO_PLAYBACK_DONE 43.wav
1520592019767591 AUDIO_PLAYBACK_ONSET 44.wav
1520592020955077 AUDIO_PLAYBACK_DONE 44.wav
1520592021955077 AUDIO_PLAYBACK_ONSET 45.wav
1520592023048819 AUDIO_PLAYBACK_DONE 45.wav
1520592021459054 KEY_PRESS l
1520592021779120 KEY_PRESS l
1520592024048819 AUDIO_PLAYBACK_ONSET 46.wav
1520592025111315 AUDIO_PLAYBACK_DONE 46.wav
1520592026111315 AUDIO_PLAYBACK_ONSET 47.wav
1520592027345669 AUDIO_PLAYBACK_DONE 47.wav
1520592028345669 AUDIO_PLAYBACK_ONSET 48.wav
1520592029517529 AUDIO_PLAYBACK_DONE 48.wav
1520592030517529 AUDIO_PLAYBACK_ONSET 49.wav
1520592031783179 AUDIO_PLAYBACK_DONE 49.wav
1520592031498994 KEY_PRESS l
1520592032783179 AUDIO_PLAYBACK_ONSET 50.wav
1520592033884725 AUDIO_PLAYBACK_DONE 50.wav
1520592031883048 KEY_PRESS l
1520592034884725 AUDIO_PLAYBACK_ONSET 51.wav
1520592036228468 AUDIO_PLAYBACK_DONE 51.wav
1520592037228468 AUDIO_PLAYBACK_ONSET 52.wav
1520592038478448 AUDIO_PLAYBACK_DONE 52.wav
1520592036307054 KEY_PRESS l
1520592036587056 KEY_PRESS l
1520592039478448 AUDIO_PLAYBACK_ONSET 53.wav
1520592040978426 AUDIO_PLAYBACK_DONE 53.wav
1520592041978426 AUDIO_PLAYBACK_ONSET 54.wav
1520592043228425 AUDIO_PLAYBACK_DONE 54.wav
1520592044228425 AUDIO_PLAYBACK_ONSET 55.wav
1520592045415909 AUDIO_PLAYBACK_DONE 55.wav
1520592046415909 AUDIO_PLAYBACK_ONSET 56.wav
1520592048197160 AUDIO_PLAYBACK_DONE 56.wav
1520592049197160 AUDIO_PLAYBACK_ONSET 57.wav
1520592050431536 AUDIO_PLAYBACK_DONE 57.wav
1520592051431536 AUDIO_PLAYBACK_ONSET 58.wav
1520592052658090 AUDIO_PLAYBACK_DONE 58.wav
1520592050763039 KEY_PRESS l
1520592051043027 KEY_PRESS l
1520592053658090 AUDIO_PLAYBACK_ONSET 59.wav
1520592054962761 AUDIO_PLAYBACK_DONE 59.wav
1520592055962761 AUDIO_PLAYBACK_ONSET 60.wav
1520592057744012 AUDIO_PLAYBACK_DONE 60.wav
1520592058744012 AUDIO_PLAYBACK_ONSET 61.wav
1520592060243989 AUDIO_PLAYBACK_DONE 61.wav
1520592061243989 AUDIO_PLAYBACK_ONSET 62.wav
1520592062712720 AUDIO_PLAYBACK_DONE 62.wav
1520592063712720 AUDIO_PLAYBACK_ONSET 63.wav
1520592064876780 AUDIO_PLAYBACK_DONE 63.wav
1520592065876780 AUDIO_PLAYBACK_ONSET 64.wav
1520592066861134 AUDIO_PLAYBACK_DONE 64.wav
1520592067861134 AUDIO_PLAYBACK_ONSET 65.wav
1520592069236124 AUDIO_PLAYBACK_DONE 65.wav
1520592070236124 AUDIO_PLAYBACK_ONSET 66.wav
1520592071447054 AUDIO_PLAYBACK_DONE 66.wav
1520592072447054 AUDIO_PLAYBACK_ONSET 67.wav
1520592073368916 AUDIO_PLAYBACK_DONE 67.wav
1520592074368916 AUDIO_PLAYBACK_ONSET 68.wav
1520592075345469 AUDIO_PLAYBACK_DONE 68.wav
1520592076345469 AUDIO_PLAYBACK_ONSET 69.wav
1520592077642340 AUDIO_PLAYBACK_DONE 69.wav
1520592078642340 AUDIO_PLAYBACK_ONSET 70.wav
1520592080173589 AUDIO_PLAYBACK_DONE 70.wav
1520592081173589 AUDIO_PLAYBACK_ONSET 71.wav
1520592082173567 AUDIO_PLAYBACK_DONE 71.wav
1520592083173567 AUDIO_PLAYBACK_ONSET 72.wav
1520592084657923 AUDIO_PLAYBACK_DONE 72.wav
1520592085657923 AUDIO_PLAYBACK_ONSET 73.wav
1520592087048535 AUDIO_PLAYBACK_DONE 73.wav
1520592088048535 AUDIO_PLAYBACK_ONSET 74.wav
1520592089236019 AUDIO_PLAYBACK_DONE 74.wav
1520592089027089 KEY_PRESS l
1520592090236019 AUDIO_PLAYBACK_ONSET 75.wav
1520592091235997 AUDIO_PLAYBACK_DONE 75.wav
1520592089619052 KEY_PRESS l
1520592092235997 AUDIO_PLAYBACK_ONSET 76.wav
1520592093548492 AUDIO_PLAYBACK_DONE 76.wav
1520592094548492 AUDIO_PLAYBACK_ONSET 77.wav
1520592095595362 AUDIO_PLAYBACK_DONE 77.wav
1520592096595362 AUDIO_PLAYBACK_ONSET 78.wav
1520592098017224 AUDIO_PLAYBACK_DONE 78.wav
1520592099017224 AUDIO_PLAYBACK_ONSET 79.wav
1520592100329721 AUDIO_PLAYBACK_DONE 79.wav
1520592101329721 AUDIO_PLAYBACK_ONSET 80.wav
1520592102548452 AUDIO_PLAYBACK_DONE 80.wav
1520592103548452 AUDIO_PLAYBACK_ONSET 81.wav
1520592104735937 AUDIO_PLAYBACK_DONE 81.wav
1520592105735937 AUDIO_PLAYBACK_ONSET 82.wav
1520592107017186 AUDIO_PLAYBACK_DONE 82.wav
1520592108017186 AUDIO_PLAYBACK_ONSET 83.wav
1520592109704670 AUDIO_PLAYBACK_DONE 83.wav
1520592110704670 AUDIO_PLAYBACK_ONSET 84.wav
1520592111954649 AUDIO_PLAYBACK_DONE 84.wav
1520592112954649 AUDIO_PLAYBACK_ONSET 85.wav
1520592114298414 AUDIO_PLAYBACK_DONE 85.wav
1520592114218939 KEY_PRESS l
1520592115298414 AUDIO_PLAYBACK_ONSET 86.wav
1520592116610912 AUDIO_PLAYBACK_DONE 86.wav
1520592114603055 KEY_PRESS l
1520592117610912 AUDIO_PLAYBACK_ONSET 87.wav
1520592118720278 AUDIO_PLAYBACK_DONE 87.wav
1520592119720278 AUDIO_PLAYBACK_ONSET 88.wav
1520592120939034 AUDIO_PLAYBACK_DONE 88.wav
1520592121939034 AUDIO_PLAYBACK_ONSET 89.wav
1520592122868719 AUDIO_PLAYBACK_DONE 89.wav
1520592123868719 AUDIO_PLAYBACK_ONSET 90.wav
1520592125259334 AUDIO_PLAYBACK_DONE 90.wav
1520592126259334 AUDIO_PLAYBACK_ONSET 91.wav
1520592127165571 AUDIO_PLAYBACK_DONE 91.wav
1520592128165571 AUDIO_PLAYBACK_ONSET 92.wav
1520592129415550 AUDIO_PLAYBACK_DONE 92.wav
1520592130415550 AUDIO_PLAYBACK_ONSET 93.wav
1520592131931173 AUDIO_PLAYBACK_DONE 93.wav
1520592132931173 AUDIO_PLAYBACK_ONSET 94.wav
1520592134149906 AUDIO_PLAYBACK_DONE 94.wav
1520592135149906 AUDIO_PLAYBACK_ONSET 95.wav
1520592136423332 AUDIO_PLAYBACK_DONE 95.wav
1520592137423332 AUDIO_PLAYBACK_ONSET 96.wav
1520592138774873 AUDIO_PLAYBACK_DONE 96.wav
1520592139774873 AUDIO_PLAYBACK_ONSET 97.wav
1520592141427234 AUDIO_PLAYBACK_DONE 97.wav
1520592142427234 AUDIO_PLAYBACK_ONSET 98.wav
1520592143774877 AUDIO_PLAYBACK_DONE 98.wav
1520592144774877 AUDIO_PLAYBACK_ONSET 99.wav
1520592145868619 AUDIO_PLAYBACK_DONE 99.wav
1520592146868619 AUDIO_PLAYBACK_ONSET 100.wav
1520592147743608 AUDIO_PLAYBACK_DONE 100.wav
1520592148743608 AUDIO_PLAYBACK_ONSET 101.wav
1520592149977962 AUDIO_PLAYBACK_DONE 101.wav
1520592150977962 AUDIO_PLAYBACK_ONSET 102.wav
1520592152571703 AUDIO_PLAYBACK_DONE 102.wav
1520592153571703 AUDIO_PLAYBACK_ONSET 103.wav
1520592154962316 AUDIO_PLAYBACK_DONE 103.wav
1520592155962316 AUDIO_PLAYBACK_ONSET 104.wav
1520592157587305 AUDIO_PLAYBACK_DONE 104.wav
1520592158587305 AUDIO_PLAYBACK_ONSET 105.wav
1520592159802137 AUDIO_PLAYBACK_DONE 105.wav
1520592160802137 AUDIO_PLAYBACK_ONSET 106.wav
1520592162020868 AUDIO_PLAYBACK_DONE 106.wav
1520592163020868 AUDIO_PLAYBACK_ONSET 107.wav
1520592164184929 AUDIO_PLAYBACK_DONE 107.wav
1520592165184929 AUDIO_PLAYBACK_ONSET 108.wav
1520592166669282 AUDIO_PLAYBACK_DONE 108.wav
1520592167669282 AUDIO_PLAYBACK_ONSET 109.wav
1520592169114590 AUDIO_PLAYBACK_DONE 109.wav
1520592170114590 AUDIO_PLAYBACK_ONSET 110.wav
1520592171645839 AUDIO_PLAYBACK_DONE 110.wav
1520592172645839 AUDIO_PLAYBACK_ONSET 111.wav
1520592173927087 AUDIO_PLAYBACK_DONE 111.wav
1520592174927087 AUDIO_PLAYBACK_ONSET 112.wav
1520592175864570 AUDIO_PLAYBACK_DONE 112.wav
1520592176864570 AUDIO_PLAYBACK_ONSET 113.wav
1520592178083301 AUDIO_PLAYBACK_DONE 113.wav
1520592179083301 AUDIO_PLAYBACK_ONSET 114.wav
1520592180317655 AUDIO_PLAYBACK_DONE 114.wav
1520592181317655 AUDIO_PLAYBACK_ONSET 115.wav
1520592183114526 AUDIO_PLAYBACK_DONE 115.wav
1520592184114526 AUDIO_PLAYBACK_ONSET 116.wav
1520592185177022 AUDIO_PLAYBACK_DONE 116.wav
1520592186177022 AUDIO_PLAYBACK_ONSET 117.wav
1520592187552011 AUDIO_PLAYBACK_DONE 117.wav
1520592188552011 AUDIO_PLAYBACK_ONSET 118.wav
1520592190052011 AUDIO_PLAYBACK_DONE 118.wav
1520592191052011 AUDIO_PLAYBACK_ONSET 119.wav
1520592192208247 AUDIO_PLAYBACK_DONE 119.wav
1520592193208247 AUDIO_PLAYBACK_ONSET 120.wav
1520592194505119 AUDIO_PLAYBACK_DONE 120.wav
1520592195505119 AUDIO_PLAYBACK_ONSET 121.wav
1520592196942601 AUDIO_PLAYBACK_DONE 121.wav
1520592197942601 AUDIO_PLAYBACK_ONSET 122.wav
1520592199130086 AUDIO_PLAYBACK_DONE 122.wav
1520592200130086 AUDIO_PLAYBACK_ONSET 123.wav
1520592201426957 AUDIO_PLAYBACK_DONE 123.wav
1520592202426957 AUDIO_PLAYBACK_ONSET 124.wav
1520592203411311 AUDIO_PLAYBACK_DONE 124.wav
1520592204411311 AUDIO_PLAYBACK_ONSET 125.wav
1520592205536304 AUDIO_PLAYBACK_DONE 125.wav
1520592206536304 AUDIO_PLAYBACK_ONSET 126.wav
1520592207926917 AUDIO_PLAYBACK_DONE 126.wav
1520592208926917 AUDIO_PLAYBACK_ONSET 127.wav
1520592210106599 AUDIO_PLAYBACK_DONE 127.wav
1520592211106599 AUDIO_PLAYBACK_ONSET 128.wav
1520592212419117 AUDIO_PLAYBACK_DONE 128.wav
1520592213419117 AUDIO_PLAYBACK_ONSET 129.wav
1520592214544107 AUDIO_PLAYBACK_DONE 129.wav
1520592215544107 AUDIO_PLAYBACK_ONSET 130.wav
1520592216856626 AUDIO_PLAYBACK_DONE 130.wav
1520592217856626 AUDIO_PLAYBACK_ONSET 131.wav
1520592218731614 AUDIO_PLAYBACK_DONE 131.wav
1520592219731614 AUDIO_PLAYBACK_ONSET 132.wav
1520592221344880 AUDIO_PLAYBACK_DONE 132.wav
1520592222344880 AUDIO_PLAYBACK_ONSET 133.wav
1520592223673000 AUDIO_PLAYBACK_DONE 133.wav
1520592224673000 AUDIO_PLAYBACK_ONSET 134.wav
1520592225462047 AUDIO_PLAYBACK_DONE 134.wav
1520592226462047 AUDIO_PLAYBACK_ONSET 135.wav
1520592227512818 AUDIO_PLAYBACK_DONE 135.wav
1520592228512818 AUDIO_PLAYBACK_ONSET 136.wav
1520592230129987 AUDIO_PLAYBACK_DONE 136.wav
1520592231129987 AUDIO_PLAYBACK_ONSET 137.wav
1520592232551849 AUDIO_PLAYBACK_DONE 137.wav
1520592233551849 AUDIO_PLAYBACK_ONSET 138.wav
1520592234754956 AUDIO_PLAYBACK_DONE 138.wav
1520592235754956 AUDIO_PLAYBACK_ONSET 139.wav
1520592236934639 AUDIO_PLAYBACK_DONE 139.wav
1520592237934639 AUDIO_PLAYBACK_ONSET 140.wav
1520592239215886 AUDIO_PLAYBACK_DONE 140.wav
1520592240215886 AUDIO_PLAYBACK_ONSET 141.wav
1520592241286181 AUDIO_PLAYBACK_DONE 141.wav
1520592242286181 AUDIO_PLAYBACK_ONSET 142.wav
1520592243731513 AUDIO_PLAYBACK_DONE 142.wav
1520592244731513 AUDIO_PLAYBACK_ONSET 143.wav
1520592245848679 AUDIO_PLAYBACK_DONE 143.wav
1520592246848679 AUDIO_PLAYBACK_ONSET 144.wav
1520592248161172 AUDIO_PLAYBACK_DONE 144.wav
1520592249161172 AUDIO_PLAYBACK_ONSET 145.wav
1520592250551785 AUDIO_PLAYBACK_DONE 145.wav
1520592251551785 AUDIO_PLAYBACK_ONSET 146.wav
1520592252926773 AUDIO_PLAYBACK_DONE 146.wav
1520592253926773 AUDIO_PLAYBACK_ONSET 147.wav
1520592255278316 AUDIO_PLAYBACK_DONE 147.wav
1520592256278316 AUDIO_PLAYBACK_ONSET 148.wav
1520592257543941 AUDIO_PLAYBACK_DONE 148.wav
1520592258543941 AUDIO_PLAYBACK_ONSET 149.wav
1520592259700177 AUDIO_PLAYBACK_DONE 149.wav
1520592257651062 KEY_PRESS l
1520592258115052 KEY_PRESS l
1520592260700177 AUDIO_PLAYBACK_ONSET 150.wav
1520592261950157 AUDIO_PLAYBACK_DONE 150.wav
1520592262950157 AUDIO_PLAYBACK_ONSET 151.wav
1520592263981406 AUDIO_PLAYBACK_DONE 151.wav
1520592264981406 AUDIO_PLAYBACK_ONSET 152.wav
1520592266043902 AUDIO_PLAYBACK_DONE 152.wav
