1520592786926192 CHEETAH_SIGNAL SENT_AFTER_TIME 132001.813871
1520592789997201 CHEETAH_SIGNAL SENT_AFTER_TIME 132004.884826
1520592790059803 CHEETAH_SIGNAL SENT_AFTER_TIME 132004.947273
1520592790058063 DISPLAY_INSTRUCTIONS Stimuli/instructions_audio_sentences.png
1520592809581197 KEY_PRESS space
1520592809582307 CHEETAH_SIGNAL SENT_AFTER_TIME 132024.469919
1520592809681993 CHEETAH_SIGNAL SENT_AFTER_TIME 132024.569508
1520592809680428 DISPLAY_INSTRUCTIONS OFF
1520592809727444 CHEETAH_SIGNAL SENT_AFTER_TIME 132024.614954
1520592809760758 CHEETAH_SIGNAL SENT_AFTER_TIME 132024.648347
1520592809816191 CHEETAH_SIGNAL SENT_AFTER_TIME 132024.703707
1520592809814618 DISPLAY_FIXATION
1520592813067901 AUDIO_PLAYBACK_ONSET 8.wav
1520592814247606 AUDIO_PLAYBACK_DONE 8.wav
1520592809578948 KEY_PRESS space
1520592809954935 KEY_PRESS space
1520592815247606 AUDIO_PLAYBACK_ONSET 64.wav
1520592816231966 AUDIO_PLAYBACK_DONE 64.wav
1520592814651054 KEY_PRESS F12
1520592814715057 KEY_PRESS l
1520592814755059 KEY_PRESS F12
1520592814970937 KEY_PRESS l
1520592817231966 AUDIO_PLAYBACK_ONSET 134.wav
1520592818021020 AUDIO_PLAYBACK_DONE 134.wav
1520592819021020 AUDIO_PLAYBACK_ONSET 44.wav
1520592820208503 AUDIO_PLAYBACK_DONE 44.wav
1520592820019060 KEY_PRESS l
1520592821208503 AUDIO_PLAYBACK_ONSET 46.wav
1520592822271000 AUDIO_PLAYBACK_DONE 46.wav
1520592820307058 KEY_PRESS l
1520592823271000 AUDIO_PLAYBACK_ONSET 99.wav
1520592824364746 AUDIO_PLAYBACK_DONE 99.wav
1520592825364746 AUDIO_PLAYBACK_ONSET 125.wav
1520592826489738 AUDIO_PLAYBACK_DONE 125.wav
1520592827489738 AUDIO_PLAYBACK_ONSET 139.wav
1520592828669423 AUDIO_PLAYBACK_DONE 139.wav
1520592829669423 AUDIO_PLAYBACK_ONSET 146.wav
1520592831044412 AUDIO_PLAYBACK_DONE 146.wav
1520592832044412 AUDIO_PLAYBACK_ONSET 59.wav
1520592833349087 AUDIO_PLAYBACK_DONE 59.wav
1520592834349087 AUDIO_PLAYBACK_ONSET 121.wav
1520592835786573 AUDIO_PLAYBACK_DONE 121.wav
1520592836786573 AUDIO_PLAYBACK_ONSET 1.wav
1520592837661565 AUDIO_PLAYBACK_DONE 1.wav
1520592838661565 AUDIO_PLAYBACK_ONSET 144.wav
1520592839974062 AUDIO_PLAYBACK_DONE 144.wav
1520592840974062 AUDIO_PLAYBACK_ONSET 60.wav
1520592842755314 AUDIO_PLAYBACK_DONE 60.wav
1520592843755314 AUDIO_PLAYBACK_ONSET 27.wav
1520592845442802 AUDIO_PLAYBACK_DONE 27.wav
1520592842731068 KEY_PRESS l
1520592843707057 KEY_PRESS l
1520592846442802 AUDIO_PLAYBACK_ONSET 93.wav
1520592847958429 AUDIO_PLAYBACK_DONE 93.wav
1520592848958429 AUDIO_PLAYBACK_ONSET 122.wav
1520592850145916 AUDIO_PLAYBACK_DONE 122.wav
1520592851145916 AUDIO_PLAYBACK_ONSET 138.wav
1520592852349026 AUDIO_PLAYBACK_DONE 138.wav
1520592853349026 AUDIO_PLAYBACK_ONSET 56.wav
1520592855130277 AUDIO_PLAYBACK_DONE 56.wav
1520592856130277 AUDIO_PLAYBACK_ONSET 128.wav
1520592857442777 AUDIO_PLAYBACK_DONE 128.wav
1520592858442777 AUDIO_PLAYBACK_ONSET 92.wav
1520592859692758 AUDIO_PLAYBACK_DONE 92.wav
1520592860692758 AUDIO_PLAYBACK_ONSET 71.wav
1520592861692738 AUDIO_PLAYBACK_DONE 71.wav
1520592862692738 AUDIO_PLAYBACK_ONSET 6.wav
1520592863919294 AUDIO_PLAYBACK_DONE 6.wav
1520592864919294 AUDIO_PLAYBACK_ONSET 104.wav
1520592866544286 AUDIO_PLAYBACK_DONE 104.wav
1520592867544286 AUDIO_PLAYBACK_ONSET 131.wav
1520592868419278 AUDIO_PLAYBACK_DONE 131.wav
1520592869419278 AUDIO_PLAYBACK_ONSET 12.wav
1520592870825517 AUDIO_PLAYBACK_DONE 12.wav
1520592871825517 AUDIO_PLAYBACK_ONSET 35.wav
1520592873388017 AUDIO_PLAYBACK_DONE 35.wav
1520592874388017 AUDIO_PLAYBACK_ONSET 41.wav
1520592875614572 AUDIO_PLAYBACK_DONE 41.wav
1520592876614572 AUDIO_PLAYBACK_ONSET 148.wav
1520592877880200 AUDIO_PLAYBACK_DONE 148.wav
1520592878880200 AUDIO_PLAYBACK_ONSET 14.wav
1520592880223945 AUDIO_PLAYBACK_DONE 14.wav
1520592877995082 KEY_PRESS l
1520592878307056 KEY_PRESS l
1520592881223945 AUDIO_PLAYBACK_ONSET 25.wav
1520592882723926 AUDIO_PLAYBACK_DONE 25.wav
1520592883723926 AUDIO_PLAYBACK_ONSET 40.wav
1520592885161413 AUDIO_PLAYBACK_DONE 40.wav
1520592886161413 AUDIO_PLAYBACK_ONSET 136.wav
1520592887778583 AUDIO_PLAYBACK_DONE 136.wav
1520592888778583 AUDIO_PLAYBACK_ONSET 73.wav
1520592890169198 AUDIO_PLAYBACK_DONE 73.wav
1520592891169198 AUDIO_PLAYBACK_ONSET 76.wav
1520592892481696 AUDIO_PLAYBACK_DONE 76.wav
1520592893481696 AUDIO_PLAYBACK_ONSET 86.wav
1520592894794194 AUDIO_PLAYBACK_DONE 86.wav
1520592895794194 AUDIO_PLAYBACK_ONSET 57.wav
1520592897028552 AUDIO_PLAYBACK_DONE 57.wav
1520592894923066 KEY_PRESS l
1520592895675058 KEY_PRESS l
1520592896779050 KEY_PRESS l
1520592898028552 AUDIO_PLAYBACK_ONSET 23.wav
1520592899528534 AUDIO_PLAYBACK_DONE 23.wav
1520592897155056 KEY_PRESS l
1520592900528534 AUDIO_PLAYBACK_ONSET 39.wav
1520592902403527 AUDIO_PLAYBACK_DONE 39.wav
1520592903403527 AUDIO_PLAYBACK_ONSET 52.wav
1520592904653527 AUDIO_PLAYBACK_DONE 52.wav
1520592905653527 AUDIO_PLAYBACK_ONSET 42.wav
1520592906809768 AUDIO_PLAYBACK_DONE 42.wav
1520592907809768 AUDIO_PLAYBACK_ONSET 145.wav
1520592909200383 AUDIO_PLAYBACK_DONE 145.wav
1520592910200383 AUDIO_PLAYBACK_ONSET 109.wav
1520592911645694 AUDIO_PLAYBACK_DONE 109.wav
1520592912645694 AUDIO_PLAYBACK_ONSET 96.wav
1520592913997239 AUDIO_PLAYBACK_DONE 96.wav
1520592914997239 AUDIO_PLAYBACK_ONSET 129.wav
1520592916122232 AUDIO_PLAYBACK_DONE 129.wav
1520592917122232 AUDIO_PLAYBACK_ONSET 33.wav
1520592918262848 AUDIO_PLAYBACK_DONE 33.wav
1520592919262848 AUDIO_PLAYBACK_ONSET 38.wav
1520592920544098 AUDIO_PLAYBACK_DONE 38.wav
1520592921544098 AUDIO_PLAYBACK_ONSET 87.wav
1520592922653466 AUDIO_PLAYBACK_DONE 87.wav
1520592923653466 AUDIO_PLAYBACK_ONSET 108.wav
1520592925137825 AUDIO_PLAYBACK_DONE 108.wav
1520592926137825 AUDIO_PLAYBACK_ONSET 80.wav
1520592927356557 AUDIO_PLAYBACK_DONE 80.wav
1520592928356557 AUDIO_PLAYBACK_ONSET 48.wav
1520592929528420 AUDIO_PLAYBACK_DONE 48.wav
1520592930528420 AUDIO_PLAYBACK_ONSET 7.wav
1520592931622165 AUDIO_PLAYBACK_DONE 7.wav
1520592932622165 AUDIO_PLAYBACK_ONSET 28.wav
1520592934122144 AUDIO_PLAYBACK_DONE 28.wav
1520592935122144 AUDIO_PLAYBACK_ONSET 13.wav
1520592936965892 AUDIO_PLAYBACK_DONE 13.wav
1520592937965892 AUDIO_PLAYBACK_ONSET 94.wav
1520592939184626 AUDIO_PLAYBACK_DONE 94.wav
1520592940184626 AUDIO_PLAYBACK_ONSET 142.wav
1520592941629936 AUDIO_PLAYBACK_DONE 142.wav
1520592942629936 AUDIO_PLAYBACK_ONSET 135.wav
1520592943680710 AUDIO_PLAYBACK_DONE 135.wav
1520592944680710 AUDIO_PLAYBACK_ONSET 79.wav
1520592945993207 AUDIO_PLAYBACK_DONE 79.wav
1520592946993207 AUDIO_PLAYBACK_ONSET 78.wav
1520592948415072 AUDIO_PLAYBACK_DONE 78.wav
1520592949415072 AUDIO_PLAYBACK_ONSET 111.wav
1520592950696323 AUDIO_PLAYBACK_DONE 111.wav
1520592951696323 AUDIO_PLAYBACK_ONSET 91.wav
1520592952602561 AUDIO_PLAYBACK_DONE 91.wav
1520592953602561 AUDIO_PLAYBACK_ONSET 150.wav
1520592954852542 AUDIO_PLAYBACK_DONE 150.wav
1520592955852542 AUDIO_PLAYBACK_ONSET 2.wav
1520592957274405 AUDIO_PLAYBACK_DONE 2.wav
1520592958274405 AUDIO_PLAYBACK_ONSET 117.wav
1520592959649396 AUDIO_PLAYBACK_DONE 117.wav
1520592960649396 AUDIO_PLAYBACK_ONSET 120.wav
1520592961946271 AUDIO_PLAYBACK_DONE 120.wav
1520592962946271 AUDIO_PLAYBACK_ONSET 83.wav
1520592964633755 AUDIO_PLAYBACK_DONE 83.wav
1520592965633755 AUDIO_PLAYBACK_ONSET 147.wav
1520592966985303 AUDIO_PLAYBACK_DONE 147.wav
1520592967985303 AUDIO_PLAYBACK_ONSET 30.wav
1520592969485283 AUDIO_PLAYBACK_DONE 30.wav
1520592970485283 AUDIO_PLAYBACK_ONSET 112.wav
1520592971422768 AUDIO_PLAYBACK_DONE 112.wav
1520592972422768 AUDIO_PLAYBACK_ONSET 61.wav
1520592973922749 AUDIO_PLAYBACK_DONE 61.wav
1520592974922749 AUDIO_PLAYBACK_ONSET 116.wav
1520592975985248 AUDIO_PLAYBACK_DONE 116.wav
1520592976985248 AUDIO_PLAYBACK_ONSET 102.wav
1520592978578993 AUDIO_PLAYBACK_DONE 102.wav
1520592979578993 AUDIO_PLAYBACK_ONSET 15.wav
1520592980641491 AUDIO_PLAYBACK_DONE 15.wav
1520592981641491 AUDIO_PLAYBACK_ONSET 72.wav
1520592983125847 AUDIO_PLAYBACK_DONE 72.wav
1520592984125847 AUDIO_PLAYBACK_ONSET 110.wav
1520592985657099 AUDIO_PLAYBACK_DONE 110.wav
1520592985307069 KEY_PRESS l
1520592986657099 AUDIO_PLAYBACK_ONSET 49.wav
1520592987922726 AUDIO_PLAYBACK_DONE 49.wav
1520592985707051 KEY_PRESS l
1520592987811050 KEY_PRESS l
1520592988922726 AUDIO_PLAYBACK_ONSET 32.wav
1520592990157085 AUDIO_PLAYBACK_DONE 32.wav
1520592988171052 KEY_PRESS l
1520592991157085 AUDIO_PLAYBACK_ONSET 137.wav
1520592992578949 AUDIO_PLAYBACK_DONE 137.wav
1520592993578949 AUDIO_PLAYBACK_ONSET 65.wav
1520592994953942 AUDIO_PLAYBACK_DONE 65.wav
1520592995953942 AUDIO_PLAYBACK_ONSET 126.wav
1520592997344558 AUDIO_PLAYBACK_DONE 126.wav
1520592998344558 AUDIO_PLAYBACK_ONSET 4.wav
1520592999401183 AUDIO_PLAYBACK_DONE 4.wav
1520593000401183 AUDIO_PLAYBACK_ONSET 3.wav
1520593001893363 AUDIO_PLAYBACK_DONE 3.wav
1520593001811067 KEY_PRESS l
1520593002893363 AUDIO_PLAYBACK_ONSET 24.wav
1520593004487109 AUDIO_PLAYBACK_DONE 24.wav
1520593002203047 KEY_PRESS l
1520593003811058 KEY_PRESS l
1520593004098942 KEY_PRESS l
1520593005487109 AUDIO_PLAYBACK_ONSET 29.wav
1520593006987090 AUDIO_PLAYBACK_DONE 29.wav
1520593007987090 AUDIO_PLAYBACK_ONSET 114.wav
1520593009221447 AUDIO_PLAYBACK_DONE 114.wav
1520593010221447 AUDIO_PLAYBACK_ONSET 22.wav
1520593011377686 AUDIO_PLAYBACK_DONE 22.wav
1520593012377686 AUDIO_PLAYBACK_ONSET 17.wav
1520593013377667 AUDIO_PLAYBACK_DONE 17.wav
1520593014377667 AUDIO_PLAYBACK_ONSET 37.wav
1520593015471412 AUDIO_PLAYBACK_DONE 37.wav
1520593016471412 AUDIO_PLAYBACK_ONSET 19.wav
1520593017502663 AUDIO_PLAYBACK_DONE 19.wav
1520593018502663 AUDIO_PLAYBACK_ONSET 88.wav
1520593019721396 AUDIO_PLAYBACK_DONE 88.wav
1520593020721396 AUDIO_PLAYBACK_ONSET 143.wav
1520593021838566 AUDIO_PLAYBACK_DONE 143.wav
1520593022838566 AUDIO_PLAYBACK_ONSET 98.wav
1520593024186210 AUDIO_PLAYBACK_DONE 98.wav
1520593025186210 AUDIO_PLAYBACK_ONSET 124.wav
1520593026170567 AUDIO_PLAYBACK_DONE 124.wav
1520593027170567 AUDIO_PLAYBACK_ONSET 36.wav
1520593028420550 AUDIO_PLAYBACK_DONE 36.wav
1520593029420550 AUDIO_PLAYBACK_ONSET 53.wav
1520593030920532 AUDIO_PLAYBACK_DONE 53.wav
1520593031920532 AUDIO_PLAYBACK_ONSET 18.wav
1520593033420513 AUDIO_PLAYBACK_DONE 18.wav
1520593034420513 AUDIO_PLAYBACK_ONSET 34.wav
1520593035795505 AUDIO_PLAYBACK_DONE 34.wav
1520593033995068 KEY_PRESS [{
1520593034651049 KEY_PRESS [{
1520593036795505 AUDIO_PLAYBACK_ONSET 84.wav
1520593038045485 AUDIO_PLAYBACK_DONE 84.wav
1520593036307063 KEY_PRESS l
1520593036723053 KEY_PRESS l
1520593039045485 AUDIO_PLAYBACK_ONSET 127.wav
1520593040225170 AUDIO_PLAYBACK_DONE 127.wav
1520593041225170 AUDIO_PLAYBACK_ONSET 152.wav
1520593042287669 AUDIO_PLAYBACK_DONE 152.wav
1520593043287669 AUDIO_PLAYBACK_ONSET 20.wav
1520593044506405 AUDIO_PLAYBACK_DONE 20.wav
1520593045506405 AUDIO_PLAYBACK_ONSET 82.wav
1520593046787657 AUDIO_PLAYBACK_DONE 82.wav
1520593047787657 AUDIO_PLAYBACK_ONSET 119.wav
1520593048943897 AUDIO_PLAYBACK_DONE 119.wav
1520593049943897 AUDIO_PLAYBACK_ONSET 70.wav
1520593051475150 AUDIO_PLAYBACK_DONE 70.wav
1520593052475150 AUDIO_PLAYBACK_ONSET 58.wav
1520593053701704 AUDIO_PLAYBACK_DONE 58.wav
1520593054701704 AUDIO_PLAYBACK_ONSET 11.wav
1520593055654814 AUDIO_PLAYBACK_DONE 11.wav
1520593056654814 AUDIO_PLAYBACK_ONSET 105.wav
1520593057869648 AUDIO_PLAYBACK_DONE 105.wav
1520593058869648 AUDIO_PLAYBACK_ONSET 10.wav
1520593059994640 AUDIO_PLAYBACK_DONE 10.wav
1520593060994640 AUDIO_PLAYBACK_ONSET 118.wav
1520593062494642 AUDIO_PLAYBACK_DONE 118.wav
1520593063494642 AUDIO_PLAYBACK_ONSET 100.wav
1520593064369654 AUDIO_PLAYBACK_DONE 100.wav
1520593065369654 AUDIO_PLAYBACK_ONSET 97.wav
1520593067022013 AUDIO_PLAYBACK_DONE 97.wav
1520593068022013 AUDIO_PLAYBACK_ONSET 123.wav
1520593069318888 AUDIO_PLAYBACK_DONE 123.wav
1520593070318888 AUDIO_PLAYBACK_ONSET 31.wav
1520593071568866 AUDIO_PLAYBACK_DONE 31.wav
1520593072568866 AUDIO_PLAYBACK_ONSET 89.wav
1520593073498549 AUDIO_PLAYBACK_DONE 89.wav
1520593074498549 AUDIO_PLAYBACK_ONSET 16.wav
1520593075967280 AUDIO_PLAYBACK_DONE 16.wav
1520593076967280 AUDIO_PLAYBACK_ONSET 130.wav
1520593078279780 AUDIO_PLAYBACK_DONE 130.wav
1520593079279780 AUDIO_PLAYBACK_ONSET 5.wav
1520593080742664 AUDIO_PLAYBACK_DONE 5.wav
1520593081742664 AUDIO_PLAYBACK_ONSET 95.wav
1520593083016092 AUDIO_PLAYBACK_DONE 95.wav
1520593084016092 AUDIO_PLAYBACK_ONSET 74.wav
1520593085203579 AUDIO_PLAYBACK_DONE 74.wav
1520593086203579 AUDIO_PLAYBACK_ONSET 107.wav
1520593087367641 AUDIO_PLAYBACK_DONE 107.wav
1520593088367641 AUDIO_PLAYBACK_ONSET 103.wav
1520593089758258 AUDIO_PLAYBACK_DONE 103.wav
1520593088019066 KEY_PRESS l
1520593088259034 KEY_PRESS l
1520593090758258 AUDIO_PLAYBACK_ONSET 68.wav
1520593091734815 AUDIO_PLAYBACK_DONE 68.wav
1520593092734815 AUDIO_PLAYBACK_ONSET 62.wav
1520593094203548 AUDIO_PLAYBACK_DONE 62.wav
1520593095203548 AUDIO_PLAYBACK_ONSET 90.wav
1520593096594184 AUDIO_PLAYBACK_DONE 90.wav
1520593097594184 AUDIO_PLAYBACK_ONSET 21.wav
1520593098562918 AUDIO_PLAYBACK_DONE 21.wav
1520593099562918 AUDIO_PLAYBACK_ONSET 66.wav
1520593100773871 AUDIO_PLAYBACK_DONE 66.wav
1520593101773871 AUDIO_PLAYBACK_ONSET 50.wav
1520593102875415 AUDIO_PLAYBACK_DONE 50.wav
1520593103875415 AUDIO_PLAYBACK_ONSET 81.wav
1520593105062900 AUDIO_PLAYBACK_DONE 81.wav
1520593106062900 AUDIO_PLAYBACK_ONSET 69.wav
1520593107359771 AUDIO_PLAYBACK_DONE 69.wav
1520593108359771 AUDIO_PLAYBACK_ONSET 132.wav
1520593109973039 AUDIO_PLAYBACK_DONE 132.wav
1520593110973039 AUDIO_PLAYBACK_ONSET 77.wav
1520593112019912 AUDIO_PLAYBACK_DONE 77.wav
1520593113019912 AUDIO_PLAYBACK_ONSET 51.wav
1520593114363677 AUDIO_PLAYBACK_DONE 51.wav
1520593115363677 AUDIO_PLAYBACK_ONSET 26.wav
1520593116723064 AUDIO_PLAYBACK_DONE 26.wav
1520593117723064 AUDIO_PLAYBACK_ONSET 67.wav
1520593118644947 AUDIO_PLAYBACK_DONE 67.wav
1520593119644947 AUDIO_PLAYBACK_ONSET 101.wav
1520593120879305 AUDIO_PLAYBACK_DONE 101.wav
1520593121879305 AUDIO_PLAYBACK_ONSET 133.wav
1520593123207447 AUDIO_PLAYBACK_DONE 133.wav
1520593124207447 AUDIO_PLAYBACK_ONSET 106.wav
1520593125426180 AUDIO_PLAYBACK_DONE 106.wav
1520593126426180 AUDIO_PLAYBACK_ONSET 75.wav
1520593127426181 AUDIO_PLAYBACK_DONE 75.wav
1520593128426181 AUDIO_PLAYBACK_ONSET 140.wav
1520593129707431 AUDIO_PLAYBACK_DONE 140.wav
1520593130707431 AUDIO_PLAYBACK_ONSET 54.wav
1520593131957410 AUDIO_PLAYBACK_DONE 54.wav
1520593132957410 AUDIO_PLAYBACK_ONSET 85.wav
1520593134301174 AUDIO_PLAYBACK_DONE 85.wav
1520593135301174 AUDIO_PLAYBACK_ONSET 115.wav
1520593137098070 AUDIO_PLAYBACK_DONE 115.wav
1520593138098070 AUDIO_PLAYBACK_ONSET 9.wav
1520593139348052 AUDIO_PLAYBACK_DONE 9.wav
1520593140348052 AUDIO_PLAYBACK_ONSET 43.wav
1520593141598030 AUDIO_PLAYBACK_DONE 43.wav
1520593142598030 AUDIO_PLAYBACK_ONSET 151.wav
1520593143629298 AUDIO_PLAYBACK_DONE 151.wav
1520593144629298 AUDIO_PLAYBACK_ONSET 45.wav
1520593145723043 AUDIO_PLAYBACK_DONE 45.wav
1520593146723043 AUDIO_PLAYBACK_ONSET 47.wav
1520593147957416 AUDIO_PLAYBACK_DONE 47.wav
1520593148957416 AUDIO_PLAYBACK_ONSET 141.wav
1520593150027735 AUDIO_PLAYBACK_DONE 141.wav
1520593151027735 AUDIO_PLAYBACK_ONSET 55.wav
1520593152215221 AUDIO_PLAYBACK_DONE 55.wav
1520593153215221 AUDIO_PLAYBACK_ONSET 149.wav
1520593154371461 AUDIO_PLAYBACK_DONE 149.wav
1520593155371461 AUDIO_PLAYBACK_ONSET 113.wav
1520593156590196 AUDIO_PLAYBACK_DONE 113.wav
1520593157590196 AUDIO_PLAYBACK_ONSET 63.wav
1520593158754276 AUDIO_PLAYBACK_DONE 63.wav
