1493480135197712
1493480135316812
1493480239746095
1493480239777670
1493480239842945
1493480239889645
1493480239923070
1493480239954970
1493480240125445
1493480245143943
1493480245361668
1493480245677768
1493480245894243
1493480246911442
1493480247128542
1493480247444817
1493480247660892
1493480247978117
1493480248194317
1493480248511517
1493480248728092
1493480249745416
1493480249961316
1493480250278591
1493480250494641
1493480250811866
1493480251027991
1493480251345316
1493480251561315
1493480251878715
1493480252095190
1493480252126140
1493480253112315
1493480253142915
1493480253328490
1493480253645715
1493480253862315
1493480254879089
1493480255095164
1493480255412364
1493480255628564
1493480255945789
1493480255976664
1493480256161764
1493480256479089
1493480256696588
1493480256727488
1493480257012663
1493480257229138
1493480258246413
1493480258462713
1493480258780013
1493480258996137
1493480259313287
1493480259529437
1493480259846812
1493480260062787
1493480260380162
1493480260596762
1493480260627637
1493480261612736
1493480261829986
1493480262146211
1493480262362686
1493480263379911
1493480263597186
1493480263913336
1493480264129535
1493480264446910
1493480264663310
1493480264694210
1493480265680460
1493480265896635
1493480266214010
1493480266430110
1493480266747384
1493480266963959
1493480267980634
1493480268196809
1493480268513609
1493480268731209
1493480269747308
1493480269778233
1493480269964683
1493480270280883
1493480270311833
1493480270497008
1493480270814183
1493480271030908
1493480272048182
1493480272264932
1493480272581307
1493480272796657
1493480273814957
1493480274031131
1493480274348406
1493480274564481
1493480274881806
1493480275098481
1493480275414556
1493480275631181
1493480276648405
1493480276864605
1493480277181880
1493480277398080
1493480277715305
1493480277746230
1493480277931980
1493480278948129
1493480279165354
1493480279196304
1493480279481604
1493480279699229
1493480280715979
1493480280932179
1493480281248329
1493480281465403
1493480281782653
1493480281998878
1493480282316128
1493480282532253
1493480282563128
1493480282849553
1493480283066103
1493480284082302
1493480284299577
1493480284615677
1493480284832952
1493480285148952
1493480285365452
1493480286382577
1493480286599401
1493480286916651
1493480287132876
1493480287450226
1493480287666276
1493480287983576
1493480288199726
1493480288230676
1493480288516926
1493480288733276
1493480289750575
1493480289966525
1493480290283850
1493480290500300
1493480291516324
1493480291733499
1493480292049749
1493480292267374
1493480293283499
1493480293314374
1493480293500774
1493480293816874
1493480294033323
1493480295050523
1493480295266648
1493480295583948
1493480295800398
1493480296817747
1493480296848372
1493480297033797
1493480297350997
1493480297567047
1493480297597947
1493480297884347
1493480297915222
1493480298100472
1493480298417622
1493480298448497
1493480298634222
1493480298665147
1493480299651471
1493480299867596
1493480300184921
1493480300401021
1493480300718296
1493480300934146
1493480301251646
1493480301468270
1493480302484345
1493480302701420
1493480302732245
1493480303018370
1493480303234520
1493480303551795
1493480303767895
1493480304085144
1493480304116044
1493480304301669
1493480305318969
1493480305534994
1493480305851819
1493480306069069
1493480306385068
1493480306602393
1493480306918543
1493480307135793
1493480307166643
1493480307451968
1493480307668618
1493480308685918
1493480308902067
1493480309219192
1493480309436017
1493480309752117
1493480309969467
1493480310285717
1493480310502992
1493480310819117
1493480311035642
1493480312052166
1493480312269391
1493480312585691
1493480312803366
1493480313119516
1493480313335691
1493480313366591
1493480313652966
1493480313869390
1493480313900315
1493480314886715
1493480315102840
1493480315420090
1493480315634515
1493480316653064
1493480316870239
1493480317186264
1493480317403564
1493480317434489
1493480317719539
1493480317936339
1493480318253564
1493480318469764
1493480318500639
1493480318787163
1493480319003588
1493480320019663
1493480320236913
1493480320554213
1493480320585088
1493480320770663
1493480321786837
1493480322004062
1493480322320237
1493480322537462
1493480322853637
1493480322884587
1493480323070162
1493480324087411
1493480324303536
1493480324620736
1493480324651636
1493480324837336
1493480325854586
1493480325885536
1493480326070636
1493480326387960
1493480326604085
1493480326921310
1493480327137835
1493480328154960
1493480328370960
1493480328688135
1493480328904734
1493480329921934
1493480330138084
1493480330455384
1493480330671934
1493480331688133
1493480331905233
1493480332221383
1493480332437908
1493480333455133
1493480333672433
1493480333988682
1493480334205282
1493480335222432
1493480335438632
1493480335755957
1493480335972532
1493480336988631
1493480337205781
1493480337521806
1493480337739506
1493480338755655
1493480338972805
1493480339288980
1493480339506430
1493480339537380
1493480339822530
1493480340039005
1493480340069955
1493480341056330
1493480341272429
1493480341303429
1493480341589629
1493480341620454
1493480341806154
1493480341837104
1493480342823354
1493480343039554
1493480343356954
1493480343573354
1493480344589728
1493480344807028
1493480345123128
1493480345340403
1493480345656528
1493480345687453
1493480345873678
1493480345904603
1493480346190502
1493480346407427
1493480347423427
1493480347640577
1493480347956777
1493480348173927
1493480348490127
1493480348707326
1493480349023501
1493480349240801
1493480349556976
1493480349773376
1493480350790626
1493480351006776
1493480351324025
1493480351541325
1493480351572275
1493480351857350
1493480351888250
1493480352074175
1493480352390325
1493480352421250
1493480352608050
1493480353624175
1493480353655074
1493480353841424
1493480353841449
1493480353872299
1493480354157624
1493480354374824
1493480354405799
1493480354691024
1493480354907549
1493480355924799
1493480356140949
1493480356458198
1493480356674773
1493480357691948
1493480357908098
1493480358225348
1493480358441498
1493480358758722
1493480358974872
1493480359292197
1493480359508247
1493480359825547
1493480360041997
1493480361058047
1493480361275246
1493480361591496
1493480361808771
1493480362124846
1493480362342146
1493480362658296
1493480362875346
1493480363192671
1493480363409221
1493480363440146
1493480364425870
1493480364642020
1493480364959270
1493480365175345
1493480365492620
1493480365708645
1493480366025895
1493480366242594
1493480367259894
1493480367476069
1493480367793019
1493480367823919
1493480368009444
1493480369026643
1493480369242743
1493480369559943
1493480369776068
1493480369806968
1493480370093443
1493480370309568
1493480370626718
1493480370843368
1493480371859442
1493480372076617
1493480372392867
1493480372609517
1493480373626716
1493480373843966
1493480374160266
1493480374376316
1493480374693466
1493480374909991
1493480375927191
1493480375958091
1493480376143265
1493480376460490
1493480376491290
1493480376676615
1493480376993890
1493480377211190
1493480377527340
1493480377743415
1493480378060665
1493480378277190
1493480379294389
1493480379510514
1493480379827689
1493480380043814
1493480380361014
1493480380577289
1493480380894739
1493480381111413
1493480382128013
1493480382344088
1493480382661338
1493480382692288
1493480382877838
1493480383895112
1493480384111212
1493480384142112
1493480384428412
1493480384644887
1493480384675737
1493480385661112
1493480385878312
1493480386194511
1493480386411761
1493480386727961
1493480386945086
1493480387261836
1493480387477936
1493480387508761
1493480387794761
1493480388012361
1493480389028285
1493480389245585
1493480389561685
1493480389778835
1493480390095035
1493480390312285
1493480390628385
1493480390845435
1493480391862709
1493480392078659
1493480392396109
1493480392612434
1493480392929609
1493480393145734
1493480393463059
1493480393679083
1493480393996408
1493480394212958
1493480395228933
1493480395446133
1493480395762383
1493480395979958
1493480396996282
1493480397213457
1493480397529557
1493480397746707
1493480398762731
1493480398979981
1493480399296256
1493480399513506
1493480399829581
1493480400046906
1493480400363106
1493480400579581
1493480400610506
1493480401597305
1493480401813380
1493480402130630
1493480402347105
1493480403363230
1493480403580304
1493480403896579
1493480404114204
1493480405130279
1493480405346904
1493480405664279
1493480405880804
1493480406897003
1493480407114203
1493480407430303
1493480407647603
1493480407963828
1493480408181428
1493480409197552
1493480409414702
1493480409730802
1493480409761777
1493480409948477
1493480410964601
1493480411181801
1493480411212676
1493480411497976
1493480411713101
1493480411744001
1493480412731651
1493480412762576
1493480412948951
1493480413265076
1493480413481200
1493480413512075
1493480413798600
1493480414014625
1493480414331950
1493480414548075
1493480414579025
1493480414865375
1493480415081850
1493480416099124
1493480416315024
1493480416632174
1493480416848524
1493480417165774
1493480417381824
1493480417699099
1493480417915549
1493480418932798
1493480419148923
1493480419466173
1493480419682198
1493480419713073
1493480419999623
1493480420030573
1493480420215698
1493480420246598
1493480420532898
1493480420749448
1493480421766122
1493480421982147
1493480422299422
1493480422515947
1493480423533196
1493480423749321
1493480424066871
1493480424282946
1493480424600221
1493480424816996
1493480425833021
1493480425863970
1493480426050295
1493480426366470
1493480426397470
1493480426583195
1493480426900420
1493480427116620
1493480427433795
1493480427650395
1493480428666494
1493480428883744
1493480429199969
1493480429417219
1493480429733244
1493480429764194
1493480429950519
1493480430266669
1493480430484169
1493480430800269
1493480431016793
1493480431047768
1493480432033993
1493480432250143
1493480432567468
1493480432783543
1493480433100868
1493480433317518
1493480434334742
1493480434550867
1493480434867092
1493480435084067
1493480436101316
1493480436317466
1493480436634616
1493480436850816
1493480437168091
1493480437384091
1493480437701441
1493480437917966
1493480438935140
1493480438966090
1493480439151190
1493480439468390
1493480439684590
1493480440001915
1493480440218040
1493480440535290
1493480440751840
1493480441767914
1493480441798739
1493480441984989
1493480442015964
1493480442301264
1493480442518489
1493480442835664
1493480443051714
1493480443082564
1493480443368263
1493480443585213
1493480443902488
1493480444119013
1493480445135088
1493480445352313
1493480445668463
1493480445885637
1493480446201737
1493480446232687
1493480446419437
1493480447435562
1493480447652787
1493480447968737
1493480448186237
1493480448502386
1493480448719586
1493480449035661
1493480449066636
1493480449252986
1493480449569136
1493480449785536
1493480450802835
1493480451020060
1493480451336260
1493480451552335
1493480451583235
1493480451869760
1493480451900710
1493480452085785
1493480452116685
1493480452403060
1493480452620310
1493480452651235
1493480452936385
1493480453152860
1493480454170134
1493480454386084
1493480454703559
1493480454919634
1493480455236784
1493480455452984
1493480455769783
1493480455987358
1493480457003433
1493480457220783
1493480457536708
1493480457753433
1493480458770607
1493480458770632
1493480458986782
1493480459303957
1493480459520057
1493480459837307
1493480460054207
1493480460370507
1493480460587082
1493480461603781
1493480461821056
1493480461852006
1493480462137181
1493480462354481
1493480462670581
1493480462887706
1493480462918581
1493480463203956
1493480463421230
1493480463737280
1493480463768205
1493480463954055
1493480464971330
1493480464971355
1493480465187980
1493480465504130
1493480465721804
1493480465752754
1493480466037929
1493480466254504
1493480467271704
1493480467487729
1493480467805054
1493480468021529
1493480469038778
1493480469069753
1493480469254903
1493480469572278
1493480469788253
1493480469819153
1493480470105503
1493480470321378
1493480470638603
1493480470669553
1493480470855077
1493480470885977
1493480471872327
1493480471903252
1493480472088452
1493480472405752
1493480472621827
1493480472939102
1493480473155277
1493480473472451
1493480473688401
1493480474705651
1493480474921976
1493480474952901
1493480475239276
1493480475455701
1493480475455726
1493480476473025
1493480476689225
1493480477006300
1493480477222450
1493480477253150
1493480477539775
1493480477754600
1493480478073300
1493480478289624
1493480478605774
1493480478823424
1493480479839474
1493480480056774
1493480480372874
1493480480590074
1493480480906223
1493480481123423
1493480481439548
1493480481656148
1493480482673473
1493480482889523
1493480483206822
1493480483423747
1493480483739922
1493480483956497
1493480484973872
1493480485189922
1493480485220897
1493480485507197
1493480485723496
1493480486740646
1493480486771496
1493480486956896
1493480487274171
1493480487490646
1493480487521571
1493480488507995
1493480488724070
1493480488754995
1493480489040295
1493480489257895
1493480490273895
1493480490491120
1493480490521995
1493480490807269
1493480491024419
1493480491340594
1493480491557894
1493480491874094
1493480492091269
1493480492407419
1493480492438319
1493480492625044
1493480493641068
1493480493858368
1493480494174518
1493480494391068
1493480495408318
1493480495624392
1493480495941642
1493480496158867
1493480496189792
1493480496475017
1493480496692267
1493480497008417
1493480497039367
1493480497225617
1493480497541892
1493480497758342
1493480498775666
1493480498991766
1493480499022591
1493480499309141
1493480499525291
1493480499556116
1493480499842591
1493480500059216
1493480501075465
1493480501292715
1493480501608890
1493480501825415
1493480502842640
1493480503058690
1493480503376014
1493480503592239
1493480503909489
1493480504125989
1493480505143039
1493480505359314
1493480505676588
1493480505893088
1493480506909238
1493480507126488
1493480507442513
1493480507659938
1493480507975963
1493480508193312
1493480508509512
1493480508540462
1493480508726087
1493480509743262
1493480509774137
1493480509960437
1493480510276662
1493480510493787
1493480510809936
1493480511027411
1493480511343686
1493480511560261
1493480512576486
1493480512793886
1493480513110985
1493480513327410
1493480514343460
1493480514560260
1493480514877560
1493480515094010
1493480516111359
1493480516327459
1493480516358384
1493480516644659
1493480516860784
1493480517178159
1493480517394234
1493480517425184
1493480517711459
1493480517742409
1493480517927559
1493480517958484
1493480518244858
1493480518461508
1493480519477658
1493480519694858
1493480520010908
1493480520228258
1493480520544382
1493480520575332
1493480520761682
1493480521077882
1493480521294232
1493480522311057
1493480522528382
1493480522844507
1493480523061756
1493480523092731
1493480523377881
1493480523595156
1493480523911306
1493480523942256
1493480524128506
1493480524159456
1493480524444631
1493480524662381
1493480525678480
1493480525895705
1493480526211955
1493480526428330
1493480527445680
1493480527662105
1493480527693005
1493480527978755
1493480528196004
1493480528512204
1493480528729454
1493480529045529
1493480529262904
1493480529579004
1493480529795554
1493480530812703
1493480530843503
1493480531028903
1493480531345678
1493480531376628
1493480531562928
1493480531879103
1493480532096303
1493480532412403
1493480532630003
1493480533646052
1493480533863527
1493480534179852
1493480534395827
1493480534426677
1493480534713127
1493480534929777
1493480535946326
1493480536163526
1493480536479651
1493480536696876
1493480537013051
1493480537227126
1493480537546901
1493480537763526
1493480538780725
1493480538811600
1493480538996825
1493480539313525
1493480539530600
1493480539561500
1493480539846675
1493480540063975
1493480540380050
1493480540410950
1493480540597324
1493480540913499
1493480541130124
1493480542147424
1493480542363699
1493480542681099
1493480542897074
1493480543214373
1493480543430923
1493480544447523
1493480544664373
1493480544980473
1493480545011298
1493480545197673
1493480545513872
1493480545731222
1493480546047197
1493480546264572
1493480546580672
1493480546797297
1493480547814447
1493480548031146
1493480548348346
1493480548564896
1493480549581096
1493480549798296
1493480550114396
1493480550331646
1493480550362621
1493480550648895
1493480550864995
1493480550895920
1493480551182345
1493480551398345
1493480551715695
1493480551932145
1493480552948194
1493480553165419
1493480553196369
1493480553481744
1493480553699044
1493480553729994
1493480554015169
1493480554232419
1493480554548519
1493480554764969
1493480555782793
1493480555998793
1493480556315993
1493480556346943
1493480556532768
1493480556848818
1493480556879668
1493480557066018
1493480557382168
1493480557598718
1493480558615992
1493480558832267
1493480558863192
1493480559149367
1493480559366492
1493480559366517
1493480559682767
1493480559898692
1493480560215842
1493480560433116
1493480560749141
1493480560966866
1493480560997841
1493480561982941
1493480562013866
1493480562200191
1493480562516366
1493480562732916
1493480562763866
1493480563750240
1493480563966765
1493480564282940
1493480564499540
1493480565516789
1493480565732864
1493480566050214
1493480566266764
1493480567283039
1493480567500414
1493480567816564
1493480567847463
1493480568033788
1493480568064738
1493480568349888
1493480568567288
1493480568598138
1493480568883338
1493480569100838
1493480569416913
1493480569633438
1493480570651187
1493480570867937
1493480571184062
1493480571401287
1493480571717462
1493480571934562
1493480572250787
1493480572467387
1493480572498337
1493480573484661
1493480573700611
1493480573731486
1493480574017961
1493480574234461
1493480574234486
1493480575251711
1493480575282561
1493480575467860
1493480575785010
1493480575815935
1493480576001585
1493480576032535
1493480576317660
1493480576534935
1493480576850985
1493480576851010
1493480577068535
1493480577384835
1493480577601260
1493480578618809
1493480578834959
1493480579152184
1493480579183134
1493480579368234
1493480579684309
1493480579901609
1493480580218884
1493480580435408
1493480581451633
1493480581668908
1493480581699858
1493480581985083
1493480582202233
1493480582518533
1493480582735033
1493480583752082
1493480583969632
1493480584285757
1493480584502182
1493480585519456
1493480585735606
1493480586052431
1493480586268831
1493480586586156
1493480586802231
1493480586833156
1493480587119556
1493480587335981
1493480588353330
1493480588569455
1493480588886655
1493480589102780
1493480589420030
1493480589636130
1493480589953380
1493480590169930
1493480591186104
1493480591403204
1493480591720529
1493480591937029
1493480592953153
1493480593170403
1493480593486553
1493480593704053
1493480594720203
1493480594937503
1493480595253577
1493480595470877
1493480595787027
1493480596003602
1493480596034552
1493480597020827
1493480597236877
1493480597554102
1493480597770251
1493480598087451
1493480598304026
1493480599321301
1493480599537351
1493480599854576
1493480600070601
1493480600387925
1493480600604025
1493480600921250
1493480601137775
1493480602155000
1493480602371050
1493480602401925
1493480602687875
1493480602905074
1493480603221224
1493480603438099
1493480603755349
1493480603971624
1493480604287849
1493480604318799
1493480604504524
1493480604535374
1493480605521748
1493480605737923
1493480606055048
1493480606085998
1493480606271148
1493480606302073
1493480606588473
1493480606804698
1493480607121923
1493480607338023
1493480607655298
1493480607871722
1493480608889072
1493480609105147
1493480609422422
1493480609638572
1493480609955747
1493480610171797
1493480610489171
1493480610520121
1493480610705246
1493480611022521
1493480611239071
1493480612256321
1493480612472421
1493480612789695
1493480613005845
1493480613323120
1493480613539220
1493480614556345
1493480614772420
1493480615089695
1493480615305869
1493480615623094
1493480615839169
1493480616156544
1493480616372594
1493480616372619
1493480616689894
1493480616906294
1493480617923543
1493480618139718
1493480618456718
1493480618672718
1493480618990143
1493480619206243
1493480619523518
1493480619739993
1493480620757242
1493480620973442
1493480621290692
1493480621321692
1493480621506642
1493480735789671
1493480735821196
1493480738711145
1493480738768695
1493480783007202
1493480783111602
1493480783156777
1493480783190052
1493480783244427
1493481168988347
1493481171761621
1493481171823271
1493481205276858
1493481205377683
1493481205422783
1493481205456157
1493481205488032
1493481205545507
1493481210561430
1493481210778605
1493481211095880
1493481211311930
1493481211629080
1493481211845180
1493481212162455
1493481212378480
1493481212695455
1493481212912079
1493481213929129
1493481214146379
1493481214462004
1493481214679679
1493481215696203
1493481215912253
1493481216229503
1493481216445578
1493481216762853
1493481216979403
1493481217996302
1493481218212477
1493481218529677
1493481218560552
1493481218746152
1493481219763152
1493481219979127
1493481220010052
1493481220296427
1493481220513001
1493481221530201
1493481221561076
1493481221746376
1493481222063551
1493481222094526
1493481222279601
1493481222310476
1493481222596626
1493481222813076
1493481223829900
1493481224047275
1493481224363600
1493481224579975
1493481225597249
1493481225813324
1493481226130874
1493481226347499
1493481227364199
1493481227580299
1493481227611224
1493481227897598
1493481228113548
1493481228144423
1493481228430798
1493481228461698
1493481228647348
1493481228678198
1493481229664573
1493481229695548
1493481229880648
1493481230197898
1493481230414047
1493481230730547
1493481230947847
1493481230978847
1493481231264097
1493481231481297
1493481231797447
1493481232015022
1493481233031046
1493481233248396
1493481233279321
1493481233564521
1493481233781871
1493481234098021
1493481234314521
1493481235331346
1493481235548570
1493481235865370
1493481236081220
1493481237098670
1493481237314795
1493481237631995
1493481237848194
1493481238165344
1493481238382519
1493481238698844
1493481238915319
1493481239932244
1493481240149494
1493481240465718
1493481240496643
1493481240682193
1493481241699143
1493481241915268
1493481242232468
1493481242448843
1493481242766143
1493481242982217
1493481243299467
1493481243515667
1493481243832767
1493481244049292
1493481244080242
1493481245066192
1493481245283291
1493481245314216
1493481245599641
1493481245630616
1493481245815766
1493481246132991
1493481246350016
1493481246666191
1493481246883341
1493481247199491
1493481247416991
1493481248432815
1493481248649865
1493481248966165
1493481249183190
1493481249214115
1493481249500390
1493481249716890
1493481250733039
1493481250950189
1493481250981164
1493481251266364
1493481251483589
1493481251514364
1493481251799764
1493481252017064
1493481252333239
1493481252550564
1493481252866763
1493481253083288
1493481253114163
1493481254100488
1493481254316788
1493481254634013
1493481254850163
1493481254881138
1493481255167463
1493481255198288
1493481255383587
1493481255700887
1493481255917087
1493481255948012
1493481256234137
1493481256450687
1493481257467787
1493481257683937
1493481258001286
1493481258217461
1493481258248236
1493481258534686
1493481258751311
1493481259068361
1493481259284211
1493481259314861
1493481259601561
1493481259818036
1493481260834135
1493481261051210
1493481261368460
1493481261399235
1493481261584685
1493481261901935
1493481261932760
1493481262118185
1493481262435360
1493481262466185
1493481262652010
1493481263669034
1493481263699809
1493481263885184
1493481263916059
1493481264201359
1493481264417934
1493481265434683
1493481265465533
1493481265651983
1493481265969283
1493481266185308
1493481266502658
1493481266533633
1493481266718708
1493481267035833
1493481267066633
1493481267251983
1493481267569233
1493481267785782
1493481268802607
1493481269018932
1493481269336107
1493481269552182
1493481269869557
1493481270085507
1493481270402956
1493481270619506
1493481271636306
1493481271667131
1493481271852431
1493481272169756
1493481272385856
1493481272703230
1493481272734005
1493481272919305
1493481273236530
1493481273452680
1493481273769905
1493481273986355
1493481275003255
1493481275219404
1493481275536579
1493481275752679
1493481276069754
1493481276286279
1493481277303079
1493481277520479
1493481277836978
1493481278052953
1493481278083753
1493481278370953
1493481278587553
1493481278904303
1493481279120953
1493481279437003
1493481279467853
1493481279654203
1493481279685103
1493481280670852
1493481280887477
1493481281204202
1493481281420752
1493481281451702
1493481281737452
1493481281954202
1493481282970951
1493481282970976
1493481283187426
1493481283504751
1493481283721026
1493481284738351
1493481284954951
1493481285271100
1493481285302075
1493481285487400
1493481286504975
1493481286721800
1493481287037800
1493481287255125
1493481287571350
1493481287602225
1493481287787799
1493481288805049
1493481289021249
1493481289338549
1493481289554699
1493481289871949
1493481290087849
1493481290405273
1493481290436198
1493481290621523
1493481290938598
1493481291154798
1493481292171673
1493481292388848
1493481292705072
1493481292922347
1493481293238472
1493481293455597
1493481293771722
1493481293989197
1493481295005872
1493481295036697
1493481295221946
1493481295539071
1493481295755321
1493481296072696
1493481296289096
1493481297305246
1493481297522496
1493481297553446
1493481297839695
1493481298055770
1493481298055795
1493481298373070
1493481298588995
1493481298619720
1493481298906345
1493481299122295
1493481299153220
1493481299439520
1493481299656020
1493481300672744
1493481300889344
1493481301206094
1493481301423469
1493481301739494
1493481301957069
1493481301988019
1493481302273194
1493481302489719
1493481303506418
1493481303723718
1493481304039793
1493481304256993
1493481304573018
1493481304790343
1493481305106417
1493481305323917
1493481305640067
1493481305856467
1493481306873842
1493481307089967
1493481307120892
1493481307407242
1493481307624266
1493481307940266
1493481308157616
1493481308473791
1493481308690966
1493481309007166
1493481309223741
1493481309223766
1493481310240990
1493481310457090
1493481310774340
1493481310990315
1493481311307490
1493481311338415
1493481311523715
1493481311840965
1493481312057115
1493481312088065
1493481312374440
1493481312590914
1493481312621839
1493481313608264
1493481313824364
1493481314141664
1493481314357839
1493481314388664
1493481314675089
1493481314891089
1493481315208338
1493481315424588
1493481315742013
1493481315958613
1493481316974713
1493481317191913
1493481317508088
1493481317725337
1493481318041412
1493481318258737
1493481318575137
1493481318791837
1493481319809112
1493481320024986
1493481320342311
1493481320558461
1493481320875736
1493481321091886
1493481321409136
1493481321625261
1493481321942486
1493481322159086
1493481323175210
1493481323392410
1493481323392435
1493481323708310
1493481323925810
1493481324241910
1493481324459185
1493481324776460
1493481324992534
1493481325309759
1493481325526209
1493481325557134
1493481326542559
1493481326759259
1493481327076509
1493481327292559
1493481327323484
1493481327609933
1493481327826008
1493481328143233
1493481328359358
1493481328676808
1493481328893283
1493481329909458
1493481330126582
1493481330442732
1493481330659482
1493481331676957
1493481331893057
1493481332210257
1493481332426807
1493481333443906
1493481333660156
1493481333977556
1493481334193656
1493481334510906
1493481334727406
1493481335743530
1493481335960730
1493481336276755
1493481336494455
1493481337511054
1493481337727154
1493481337758054
1493481338044329
1493481338260529
1493481338291454
1493481338577879
1493481338793929
1493481339111229
1493481339327629
1493481340344903
1493481340561078
1493481340878303
1493481341094778
1493481342110953
1493481342328153
1493481342644302
1493481342861777
1493481343878727
1493481344094802
1493481344412127
1493481344442952
1493481344628377
1493481344659302
1493481344944751
1493481344975601
1493481345162151
1493481345478101
1493481345695351
1493481346011451
1493481346228301
1493481346259201
1493481347245476
1493481347461600
1493481347778625
1493481347994925
1493481349012025
1493481349229125
1493481349545275
1493481349576225
1493481349762800
1493481350778499
1493481350995674
1493481351026374
1493481351312874
1493481351529449
1493481352546448
1493481352762623
1493481353078798
1493481353296323
1493481354312448
1493481354529723
1493481354845873
1493481355063022
1493481355093972
1493481355379197
1493481355596847
1493481356612597
1493481356643497
1493481356829947
1493481356860847
1493481357146047
1493481357363346
1493481357679521
1493481357895996
1493481357926921
1493481358913246
1493481359130771
1493481359446796
1493481359663021
1493481359693996
1493481359980295
1493481360196420
1493481360513720
1493481360544545
1493481360730195
1493481361746620
1493481361963945
1493481362280120
1493481362497419
1493481362813594
1493481363030919
1493481363347169
1493481363563619
1493481364580219
1493481364797469
1493481365113668
1493481365330493
1493481366347718
1493481366563968
1493481366881168
1493481367097293
1493481367414642
1493481367630767
1493481367948067
1493481368164617
1493481369181742
1493481369397767
1493481369715192
1493481369931291
1493481370248541
1493481370279391
1493481370464641
1493481370495591
1493481370782016
1493481370998091
1493481371315441
1493481371531941
1493481371562841
1493481372548765
1493481372765140
1493481373081940
1493481373298040
1493481373615265
1493481373831390
1493481374148765
1493481374365365
1493481375381414
1493481375598664
1493481375915664
1493481376131589
1493481376449314
1493481376664939
1493481376982089
1493481377198664
1493481378213463
1493481378432238
1493481378748913
1493481378965538
1493481379282163
1493481379498813
1493481380515537
1493481380732112
1493481380762962
1493481381050137
1493481381266637
1493481381297587
1493481382283236
1493481382499861
1493481382816786
1493481383033286
1493481383349861
1493481383566686
1493481384583061
1493481384800260
1493481385116635
1493481385333185
1493481385649835
1493481385867160
1493481386183260
1493481386399935
1493481386430885
1493481387417259
1493481387633359
1493481387950559
1493481388166634
1493481388484009
1493481388700509
1493481389717234
1493481389748133
1493481389933383
1493481390250608
1493481390467233
1493481390498158
1493481391483558
1493481391700833
1493481392016958
1493481392233708
1493481392264607
1493481392550832
1493481392767332
1493481393783982
1493481394001307
1493481394032232
1493481394317382
1493481394533857
1493481395551356
1493481395767481
1493481396084781
1493481396084806
1493481396300856
1493481396618081
1493481396834481
1493481397851705
1493481398068105
1493481398384280
1493481398601455
1493481398918755
1493481399134780
1493481399452055
1493481399482955
1493481399668555
1493481399699430
1493481400684629
1493481400902154
1493481401218354
1493481401435504
1493481401466429
1493481401751554
1493481401968829
1493481401999779
1493481402285028
1493481402502128
1493481402533053
1493481402818353
1493481403035978
1493481403066753
1493481404052728
1493481404268703
1493481404586328
1493481404801877
1493481404832727
1493481405818602
1493481406035802
1493481406352227
1493481406569327
1493481406885602
1493481407102852
1493481407133627
1493481408118951
1493481408336176
1493481408367051
1493481408652326
1493481408869601
1493481409185701
1493481409216501
1493481409402851
1493481409433826
1493481409719050
1493481409936425
1493481410252600
1493481410469125
1493481411486825
1493481411703000
1493481412020175
1493481412236374
1493481412553524
1493481412769699
1493481413086874
1493481413303299
1493481413334224
1493481414319699
1493481414536824
1493481414852973
1493481415070248
1493481415386448
1493481415603573
1493481415920848
1493481416136998
1493481416454073
1493481416670698
1493481417687447
1493481417903497
1493481418220797
1493481418437647
1493481418468522
1493481418753497
1493481418971272
1493481419987621
1493481420203771
1493481420521171
1493481420737521
1493481421753846
1493481421971146
1493481422287295
1493481422504520
1493481422820670
1493481423038520
1493481424054095
1493481424271345
1493481424587470
1493481424804744
1493481424835644
1493481425120894
1493481425338219
1493481425654294
1493481425871819
1493481426887769
1493481426918644
1493481427105119
1493481427136093
1493481427421368
1493481427638693
1493481427669643
1493481427954693
1493481428172093
1493481428488468
1493481428704443
1493481429021818
1493481429239218
1493481430255217
1493481430471492
1493481430788767
1493481431004867
1493481431322142
1493481431539267
1493481431855442
1493481432072016
1493481433089516
1493481433305666
1493481433623041
1493481433839566
1493481434855990
1493481435072090
1493481435389365
1493481435605465
1493481435922790
1493481436138915
1493481436169865
1493481436456165
1493481436487040
1493481436672940
1493481436989090
1493481437206564
1493481438223164
1493481438439314
1493481438470089
1493481438756539
1493481438972739
1493481439989888
1493481440205913
1493481440523263
1493481440739813
1493481441756438
1493481441973713
1493481442004688
1493481442289737
1493481442506462
1493481442823737
1493481443040237
1493481444056662
1493481444273962
1493481444590086
1493481444807561
1493481445823761
1493481446040986
1493481446357136
1493481446387986
1493481446574561
1493481446890486
1493481447107660
1493481447423785
1493481447641035
1493481447957160
1493481448174685
1493481448205635
1493481449190785
1493481449407935
1493481449438885
1493481449724134
1493481449940834
1493481450957909
1493481451174134
1493481451491309
1493481451522184
1493481451707709
1493481452724833
1493481452941833
1493481453257958
1493481453475283
1493481453791483
1493481454008258
1493481454324383
1493481454542007
1493481455558907
1493481455775107
1493481456091282
1493481456309057
1493481456339907
1493481457325006
1493481457542331
1493481457858531
1493481458075681
1493481458075706
1493481459091656
1493481459309081
1493481459625280
1493481459842580
1493481460158830
1493481460376080
1493481460692280
1493481460908680
1493481461925455
1493481462142629
1493481462458654
1493481462489579
1493481462675554
1493481463692804
1493481463908929
1493481464226904
1493481464443679
1493481464759978
1493481464976053
1493481465293353
1493481465509728
1493481466527203
1493481466743303
1493481467059927
1493481467276677
1493481468292852
1493481468510152
1493481468826777
1493481469043277
1493481470060501
1493481470276601
1493481470307551
1493481470593776
1493481470810251
1493481471826976
1493481472044100
1493481472360200
1493481472391075
1493481472577450
1493481472893700
1493481473110850
1493481473427100
1493481473644300
1493481473960625
1493481474176975
1493481475194724
1493481475410524
1493481475727824
1493481475943899
1493481475974799
1493481476261024
1493481476291874
1493481476477124
1493481476794499
1493481476825349
1493481477010523
1493481477328123
1493481477544348
1493481478561373
1493481478778398
1493481479094748
1493481479310823
1493481479628072
1493481479844647
1493481480161247
1493481480377872
1493481480408747
1493481481394672
1493481481611172
1493481481927946
1493481482145046
1493481482461246
1493481482492096
1493481482677896
1493481482995796
1493481482995821
1493481483211271
1493481483242121
1493481484229046
1493481484445770
1493481484761870
1493481484979070
1493481485009995
1493481485995820
1493481486212295
1493481486528945
1493481486559745
1493481486745695
1493481487062294
1493481487278919
1493481487596144
1493481487812344
1493481488129644
1493481488346094
1493481488377044
1493481489362969
1493481489578693
1493481489895918
1493481490113093
1493481490429293
1493481490646568
1493481490962543
1493481491179068
1493481492195767
1493481492412942
1493481492443767
1493481492729242
1493481492946517
1493481493262642
1493481493479867
1493481493795942
1493481494013217
1493481494329392
1493481494547066
1493481495563766
1493481495779991
1493481496097116
1493481496313491
1493481497330765
1493481497546790
1493481497864115
1493481498080740
1493481499096790
1493481499313965
1493481499630164
1493481499847439
1493481499878314
1493481500163164
1493481500380464
1493481500697689
1493481500912939
1493481501930938
1493481502147038
1493481502464213
1493481502495138
1493481502680638
1493481502680663
1493481503698088
1493481503914088
1493481504230613
1493481504447862
1493481504764012
1493481504981262
1493481505298287
1493481505514337
1493481505831837
1493481506048162
1493481507064511
1493481507281786
1493481507597836
1493481507815086
1493481508131261
1493481508347836
1493481508665011
1493481508881436
1493481509898710
1493481510115285
1493481510431460
1493481510647960
1493481511665135
1493481511696060
1493481511882409
1493481512198484
1493481512414884
1493481513431659
1493481513648909
1493481513964984
1493481513995884
1493481514181909
1493481514498683
1493481514715808
1493481515031958
1493481515249508
1493481516265208
1493481516482383
1493481516799632
1493481516799657
1493481517016107
1493481518032932
1493481518249057
1493481518566157
1493481518782332
1493481519099757
1493481519315781
1493481519632831
1493481519849981
1493481519850006
1493481520166081
1493481520382581
1493481520413481
1493481521399581
1493481521616806
1493481521933005
1493481522149480
1493481522180430
1493481523166180
1493481523383455
1493481523699530
1493481523917330
1493481524933779
1493481525150254
1493481525181104
1493481525467404
1493481525683604
1493481526000954
1493481526216954
1493481526533704
1493481526751103
1493481527766678
1493481527983978
1493481528301178
1493481528517478
1493481529534027
1493481529751202
1493481530067427
1493481530284652
1493481530600802
1493481530818127
1493481531134202
1493481531165127
1493481531350802
1493481531381752
1493481532367926
1493481532584201
1493481532901401
1493481533117976
1493481534134951
1493481534351025
1493481534667650
1493481534884825
1493481534915800
1493481535201075
1493481535418350
1493481535734450
1493481535952125
1493481536968074
1493481537185349
1493481537216149
1493481537501449
1493481537718699
1493481537749549
1493481538034799
1493481538251424
1493481539268698
1493481539485448
1493481539516398
1493481539801673
1493481540018948
1493481540335098
1493481540552573
1493481540552598
1493481540868673
1493481541085023
1493481542102447
1493481542318597
1493481542635822
1493481542852272
1493481543170722
1493481543385772
1493481543703072
1493481543919397
1493481544935696
1493481545152996
1493481545469071
1493481545686371
1493481546002521
1493481546219571
1493481546535671
1493481546752995
1493481547069145
1493481547286695
1493481548303445
1493481548519545
1493481548836870
1493481549052920
1493481549370244
1493481549586344
1493481549902794
1493481549933644
1493481550120194
1493481551136419
1493481551353669
1493481551670268
1493481551701193
1493481551886693
1493481552904043
1493481553120218
1493481553436643
1493481553653868
1493481553970068
1493481554187292
1493481554503492
1493481554720592
1493481555037317
1493481555254367
1493481556270742
1493481556487167
1493481556804541
1493481557020641
1493481557338041
1493481557554366
1493481557870491
1493481558087891
1493481558404266
1493481558434891
1493481558620616
1493481559638065
1493481559854040
1493481560171040
1493481560387490
1493481561404565
1493481561435490
1493481561621814
1493481561652589
1493481561937914
1493481562155239
1493481562471364
1493481562688664
1493481563005114
1493481563221889
1493481563252739
1493481564238663
1493481564454813
1493481564772088
1493481564802963
1493481564988713
1493481566004888
1493481566221963
1493481566538213
1493481566569187
1493481566754837
1493481567772137
1493481567988212
1493481568018912
1493481568305537
1493481568521662
1493481568838962
1493481569055187
1493481569372361
1493481569588961
1493481570605886
1493481570822536
1493481571138686
1493481571355936
1493481571672035
1493481571889635
1493481572905760
1493481573123010
1493481573439060
1493481573469910
1493481573656735
1493481574672884
1493481574703809
1493481574890209
1493481575206234
1493481575237109
1493481575422634
1493481576440359
1493481576655908
1493481576973158
1493481577189333
1493481577506683
1493481577722783
1493481578040133
1493481578256583
1493481579273357
1493481579490557
1493481579806757
1493481580023157
1493481580340407
1493481580371282
1493481580556907
1493481581573806
1493481581790006
1493481582107156
1493481582323581
1493481583340456
1493481583557006
1493481583873656
1493481584090255
1493481585107305
1493481585324830
1493481585641555
1493481585858155
1493481586175030
1493481586391055
1493481586708554
1493481586925029
1493481647692430
1493481650516604
1493481650581929
1493481671937470
1493481672036245
1493481672081320
1493481672114220
1493481672146095
1493481672169795
1493482057273765
1493482059670965
1493482059729840
1493482101328498
1493482101420498
1493482101465648
1493482101499073
1493482101574623
1493482106587646
1493482106803971
1493482106834921
1493482107120970
1493482107337295
1493482108354795
1493482108570845
1493482108888270
1493482109104795
1493482110121319
1493482110338669
1493482110654869
1493482110871269
1493482111888669
1493482112104918
1493482112421468
1493482112638218
1493482113655168
1493482113871318
1493482113902293
1493482114188593
1493482114219518
1493482114404768
1493482114722042
1493482114938267
1493482115255642
1493482115472142
1493482116488317
1493482116705667
1493482117021891
1493482117238966
1493482117555191
1493482117772466
1493482117803316
1493482118088691
1493482118305391
1493482119322566
1493482119538740
1493482119856065
1493482120072265
1493482120389615
1493482120605865
1493482120923065
1493482121139665
1493482122156239
1493482122372489
1493482122688964
1493482122906164
1493482123223289
1493482123439789
1493482124456414
1493482124673463
1493482124989963
1493482125206213
1493482125237188
1493482125523563
1493482125739638
1493482126057013
1493482126273913
1493482126589888
1493482126620788
1493482126806788
1493482127824062
1493482128040712
1493482128356837
1493482128573337
1493482129590061
1493482129807186
1493482130123286
1493482130340986
1493482131357036
1493482131573836
1493482131890986
1493482132107135
1493482132424235
1493482132640560
1493482132957585
1493482133174135
1493482134190935
1493482134407535
1493482134724159
1493482134754959
1493482134940959
1493482135257634
1493482135474109
1493482135790784
1493482135821534
1493482136007384
1493482137025258
1493482137242008
1493482137558508
1493482137775183
1493482137775208
1493482138092008
1493482138122908
1493482138308183
1493482138625358
1493482138656258
1493482138841983
1493482138872908
1493482139158533
1493482139189433
1493482139375283
1493482140391857
1493482140607982
1493482140925257
1493482140956207
1493482141141857
1493482141458482
1493482141675057
1493482142692306
1493482142908406
1493482143225731
1493482143441856
1493482143759156
1493482143975581
1493482144993130
1493482145209305
1493482145525380
1493482145556305
1493482145742680
1493482146058805
1493482146276405
1493482147293029
1493482147509104
1493482147826254
1493482148042304
1493482148359629
1493482148576154
1493482149593328
1493482149809328
1493482150126478
1493482150342753
1493482150660003
1493482150874453
1493482150874478
1493482151893452
1493482152109427
1493482152426252
1493482152643552
1493482152960052
1493482153176252
1493482153493552
1493482153709627
1493482154026802
1493482154243402
1493482155260576
1493482155476576
1493482155793751
1493482156010101
1493482156041026
1493482156327401
1493482156544301
1493482157561175
1493482157777225
1493482158094425
1493482158310450
1493482158627675
1493482158658550
1493482158843750
1493482158874675
1493482159161100
1493482159377299
1493482159377324
1493482160394799
1493482160611374
1493482160927274
1493482161143824
1493482161174749
1493482162161048
1493482162191973
1493482162378248
1493482162694473
1493482162910698
1493482163227898
1493482163445198
1493482163761323
1493482163977848
1493482164995497
1493482165211647
1493482165527747
1493482165558622
1493482165744997
1493482166061222
1493482166278747
1493482167294796
1493482167512071
1493482167543021
1493482167828121
1493482167859046
1493482168045396
1493482168361521
1493482168578796
1493482168894871
1493482169112096
1493482169428345
1493482169644845
1493482170662045
1493482170879020
1493482171195070
1493482171412520
1493482171728670
1493482171945169
1493482172961894
1493482173179144
1493482173210094
1493482173495219
1493482173712844
1493482174729418
1493482174760343
1493482174945618
1493482175262868
1493482175478968
1493482175796093
1493482176012793
1493482176043668
1493482176328868
1493482176359793
1493482176546218
1493482176862342
1493482177079917
1493482178096067
1493482178313392
1493482178629542
1493482178846017
1493482179862716
1493482180079866
1493482180397216
1493482180428116
1493482180613366
1493482180644266
1493482180930441
1493482181146516
1493482181463741
1493482181679866
1493482181997140
1493482182213865
1493482183230440
1493482183261390
1493482183446665
1493482183477615
1493482183763915
1493482183980065
1493482184297264
1493482184514539
1493482184831264
1493482185047514
1493482186063564
1493482186280614
1493482186598164
1493482186815038
1493482187831038
1493482188047288
1493482188078113
1493482188364563
1493482188580638
1493482188897863
1493482188928813
1493482189114088
1493482189431037
1493482189648437
1493482189648462
1493482189679412
1493482189964612
1493482190181037
1493482190211987
1493482191198187
1493482191414387
1493482191731536
1493482191762361
1493482191947686
1493482192264936
1493482192481186
1493482192512086
1493482192798436
1493482193014586
1493482193331886
1493482193548386
1493482194564660
1493482194781985
1493482194812885
1493482195098135
1493482195129110
1493482195314585
1493482196332410
1493482196548560
1493482196865834
1493482197082059
1493482197398134
1493482197615459
1493482197931484
1493482198149134
1493482199165534
1493482199382708
1493482199698758
1493482199729708
1493482199916033
1493482200232908
1493482200449033
1493482200765808
1493482200982233
1493482201999532
1493482202215732
1493482202532907
1493482202748957
1493482203066257
1493482203282732
1493482204299256
1493482204330206
1493482204516256
1493482204547231
1493482204832431
1493482205049731
1493482205365856
1493482205583106
1493482205900131
1493482206116456
1493482207133430
1493482207350355
1493482207666480
1493482207883655
1493482208199955
1493482208417255
1493482208733430
1493482208950030
1493482209966379
1493482210183604
1493482210499654
1493482210716979
1493482211733228
1493482211950303
1493482212266653
1493482212483503
1493482212800828
1493482213017078
1493482213334353
1493482213550553
1493482213581503
1493482213867878
1493482214084353
1493482215100402
1493482215317652
1493482215633727
1493482215851302
1493482216167627
1493482216384552
1493482216700976
1493482216918276
1493482217234351
1493482217450951
1493482218467601
1493482218684851
1493482219001051
1493482219218275
1493482219248900
1493482219534200
1493482219751550
1493482220067775
1493482220285025
1493482220601250
1493482220817700
1493482221834924
1493482222052174
1493482222083124
1493482222368399
1493482222585374
1493482222616224
1493482222901574
1493482223118799
1493482223434849
1493482223651999
1493482223968349
1493482224184873
1493482224215698
1493482225202073
1493482225418298
1493482225735648
1493482225951823
1493482226269173
1493482226300098
1493482226485248
1493482226802522
1493482227018547
1493482227049322
1493482228035272
1493482228252647
1493482228568722
1493482228785922
1493482228816897
1493482229102021
1493482229132871
1493482229319446
1493482230335496
1493482230552871
1493482230869021
1493482231086221
1493482231402296
1493482231619245
1493482231936370
1493482232152395
1493482232469920
1493482232686220
1493482233703520
1493482233919495
1493482234236669
1493482234452819
1493482234769969
1493482234986069
1493482235303344
1493482235519869
1493482236536619
1493482236753343
1493482237069943
1493482237286618
1493482237317543
1493482237603518
1493482237819918
1493482238136518
1493482238167293
1493482238353218
1493482238670443
1493482238887518
1493482239904142
1493482239935042
1493482240121092
1493482240437667
1493482240654417
1493482240971067
1493482241001992
1493482241187167
1493482241504492
1493482241720991
1493482242037616
1493482242254391
1493482242285366
1493482243270966
1493482243488166
1493482243804916
1493482244021066
1493482244051965
1493482244338215
1493482244554740
1493482244871140
1493482244901940
1493482245087540
1493482246105465
1493482246321665
1493482246637964
1493482246854739
1493482247872139
1493482248088189
1493482248404414
1493482248435289
1493482248621764
1493482248937839
1493482249155413
1493482250172088
1493482250388213
1493482250705488
1493482250922088
1493482251938162
1493482252155437
1493482252471612
1493482252689137
1493482253705687
1493482253921812
1493482254238911
1493482254455636
1493482254768236
1493482254985086
1493482255015811
1493482255305586
1493482255522836
1493482255838786
1493482256053411
1493482257073035
1493482257288835
1493482257605710
1493482257822135
1493482257853085
1493482258839735
1493482259055959
1493482259373084
1493482259589259
1493482260605809
1493482260822959
1493482261140234
1493482261356834
1493482262373508
1493482262589433
1493482262906783
1493482263122733
1493482263440083
1493482263657333
1493482263973557
1493482264189482
1493482264506857
1493482264723357
1493482265740582
1493482265956707
1493482265987657
1493482266273982
1493482266490106
1493482266520881
1493482266806981
1493482267024256
1493482267340306
1493482267556931
1493482268573456
1493482268790356
1493482268821206
1493482269107530
1493482269323980
1493482270341080
1493482270371980
1493482270557280
1493482270874580
1493482271090905
1493482272108154
1493482272324804
1493482272640879
1493482272857479
1493482273874204
1493482274091378
1493482274122303
1493482274407728
1493482274624403
1493482275642228
1493482275857828
1493482276175203
1493482276391603
1493482277408802
1493482277624927
1493482277942102
1493482278158252
1493482278475027
1493482278692227
1493482278723177
1493482279008326
1493482279224776
1493482280242376
1493482280458451
1493482280775626
1493482280991701
1493482281309026
1493482281525525
1493482282542425
1493482282759700
1493482283075875
1493482283291850
1493482283609200
1493482283826500
1493482284142524
1493482284358924
1493482285376199
1493482285592174
1493482285909499
1493482286126749
1493482286442873
1493482286473748
1493482286660148
1493482286976298
1493482287192423
1493482287509698
1493482287726198
1493482288742548
1493482288959997
1493482289276222
1493482289493497
1493482289809497
1493482290026547
1493482290343772
1493482290560222
1493482290876372
1493482291092872
1493482292110146
1493482292327371
1493482292643596
1493482292860421
1493482293176571
1493482293393396
1493482294410520
1493482294626920
1493482294944120
1493482295160695
1493482296177945
1493482296394019
1493482296711094
1493482296927544
1493482297944819
1493482298160944
1493482298478219
1493482298694244
1493482299711343
1493482299927868
1493482300244993
1493482300461518
1493482300777743
1493482300994068
1493482301024993
1493482302010917
1493482302228292
1493482302544417
1493482302762142
1493482303078317
1493482303294367
1493482303325317
1493482303611642
1493482303828891
1493482304144866
1493482304362466
1493482305379141
1493482305595116
1493482305626066
1493482305913541
1493482305944466
1493482306128491
1493482306445765
1493482306476715
1493482306662265
1493482306978940
1493482307195115
1493482307512240
1493482307728815
1493482308745240
1493482308962539
1493482309278764
1493482309495314
1493482310512439
1493482310728689
1493482311045864
1493482311262114
1493482311579238
1493482311795338
1493482312112613
1493482312328738
1493482312645963
1493482312862513
1493482313879137
1493482313910112
1493482314096412
1493482314412437
1493482314630162
1493482315646262
1493482315863562
1493482316179812
1493482316395861
1493482316713236
1493482316744211
1493482316929211
1493482316929236
1493482317246711
1493482317462836
1493482317780236
1493482317996711
1493482319013985
1493482319230110
1493482319546360
1493482319763710
1493482320080035
1493482320297285
1493482320613435
1493482320830010
1493482321847209
1493482322063434
1493482322380859
1493482322597309
1493482323614009
1493482323644859
1493482323831283
1493482324147433
1493482324178233
1493482324363983
1493482325381183
1493482325597333
1493482325914708
1493482326131208
1493482327147732
1493482327364507
1493482327680657
1493482327898382
1493482328915206
1493482329131306
1493482329448456
1493482329664606
1493482329981806
1493482330012606
1493482330198006
1493482330515256
1493482330546181
1493482330731506
1493482331048731
1493482331265180
1493482332281280
1493482332498655
1493482332814780
1493482333032080
1493482333348130
1493482333564805
1493482334582604
1493482334613454
1493482334798754
1493482334829729
1493482335115954
1493482335332454
1493482336348428
1493482336565203
1493482336882553
1493482337098653
1493482337415803
1493482337632453
1493482337949053
1493482338165803
1493482338482478
1493482338699052
1493482339715752
1493482339932427
1493482340249027
1493482340465752
1493482341483576
1493482341700126
1493482342016876
1493482342233026
1493482342550251
1493482342766876
1493482343783525
1493482343814450
1493482344000050
1493482344316800
1493482344347625
1493482344533450
1493482344850025
1493482345066700
1493482345383475
1493482345600175
1493482346616949
1493482346647824
1493482346833549
1493482346864499
1493482347150849
1493482347367324
1493482348383724
1493482348600974
1493482348917023
1493482349134298
1493482349450348
1493482349667723
1493482349984248
1493482350200948
1493482350517123
1493482350733898
1493482351750672
1493482351967072
1493482352284422
1493482352315297
1493482352500522
1493482352531447
1493482352817822
1493482353033922
1493482353351097
1493482353567172
1493482354584871
1493482354615746
1493482354800821
1493482355117646
1493482355334921
1493482355650946
1493482355868246
1493482355899121
1493482356184395
1493482356401545
1493482356717820
1493482356935395
1493482357951995
1493482358168270
1493482358484920
1493482358515845
1493482358701269
1493482358732194
1493482359718694
1493482359934844
1493482360251994
1493482360468094
1493482360785294
1493482360816219
1493482361001419
1493482361318693
1493482361534718
1493482361852068
1493482362068393
1493482363085418
1493482363302618
1493482363618617
1493482363835917
1493482364152967
1493482364368992
1493482364685392
1493482364902817
1493482365218967
1493482365435567
1493482366453341
1493482366669266
1493482366986416
1493482367017116
1493482367202516
1493482367233391
1493482367519716
1493482367735891
1493482368053116
1493482368269791
1493482369285915
1493482369503165
1493482369819515
1493482370036765
1493482370352840
1493482370383715
1493482370570015
1493482370600890
1493482370886790
1493482371103139
1493482372119464
1493482372336714
1493482372336739
1493482372652839
1493482372869814
1493482373187064
1493482373403339
1493482374420688
1493482374636838
1493482374667763
1493482374954013
1493482375170563
1493482376186737
1493482376403312
1493482376720562
1493482376936737
1493482376967612
1493482377253937
1493482377470137
1493482377787387
1493482378003537
1493482378320787
1493482378351612
1493482378537161
1493482379553761
1493482379771111
1493482380087261
1493482380303861
1493482380334761
1493482381320935
1493482381538235
1493482381854310
1493482382071635
1493482382387735
1493482382604985
1493482382921085
1493482382951835
1493482383137785
1493482384154359
1493482384371659
1493482384687734
1493482384718684
1493482384904759
1493482385222084
1493482385438184
1493482385755384
1493482385972009
1493482386988758
1493482387204733
1493482387522258
1493482387738358
1493482388055283
1493482388272583
1493482388588682
1493482388804757
1493482389122057
1493482389153007
1493482389338607
1493482390355832
1493482390355857
1493482390571957
1493482390889207
1493482391105281
1493482391422581
1493482391638756
1493482391956131
1493482392172206
1493482392489456
1493482392520406
1493482392706156
1493482393722155
1493482393939030
1493482394256280
1493482394472405
1493482394789655
1493482395006230
1493482395322505
1493482395540055
1493482396555779
1493482396773029
1493482397089229
1493482397306204
1493482397306229
1493482397337179
1493482397623529
1493482397839604
1493482398156754
1493482398373329
1493482399390503
1493482399606578
1493482399923653
1493482400139803
1493482400457053
1493482400673453
1493482400990777
1493482401206852
1493482401524027
1493482401524052
1493482401740577
1493482401771527
1493482402756602
1493482402973877
1493482403290077
1493482403507651
1493482404524151
1493482404740301
1493482405057426
1493482405274026
1493482406291175
1493482406322125
1493482406507225
1493482406824550
1493482407041000
1493482408057950
1493482408274175
1493482408590949
1493482408808099
1493482409124099
1493482409155024
1493482409341549
1493482410357674
1493482410574974
1493482410890824
1493482411108298
1493482411139248
1493482412124898
1493482412341223
1493482412658148
1493482412874598
1493482412905473
1493482413191648
1493482413407997
1493482414425172
1493482414641297
1493482414958422
1493482415175047
1493482416191496
1493482416408746
1493482416724871
1493482416755771
1493482416942496
1493482417958521
1493482418175671
1493482418492070
1493482418708695
1493482419025920
1493482419242395
1493482420259020
1493482420476370
1493482420507295
1493482420792695
1493482420823470
1493482421008744
1493482421039644
1493482421326044
1493482421542569
1493482422559119
1493482422776419
1493482423092669
1493482423309919
1493482423625918
1493482423656718
1493482423843568
1493482424159918
1493482424375993
1493482425393368
1493482425609468
1493482425926742
1493482426144092
1493482426460142
1493482426490992
1493482426676392
1493482427693042
1493482427910267
1493482428226992
1493482428443641
1493482429460141
1493482429677366
1493482429993516
1493482430209941
1493482431226615
1493482431443890
1493482431759965
1493482431977340
1493482432293465
1493482432324290
1493482432510765
1493482432826765
1493482433044265
1493482434060264
1493482434277364
1493482434594639
1493482434810789
1493482434841714
1493482435128189
1493482435344714
1493482436361313
1493482436392288
1493482436577313
1493482436894763
1493482437111713
1493482437427763
1493482437644488
1493482437962238
1493482438177738
1493482439194412
1493482439411462
1493482439728287
1493482439945237
1493482440961211
1493482441178161
1493482441494886
1493482441711486
1493482442028261
1493482442244661
1493482442561436
1493482442778136
1493482443094661
1493482443311385
1493482444328160
1493482444545960
1493482444862660
1493482445079460
1493482445395935
1493482445612560
1493482445929159
1493482446145959
1493482446462534
1493482446679334
1493482447695909
1493482447912459
1493482448229759
1493482448446183
1493482449462233
1493482449679458
1493482449996033
1493482450212558
1493482450243483
1493482451229807
1493482451446007
1493482451763282
1493482451763307
1493482451979582
1493482452296307
1493482452513507
1493482452829657
1493482453046157
1493482454063631
1493482454279756
1493482454597081
1493482454813281
1493482455130606
1493482455346706
1493482455663731
1493482455880205
1493482456896405
1493482457113955
1493482457430105
1493482457646530
1493482458663379
1493482458694304
1493482458880629
1493482459196704
1493482459414354
1493482460430504
1493482460647779
1493482460964303
1493482461180403
1493482461497728
1493482461713828
1493482462031153
1493482462247628
1493482463264877
1493482463480902
1493482463511827
1493482463798202
1493482464014552
1493482465031827
1493482465062727
1493482465247802
1493482465565027
1493482465781401
1493482466798576
1493482467014451
1493482467331626
1493482467548201
1493482468564725
1493482468781975
1493482468812875
1493482469097975
1493482469315200
1493482469631325
1493482469848575
1493482469879450
1493482470164625
1493482470382325
1493482471398699
1493482471429449
1493482471615924
1493482471932024
1493482472148699
1493482472465899
1493482472682074
1493482472999224
1493482473030124
1493482473215298
1493482473532473
1493482473749048
1493482473779998
1493482474766348
1493482474982473
1493482475299698
1493482475515248
1493482476532497
1493482476749722
1493482477066297
1493482477283072
1493482477314047
1493482477599172
1493482477816372
1493482478132572
1493482478350146
1493482479366371
1493482479583621
1493482479899696
1493482480116921
1493482480433096
1493482480650171
1493482480966220
1493482480997170
1493482481182795
1493482482199945
1493482482417270
1493482482733470
1493482482764395
1493482482949695
1493482524426128
1493482526874152
1493482526937077
1493482544366595
1493482544464820
1493482544509970
1493482544543445
1493482544592695
