794083157115 CHEETAH_SIGNAL SENT_AFTER_TIME 794083.124744
794086078114 CHEETAH_SIGNAL SENT_AFTER_TIME 794086.046398
794086135822 CHEETAH_SIGNAL SENT_AFTER_TIME 794086.103883
794086103600 DISPLAY_INSTRUCTIONS Stimuli/instructions_audio_sentences.png
794130343798 KEY_PRESS space
794130376958 CHEETAH_SIGNAL SENT_AFTER_TIME 794130.344125
794130481435 CHEETAH_SIGNAL SENT_AFTER_TIME 794130.448321
794130447887 DISPLAY_INSTRUCTIONS OFF
794130526522 CHEETAH_SIGNAL SENT_AFTER_TIME 794130.493523
794130559896 CHEETAH_SIGNAL SENT_AFTER_TIME 794130.526929
794130614317 CHEETAH_SIGNAL SENT_AFTER_TIME 794130.581182
794130580742 DISPLAY_FIXATION
 794133817448 AUDIO_PLAYBACK_ONSET 1.wav
794134692459 AUDIO_PLAYBACK_DONE 1.wav
794130340158 KEY_PRESS space
794130404165 KEY_PRESS space
794135692459 AUDIO_PLAYBACK_ONSET 2.wav
794137114327 AUDIO_PLAYBACK_DONE 2.wav
794138114327 AUDIO_PLAYBACK_ONSET 3.wav
794139606507 AUDIO_PLAYBACK_DONE 3.wav
794139492301 KEY_PRESS l
794140606507 AUDIO_PLAYBACK_ONSET 4.wav
794141663128 AUDIO_PLAYBACK_DONE 4.wav
794139668176 KEY_PRESS l
794142663128 AUDIO_PLAYBACK_ONSET 5.wav
794144126012 AUDIO_PLAYBACK_DONE 5.wav
794145126012 AUDIO_PLAYBACK_ONSET 6.wav
794146352569 AUDIO_PLAYBACK_DONE 6.wav
794147352569 AUDIO_PLAYBACK_ONSET 7.wav
794148446313 AUDIO_PLAYBACK_DONE 7.wav
794149446313 AUDIO_PLAYBACK_ONSET 8.wav
794150626001 AUDIO_PLAYBACK_DONE 8.wav
794151626001 AUDIO_PLAYBACK_ONSET 9.wav
794152875982 AUDIO_PLAYBACK_DONE 9.wav
794153875982 AUDIO_PLAYBACK_ONSET 10.wav
794155000974 AUDIO_PLAYBACK_DONE 10.wav
794156000974 AUDIO_PLAYBACK_ONSET 11.wav
794156954085 AUDIO_PLAYBACK_DONE 11.wav
794157954085 AUDIO_PLAYBACK_ONSET 12.wav
794159360325 AUDIO_PLAYBACK_DONE 12.wav
794160360325 AUDIO_PLAYBACK_ONSET 13.wav
794162204092 AUDIO_PLAYBACK_DONE 13.wav
794162052304 KEY_PRESS l
794163204092 AUDIO_PLAYBACK_ONSET 14.wav
794164547837 AUDIO_PLAYBACK_DONE 14.wav
794162236232 KEY_PRESS l
794165547837 AUDIO_PLAYBACK_ONSET 15.wav
794166610337 AUDIO_PLAYBACK_DONE 15.wav
794167610337 AUDIO_PLAYBACK_ONSET 16.wav
794169079068 AUDIO_PLAYBACK_DONE 16.wav
794170079068 AUDIO_PLAYBACK_ONSET 17.wav
794171079049 AUDIO_PLAYBACK_DONE 17.wav
794172079049 AUDIO_PLAYBACK_ONSET 18.wav
794173579053 AUDIO_PLAYBACK_DONE 18.wav
794174579053 AUDIO_PLAYBACK_ONSET 19.wav
794175610303 AUDIO_PLAYBACK_DONE 19.wav
794173788270 KEY_PRESS l
794174020393 KEY_PRESS l
794176610303 AUDIO_PLAYBACK_ONSET 20.wav
794177829039 AUDIO_PLAYBACK_DONE 20.wav
794178829039 AUDIO_PLAYBACK_ONSET 21.wav
794179797769 AUDIO_PLAYBACK_DONE 21.wav
794180797769 AUDIO_PLAYBACK_ONSET 22.wav
794181954031 AUDIO_PLAYBACK_DONE 22.wav
794182954031 AUDIO_PLAYBACK_ONSET 23.wav
794184454010 AUDIO_PLAYBACK_DONE 23.wav
794185454010 AUDIO_PLAYBACK_ONSET 24.wav
794187047757 AUDIO_PLAYBACK_DONE 24.wav
794186580293 KEY_PRESS l
794186772289 KEY_PRESS l
794188047757 AUDIO_PLAYBACK_ONSET 25.wav
794189547739 AUDIO_PLAYBACK_DONE 25.wav
794190547739 AUDIO_PLAYBACK_ONSET 26.wav
794191907109 AUDIO_PLAYBACK_DONE 26.wav
794192907109 AUDIO_PLAYBACK_ONSET 27.wav
794194594597 AUDIO_PLAYBACK_DONE 27.wav
794195594597 AUDIO_PLAYBACK_ONSET 28.wav
794197094600 AUDIO_PLAYBACK_DONE 28.wav
794198094600 AUDIO_PLAYBACK_ONSET 29.wav
794199594579 AUDIO_PLAYBACK_DONE 29.wav
794200594579 AUDIO_PLAYBACK_ONSET 30.wav
794202094561 AUDIO_PLAYBACK_DONE 30.wav
794203094561 AUDIO_PLAYBACK_ONSET 31.wav
794204344539 AUDIO_PLAYBACK_DONE 31.wav
794205344539 AUDIO_PLAYBACK_ONSET 32.wav
794206578897 AUDIO_PLAYBACK_DONE 32.wav
794207578897 AUDIO_PLAYBACK_ONSET 33.wav
794208719512 AUDIO_PLAYBACK_DONE 33.wav
794209719512 AUDIO_PLAYBACK_ONSET 34.wav
794211094503 AUDIO_PLAYBACK_DONE 34.wav
794212094503 AUDIO_PLAYBACK_ONSET 35.wav
794213657003 AUDIO_PLAYBACK_DONE 35.wav
794214657003 AUDIO_PLAYBACK_ONSET 36.wav
794215907003 AUDIO_PLAYBACK_DONE 36.wav
794216907003 AUDIO_PLAYBACK_ONSET 37.wav
794218000747 AUDIO_PLAYBACK_DONE 37.wav
794219000747 AUDIO_PLAYBACK_ONSET 38.wav
794220282016 AUDIO_PLAYBACK_DONE 38.wav
794221282016 AUDIO_PLAYBACK_ONSET 39.wav
794223157009 AUDIO_PLAYBACK_DONE 39.wav
794224157009 AUDIO_PLAYBACK_ONSET 40.wav
794225594497 AUDIO_PLAYBACK_DONE 40.wav
794226594497 AUDIO_PLAYBACK_ONSET 41.wav
794227821051 AUDIO_PLAYBACK_DONE 41.wav
794228821051 AUDIO_PLAYBACK_ONSET 42.wav
794229977290 AUDIO_PLAYBACK_DONE 42.wav
794230977290 AUDIO_PLAYBACK_ONSET 43.wav
794232227292 AUDIO_PLAYBACK_DONE 43.wav
794233227292 AUDIO_PLAYBACK_ONSET 44.wav
794234414777 AUDIO_PLAYBACK_DONE 44.wav
794235414777 AUDIO_PLAYBACK_ONSET 45.wav
794236508543 AUDIO_PLAYBACK_DONE 45.wav
794237508543 AUDIO_PLAYBACK_ONSET 46.wav
794238571060 AUDIO_PLAYBACK_DONE 46.wav
794239571060 AUDIO_PLAYBACK_ONSET 47.wav
794240805417 AUDIO_PLAYBACK_DONE 47.wav
794241805417 AUDIO_PLAYBACK_ONSET 48.wav
794242977279 AUDIO_PLAYBACK_DONE 48.wav
794243977279 AUDIO_PLAYBACK_ONSET 49.wav
794245242928 AUDIO_PLAYBACK_DONE 49.wav
794246242928 AUDIO_PLAYBACK_ONSET 50.wav
794247344474 AUDIO_PLAYBACK_DONE 50.wav
794245684298 KEY_PRESS l
794245884284 KEY_PRESS l
794248344474 AUDIO_PLAYBACK_ONSET 51.wav
794249688220 AUDIO_PLAYBACK_DONE 51.wav
794250688220 AUDIO_PLAYBACK_ONSET 52.wav
794251938223 AUDIO_PLAYBACK_DONE 52.wav
794252938223 AUDIO_PLAYBACK_ONSET 53.wav
794254438201 AUDIO_PLAYBACK_DONE 53.wav
794255438201 AUDIO_PLAYBACK_ONSET 54.wav
794256688182 AUDIO_PLAYBACK_DONE 54.wav
794257688182 AUDIO_PLAYBACK_ONSET 55.wav
794258875688 AUDIO_PLAYBACK_DONE 55.wav
794259875688 AUDIO_PLAYBACK_ONSET 56.wav
794261656941 AUDIO_PLAYBACK_DONE 56.wav
794262656941 AUDIO_PLAYBACK_ONSET 57.wav
794263891298 AUDIO_PLAYBACK_DONE 57.wav
794264891298 AUDIO_PLAYBACK_ONSET 58.wav
794266117854 AUDIO_PLAYBACK_DONE 58.wav
794264052300 KEY_PRESS l
794264252288 KEY_PRESS l
794267117854 AUDIO_PLAYBACK_ONSET 59.wav
794268422550 AUDIO_PLAYBACK_DONE 59.wav
794269422550 AUDIO_PLAYBACK_ONSET 60.wav
794271203801 AUDIO_PLAYBACK_DONE 60.wav
794272203801 AUDIO_PLAYBACK_ONSET 61.wav
794273703781 AUDIO_PLAYBACK_DONE 61.wav
794274703781 AUDIO_PLAYBACK_ONSET 62.wav
794276172516 AUDIO_PLAYBACK_DONE 62.wav
794277172516 AUDIO_PLAYBACK_ONSET 63.wav
794278336575 AUDIO_PLAYBACK_DONE 63.wav
794279336575 AUDIO_PLAYBACK_ONSET 64.wav
794280320953 AUDIO_PLAYBACK_DONE 64.wav
794281320953 AUDIO_PLAYBACK_ONSET 65.wav
794282695943 AUDIO_PLAYBACK_DONE 65.wav
794283695943 AUDIO_PLAYBACK_ONSET 66.wav
794284906877 AUDIO_PLAYBACK_DONE 66.wav
794285906877 AUDIO_PLAYBACK_ONSET 67.wav
794286828739 AUDIO_PLAYBACK_DONE 67.wav
794287828739 AUDIO_PLAYBACK_ONSET 68.wav
794288805295 AUDIO_PLAYBACK_DONE 68.wav
794289805295 AUDIO_PLAYBACK_ONSET 69.wav
794291102167 AUDIO_PLAYBACK_DONE 69.wav
794292102167 AUDIO_PLAYBACK_ONSET 70.wav
794293633416 AUDIO_PLAYBACK_DONE 70.wav
794294633416 AUDIO_PLAYBACK_ONSET 71.wav
794295633396 AUDIO_PLAYBACK_DONE 71.wav
794296633396 AUDIO_PLAYBACK_ONSET 72.wav
794298117750 AUDIO_PLAYBACK_DONE 72.wav
794299117750 AUDIO_PLAYBACK_ONSET 73.wav
794300508367 AUDIO_PLAYBACK_DONE 73.wav
794301508367 AUDIO_PLAYBACK_ONSET 74.wav
794302695850 AUDIO_PLAYBACK_DONE 74.wav
794303695850 AUDIO_PLAYBACK_ONSET 75.wav
794304695830 AUDIO_PLAYBACK_DONE 75.wav
794303132300 KEY_PRESS l
794303332285 KEY_PRESS l
794305695830 AUDIO_PLAYBACK_ONSET 76.wav
794307008349 AUDIO_PLAYBACK_DONE 76.wav
794308008349 AUDIO_PLAYBACK_ONSET 77.wav
794309055221 AUDIO_PLAYBACK_DONE 77.wav
794310055221 AUDIO_PLAYBACK_ONSET 78.wav
794311477085 AUDIO_PLAYBACK_DONE 78.wav
794312477085 AUDIO_PLAYBACK_ONSET 79.wav
794313789582 AUDIO_PLAYBACK_DONE 79.wav
794314789582 AUDIO_PLAYBACK_ONSET 80.wav
794316008315 AUDIO_PLAYBACK_DONE 80.wav
794317008315 AUDIO_PLAYBACK_ONSET 81.wav
794318195798 AUDIO_PLAYBACK_DONE 81.wav
794319195798 AUDIO_PLAYBACK_ONSET 82.wav
794320477049 AUDIO_PLAYBACK_DONE 82.wav
794321477049 AUDIO_PLAYBACK_ONSET 83.wav
794323164535 AUDIO_PLAYBACK_DONE 83.wav
794324164535 AUDIO_PLAYBACK_ONSET 84.wav
794325414515 AUDIO_PLAYBACK_DONE 84.wav
794326414515 AUDIO_PLAYBACK_ONSET 85.wav
794327758261 AUDIO_PLAYBACK_DONE 85.wav
794328758261 AUDIO_PLAYBACK_ONSET 86.wav
794330070756 AUDIO_PLAYBACK_DONE 86.wav
794331070756 AUDIO_PLAYBACK_ONSET 87.wav
794332180124 AUDIO_PLAYBACK_DONE 87.wav
794333180124 AUDIO_PLAYBACK_ONSET 88.wav
794334398858 AUDIO_PLAYBACK_DONE 88.wav
794335398858 AUDIO_PLAYBACK_ONSET 89.wav
794336328541 AUDIO_PLAYBACK_DONE 89.wav
794337328541 AUDIO_PLAYBACK_ONSET 90.wav
794338719178 AUDIO_PLAYBACK_DONE 90.wav
794339719178 AUDIO_PLAYBACK_ONSET 91.wav
794340625417 AUDIO_PLAYBACK_DONE 91.wav
794341625417 AUDIO_PLAYBACK_ONSET 92.wav
794342875418 AUDIO_PLAYBACK_DONE 92.wav
794343875418 AUDIO_PLAYBACK_ONSET 93.wav
794345391043 AUDIO_PLAYBACK_DONE 93.wav
794346391043 AUDIO_PLAYBACK_ONSET 94.wav
794347609776 AUDIO_PLAYBACK_DONE 94.wav
794348609776 AUDIO_PLAYBACK_ONSET 95.wav
794349883225 AUDIO_PLAYBACK_DONE 95.wav
794350883225 AUDIO_PLAYBACK_ONSET 96.wav
794352234769 AUDIO_PLAYBACK_DONE 96.wav
794353234769 AUDIO_PLAYBACK_ONSET 97.wav
794354887129 AUDIO_PLAYBACK_DONE 97.wav
794355887129 AUDIO_PLAYBACK_ONSET 98.wav
794357234793 AUDIO_PLAYBACK_DONE 98.wav
794358234793 AUDIO_PLAYBACK_ONSET 99.wav
794359328538 AUDIO_PLAYBACK_DONE 99.wav
794360328538 AUDIO_PLAYBACK_ONSET 100.wav
794361203528 AUDIO_PLAYBACK_DONE 100.wav
794362203528 AUDIO_PLAYBACK_ONSET 101.wav
794363437884 AUDIO_PLAYBACK_DONE 101.wav
794364437884 AUDIO_PLAYBACK_ONSET 102.wav
794366031631 AUDIO_PLAYBACK_DONE 102.wav
794367031631 AUDIO_PLAYBACK_ONSET 103.wav
794368422244 AUDIO_PLAYBACK_DONE 103.wav
794369422244 AUDIO_PLAYBACK_ONSET 104.wav
794371047236 AUDIO_PLAYBACK_DONE 104.wav
794372047236 AUDIO_PLAYBACK_ONSET 105.wav
794373262069 AUDIO_PLAYBACK_DONE 105.wav
794374262069 AUDIO_PLAYBACK_ONSET 106.wav
794375480800 AUDIO_PLAYBACK_DONE 106.wav
794376480800 AUDIO_PLAYBACK_ONSET 107.wav
794377644880 AUDIO_PLAYBACK_DONE 107.wav
794378644880 AUDIO_PLAYBACK_ONSET 108.wav
794380129237 AUDIO_PLAYBACK_DONE 108.wav
794381129237 AUDIO_PLAYBACK_ONSET 109.wav
794382574566 AUDIO_PLAYBACK_DONE 109.wav
794383574566 AUDIO_PLAYBACK_ONSET 110.wav
794385105839 AUDIO_PLAYBACK_DONE 110.wav
794386105839 AUDIO_PLAYBACK_ONSET 111.wav
794387387087 AUDIO_PLAYBACK_DONE 111.wav
794388387087 AUDIO_PLAYBACK_ONSET 112.wav
794389324574 AUDIO_PLAYBACK_DONE 112.wav
794390324574 AUDIO_PLAYBACK_ONSET 113.wav
794391543305 AUDIO_PLAYBACK_DONE 113.wav
794392543305 AUDIO_PLAYBACK_ONSET 114.wav
794393777660 AUDIO_PLAYBACK_DONE 114.wav
794394777660 AUDIO_PLAYBACK_ONSET 115.wav
794396574553 AUDIO_PLAYBACK_DONE 115.wav
794397574553 AUDIO_PLAYBACK_ONSET 116.wav
794398637051 AUDIO_PLAYBACK_DONE 116.wav
794399637051 AUDIO_PLAYBACK_ONSET 117.wav
794401012042 AUDIO_PLAYBACK_DONE 117.wav
794402012042 AUDIO_PLAYBACK_ONSET 118.wav
794403512022 AUDIO_PLAYBACK_DONE 118.wav
794404512022 AUDIO_PLAYBACK_ONSET 119.wav
794405668281 AUDIO_PLAYBACK_DONE 119.wav
794406668281 AUDIO_PLAYBACK_ONSET 120.wav
794407965153 AUDIO_PLAYBACK_DONE 120.wav
794408965153 AUDIO_PLAYBACK_ONSET 121.wav
794410402638 AUDIO_PLAYBACK_DONE 121.wav
794411402638 AUDIO_PLAYBACK_ONSET 122.wav
794412590144 AUDIO_PLAYBACK_DONE 122.wav
794413590144 AUDIO_PLAYBACK_ONSET 123.wav
794414887014 AUDIO_PLAYBACK_DONE 123.wav
794415887014 AUDIO_PLAYBACK_ONSET 124.wav
794416871371 AUDIO_PLAYBACK_DONE 124.wav
794417871371 AUDIO_PLAYBACK_ONSET 125.wav
794418996362 AUDIO_PLAYBACK_DONE 125.wav
794419996362 AUDIO_PLAYBACK_ONSET 126.wav
794421386998 AUDIO_PLAYBACK_DONE 126.wav
794422386998 AUDIO_PLAYBACK_ONSET 127.wav
794423566681 AUDIO_PLAYBACK_DONE 127.wav
794424566681 AUDIO_PLAYBACK_ONSET 128.wav
794425879178 AUDIO_PLAYBACK_DONE 128.wav
794426879178 AUDIO_PLAYBACK_ONSET 129.wav
794428004170 AUDIO_PLAYBACK_DONE 129.wav
794429004170 AUDIO_PLAYBACK_ONSET 130.wav
794430316664 AUDIO_PLAYBACK_DONE 130.wav
794431316664 AUDIO_PLAYBACK_ONSET 131.wav
794432191655 AUDIO_PLAYBACK_DONE 131.wav
794433191655 AUDIO_PLAYBACK_ONSET 132.wav
794434804942 AUDIO_PLAYBACK_DONE 132.wav
794435804942 AUDIO_PLAYBACK_ONSET 133.wav
794437133063 AUDIO_PLAYBACK_DONE 133.wav
794438133063 AUDIO_PLAYBACK_ONSET 134.wav
794438922134 AUDIO_PLAYBACK_DONE 134.wav
794439922134 AUDIO_PLAYBACK_ONSET 135.wav
794440972928 AUDIO_PLAYBACK_DONE 135.wav
794441972928 AUDIO_PLAYBACK_ONSET 136.wav
794443590094 AUDIO_PLAYBACK_DONE 136.wav
794444590094 AUDIO_PLAYBACK_ONSET 137.wav
794446011955 AUDIO_PLAYBACK_DONE 137.wav
794447011955 AUDIO_PLAYBACK_ONSET 138.wav
794448215065 AUDIO_PLAYBACK_DONE 138.wav
794449215065 AUDIO_PLAYBACK_ONSET 139.wav
794450394747 AUDIO_PLAYBACK_DONE 139.wav
794451394747 AUDIO_PLAYBACK_ONSET 140.wav
794452675995 AUDIO_PLAYBACK_DONE 140.wav
794453675995 AUDIO_PLAYBACK_ONSET 141.wav
794454746291 AUDIO_PLAYBACK_DONE 141.wav
794455746291 AUDIO_PLAYBACK_ONSET 142.wav
794457191621 AUDIO_PLAYBACK_DONE 142.wav
794458191621 AUDIO_PLAYBACK_ONSET 143.wav
794459308811 AUDIO_PLAYBACK_DONE 143.wav
794460308811 AUDIO_PLAYBACK_ONSET 144.wav
794461621306 AUDIO_PLAYBACK_DONE 144.wav
794462621306 AUDIO_PLAYBACK_ONSET 145.wav
794464011922 AUDIO_PLAYBACK_DONE 145.wav
794465011922 AUDIO_PLAYBACK_ONSET 146.wav
794466386910 AUDIO_PLAYBACK_DONE 146.wav
794467386910 AUDIO_PLAYBACK_ONSET 147.wav
794468738454 AUDIO_PLAYBACK_DONE 147.wav
794469738454 AUDIO_PLAYBACK_ONSET 148.wav
794471004082 AUDIO_PLAYBACK_DONE 148.wav
794472004082 AUDIO_PLAYBACK_ONSET 149.wav
794473160319 AUDIO_PLAYBACK_DONE 149.wav
794474160319 AUDIO_PLAYBACK_ONSET 150.wav
794475410321 AUDIO_PLAYBACK_DONE 150.wav
794476410321 AUDIO_PLAYBACK_ONSET 151.wav
794477441569 AUDIO_PLAYBACK_DONE 151.wav
794478441569 AUDIO_PLAYBACK_ONSET 152.wav
794479504087 AUDIO_PLAYBACK_DONE 152.wav
