1493480735787253 CHEETAH_SIGNAL SENT_AFTER_TIME 794083.124744
1493480738708252 CHEETAH_SIGNAL SENT_AFTER_TIME 794086.046398
1493480738765960 CHEETAH_SIGNAL SENT_AFTER_TIME 794086.103883
1493480738733738 DISPLAY_INSTRUCTIONS Stimuli/instructions_audio_sentences.png
1493480782973936 KEY_PRESS space
1493480783007096 CHEETAH_SIGNAL SENT_AFTER_TIME 794130.344125
1493480783111573 CHEETAH_SIGNAL SENT_AFTER_TIME 794130.448321
1493480783078025 DISPLAY_INSTRUCTIONS OFF
1493480783156660 CHEETAH_SIGNAL SENT_AFTER_TIME 794130.493523
1493480783190034 CHEETAH_SIGNAL SENT_AFTER_TIME 794130.526929
1493480783244455 CHEETAH_SIGNAL SENT_AFTER_TIME 794130.581182
1493480783210880 DISPLAY_FIXATION
1493480786447586 AUDIO_PLAYBACK_ONSET 1.wav
1493480787322597 AUDIO_PLAYBACK_DONE 1.wav
1493480782970296 KEY_PRESS space
1493480783034303 KEY_PRESS space
1493480788322597 AUDIO_PLAYBACK_ONSET 2.wav
1493480789744465 AUDIO_PLAYBACK_DONE 2.wav
1493480790744465 AUDIO_PLAYBACK_ONSET 3.wav
1493480792236645 AUDIO_PLAYBACK_DONE 3.wav
1493480792122439 KEY_PRESS l
1493480793236645 AUDIO_PLAYBACK_ONSET 4.wav
1493480794293266 AUDIO_PLAYBACK_DONE 4.wav
1493480792298314 KEY_PRESS l
1493480795293266 AUDIO_PLAYBACK_ONSET 5.wav
1493480796756150 AUDIO_PLAYBACK_DONE 5.wav
1493480797756150 AUDIO_PLAYBACK_ONSET 6.wav
1493480798982707 AUDIO_PLAYBACK_DONE 6.wav
1493480799982707 AUDIO_PLAYBACK_ONSET 7.wav
1493480801076451 AUDIO_PLAYBACK_DONE 7.wav
1493480802076451 AUDIO_PLAYBACK_ONSET 8.wav
1493480803256139 AUDIO_PLAYBACK_DONE 8.wav
1493480804256139 AUDIO_PLAYBACK_ONSET 9.wav
1493480805506120 AUDIO_PLAYBACK_DONE 9.wav
1493480806506120 AUDIO_PLAYBACK_ONSET 10.wav
1493480807631112 AUDIO_PLAYBACK_DONE 10.wav
1493480808631112 AUDIO_PLAYBACK_ONSET 11.wav
1493480809584223 AUDIO_PLAYBACK_DONE 11.wav
1493480810584223 AUDIO_PLAYBACK_ONSET 12.wav
1493480811990463 AUDIO_PLAYBACK_DONE 12.wav
1493480812990463 AUDIO_PLAYBACK_ONSET 13.wav
1493480814834230 AUDIO_PLAYBACK_DONE 13.wav
1493480814682442 KEY_PRESS l
1493480815834230 AUDIO_PLAYBACK_ONSET 14.wav
1493480817177975 AUDIO_PLAYBACK_DONE 14.wav
1493480814866370 KEY_PRESS l
1493480818177975 AUDIO_PLAYBACK_ONSET 15.wav
1493480819240475 AUDIO_PLAYBACK_DONE 15.wav
1493480820240475 AUDIO_PLAYBACK_ONSET 16.wav
1493480821709206 AUDIO_PLAYBACK_DONE 16.wav
1493480822709206 AUDIO_PLAYBACK_ONSET 17.wav
1493480823709187 AUDIO_PLAYBACK_DONE 17.wav
1493480824709187 AUDIO_PLAYBACK_ONSET 18.wav
1493480826209191 AUDIO_PLAYBACK_DONE 18.wav
1493480827209191 AUDIO_PLAYBACK_ONSET 19.wav
1493480828240441 AUDIO_PLAYBACK_DONE 19.wav
1493480826418408 KEY_PRESS l
1493480826650531 KEY_PRESS l
1493480829240441 AUDIO_PLAYBACK_ONSET 20.wav
1493480830459177 AUDIO_PLAYBACK_DONE 20.wav
1493480831459177 AUDIO_PLAYBACK_ONSET 21.wav
1493480832427907 AUDIO_PLAYBACK_DONE 21.wav
1493480833427907 AUDIO_PLAYBACK_ONSET 22.wav
1493480834584169 AUDIO_PLAYBACK_DONE 22.wav
1493480835584169 AUDIO_PLAYBACK_ONSET 23.wav
1493480837084148 AUDIO_PLAYBACK_DONE 23.wav
1493480838084148 AUDIO_PLAYBACK_ONSET 24.wav
1493480839677895 AUDIO_PLAYBACK_DONE 24.wav
1493480839210431 KEY_PRESS l
1493480839402427 KEY_PRESS l
1493480840677895 AUDIO_PLAYBACK_ONSET 25.wav
1493480842177877 AUDIO_PLAYBACK_DONE 25.wav
1493480843177877 AUDIO_PLAYBACK_ONSET 26.wav
1493480844537247 AUDIO_PLAYBACK_DONE 26.wav
1493480845537247 AUDIO_PLAYBACK_ONSET 27.wav
1493480847224735 AUDIO_PLAYBACK_DONE 27.wav
1493480848224735 AUDIO_PLAYBACK_ONSET 28.wav
1493480849724738 AUDIO_PLAYBACK_DONE 28.wav
1493480850724738 AUDIO_PLAYBACK_ONSET 29.wav
1493480852224717 AUDIO_PLAYBACK_DONE 29.wav
1493480853224717 AUDIO_PLAYBACK_ONSET 30.wav
1493480854724699 AUDIO_PLAYBACK_DONE 30.wav
1493480855724699 AUDIO_PLAYBACK_ONSET 31.wav
1493480856974677 AUDIO_PLAYBACK_DONE 31.wav
1493480857974677 AUDIO_PLAYBACK_ONSET 32.wav
1493480859209035 AUDIO_PLAYBACK_DONE 32.wav
1493480860209035 AUDIO_PLAYBACK_ONSET 33.wav
1493480861349650 AUDIO_PLAYBACK_DONE 33.wav
1493480862349650 AUDIO_PLAYBACK_ONSET 34.wav
1493480863724641 AUDIO_PLAYBACK_DONE 34.wav
1493480864724641 AUDIO_PLAYBACK_ONSET 35.wav
1493480866287141 AUDIO_PLAYBACK_DONE 35.wav
1493480867287141 AUDIO_PLAYBACK_ONSET 36.wav
1493480868537141 AUDIO_PLAYBACK_DONE 36.wav
1493480869537141 AUDIO_PLAYBACK_ONSET 37.wav
1493480870630885 AUDIO_PLAYBACK_DONE 37.wav
1493480871630885 AUDIO_PLAYBACK_ONSET 38.wav
1493480872912154 AUDIO_PLAYBACK_DONE 38.wav
1493480873912154 AUDIO_PLAYBACK_ONSET 39.wav
1493480875787147 AUDIO_PLAYBACK_DONE 39.wav
1493480876787147 AUDIO_PLAYBACK_ONSET 40.wav
1493480878224635 AUDIO_PLAYBACK_DONE 40.wav
1493480879224635 AUDIO_PLAYBACK_ONSET 41.wav
1493480880451189 AUDIO_PLAYBACK_DONE 41.wav
1493480881451189 AUDIO_PLAYBACK_ONSET 42.wav
1493480882607428 AUDIO_PLAYBACK_DONE 42.wav
1493480883607428 AUDIO_PLAYBACK_ONSET 43.wav
1493480884857430 AUDIO_PLAYBACK_DONE 43.wav
1493480885857430 AUDIO_PLAYBACK_ONSET 44.wav
1493480887044915 AUDIO_PLAYBACK_DONE 44.wav
1493480888044915 AUDIO_PLAYBACK_ONSET 45.wav
1493480889138681 AUDIO_PLAYBACK_DONE 45.wav
1493480890138681 AUDIO_PLAYBACK_ONSET 46.wav
1493480891201198 AUDIO_PLAYBACK_DONE 46.wav
1493480892201198 AUDIO_PLAYBACK_ONSET 47.wav
1493480893435555 AUDIO_PLAYBACK_DONE 47.wav
1493480894435555 AUDIO_PLAYBACK_ONSET 48.wav
1493480895607417 AUDIO_PLAYBACK_DONE 48.wav
1493480896607417 AUDIO_PLAYBACK_ONSET 49.wav
1493480897873066 AUDIO_PLAYBACK_DONE 49.wav
1493480898873066 AUDIO_PLAYBACK_ONSET 50.wav
1493480899974612 AUDIO_PLAYBACK_DONE 50.wav
1493480898314436 KEY_PRESS l
1493480898514422 KEY_PRESS l
1493480900974612 AUDIO_PLAYBACK_ONSET 51.wav
1493480902318358 AUDIO_PLAYBACK_DONE 51.wav
1493480903318358 AUDIO_PLAYBACK_ONSET 52.wav
1493480904568361 AUDIO_PLAYBACK_DONE 52.wav
1493480905568361 AUDIO_PLAYBACK_ONSET 53.wav
1493480907068339 AUDIO_PLAYBACK_DONE 53.wav
1493480908068339 AUDIO_PLAYBACK_ONSET 54.wav
1493480909318320 AUDIO_PLAYBACK_DONE 54.wav
1493480910318320 AUDIO_PLAYBACK_ONSET 55.wav
1493480911505826 AUDIO_PLAYBACK_DONE 55.wav
1493480912505826 AUDIO_PLAYBACK_ONSET 56.wav
1493480914287079 AUDIO_PLAYBACK_DONE 56.wav
1493480915287079 AUDIO_PLAYBACK_ONSET 57.wav
1493480916521436 AUDIO_PLAYBACK_DONE 57.wav
1493480917521436 AUDIO_PLAYBACK_ONSET 58.wav
1493480918747992 AUDIO_PLAYBACK_DONE 58.wav
1493480916682438 KEY_PRESS l
1493480916882426 KEY_PRESS l
1493480919747992 AUDIO_PLAYBACK_ONSET 59.wav
1493480921052688 AUDIO_PLAYBACK_DONE 59.wav
1493480922052688 AUDIO_PLAYBACK_ONSET 60.wav
1493480923833939 AUDIO_PLAYBACK_DONE 60.wav
1493480924833939 AUDIO_PLAYBACK_ONSET 61.wav
1493480926333919 AUDIO_PLAYBACK_DONE 61.wav
1493480927333919 AUDIO_PLAYBACK_ONSET 62.wav
1493480928802654 AUDIO_PLAYBACK_DONE 62.wav
1493480929802654 AUDIO_PLAYBACK_ONSET 63.wav
1493480930966713 AUDIO_PLAYBACK_DONE 63.wav
1493480931966713 AUDIO_PLAYBACK_ONSET 64.wav
1493480932951091 AUDIO_PLAYBACK_DONE 64.wav
1493480933951091 AUDIO_PLAYBACK_ONSET 65.wav
1493480935326081 AUDIO_PLAYBACK_DONE 65.wav
1493480936326081 AUDIO_PLAYBACK_ONSET 66.wav
1493480937537015 AUDIO_PLAYBACK_DONE 66.wav
1493480938537015 AUDIO_PLAYBACK_ONSET 67.wav
1493480939458877 AUDIO_PLAYBACK_DONE 67.wav
1493480940458877 AUDIO_PLAYBACK_ONSET 68.wav
1493480941435433 AUDIO_PLAYBACK_DONE 68.wav
1493480942435433 AUDIO_PLAYBACK_ONSET 69.wav
1493480943732305 AUDIO_PLAYBACK_DONE 69.wav
1493480944732305 AUDIO_PLAYBACK_ONSET 70.wav
1493480946263554 AUDIO_PLAYBACK_DONE 70.wav
1493480947263554 AUDIO_PLAYBACK_ONSET 71.wav
1493480948263534 AUDIO_PLAYBACK_DONE 71.wav
1493480949263534 AUDIO_PLAYBACK_ONSET 72.wav
1493480950747888 AUDIO_PLAYBACK_DONE 72.wav
1493480951747888 AUDIO_PLAYBACK_ONSET 73.wav
1493480953138505 AUDIO_PLAYBACK_DONE 73.wav
1493480954138505 AUDIO_PLAYBACK_ONSET 74.wav
1493480955325988 AUDIO_PLAYBACK_DONE 74.wav
1493480956325988 AUDIO_PLAYBACK_ONSET 75.wav
1493480957325968 AUDIO_PLAYBACK_DONE 75.wav
1493480955762438 KEY_PRESS l
1493480955962423 KEY_PRESS l
1493480958325968 AUDIO_PLAYBACK_ONSET 76.wav
1493480959638487 AUDIO_PLAYBACK_DONE 76.wav
1493480960638487 AUDIO_PLAYBACK_ONSET 77.wav
1493480961685359 AUDIO_PLAYBACK_DONE 77.wav
1493480962685359 AUDIO_PLAYBACK_ONSET 78.wav
1493480964107223 AUDIO_PLAYBACK_DONE 78.wav
1493480965107223 AUDIO_PLAYBACK_ONSET 79.wav
1493480966419720 AUDIO_PLAYBACK_DONE 79.wav
1493480967419720 AUDIO_PLAYBACK_ONSET 80.wav
1493480968638453 AUDIO_PLAYBACK_DONE 80.wav
1493480969638453 AUDIO_PLAYBACK_ONSET 81.wav
1493480970825936 AUDIO_PLAYBACK_DONE 81.wav
1493480971825936 AUDIO_PLAYBACK_ONSET 82.wav
1493480973107187 AUDIO_PLAYBACK_DONE 82.wav
1493480974107187 AUDIO_PLAYBACK_ONSET 83.wav
1493480975794673 AUDIO_PLAYBACK_DONE 83.wav
1493480976794673 AUDIO_PLAYBACK_ONSET 84.wav
1493480978044653 AUDIO_PLAYBACK_DONE 84.wav
1493480979044653 AUDIO_PLAYBACK_ONSET 85.wav
1493480980388399 AUDIO_PLAYBACK_DONE 85.wav
1493480981388399 AUDIO_PLAYBACK_ONSET 86.wav
1493480982700894 AUDIO_PLAYBACK_DONE 86.wav
1493480983700894 AUDIO_PLAYBACK_ONSET 87.wav
1493480984810262 AUDIO_PLAYBACK_DONE 87.wav
1493480985810262 AUDIO_PLAYBACK_ONSET 88.wav
1493480987028996 AUDIO_PLAYBACK_DONE 88.wav
1493480988028996 AUDIO_PLAYBACK_ONSET 89.wav
1493480988958679 AUDIO_PLAYBACK_DONE 89.wav
1493480989958679 AUDIO_PLAYBACK_ONSET 90.wav
1493480991349316 AUDIO_PLAYBACK_DONE 90.wav
1493480992349316 AUDIO_PLAYBACK_ONSET 91.wav
1493480993255555 AUDIO_PLAYBACK_DONE 91.wav
1493480994255555 AUDIO_PLAYBACK_ONSET 92.wav
1493480995505556 AUDIO_PLAYBACK_DONE 92.wav
1493480996505556 AUDIO_PLAYBACK_ONSET 93.wav
1493480998021181 AUDIO_PLAYBACK_DONE 93.wav
1493480999021181 AUDIO_PLAYBACK_ONSET 94.wav
1493481000239914 AUDIO_PLAYBACK_DONE 94.wav
1493481001239914 AUDIO_PLAYBACK_ONSET 95.wav
1493481002513363 AUDIO_PLAYBACK_DONE 95.wav
1493481003513363 AUDIO_PLAYBACK_ONSET 96.wav
1493481004864907 AUDIO_PLAYBACK_DONE 96.wav
1493481005864907 AUDIO_PLAYBACK_ONSET 97.wav
1493481007517267 AUDIO_PLAYBACK_DONE 97.wav
1493481008517267 AUDIO_PLAYBACK_ONSET 98.wav
1493481009864931 AUDIO_PLAYBACK_DONE 98.wav
1493481010864931 AUDIO_PLAYBACK_ONSET 99.wav
1493481011958676 AUDIO_PLAYBACK_DONE 99.wav
1493481012958676 AUDIO_PLAYBACK_ONSET 100.wav
1493481013833666 AUDIO_PLAYBACK_DONE 100.wav
1493481014833666 AUDIO_PLAYBACK_ONSET 101.wav
1493481016068022 AUDIO_PLAYBACK_DONE 101.wav
1493481017068022 AUDIO_PLAYBACK_ONSET 102.wav
1493481018661769 AUDIO_PLAYBACK_DONE 102.wav
1493481019661769 AUDIO_PLAYBACK_ONSET 103.wav
1493481021052382 AUDIO_PLAYBACK_DONE 103.wav
1493481022052382 AUDIO_PLAYBACK_ONSET 104.wav
1493481023677374 AUDIO_PLAYBACK_DONE 104.wav
1493481024677374 AUDIO_PLAYBACK_ONSET 105.wav
1493481025892207 AUDIO_PLAYBACK_DONE 105.wav
1493481026892207 AUDIO_PLAYBACK_ONSET 106.wav
1493481028110938 AUDIO_PLAYBACK_DONE 106.wav
1493481029110938 AUDIO_PLAYBACK_ONSET 107.wav
1493481030275018 AUDIO_PLAYBACK_DONE 107.wav
1493481031275018 AUDIO_PLAYBACK_ONSET 108.wav
1493481032759375 AUDIO_PLAYBACK_DONE 108.wav
1493481033759375 AUDIO_PLAYBACK_ONSET 109.wav
1493481035204704 AUDIO_PLAYBACK_DONE 109.wav
1493481036204704 AUDIO_PLAYBACK_ONSET 110.wav
1493481037735977 AUDIO_PLAYBACK_DONE 110.wav
1493481038735977 AUDIO_PLAYBACK_ONSET 111.wav
1493481040017225 AUDIO_PLAYBACK_DONE 111.wav
1493481041017225 AUDIO_PLAYBACK_ONSET 112.wav
1493481041954712 AUDIO_PLAYBACK_DONE 112.wav
1493481042954712 AUDIO_PLAYBACK_ONSET 113.wav
1493481044173443 AUDIO_PLAYBACK_DONE 113.wav
1493481045173443 AUDIO_PLAYBACK_ONSET 114.wav
1493481046407798 AUDIO_PLAYBACK_DONE 114.wav
1493481047407798 AUDIO_PLAYBACK_ONSET 115.wav
1493481049204691 AUDIO_PLAYBACK_DONE 115.wav
1493481050204691 AUDIO_PLAYBACK_ONSET 116.wav
1493481051267189 AUDIO_PLAYBACK_DONE 116.wav
1493481052267189 AUDIO_PLAYBACK_ONSET 117.wav
1493481053642180 AUDIO_PLAYBACK_DONE 117.wav
1493481054642180 AUDIO_PLAYBACK_ONSET 118.wav
1493481056142160 AUDIO_PLAYBACK_DONE 118.wav
1493481057142160 AUDIO_PLAYBACK_ONSET 119.wav
1493481058298419 AUDIO_PLAYBACK_DONE 119.wav
1493481059298419 AUDIO_PLAYBACK_ONSET 120.wav
1493481060595291 AUDIO_PLAYBACK_DONE 120.wav
1493481061595291 AUDIO_PLAYBACK_ONSET 121.wav
1493481063032776 AUDIO_PLAYBACK_DONE 121.wav
1493481064032776 AUDIO_PLAYBACK_ONSET 122.wav
1493481065220282 AUDIO_PLAYBACK_DONE 122.wav
1493481066220282 AUDIO_PLAYBACK_ONSET 123.wav
1493481067517152 AUDIO_PLAYBACK_DONE 123.wav
1493481068517152 AUDIO_PLAYBACK_ONSET 124.wav
1493481069501509 AUDIO_PLAYBACK_DONE 124.wav
1493481070501509 AUDIO_PLAYBACK_ONSET 125.wav
1493481071626500 AUDIO_PLAYBACK_DONE 125.wav
1493481072626500 AUDIO_PLAYBACK_ONSET 126.wav
1493481074017136 AUDIO_PLAYBACK_DONE 126.wav
1493481075017136 AUDIO_PLAYBACK_ONSET 127.wav
1493481076196819 AUDIO_PLAYBACK_DONE 127.wav
1493481077196819 AUDIO_PLAYBACK_ONSET 128.wav
1493481078509316 AUDIO_PLAYBACK_DONE 128.wav
1493481079509316 AUDIO_PLAYBACK_ONSET 129.wav
1493481080634308 AUDIO_PLAYBACK_DONE 129.wav
1493481081634308 AUDIO_PLAYBACK_ONSET 130.wav
1493481082946802 AUDIO_PLAYBACK_DONE 130.wav
1493481083946802 AUDIO_PLAYBACK_ONSET 131.wav
1493481084821793 AUDIO_PLAYBACK_DONE 131.wav
1493481085821793 AUDIO_PLAYBACK_ONSET 132.wav
1493481087435080 AUDIO_PLAYBACK_DONE 132.wav
1493481088435080 AUDIO_PLAYBACK_ONSET 133.wav
1493481089763201 AUDIO_PLAYBACK_DONE 133.wav
1493481090763201 AUDIO_PLAYBACK_ONSET 134.wav
1493481091552272 AUDIO_PLAYBACK_DONE 134.wav
1493481092552272 AUDIO_PLAYBACK_ONSET 135.wav
1493481093603066 AUDIO_PLAYBACK_DONE 135.wav
1493481094603066 AUDIO_PLAYBACK_ONSET 136.wav
1493481096220232 AUDIO_PLAYBACK_DONE 136.wav
1493481097220232 AUDIO_PLAYBACK_ONSET 137.wav
1493481098642093 AUDIO_PLAYBACK_DONE 137.wav
1493481099642093 AUDIO_PLAYBACK_ONSET 138.wav
1493481100845203 AUDIO_PLAYBACK_DONE 138.wav
1493481101845203 AUDIO_PLAYBACK_ONSET 139.wav
1493481103024885 AUDIO_PLAYBACK_DONE 139.wav
1493481104024885 AUDIO_PLAYBACK_ONSET 140.wav
1493481105306133 AUDIO_PLAYBACK_DONE 140.wav
1493481106306133 AUDIO_PLAYBACK_ONSET 141.wav
1493481107376429 AUDIO_PLAYBACK_DONE 141.wav
1493481108376429 AUDIO_PLAYBACK_ONSET 142.wav
1493481109821759 AUDIO_PLAYBACK_DONE 142.wav
1493481110821759 AUDIO_PLAYBACK_ONSET 143.wav
1493481111938949 AUDIO_PLAYBACK_DONE 143.wav
1493481112938949 AUDIO_PLAYBACK_ONSET 144.wav
1493481114251444 AUDIO_PLAYBACK_DONE 144.wav
1493481115251444 AUDIO_PLAYBACK_ONSET 145.wav
1493481116642060 AUDIO_PLAYBACK_DONE 145.wav
1493481117642060 AUDIO_PLAYBACK_ONSET 146.wav
1493481119017048 AUDIO_PLAYBACK_DONE 146.wav
1493481120017048 AUDIO_PLAYBACK_ONSET 147.wav
1493481121368592 AUDIO_PLAYBACK_DONE 147.wav
1493481122368592 AUDIO_PLAYBACK_ONSET 148.wav
1493481123634220 AUDIO_PLAYBACK_DONE 148.wav
1493481124634220 AUDIO_PLAYBACK_ONSET 149.wav
1493481125790457 AUDIO_PLAYBACK_DONE 149.wav
1493481126790457 AUDIO_PLAYBACK_ONSET 150.wav
1493481128040459 AUDIO_PLAYBACK_DONE 150.wav
1493481129040459 AUDIO_PLAYBACK_ONSET 151.wav
1493481130071707 AUDIO_PLAYBACK_DONE 151.wav
1493481131071707 AUDIO_PLAYBACK_ONSET 152.wav
1493481132134225 AUDIO_PLAYBACK_DONE 152.wav
