93283.167133 CHEETAH_SIGNAL SENT_AFTER_TIME 93283.135713
93285.647036 CHEETAH_SIGNAL SENT_AFTER_TIME 93285.615246
93285.707046 CHEETAH_SIGNAL SENT_AFTER_TIME 93285.674894
93285.674382 DISPLAY_INSTRUCTIONS Stimuli/instructions_audio_sentences.png
93301.596043 KEY_PRESS space
93301.629144 CHEETAH_SIGNAL SENT_AFTER_TIME 93301.596316
93301.729392 CHEETAH_SIGNAL SENT_AFTER_TIME 93301.697207
93301.696782 DISPLAY_INSTRUCTIONS OFF
93301.767203 SOUND_ONSET 400 0.200 44100
93302.103802 SOUND_ONSET 300 0.200 44100
93302.746795 SOUND_ONSET 600 0.200 44100
93303.188972 SOUND_ONSET 500 0.200 44100
93303.430423 SOUND_ONSET 700 0.200 44100
93303.822260 SOUND_ONSET 300 0.200 44100
93304.264258 SOUND_ONSET 400 0.200 44100
93304.656095 SOUND_ONSET 300 0.200 44100
93304.920081 CHEETAH_SIGNAL SENT_AFTER_TIME 93304.888234
93304.952350 CHEETAH_SIGNAL SENT_AFTER_TIME 93304.920472
93304.996173 CHEETAH_SIGNAL SENT_AFTER_TIME 93304.964102
93304.963628 DISPLAY_FIXATION
93308.177599 AUDIO_PLAYBACK_ONSET 44.wav
93309.365105 AUDIO_PLAYBACK_DONE 44.wav
93301.592692 KEY_PRESS space
93301.704696 KEY_PRESS space
93310.365105 AUDIO_PLAYBACK_ONSET 125.wav
93311.490120 AUDIO_PLAYBACK_DONE 125.wav
93309.736832 KEY_PRESS l
93309.832827 KEY_PRESS l
93312.490120 AUDIO_PLAYBACK_ONSET 86.wav
93313.802642 AUDIO_PLAYBACK_DONE 86.wav
93314.802642 AUDIO_PLAYBACK_ONSET 9.wav
93316.052620 AUDIO_PLAYBACK_DONE 9.wav
93314.656692 KEY_PRESS l
93314.776808 KEY_PRESS l
93316.008817 KEY_PRESS l
93317.052620 AUDIO_PLAYBACK_ONSET 41.wav
93318.279179 AUDIO_PLAYBACK_DONE 41.wav
93316.152793 KEY_PRESS l
93319.279179 AUDIO_PLAYBACK_ONSET 109.wav
93320.724487 AUDIO_PLAYBACK_DONE 109.wav
93321.724487 AUDIO_PLAYBACK_ONSET 34.wav
93323.099481 AUDIO_PLAYBACK_DONE 34.wav
93324.099481 AUDIO_PLAYBACK_ONSET 53.wav
93325.599462 AUDIO_PLAYBACK_DONE 53.wav
93326.599462 AUDIO_PLAYBACK_ONSET 15.wav
93327.661958 AUDIO_PLAYBACK_DONE 15.wav
93328.661958 AUDIO_PLAYBACK_ONSET 106.wav
93329.880694 AUDIO_PLAYBACK_DONE 106.wav
93330.880694 AUDIO_PLAYBACK_ONSET 130.wav
93332.193190 AUDIO_PLAYBACK_DONE 130.wav
93333.193190 AUDIO_PLAYBACK_ONSET 123.wav
93334.490065 AUDIO_PLAYBACK_DONE 123.wav
93335.490065 AUDIO_PLAYBACK_ONSET 28.wav
93336.990043 AUDIO_PLAYBACK_DONE 28.wav
93337.990043 AUDIO_PLAYBACK_ONSET 21.wav
93338.958778 AUDIO_PLAYBACK_DONE 21.wav
93339.958778 AUDIO_PLAYBACK_ONSET 147.wav
93341.310324 AUDIO_PLAYBACK_DONE 147.wav
93342.310324 AUDIO_PLAYBACK_ONSET 78.wav
93343.732186 AUDIO_PLAYBACK_DONE 78.wav
93344.732186 AUDIO_PLAYBACK_ONSET 51.wav
93346.075934 AUDIO_PLAYBACK_DONE 51.wav
93347.075934 AUDIO_PLAYBACK_ONSET 116.wav
93348.138429 AUDIO_PLAYBACK_DONE 116.wav
93349.138429 AUDIO_PLAYBACK_ONSET 138.wav
93350.341540 AUDIO_PLAYBACK_DONE 138.wav
93351.341540 AUDIO_PLAYBACK_ONSET 60.wav
93353.122792 AUDIO_PLAYBACK_DONE 60.wav
93354.122792 AUDIO_PLAYBACK_ONSET 33.wav
93355.263406 AUDIO_PLAYBACK_DONE 33.wav
93356.263406 AUDIO_PLAYBACK_ONSET 47.wav
93357.497765 AUDIO_PLAYBACK_DONE 47.wav
93358.497765 AUDIO_PLAYBACK_ONSET 152.wav
93359.560260 AUDIO_PLAYBACK_DONE 152.wav
93360.560260 AUDIO_PLAYBACK_ONSET 82.wav
93361.841511 AUDIO_PLAYBACK_DONE 82.wav
93359.824827 KEY_PRESS l
93360.128823 KEY_PRESS l
93362.841511 AUDIO_PLAYBACK_ONSET 22.wav
93363.997750 AUDIO_PLAYBACK_DONE 22.wav
93364.997750 AUDIO_PLAYBACK_ONSET 52.wav
93366.247729 AUDIO_PLAYBACK_DONE 52.wav
93367.247729 AUDIO_PLAYBACK_ONSET 73.wav
93368.638347 AUDIO_PLAYBACK_DONE 73.wav
93369.638347 AUDIO_PLAYBACK_ONSET 115.wav
93371.435223 AUDIO_PLAYBACK_DONE 115.wav
93372.435223 AUDIO_PLAYBACK_ONSET 89.wav
93373.364909 AUDIO_PLAYBACK_DONE 89.wav
93374.364909 AUDIO_PLAYBACK_ONSET 18.wav
93375.864887 AUDIO_PLAYBACK_DONE 18.wav
93375.744839 KEY_PRESS l
93375.824823 KEY_PRESS l
93376.864887 AUDIO_PLAYBACK_ONSET 57.wav
93378.099244 AUDIO_PLAYBACK_DONE 57.wav
93378.016790 KEY_PRESS l
93379.099244 AUDIO_PLAYBACK_ONSET 101.wav
93380.333602 AUDIO_PLAYBACK_DONE 101.wav
93378.128813 KEY_PRESS l
93381.333602 AUDIO_PLAYBACK_ONSET 12.wav
93382.739841 AUDIO_PLAYBACK_DONE 12.wav
93383.739841 AUDIO_PLAYBACK_ONSET 124.wav
93384.724200 AUDIO_PLAYBACK_DONE 124.wav
93385.724200 AUDIO_PLAYBACK_ONSET 10.wav
93386.849190 AUDIO_PLAYBACK_DONE 10.wav
93387.849190 AUDIO_PLAYBACK_ONSET 40.wav
93389.286677 AUDIO_PLAYBACK_DONE 40.wav
93390.286677 AUDIO_PLAYBACK_ONSET 128.wav
93391.599198 AUDIO_PLAYBACK_DONE 128.wav
93392.599198 AUDIO_PLAYBACK_ONSET 32.wav
93393.833555 AUDIO_PLAYBACK_DONE 32.wav
93394.833555 AUDIO_PLAYBACK_ONSET 121.wav
93396.271061 AUDIO_PLAYBACK_DONE 121.wav
93397.271061 AUDIO_PLAYBACK_ONSET 16.wav
93398.739793 AUDIO_PLAYBACK_DONE 16.wav
93399.739793 AUDIO_PLAYBACK_ONSET 58.wav
93400.966350 AUDIO_PLAYBACK_DONE 58.wav
93401.966350 AUDIO_PLAYBACK_ONSET 104.wav
93403.591366 AUDIO_PLAYBACK_DONE 104.wav
93404.591366 AUDIO_PLAYBACK_ONSET 27.wav
93406.278853 AUDIO_PLAYBACK_DONE 27.wav
93407.278853 AUDIO_PLAYBACK_ONSET 49.wav
93408.544479 AUDIO_PLAYBACK_DONE 49.wav
93409.544479 AUDIO_PLAYBACK_ONSET 88.wav
93410.763212 AUDIO_PLAYBACK_DONE 88.wav
93408.896828 KEY_PRESS l
93409.000814 KEY_PRESS l
93411.763212 AUDIO_PLAYBACK_ONSET 13.wav
93413.606956 AUDIO_PLAYBACK_DONE 13.wav
93413.160821 KEY_PRESS l
93413.328815 KEY_PRESS l
93414.606956 AUDIO_PLAYBACK_ONSET 102.wav
93416.200723 AUDIO_PLAYBACK_DONE 102.wav
93417.200723 AUDIO_PLAYBACK_ONSET 45.wav
93418.294468 AUDIO_PLAYBACK_DONE 45.wav
93419.294468 AUDIO_PLAYBACK_ONSET 71.wav
93420.294450 AUDIO_PLAYBACK_DONE 71.wav
93421.294450 AUDIO_PLAYBACK_ONSET 137.wav
93422.716311 AUDIO_PLAYBACK_DONE 137.wav
93423.716311 AUDIO_PLAYBACK_ONSET 66.wav
93424.927245 AUDIO_PLAYBACK_DONE 66.wav
93425.927245 AUDIO_PLAYBACK_ONSET 105.wav
93427.142078 AUDIO_PLAYBACK_DONE 105.wav
93428.142078 AUDIO_PLAYBACK_ONSET 2.wav
93429.563940 AUDIO_PLAYBACK_DONE 2.wav
93430.563940 AUDIO_PLAYBACK_ONSET 90.wav
93431.954557 AUDIO_PLAYBACK_DONE 90.wav
93432.954557 AUDIO_PLAYBACK_ONSET 74.wav
93434.142041 AUDIO_PLAYBACK_DONE 74.wav
93435.142041 AUDIO_PLAYBACK_ONSET 31.wav
93436.392022 AUDIO_PLAYBACK_DONE 31.wav
93437.392022 AUDIO_PLAYBACK_ONSET 141.wav
93438.462318 AUDIO_PLAYBACK_DONE 141.wav
93439.462318 AUDIO_PLAYBACK_ONSET 25.wav
93440.962300 AUDIO_PLAYBACK_DONE 25.wav
93441.962300 AUDIO_PLAYBACK_ONSET 3.wav
93443.454482 AUDIO_PLAYBACK_DONE 3.wav
93443.136836 KEY_PRESS l
93443.288816 KEY_PRESS l
93444.454482 AUDIO_PLAYBACK_ONSET 37.wav
93445.548223 AUDIO_PLAYBACK_DONE 37.wav
93446.548223 AUDIO_PLAYBACK_ONSET 62.wav
93448.016957 AUDIO_PLAYBACK_DONE 62.wav
93449.016957 AUDIO_PLAYBACK_ONSET 20.wav
93450.235712 AUDIO_PLAYBACK_DONE 20.wav
93451.235712 AUDIO_PLAYBACK_ONSET 7.wav
93452.329455 AUDIO_PLAYBACK_DONE 7.wav
93453.329455 AUDIO_PLAYBACK_ONSET 85.wav
93454.673200 AUDIO_PLAYBACK_DONE 85.wav
93454.568826 KEY_PRESS l
93455.673200 AUDIO_PLAYBACK_ONSET 65.wav
93457.048192 AUDIO_PLAYBACK_DONE 65.wav
93454.736818 KEY_PRESS l
93458.048192 AUDIO_PLAYBACK_ONSET 81.wav
93459.235700 AUDIO_PLAYBACK_DONE 81.wav
93460.235700 AUDIO_PLAYBACK_ONSET 26.wav
93461.595065 AUDIO_PLAYBACK_DONE 26.wav
93462.595065 AUDIO_PLAYBACK_ONSET 56.wav
93464.376316 AUDIO_PLAYBACK_DONE 56.wav
93465.376316 AUDIO_PLAYBACK_ONSET 150.wav
93466.626298 AUDIO_PLAYBACK_DONE 150.wav
93467.626298 AUDIO_PLAYBACK_ONSET 117.wav
93469.001288 AUDIO_PLAYBACK_DONE 117.wav
93470.001288 AUDIO_PLAYBACK_ONSET 23.wav
93471.501268 AUDIO_PLAYBACK_DONE 23.wav
93472.501268 AUDIO_PLAYBACK_ONSET 96.wav
93473.852833 AUDIO_PLAYBACK_DONE 96.wav
93474.852833 AUDIO_PLAYBACK_ONSET 76.wav
93476.165331 AUDIO_PLAYBACK_DONE 76.wav
93477.165331 AUDIO_PLAYBACK_ONSET 80.wav
93478.384064 AUDIO_PLAYBACK_DONE 80.wav
93479.384064 AUDIO_PLAYBACK_ONSET 54.wav
93480.634044 AUDIO_PLAYBACK_DONE 54.wav
93481.634044 AUDIO_PLAYBACK_ONSET 72.wav
93483.118422 AUDIO_PLAYBACK_DONE 72.wav
93484.118422 AUDIO_PLAYBACK_ONSET 4.wav
93485.175043 AUDIO_PLAYBACK_DONE 4.wav
93486.175043 AUDIO_PLAYBACK_ONSET 132.wav
93487.788312 AUDIO_PLAYBACK_DONE 132.wav
93488.788312 AUDIO_PLAYBACK_ONSET 98.wav
93490.135958 AUDIO_PLAYBACK_DONE 98.wav
93491.135958 AUDIO_PLAYBACK_ONSET 64.wav
93492.120334 AUDIO_PLAYBACK_DONE 64.wav
93493.120334 AUDIO_PLAYBACK_ONSET 50.wav
93494.221880 AUDIO_PLAYBACK_DONE 50.wav
93495.221880 AUDIO_PLAYBACK_ONSET 94.wav
93496.440613 AUDIO_PLAYBACK_DONE 94.wav
93497.440613 AUDIO_PLAYBACK_ONSET 14.wav
93498.784379 AUDIO_PLAYBACK_DONE 14.wav
93499.784379 AUDIO_PLAYBACK_ONSET 48.wav
93500.956240 AUDIO_PLAYBACK_DONE 48.wav
93501.956240 AUDIO_PLAYBACK_ONSET 119.wav
93503.112480 AUDIO_PLAYBACK_DONE 119.wav
93504.112480 AUDIO_PLAYBACK_ONSET 75.wav
93505.112457 AUDIO_PLAYBACK_DONE 75.wav
93506.112457 AUDIO_PLAYBACK_ONSET 8.wav
93507.292142 AUDIO_PLAYBACK_DONE 8.wav
93508.292142 AUDIO_PLAYBACK_ONSET 67.wav
93509.214026 AUDIO_PLAYBACK_DONE 67.wav
93510.214026 AUDIO_PLAYBACK_ONSET 112.wav
93511.151509 AUDIO_PLAYBACK_DONE 112.wav
93512.151509 AUDIO_PLAYBACK_ONSET 108.wav
93513.635866 AUDIO_PLAYBACK_DONE 108.wav
93514.635866 AUDIO_PLAYBACK_ONSET 91.wav
93515.542103 AUDIO_PLAYBACK_DONE 91.wav
93516.542103 AUDIO_PLAYBACK_ONSET 133.wav
93517.870225 AUDIO_PLAYBACK_DONE 133.wav
93518.870225 AUDIO_PLAYBACK_ONSET 17.wav
93519.870204 AUDIO_PLAYBACK_DONE 17.wav
93520.870204 AUDIO_PLAYBACK_ONSET 68.wav
93521.846782 AUDIO_PLAYBACK_DONE 68.wav
93522.846782 AUDIO_PLAYBACK_ONSET 97.wav
93524.499120 AUDIO_PLAYBACK_DONE 97.wav
93525.499120 AUDIO_PLAYBACK_ONSET 114.wav
93526.733474 AUDIO_PLAYBACK_DONE 114.wav
93527.733474 AUDIO_PLAYBACK_ONSET 142.wav
93529.178785 AUDIO_PLAYBACK_DONE 142.wav
93530.178785 AUDIO_PLAYBACK_ONSET 87.wav
93531.288151 AUDIO_PLAYBACK_DONE 87.wav
93532.288151 AUDIO_PLAYBACK_ONSET 144.wav
93533.600669 AUDIO_PLAYBACK_DONE 144.wav
93534.600669 AUDIO_PLAYBACK_ONSET 148.wav
93535.866293 AUDIO_PLAYBACK_DONE 148.wav
93536.866293 AUDIO_PLAYBACK_ONSET 69.wav
93538.163168 AUDIO_PLAYBACK_DONE 69.wav
93536.184795 KEY_PRESS l
93536.368817 KEY_PRESS l
93539.163168 AUDIO_PLAYBACK_ONSET 111.wav
93540.444440 AUDIO_PLAYBACK_DONE 111.wav
93541.444440 AUDIO_PLAYBACK_ONSET 113.wav
93542.663171 AUDIO_PLAYBACK_DONE 113.wav
93543.663171 AUDIO_PLAYBACK_ONSET 118.wav
93545.163153 AUDIO_PLAYBACK_DONE 118.wav
93546.163153 AUDIO_PLAYBACK_ONSET 120.wav
93547.460024 AUDIO_PLAYBACK_DONE 120.wav
93548.460024 AUDIO_PLAYBACK_ONSET 36.wav
93549.710005 AUDIO_PLAYBACK_DONE 36.wav
93550.710005 AUDIO_PLAYBACK_ONSET 145.wav
93552.100640 AUDIO_PLAYBACK_DONE 145.wav
93553.100640 AUDIO_PLAYBACK_ONSET 134.wav
93553.889691 AUDIO_PLAYBACK_DONE 134.wav
93554.889691 AUDIO_PLAYBACK_ONSET 143.wav
93556.006879 AUDIO_PLAYBACK_DONE 143.wav
93557.006879 AUDIO_PLAYBACK_ONSET 42.wav
93558.163117 AUDIO_PLAYBACK_DONE 42.wav
93559.163117 AUDIO_PLAYBACK_ONSET 126.wav
93560.553754 AUDIO_PLAYBACK_DONE 126.wav
93560.272803 KEY_PRESS l
93560.424829 KEY_PRESS l
93561.553754 AUDIO_PLAYBACK_ONSET 38.wav
93562.835001 AUDIO_PLAYBACK_DONE 38.wav
93563.835001 AUDIO_PLAYBACK_ONSET 103.wav
93565.225618 AUDIO_PLAYBACK_DONE 103.wav
93566.225618 AUDIO_PLAYBACK_ONSET 43.wav
93567.475617 AUDIO_PLAYBACK_DONE 43.wav
93568.475617 AUDIO_PLAYBACK_ONSET 35.wav
93570.038113 AUDIO_PLAYBACK_DONE 35.wav
93571.038113 AUDIO_PLAYBACK_ONSET 93.wav
93572.553737 AUDIO_PLAYBACK_DONE 93.wav
93573.553737 AUDIO_PLAYBACK_ONSET 146.wav
93574.928727 AUDIO_PLAYBACK_DONE 146.wav
93575.928727 AUDIO_PLAYBACK_ONSET 110.wav
93577.459976 AUDIO_PLAYBACK_DONE 110.wav
93577.424728 KEY_PRESS l
93578.459976 AUDIO_PLAYBACK_ONSET 46.wav
93579.522474 AUDIO_PLAYBACK_DONE 46.wav
93577.544815 KEY_PRESS l
93580.522474 AUDIO_PLAYBACK_ONSET 136.wav
93582.139641 AUDIO_PLAYBACK_DONE 136.wav
93583.139641 AUDIO_PLAYBACK_ONSET 95.wav
93584.413090 AUDIO_PLAYBACK_DONE 95.wav
93585.413090 AUDIO_PLAYBACK_ONSET 151.wav
93586.444337 AUDIO_PLAYBACK_DONE 151.wav
93587.444337 AUDIO_PLAYBACK_ONSET 30.wav
93588.944318 AUDIO_PLAYBACK_DONE 30.wav
93589.944318 AUDIO_PLAYBACK_ONSET 122.wav
93591.131801 AUDIO_PLAYBACK_DONE 122.wav
93592.131801 AUDIO_PLAYBACK_ONSET 77.wav
93593.178676 AUDIO_PLAYBACK_DONE 77.wav
93594.178676 AUDIO_PLAYBACK_ONSET 139.wav
93595.358358 AUDIO_PLAYBACK_DONE 139.wav
93596.358358 AUDIO_PLAYBACK_ONSET 55.wav
93597.545843 AUDIO_PLAYBACK_DONE 55.wav
93598.545843 AUDIO_PLAYBACK_ONSET 107.wav
93599.709926 AUDIO_PLAYBACK_DONE 107.wav
93600.709926 AUDIO_PLAYBACK_ONSET 39.wav
93602.584917 AUDIO_PLAYBACK_DONE 39.wav
93603.584917 AUDIO_PLAYBACK_ONSET 127.wav
93604.764601 AUDIO_PLAYBACK_DONE 127.wav
93605.764601 AUDIO_PLAYBACK_ONSET 149.wav
93606.920840 AUDIO_PLAYBACK_DONE 149.wav
93607.920840 AUDIO_PLAYBACK_ONSET 140.wav
93609.202087 AUDIO_PLAYBACK_DONE 140.wav
93610.202087 AUDIO_PLAYBACK_ONSET 6.wav
93611.428642 AUDIO_PLAYBACK_DONE 6.wav
93612.428642 AUDIO_PLAYBACK_ONSET 131.wav
93613.303632 AUDIO_PLAYBACK_DONE 131.wav
93614.303632 AUDIO_PLAYBACK_ONSET 84.wav
93615.553635 AUDIO_PLAYBACK_DONE 84.wav
93616.553635 AUDIO_PLAYBACK_ONSET 5.wav
93618.016516 AUDIO_PLAYBACK_DONE 5.wav
93619.016516 AUDIO_PLAYBACK_ONSET 24.wav
93620.610261 AUDIO_PLAYBACK_DONE 24.wav
93620.248850 KEY_PRESS l
93620.432816 KEY_PRESS l
93621.610261 AUDIO_PLAYBACK_ONSET 61.wav
93623.110263 AUDIO_PLAYBACK_DONE 61.wav
93624.110263 AUDIO_PLAYBACK_ONSET 1.wav
93624.985251 AUDIO_PLAYBACK_DONE 1.wav
93625.985251 AUDIO_PLAYBACK_ONSET 92.wav
93627.235232 AUDIO_PLAYBACK_DONE 92.wav
93628.235232 AUDIO_PLAYBACK_ONSET 99.wav
93629.328996 AUDIO_PLAYBACK_DONE 99.wav
93630.328996 AUDIO_PLAYBACK_ONSET 135.wav
93631.379789 AUDIO_PLAYBACK_DONE 135.wav
93632.379789 AUDIO_PLAYBACK_ONSET 70.wav
93633.911036 AUDIO_PLAYBACK_DONE 70.wav
93634.911036 AUDIO_PLAYBACK_ONSET 83.wav
93636.598522 AUDIO_PLAYBACK_DONE 83.wav
93637.598522 AUDIO_PLAYBACK_ONSET 63.wav
93638.762606 AUDIO_PLAYBACK_DONE 63.wav
93636.792798 KEY_PRESS l
93636.904772 KEY_PRESS l
93639.762606 AUDIO_PLAYBACK_ONSET 29.wav
93641.262584 AUDIO_PLAYBACK_DONE 29.wav
93642.262584 AUDIO_PLAYBACK_ONSET 129.wav
93643.387576 AUDIO_PLAYBACK_DONE 129.wav
93644.387576 AUDIO_PLAYBACK_ONSET 100.wav
93645.262563 AUDIO_PLAYBACK_DONE 100.wav
93646.262563 AUDIO_PLAYBACK_ONSET 79.wav
93647.575060 AUDIO_PLAYBACK_DONE 79.wav
93648.575060 AUDIO_PLAYBACK_ONSET 11.wav
93649.528188 AUDIO_PLAYBACK_DONE 11.wav
93650.528188 AUDIO_PLAYBACK_ONSET 19.wav
93651.559437 AUDIO_PLAYBACK_DONE 19.wav
93652.559437 AUDIO_PLAYBACK_ONSET 59.wav
93653.864110 AUDIO_PLAYBACK_DONE 59.wav
