91914.623473 CHEETAH_SIGNAL SENT_AFTER_TIME 91914.592118
91917.137843 CHEETAH_SIGNAL SENT_AFTER_TIME 91917.106012
91917.201825 CHEETAH_SIGNAL SENT_AFTER_TIME 91917.169653
91917.169131 DISPLAY_INSTRUCTIONS Stimuli/instructions_sentences.png
91950.995133 KEY_PRESS space
91951.028257 CHEETAH_SIGNAL SENT_AFTER_TIME 91950.995435
91951.126622 CHEETAH_SIGNAL SENT_AFTER_TIME 91951.093425
91951.092990 DISPLAY_INSTRUCTIONS OFF
91951.164032 SOUND_ONSET 400 0.200 44100
91951.502354 SOUND_ONSET 300 0.200 44100
91952.140722 SOUND_ONSET 600 0.200 44100
91952.582720 SOUND_ONSET 500 0.200 44100
91952.824806 SOUND_ONSET 700 0.200 44100
91953.216824 SOUND_ONSET 300 0.200 44100
91953.659002 SOUND_ONSET 400 0.200 44100
91954.050929 SOUND_ONSET 300 0.200 44100
91954.315157 CHEETAH_SIGNAL SENT_AFTER_TIME 91954.283289
91954.347364 CHEETAH_SIGNAL SENT_AFTER_TIME 91954.315531
91954.425203 CHEETAH_SIGNAL SENT_AFTER_TIME 91954.393009
91954.392643 DISPLAY_FIXATION
91950.992696 KEY_PRESS space
91951.096707 KEY_PRESS space
91959.443188 CHEETAH_SIGNAL SENT_AFTER_TIME 91959.411019
91959.410670 DISPLAY_TEXT 1 123 1 Who
91959.659362 CHEETAH_SIGNAL SENT_AFTER_TIME 91959.627183
91959.626823 DISPLAY_TEXT OFF
91959.976723 CHEETAH_SIGNAL SENT_AFTER_TIME 91959.944524
91959.944172 DISPLAY_TEXT 2 123 2 will
91960.192961 CHEETAH_SIGNAL SENT_AFTER_TIME 91960.160766
91960.160395 DISPLAY_TEXT OFF
91960.509260 CHEETAH_SIGNAL SENT_AFTER_TIME 91960.477038
91960.476593 DISPLAY_TEXT 3 123 3 the
91960.726424 CHEETAH_SIGNAL SENT_AFTER_TIME 91960.694275
91960.693911 DISPLAY_TEXT OFF
91961.042678 CHEETAH_SIGNAL SENT_AFTER_TIME 91961.010466
91961.010120 DISPLAY_TEXT 4 123 4 boys
91961.259935 CHEETAH_SIGNAL SENT_AFTER_TIME 91961.227766
91961.227415 DISPLAY_TEXT OFF
91961.576145 CHEETAH_SIGNAL SENT_AFTER_TIME 91961.543954
91961.543604 DISPLAY_TEXT 5 123 5 kiss?
91961.792704 CHEETAH_SIGNAL SENT_AFTER_TIME 91961.760530
91961.760171 DISPLAY_TEXT OFF
91962.810432 CHEETAH_SIGNAL SENT_AFTER_TIME 91962.778378
91962.778026 DISPLAY_TEXT 6 99 1 They
91963.026861 CHEETAH_SIGNAL SENT_AFTER_TIME 91962.994793
91962.994441 DISPLAY_TEXT OFF
91963.343163 CHEETAH_SIGNAL SENT_AFTER_TIME 91963.311023
91963.310672 DISPLAY_TEXT 7 99 2 cough.
91963.559751 CHEETAH_SIGNAL SENT_AFTER_TIME 91963.527585
91963.527223 DISPLAY_TEXT OFF
91964.576642 CHEETAH_SIGNAL SENT_AFTER_TIME 91964.544450
91964.544100 DISPLAY_TEXT 8 32 1 The
91964.793948 CHEETAH_SIGNAL SENT_AFTER_TIME 91964.761755
91964.761401 DISPLAY_TEXT OFF
91965.110123 CHEETAH_SIGNAL SENT_AFTER_TIME 91965.078017
91965.077570 DISPLAY_TEXT 9 32 2 girls
91965.327488 CHEETAH_SIGNAL SENT_AFTER_TIME 91965.295320
91965.294959 DISPLAY_TEXT OFF
91965.643544 CHEETAH_SIGNAL SENT_AFTER_TIME 91965.611550
91965.611197 DISPLAY_TEXT 10 32 3 appear.
91965.860013 CHEETAH_SIGNAL SENT_AFTER_TIME 91965.827944
91965.827652 DISPLAY_TEXT OFF
91966.876863 CHEETAH_SIGNAL SENT_AFTER_TIME 91966.844745
91966.844395 DISPLAY_TEXT 11 40 1 He
91967.094354 CHEETAH_SIGNAL SENT_AFTER_TIME 91967.062119
91967.061755 DISPLAY_TEXT OFF
91967.410458 CHEETAH_SIGNAL SENT_AFTER_TIME 91967.378294
91967.377934 DISPLAY_TEXT 12 40 2 cried.
91967.626120 CHEETAH_SIGNAL SENT_AFTER_TIME 91967.593942
91967.593604 DISPLAY_TEXT OFF
91968.644172 CHEETAH_SIGNAL SENT_AFTER_TIME 91968.612007
91968.611655 DISPLAY_TEXT 13 22 1 They
91968.861478 CHEETAH_SIGNAL SENT_AFTER_TIME 91968.829330
91968.828940 DISPLAY_TEXT OFF
91969.177529 CHEETAH_SIGNAL SENT_AFTER_TIME 91969.145479
91969.145130 DISPLAY_TEXT 14 22 2 vanished.
91969.394312 CHEETAH_SIGNAL SENT_AFTER_TIME 91969.362085
91969.361736 DISPLAY_TEXT OFF
91970.410809 CHEETAH_SIGNAL SENT_AFTER_TIME 91970.378796
91970.378434 DISPLAY_TEXT 15 34 1 The
91970.626713 CHEETAH_SIGNAL SENT_AFTER_TIME 91970.594803
91970.594442 DISPLAY_TEXT OFF
91970.944481 CHEETAH_SIGNAL SENT_AFTER_TIME 91970.912288
91970.911939 DISPLAY_TEXT 16 34 2 boy
91971.161649 CHEETAH_SIGNAL SENT_AFTER_TIME 91971.129581
91971.129229 DISPLAY_TEXT OFF
91971.477877 CHEETAH_SIGNAL SENT_AFTER_TIME 91971.445807
91971.445458 DISPLAY_TEXT 17 34 3 laughs.
91971.694386 CHEETAH_SIGNAL SENT_AFTER_TIME 91971.662240
91971.661877 DISPLAY_TEXT OFF
91972.711101 CHEETAH_SIGNAL SENT_AFTER_TIME 91972.678892
91972.678541 DISPLAY_TEXT 18 152 1 She
91972.928462 CHEETAH_SIGNAL SENT_AFTER_TIME 91972.896277
91972.895866 DISPLAY_TEXT OFF
91973.244542 CHEETAH_SIGNAL SENT_AFTER_TIME 91973.212422
91973.212071 DISPLAY_TEXT 19 152 2 dressed.
91973.461279 CHEETAH_SIGNAL SENT_AFTER_TIME 91973.429016
91973.428654 DISPLAY_TEXT OFF
91974.479347 CHEETAH_SIGNAL SENT_AFTER_TIME 91974.447165
91974.446732 DISPLAY_TEXT 20 92 1 She
91974.695444 CHEETAH_SIGNAL SENT_AFTER_TIME 91974.663411
91974.662977 DISPLAY_TEXT OFF
91975.011685 CHEETAH_SIGNAL SENT_AFTER_TIME 91974.979452
91974.979104 DISPLAY_TEXT 21 92 2 blooms.
91975.228218 CHEETAH_SIGNAL SENT_AFTER_TIME 91975.196032
91975.195669 DISPLAY_TEXT OFF
91976.245649 CHEETAH_SIGNAL SENT_AFTER_TIME 91976.213431
91976.213018 DISPLAY_TEXT 22 91 1 The
91976.462376 CHEETAH_SIGNAL SENT_AFTER_TIME 91976.430225
91976.429776 DISPLAY_TEXT OFF
91976.778523 CHEETAH_SIGNAL SENT_AFTER_TIME 91976.746353
91976.745999 DISPLAY_TEXT 23 91 2 girl
91976.996053 CHEETAH_SIGNAL SENT_AFTER_TIME 91976.963776
91976.963320 DISPLAY_TEXT OFF
91977.312150 CHEETAH_SIGNAL SENT_AFTER_TIME 91977.279917
91977.279471 DISPLAY_TEXT 24 91 3 fell.
91977.528743 CHEETAH_SIGNAL SENT_AFTER_TIME 91977.496507
91977.496076 DISPLAY_TEXT OFF
91978.545572 CHEETAH_SIGNAL SENT_AFTER_TIME 91978.513353
91978.512909 DISPLAY_TEXT 25 146 1 He
91978.762914 CHEETAH_SIGNAL SENT_AFTER_TIME 91978.730655
91978.730194 DISPLAY_TEXT OFF
91979.079067 CHEETAH_SIGNAL SENT_AFTER_TIME 91979.046854
91979.046426 DISPLAY_TEXT 26 146 2 said
91979.296377 CHEETAH_SIGNAL SENT_AFTER_TIME 91979.264235
91979.263800 DISPLAY_TEXT OFF
91979.612499 CHEETAH_SIGNAL SENT_AFTER_TIME 91979.580305
91979.579930 DISPLAY_TEXT 27 146 3 that
91979.829946 CHEETAH_SIGNAL SENT_AFTER_TIME 91979.797672
91979.797224 DISPLAY_TEXT OFF
91980.146107 CHEETAH_SIGNAL SENT_AFTER_TIME 91980.113888
91980.113449 DISPLAY_TEXT 28 146 4 she
91980.363184 CHEETAH_SIGNAL SENT_AFTER_TIME 91980.331147
91980.330715 DISPLAY_TEXT OFF
91980.679550 CHEETAH_SIGNAL SENT_AFTER_TIME 91980.647330
91980.646898 DISPLAY_TEXT 29 146 5 smiled.
91980.896060 CHEETAH_SIGNAL SENT_AFTER_TIME 91980.863902
91980.863459 DISPLAY_TEXT OFF
91981.912962 CHEETAH_SIGNAL SENT_AFTER_TIME 91981.880721
91981.880286 DISPLAY_TEXT 30 119 1 She
91982.130245 CHEETAH_SIGNAL SENT_AFTER_TIME 91982.098023
91982.097578 DISPLAY_TEXT OFF
91982.446480 CHEETAH_SIGNAL SENT_AFTER_TIME 91982.414277
91982.413829 DISPLAY_TEXT 31 119 2 was
91982.663271 CHEETAH_SIGNAL SENT_AFTER_TIME 91982.631192
91982.630743 DISPLAY_TEXT OFF
91982.979521 CHEETAH_SIGNAL SENT_AFTER_TIME 91982.947319
91982.946886 DISPLAY_TEXT 32 119 3 kicked.
91983.196751 CHEETAH_SIGNAL SENT_AFTER_TIME 91983.164561
91983.164124 DISPLAY_TEXT OFF
91984.213110 CHEETAH_SIGNAL SENT_AFTER_TIME 91984.180937
91984.180505 DISPLAY_TEXT 33 112 1 Who
91984.430215 CHEETAH_SIGNAL SENT_AFTER_TIME 91984.398028
91984.397572 DISPLAY_TEXT OFF
91984.747459 CHEETAH_SIGNAL SENT_AFTER_TIME 91984.715311
91984.714882 DISPLAY_TEXT 34 112 2 appeared?
91984.963356 CHEETAH_SIGNAL SENT_AFTER_TIME 91984.931167
91984.930732 DISPLAY_TEXT OFF
91985.980191 CHEETAH_SIGNAL SENT_AFTER_TIME 91985.948011
91985.947581 DISPLAY_TEXT 35 127 1 The
91986.196769 CHEETAH_SIGNAL SENT_AFTER_TIME 91986.164572
91986.164129 DISPLAY_TEXT OFF
91986.513364 CHEETAH_SIGNAL SENT_AFTER_TIME 91986.481182
91986.480748 DISPLAY_TEXT 36 127 2 woman
91986.730656 CHEETAH_SIGNAL SENT_AFTER_TIME 91986.698534
91986.698100 DISPLAY_TEXT OFF
91987.048019 CHEETAH_SIGNAL SENT_AFTER_TIME 91987.015812
91987.015382 DISPLAY_TEXT 37 127 3 will
91987.264806 CHEETAH_SIGNAL SENT_AFTER_TIME 91987.232503
91987.232048 DISPLAY_TEXT OFF
91987.581305 CHEETAH_SIGNAL SENT_AFTER_TIME 91987.549133
91987.548702 DISPLAY_TEXT 38 127 4 speak.
91987.797867 CHEETAH_SIGNAL SENT_AFTER_TIME 91987.765660
91987.765228 DISPLAY_TEXT OFF
91988.814252 CHEETAH_SIGNAL SENT_AFTER_TIME 91988.782223
91988.781886 DISPLAY_TEXT 39 35 1 She
91989.031354 CHEETAH_SIGNAL SENT_AFTER_TIME 91988.999170
91988.998715 DISPLAY_TEXT OFF
91989.348024 CHEETAH_SIGNAL SENT_AFTER_TIME 91989.315821
91989.315389 DISPLAY_TEXT 40 35 2 disappears.
91989.564604 CHEETAH_SIGNAL SENT_AFTER_TIME 91989.532394
91989.531958 DISPLAY_TEXT OFF
91990.581360 CHEETAH_SIGNAL SENT_AFTER_TIME 91990.549008
91990.548566 DISPLAY_TEXT 41 6 1 Whom
91990.798411 CHEETAH_SIGNAL SENT_AFTER_TIME 91990.766202
91990.765754 DISPLAY_TEXT OFF
91991.115264 CHEETAH_SIGNAL SENT_AFTER_TIME 91991.083137
91991.082701 DISPLAY_TEXT 42 6 2 did
91991.331460 CHEETAH_SIGNAL SENT_AFTER_TIME 91991.299310
91991.298879 DISPLAY_TEXT OFF
91991.648236 CHEETAH_SIGNAL SENT_AFTER_TIME 91991.615997
91991.615551 DISPLAY_TEXT 43 6 3 the
91991.864530 CHEETAH_SIGNAL SENT_AFTER_TIME 91991.832359
91991.831996 DISPLAY_TEXT OFF
91992.181918 CHEETAH_SIGNAL SENT_AFTER_TIME 91992.149769
91992.149322 DISPLAY_TEXT 44 6 4 boy
91992.398176 CHEETAH_SIGNAL SENT_AFTER_TIME 91992.365974
91992.365528 DISPLAY_TEXT OFF
91992.715504 CHEETAH_SIGNAL SENT_AFTER_TIME 91992.683351
91992.682915 DISPLAY_TEXT 45 6 5 hear?
91992.932072 CHEETAH_SIGNAL SENT_AFTER_TIME 91992.899888
91992.899429 DISPLAY_TEXT OFF
91993.949088 CHEETAH_SIGNAL SENT_AFTER_TIME 91993.916799
91993.916356 DISPLAY_TEXT 46 121 1 What
91994.165076 CHEETAH_SIGNAL SENT_AFTER_TIME 91994.132887
91994.132443 DISPLAY_TEXT OFF
91994.482380 CHEETAH_SIGNAL SENT_AFTER_TIME 91994.450180
91994.449738 DISPLAY_TEXT 47 121 2 did
91994.698426 CHEETAH_SIGNAL SENT_AFTER_TIME 91994.666299
91994.665852 DISPLAY_TEXT OFF
91995.015669 CHEETAH_SIGNAL SENT_AFTER_TIME 91994.983495
91994.983142 DISPLAY_TEXT 48 121 3 the
91995.232057 CHEETAH_SIGNAL SENT_AFTER_TIME 91995.199827
91995.199382 DISPLAY_TEXT OFF
91995.548148 CHEETAH_SIGNAL SENT_AFTER_TIME 91995.515973
91995.515623 DISPLAY_TEXT 49 121 4 girls
91995.765448 CHEETAH_SIGNAL SENT_AFTER_TIME 91995.733319
91995.732879 DISPLAY_TEXT OFF
91996.081625 CHEETAH_SIGNAL SENT_AFTER_TIME 91996.049457
91996.049021 DISPLAY_TEXT 50 121 5 find?
91996.299359 CHEETAH_SIGNAL SENT_AFTER_TIME 91996.267147
91996.266704 DISPLAY_TEXT OFF
91997.315363 CHEETAH_SIGNAL SENT_AFTER_TIME 91997.283190
91997.282777 DISPLAY_TEXT 51 55 1 The
91997.532021 CHEETAH_SIGNAL SENT_AFTER_TIME 91997.499704
91997.499236 DISPLAY_TEXT OFF
91997.849324 CHEETAH_SIGNAL SENT_AFTER_TIME 91997.817147
91997.816712 DISPLAY_TEXT 52 55 2 girls
91998.065485 CHEETAH_SIGNAL SENT_AFTER_TIME 91998.033272
91998.032835 DISPLAY_TEXT OFF
91998.382835 CHEETAH_SIGNAL SENT_AFTER_TIME 91998.350582
91998.350138 DISPLAY_TEXT 53 55 3 cough.
91998.599354 CHEETAH_SIGNAL SENT_AFTER_TIME 91998.567200
91998.566755 DISPLAY_TEXT OFF
91999.616632 CHEETAH_SIGNAL SENT_AFTER_TIME 91999.584404
91999.583964 DISPLAY_TEXT 54 148 1 The
91999.832763 CHEETAH_SIGNAL SENT_AFTER_TIME 91999.800611
91999.800166 DISPLAY_TEXT OFF
92000.149043 CHEETAH_SIGNAL SENT_AFTER_TIME 92000.116788
92000.116340 DISPLAY_TEXT 55 148 2 grandpa
92000.366259 CHEETAH_SIGNAL SENT_AFTER_TIME 92000.334057
92000.333610 DISPLAY_TEXT OFF
92000.682451 CHEETAH_SIGNAL SENT_AFTER_TIME 92000.650250
92000.649818 DISPLAY_TEXT 56 148 3 ate
92000.899906 CHEETAH_SIGNAL SENT_AFTER_TIME 92000.867594
92000.867160 DISPLAY_TEXT OFF
92001.215932 CHEETAH_SIGNAL SENT_AFTER_TIME 92001.183720
92001.183282 DISPLAY_TEXT 57 148 4 the
92001.433210 CHEETAH_SIGNAL SENT_AFTER_TIME 92001.401002
92001.400559 DISPLAY_TEXT OFF
92001.749492 CHEETAH_SIGNAL SENT_AFTER_TIME 92001.717362
92001.716929 DISPLAY_TEXT 58 148 5 meal.
92001.966163 CHEETAH_SIGNAL SENT_AFTER_TIME 92001.933979
92001.933567 DISPLAY_TEXT OFF
92002.664838 KEY_PRESS l
92002.816828 KEY_PRESS l
92002.982860 CHEETAH_SIGNAL SENT_AFTER_TIME 92002.950714
92002.950285 DISPLAY_TEXT 59 3 1 They
92003.200073 CHEETAH_SIGNAL SENT_AFTER_TIME 92003.167922
92003.167478 DISPLAY_TEXT OFF
92003.516110 CHEETAH_SIGNAL SENT_AFTER_TIME 92003.483895
92003.483485 DISPLAY_TEXT 60 3 2 ate
92003.733277 CHEETAH_SIGNAL SENT_AFTER_TIME 92003.701092
92003.700658 DISPLAY_TEXT OFF
92004.050717 CHEETAH_SIGNAL SENT_AFTER_TIME 92004.018409
92004.017962 DISPLAY_TEXT 61 3 3 the
92004.266741 CHEETAH_SIGNAL SENT_AFTER_TIME 92004.234511
92004.234087 DISPLAY_TEXT OFF
92004.583989 CHEETAH_SIGNAL SENT_AFTER_TIME 92004.551809
92004.551376 DISPLAY_TEXT 62 3 4 grapes
92004.800068 CHEETAH_SIGNAL SENT_AFTER_TIME 92004.767887
92004.767453 DISPLAY_TEXT OFF
92005.117423 CHEETAH_SIGNAL SENT_AFTER_TIME 92005.085189
92005.084762 DISPLAY_TEXT 63 3 5 together.
92005.208844 KEY_PRESS l
92005.334107 CHEETAH_SIGNAL SENT_AFTER_TIME 92005.302011
92005.301567 DISPLAY_TEXT OFF
92005.328818 KEY_PRESS l
92006.350683 CHEETAH_SIGNAL SENT_AFTER_TIME 92006.318424
92006.317992 DISPLAY_TEXT 64 96 1 The
92006.566709 CHEETAH_SIGNAL SENT_AFTER_TIME 92006.534503
92006.534091 DISPLAY_TEXT OFF
92006.884053 CHEETAH_SIGNAL SENT_AFTER_TIME 92006.851842
92006.851398 DISPLAY_TEXT 65 96 2 girl
92007.100165 CHEETAH_SIGNAL SENT_AFTER_TIME 92007.067947
92007.067497 DISPLAY_TEXT OFF
92007.417348 CHEETAH_SIGNAL SENT_AFTER_TIME 92007.385167
92007.384734 DISPLAY_TEXT 66 96 3 kicked
92007.633452 CHEETAH_SIGNAL SENT_AFTER_TIME 92007.601286
92007.600841 DISPLAY_TEXT OFF
92007.950686 CHEETAH_SIGNAL SENT_AFTER_TIME 92007.918514
92007.918166 DISPLAY_TEXT 67 96 4 the
92008.166770 CHEETAH_SIGNAL SENT_AFTER_TIME 92008.134631
92008.134207 DISPLAY_TEXT OFF
92008.484096 CHEETAH_SIGNAL SENT_AFTER_TIME 92008.451980
92008.451551 DISPLAY_TEXT 68 96 5 ball.
92008.700702 CHEETAH_SIGNAL SENT_AFTER_TIME 92008.668555
92008.668201 DISPLAY_TEXT OFF
92009.716986 CHEETAH_SIGNAL SENT_AFTER_TIME 92009.684823
92009.684479 DISPLAY_TEXT 69 136 1 Who
92009.934365 CHEETAH_SIGNAL SENT_AFTER_TIME 92009.902216
92009.901779 DISPLAY_TEXT OFF
92010.251406 CHEETAH_SIGNAL SENT_AFTER_TIME 92010.219232
92010.218800 DISPLAY_TEXT 70 136 2 kissed
92010.467410 CHEETAH_SIGNAL SENT_AFTER_TIME 92010.435270
92010.434836 DISPLAY_TEXT OFF
92010.784787 CHEETAH_SIGNAL SENT_AFTER_TIME 92010.752572
92010.752138 DISPLAY_TEXT 71 136 3 the
92011.000806 CHEETAH_SIGNAL SENT_AFTER_TIME 92010.968662
92010.968218 DISPLAY_TEXT OFF
92011.318089 CHEETAH_SIGNAL SENT_AFTER_TIME 92011.285913
92011.285481 DISPLAY_TEXT 72 136 4 clowns?
92011.534388 CHEETAH_SIGNAL SENT_AFTER_TIME 92011.502159
92011.501727 DISPLAY_TEXT OFF
92012.551593 CHEETAH_SIGNAL SENT_AFTER_TIME 92012.519437
92012.519007 DISPLAY_TEXT 73 68 1 He
92012.767692 CHEETAH_SIGNAL SENT_AFTER_TIME 92012.735536
92012.735107 DISPLAY_TEXT OFF
92013.085004 CHEETAH_SIGNAL SENT_AFTER_TIME 92013.052824
92013.052391 DISPLAY_TEXT 74 68 2 crawled.
92013.301562 CHEETAH_SIGNAL SENT_AFTER_TIME 92013.269387
92013.268956 DISPLAY_TEXT OFF
92014.318291 CHEETAH_SIGNAL SENT_AFTER_TIME 92014.286098
92014.285653 DISPLAY_TEXT 75 16 1 What
92014.535080 CHEETAH_SIGNAL SENT_AFTER_TIME 92014.502992
92014.502540 DISPLAY_TEXT OFF
92014.851387 CHEETAH_SIGNAL SENT_AFTER_TIME 92014.819176
92014.818734 DISPLAY_TEXT 76 16 2 will
92015.068553 CHEETAH_SIGNAL SENT_AFTER_TIME 92015.036399
92015.035965 DISPLAY_TEXT OFF
92015.384856 CHEETAH_SIGNAL SENT_AFTER_TIME 92015.352596
92015.352162 DISPLAY_TEXT 77 16 3 the
92015.602103 CHEETAH_SIGNAL SENT_AFTER_TIME 92015.569899
92015.569457 DISPLAY_TEXT OFF
92015.918072 CHEETAH_SIGNAL SENT_AFTER_TIME 92015.885915
92015.885501 DISPLAY_TEXT 78 16 4 girls
92016.135457 CHEETAH_SIGNAL SENT_AFTER_TIME 92016.103239
92016.102794 DISPLAY_TEXT OFF
92016.451653 CHEETAH_SIGNAL SENT_AFTER_TIME 92016.419462
92016.419018 DISPLAY_TEXT 79 16 5 find?
92016.668366 CHEETAH_SIGNAL SENT_AFTER_TIME 92016.636110
92016.635648 DISPLAY_TEXT OFF
92017.685887 CHEETAH_SIGNAL SENT_AFTER_TIME 92017.653690
92017.653258 DISPLAY_TEXT 80 140 1 The
92017.902230 CHEETAH_SIGNAL SENT_AFTER_TIME 92017.869978
92017.869517 DISPLAY_TEXT OFF
92018.219344 CHEETAH_SIGNAL SENT_AFTER_TIME 92018.187150
92018.186739 DISPLAY_TEXT 81 140 2 actors
92018.435498 CHEETAH_SIGNAL SENT_AFTER_TIME 92018.403278
92018.402832 DISPLAY_TEXT OFF
92018.752773 CHEETAH_SIGNAL SENT_AFTER_TIME 92018.720571
92018.720137 DISPLAY_TEXT 82 140 3 were
92018.968882 CHEETAH_SIGNAL SENT_AFTER_TIME 92018.936710
92018.936276 DISPLAY_TEXT OFF
92019.286181 CHEETAH_SIGNAL SENT_AFTER_TIME 92019.254045
92019.253608 DISPLAY_TEXT 83 140 4 scorned.
92019.502690 CHEETAH_SIGNAL SENT_AFTER_TIME 92019.470572
92019.470120 DISPLAY_TEXT OFF
92020.519071 CHEETAH_SIGNAL SENT_AFTER_TIME 92020.486916
92020.486484 DISPLAY_TEXT 84 135 1 The
92020.736384 CHEETAH_SIGNAL SENT_AFTER_TIME 92020.704197
92020.703762 DISPLAY_TEXT OFF
92021.052571 CHEETAH_SIGNAL SENT_AFTER_TIME 92021.020347
92021.019913 DISPLAY_TEXT 85 135 2 boy
92021.269877 CHEETAH_SIGNAL SENT_AFTER_TIME 92021.237591
92021.237133 DISPLAY_TEXT OFF
92021.585998 CHEETAH_SIGNAL SENT_AFTER_TIME 92021.553730
92021.553287 DISPLAY_TEXT 86 135 3 heard
92021.803268 CHEETAH_SIGNAL SENT_AFTER_TIME 92021.771041
92021.770585 DISPLAY_TEXT OFF
92022.119399 CHEETAH_SIGNAL SENT_AFTER_TIME 92022.087173
92022.086742 DISPLAY_TEXT 87 135 4 the
92022.336654 CHEETAH_SIGNAL SENT_AFTER_TIME 92022.304491
92022.304047 DISPLAY_TEXT OFF
92022.652831 CHEETAH_SIGNAL SENT_AFTER_TIME 92022.620676
92022.620240 DISPLAY_TEXT 88 135 5 men.
92022.869341 CHEETAH_SIGNAL SENT_AFTER_TIME 92022.837158
92022.836744 DISPLAY_TEXT OFF
92023.886323 CHEETAH_SIGNAL SENT_AFTER_TIME 92023.854086
92023.853655 DISPLAY_TEXT 89 69 1 The
92024.103540 CHEETAH_SIGNAL SENT_AFTER_TIME 92024.071416
92024.070956 DISPLAY_TEXT OFF
92024.419385 CHEETAH_SIGNAL SENT_AFTER_TIME 92024.387508
92024.387075 DISPLAY_TEXT 90 69 2 boy
92024.637026 CHEETAH_SIGNAL SENT_AFTER_TIME 92024.604802
92024.604349 DISPLAY_TEXT OFF
92024.953234 CHEETAH_SIGNAL SENT_AFTER_TIME 92024.920990
92024.920544 DISPLAY_TEXT 91 69 3 jumped.
92025.169606 CHEETAH_SIGNAL SENT_AFTER_TIME 92025.137471
92025.137013 DISPLAY_TEXT OFF
92026.186505 CHEETAH_SIGNAL SENT_AFTER_TIME 92026.154342
92026.153911 DISPLAY_TEXT 92 115 1 She
92026.403877 CHEETAH_SIGNAL SENT_AFTER_TIME 92026.371701
92026.371257 DISPLAY_TEXT OFF
92026.720038 CHEETAH_SIGNAL SENT_AFTER_TIME 92026.687841
92026.687399 DISPLAY_TEXT 93 115 2 discovered
92026.936922 CHEETAH_SIGNAL SENT_AFTER_TIME 92026.904639
92026.904188 DISPLAY_TEXT OFF
92027.253889 CHEETAH_SIGNAL SENT_AFTER_TIME 92027.221718
92027.221285 DISPLAY_TEXT 94 115 3 that
92027.470191 CHEETAH_SIGNAL SENT_AFTER_TIME 92027.437944
92027.437497 DISPLAY_TEXT OFF
92027.787675 CHEETAH_SIGNAL SENT_AFTER_TIME 92027.755511
92027.755057 DISPLAY_TEXT 95 115 4 they
92028.003881 CHEETAH_SIGNAL SENT_AFTER_TIME 92027.971721
92027.971268 DISPLAY_TEXT OFF
92028.321248 CHEETAH_SIGNAL SENT_AFTER_TIME 92028.289103
92028.288669 DISPLAY_TEXT 96 115 5 cough.
92028.538053 CHEETAH_SIGNAL SENT_AFTER_TIME 92028.505831
92028.505388 DISPLAY_TEXT OFF
92029.553707 CHEETAH_SIGNAL SENT_AFTER_TIME 92029.521558
92029.521104 DISPLAY_TEXT 97 11 1 He
92029.771027 CHEETAH_SIGNAL SENT_AFTER_TIME 92029.738803
92029.738355 DISPLAY_TEXT OFF
92030.087260 CHEETAH_SIGNAL SENT_AFTER_TIME 92030.055112
92030.054682 DISPLAY_TEXT 98 11 2 will
92030.304101 CHEETAH_SIGNAL SENT_AFTER_TIME 92030.271947
92030.271514 DISPLAY_TEXT OFF
92030.621362 CHEETAH_SIGNAL SENT_AFTER_TIME 92030.589143
92030.588805 DISPLAY_TEXT 99 11 3 drive.
92030.838068 CHEETAH_SIGNAL SENT_AFTER_TIME 92030.805871
92030.805424 DISPLAY_TEXT OFF
92031.854637 CHEETAH_SIGNAL SENT_AFTER_TIME 92031.822423
92031.821991 DISPLAY_TEXT 100 101 1 She
92032.071209 CHEETAH_SIGNAL SENT_AFTER_TIME 92032.039106
92032.038671 DISPLAY_TEXT OFF
92032.388635 CHEETAH_SIGNAL SENT_AFTER_TIME 92032.356403
92032.355974 DISPLAY_TEXT 101 101 2 cries.
92032.605437 CHEETAH_SIGNAL SENT_AFTER_TIME 92032.573224
92032.572776 DISPLAY_TEXT OFF
92033.621449 CHEETAH_SIGNAL SENT_AFTER_TIME 92033.589233
92033.588896 DISPLAY_TEXT 102 54 1 She
92033.838838 CHEETAH_SIGNAL SENT_AFTER_TIME 92033.806641
92033.806207 DISPLAY_TEXT OFF
92034.155049 CHEETAH_SIGNAL SENT_AFTER_TIME 92034.122867
92034.122436 DISPLAY_TEXT 103 54 2 smiled.
92034.371877 CHEETAH_SIGNAL SENT_AFTER_TIME 92034.339654
92034.339207 DISPLAY_TEXT OFF
92035.388758 CHEETAH_SIGNAL SENT_AFTER_TIME 92035.356529
92035.356098 DISPLAY_TEXT 104 105 1 The
92035.605059 CHEETAH_SIGNAL SENT_AFTER_TIME 92035.572743
92035.572297 DISPLAY_TEXT OFF
92035.922533 CHEETAH_SIGNAL SENT_AFTER_TIME 92035.890282
92035.889839 DISPLAY_TEXT 105 105 2 boys
92036.138698 CHEETAH_SIGNAL SENT_AFTER_TIME 92036.106477
92036.106031 DISPLAY_TEXT OFF
92036.456020 CHEETAH_SIGNAL SENT_AFTER_TIME 92036.423777
92036.423346 DISPLAY_TEXT 106 105 3 winked.
92036.672503 CHEETAH_SIGNAL SENT_AFTER_TIME 92036.640300
92036.639865 DISPLAY_TEXT OFF
92037.688893 CHEETAH_SIGNAL SENT_AFTER_TIME 92037.656572
92037.656121 DISPLAY_TEXT 107 30 1 Whom
92037.906173 CHEETAH_SIGNAL SENT_AFTER_TIME 92037.873926
92037.873468 DISPLAY_TEXT OFF
92038.222267 CHEETAH_SIGNAL SENT_AFTER_TIME 92038.190025
92038.189600 DISPLAY_TEXT 108 30 2 will
92038.439583 CHEETAH_SIGNAL SENT_AFTER_TIME 92038.407402
92038.406967 DISPLAY_TEXT OFF
92038.755860 CHEETAH_SIGNAL SENT_AFTER_TIME 92038.723570
92038.723137 DISPLAY_TEXT 109 30 3 the
92038.971986 CHEETAH_SIGNAL SENT_AFTER_TIME 92038.939731
92038.939272 DISPLAY_TEXT OFF
92039.289311 CHEETAH_SIGNAL SENT_AFTER_TIME 92039.257109
92039.256675 DISPLAY_TEXT 110 30 4 boy
92039.505519 CHEETAH_SIGNAL SENT_AFTER_TIME 92039.473296
92039.472866 DISPLAY_TEXT OFF
92039.822876 CHEETAH_SIGNAL SENT_AFTER_TIME 92039.790590
92039.790146 DISPLAY_TEXT 111 30 5 hear?
92040.039262 CHEETAH_SIGNAL SENT_AFTER_TIME 92040.007153
92040.006706 DISPLAY_TEXT OFF
92041.056136 CHEETAH_SIGNAL SENT_AFTER_TIME 92041.023935
92041.023500 DISPLAY_TEXT 112 133 1 Who
92041.272332 CHEETAH_SIGNAL SENT_AFTER_TIME 92041.240094
92041.239662 DISPLAY_TEXT OFF
92041.589223 CHEETAH_SIGNAL SENT_AFTER_TIME 92041.557000
92041.556568 DISPLAY_TEXT 113 133 2 found
92041.806660 CHEETAH_SIGNAL SENT_AFTER_TIME 92041.774353
92041.773892 DISPLAY_TEXT OFF
92042.122728 CHEETAH_SIGNAL SENT_AFTER_TIME 92042.090439
92042.090007 DISPLAY_TEXT 114 133 3 the
92042.340057 CHEETAH_SIGNAL SENT_AFTER_TIME 92042.307743
92042.307297 DISPLAY_TEXT OFF
92042.656182 CHEETAH_SIGNAL SENT_AFTER_TIME 92042.623953
92042.623512 DISPLAY_TEXT 115 133 4 bikes?
92042.872638 CHEETAH_SIGNAL SENT_AFTER_TIME 92042.840440
92042.839996 DISPLAY_TEXT OFF
92043.889960 CHEETAH_SIGNAL SENT_AFTER_TIME 92043.857703
92043.857273 DISPLAY_TEXT 116 149 1 The
92044.107180 CHEETAH_SIGNAL SENT_AFTER_TIME 92044.074941
92044.074497 DISPLAY_TEXT OFF
92044.423282 CHEETAH_SIGNAL SENT_AFTER_TIME 92044.391060
92044.390628 DISPLAY_TEXT 117 149 2 girl
92044.640579 CHEETAH_SIGNAL SENT_AFTER_TIME 92044.608375
92044.607931 DISPLAY_TEXT OFF
92044.956769 CHEETAH_SIGNAL SENT_AFTER_TIME 92044.924570
92044.924139 DISPLAY_TEXT 118 149 3 cries.
92045.173620 CHEETAH_SIGNAL SENT_AFTER_TIME 92045.141370
92045.140937 DISPLAY_TEXT OFF
92046.190251 CHEETAH_SIGNAL SENT_AFTER_TIME 92046.158054
92046.157703 DISPLAY_TEXT 119 45 1 Whom
92046.406623 CHEETAH_SIGNAL SENT_AFTER_TIME 92046.374392
92046.373947 DISPLAY_TEXT OFF
92046.723960 CHEETAH_SIGNAL SENT_AFTER_TIME 92046.691616
92046.691175 DISPLAY_TEXT 120 45 2 does
92046.940568 CHEETAH_SIGNAL SENT_AFTER_TIME 92046.908311
92046.907874 DISPLAY_TEXT OFF
92047.256788 CHEETAH_SIGNAL SENT_AFTER_TIME 92047.224504
92047.224073 DISPLAY_TEXT 121 45 3 the
92047.473911 CHEETAH_SIGNAL SENT_AFTER_TIME 92047.441744
92047.441297 DISPLAY_TEXT OFF
92047.790153 CHEETAH_SIGNAL SENT_AFTER_TIME 92047.757900
92047.757464 DISPLAY_TEXT 122 45 4 boy
92048.007496 CHEETAH_SIGNAL SENT_AFTER_TIME 92047.975253
92047.974804 DISPLAY_TEXT OFF
92048.323566 CHEETAH_SIGNAL SENT_AFTER_TIME 92048.291388
92048.290954 DISPLAY_TEXT 123 45 5 tickle?
92048.541316 CHEETAH_SIGNAL SENT_AFTER_TIME 92048.509041
92048.508584 DISPLAY_TEXT OFF
92049.557519 CHEETAH_SIGNAL SENT_AFTER_TIME 92049.525297
92049.524853 DISPLAY_TEXT 124 77 1 Who
92049.774721 CHEETAH_SIGNAL SENT_AFTER_TIME 92049.742528
92049.742095 DISPLAY_TEXT OFF
92050.091222 CHEETAH_SIGNAL SENT_AFTER_TIME 92050.058909
92050.058468 DISPLAY_TEXT 125 77 2 heard
92050.307421 CHEETAH_SIGNAL SENT_AFTER_TIME 92050.275209
92050.274748 DISPLAY_TEXT OFF
92050.624538 CHEETAH_SIGNAL SENT_AFTER_TIME 92050.592307
92050.591897 DISPLAY_TEXT 126 77 3 the
92050.840864 CHEETAH_SIGNAL SENT_AFTER_TIME 92050.808624
92050.808190 DISPLAY_TEXT OFF
92051.158143 CHEETAH_SIGNAL SENT_AFTER_TIME 92051.125938
92051.125504 DISPLAY_TEXT 127 77 4 men?
92051.374797 CHEETAH_SIGNAL SENT_AFTER_TIME 92051.342573
92051.342129 DISPLAY_TEXT OFF
92052.391283 CHEETAH_SIGNAL SENT_AFTER_TIME 92052.359005
92052.358561 DISPLAY_TEXT 128 60 1 The
92052.608531 CHEETAH_SIGNAL SENT_AFTER_TIME 92052.576324
92052.575980 DISPLAY_TEXT OFF
92052.924637 CHEETAH_SIGNAL SENT_AFTER_TIME 92052.892465
92052.892033 DISPLAY_TEXT 129 60 2 boy
92053.141995 CHEETAH_SIGNAL SENT_AFTER_TIME 92053.109765
92053.109302 DISPLAY_TEXT OFF
92053.458071 CHEETAH_SIGNAL SENT_AFTER_TIME 92053.425802
92053.425368 DISPLAY_TEXT 130 60 3 smelled
92053.675530 CHEETAH_SIGNAL SENT_AFTER_TIME 92053.643207
92053.642753 DISPLAY_TEXT OFF
92053.991541 CHEETAH_SIGNAL SENT_AFTER_TIME 92053.959301
92053.958869 DISPLAY_TEXT 131 60 4 the
92054.208806 CHEETAH_SIGNAL SENT_AFTER_TIME 92054.176504
92054.176148 DISPLAY_TEXT OFF
92054.521656 CHEETAH_SIGNAL SENT_AFTER_TIME 92054.489823
92054.489597 DISPLAY_TEXT 132 60 5 flowers.
92054.741866 CHEETAH_SIGNAL SENT_AFTER_TIME 92054.709602
92054.709145 DISPLAY_TEXT OFF
92055.758105 CHEETAH_SIGNAL SENT_AFTER_TIME 92055.725843
92055.725390 DISPLAY_TEXT 133 113 1 What
92055.975361 CHEETAH_SIGNAL SENT_AFTER_TIME 92055.943110
92055.942629 DISPLAY_TEXT OFF
92056.292456 CHEETAH_SIGNAL SENT_AFTER_TIME 92056.260226
92056.259842 DISPLAY_TEXT 134 113 2 will
92056.508628 CHEETAH_SIGNAL SENT_AFTER_TIME 92056.476448
92056.476020 DISPLAY_TEXT OFF
92056.825833 CHEETAH_SIGNAL SENT_AFTER_TIME 92056.793590
92056.793239 DISPLAY_TEXT 135 113 3 the
92057.041985 CHEETAH_SIGNAL SENT_AFTER_TIME 92057.009774
92057.009353 DISPLAY_TEXT OFF
92057.359257 CHEETAH_SIGNAL SENT_AFTER_TIME 92057.326977
92057.326630 DISPLAY_TEXT 136 113 4 boy
92057.575293 CHEETAH_SIGNAL SENT_AFTER_TIME 92057.543090
92057.542745 DISPLAY_TEXT OFF
92057.892587 CHEETAH_SIGNAL SENT_AFTER_TIME 92057.860377
92057.860004 DISPLAY_TEXT 137 113 5 smell?
92058.109165 CHEETAH_SIGNAL SENT_AFTER_TIME 92058.076953
92058.076597 DISPLAY_TEXT OFF
92059.125795 CHEETAH_SIGNAL SENT_AFTER_TIME 92059.093569
92059.093220 DISPLAY_TEXT 138 147 1 The
92059.343245 CHEETAH_SIGNAL SENT_AFTER_TIME 92059.310970
92059.310621 DISPLAY_TEXT OFF
92059.659432 CHEETAH_SIGNAL SENT_AFTER_TIME 92059.627208
92059.626832 DISPLAY_TEXT 139 147 2 boys
92059.876101 CHEETAH_SIGNAL SENT_AFTER_TIME 92059.843377
92059.843021 DISPLAY_TEXT OFF
92060.192988 CHEETAH_SIGNAL SENT_AFTER_TIME 92060.160775
92060.160414 DISPLAY_TEXT 140 147 3 tickle
92060.409233 CHEETAH_SIGNAL SENT_AFTER_TIME 92060.377015
92060.376640 DISPLAY_TEXT OFF
92060.726410 CHEETAH_SIGNAL SENT_AFTER_TIME 92060.694158
92060.693810 DISPLAY_TEXT 141 147 4 the
92060.942759 CHEETAH_SIGNAL SENT_AFTER_TIME 92060.910470
92060.910112 DISPLAY_TEXT OFF
92061.259059 CHEETAH_SIGNAL SENT_AFTER_TIME 92061.226763
92061.226415 DISPLAY_TEXT 142 147 5 girl.
92061.476665 CHEETAH_SIGNAL SENT_AFTER_TIME 92061.444380
92061.444030 DISPLAY_TEXT OFF
92062.492848 CHEETAH_SIGNAL SENT_AFTER_TIME 92062.460603
92062.460258 DISPLAY_TEXT 143 150 1 What
92062.710193 CHEETAH_SIGNAL SENT_AFTER_TIME 92062.677973
92062.677612 DISPLAY_TEXT OFF
92063.026835 CHEETAH_SIGNAL SENT_AFTER_TIME 92062.994531
92062.994179 DISPLAY_TEXT 144 150 2 did
92063.242994 CHEETAH_SIGNAL SENT_AFTER_TIME 92063.210763
92063.210415 DISPLAY_TEXT OFF
92063.560254 CHEETAH_SIGNAL SENT_AFTER_TIME 92063.528126
92063.527776 DISPLAY_TEXT 145 150 3 the
92063.776609 CHEETAH_SIGNAL SENT_AFTER_TIME 92063.744338
92063.743976 DISPLAY_TEXT OFF
92064.092803 CHEETAH_SIGNAL SENT_AFTER_TIME 92064.060503
92064.060168 DISPLAY_TEXT 146 150 4 boy
92064.310085 CHEETAH_SIGNAL SENT_AFTER_TIME 92064.277878
92064.277525 DISPLAY_TEXT OFF
92064.626054 CHEETAH_SIGNAL SENT_AFTER_TIME 92064.594029
92064.593729 DISPLAY_TEXT 147 150 5 smell?
92064.842937 CHEETAH_SIGNAL SENT_AFTER_TIME 92064.810674
92064.810291 DISPLAY_TEXT OFF
92065.860145 CHEETAH_SIGNAL SENT_AFTER_TIME 92065.827911
92065.827560 DISPLAY_TEXT 148 74 1 She
92066.076299 CHEETAH_SIGNAL SENT_AFTER_TIME 92066.044076
92066.043723 DISPLAY_TEXT OFF
92066.393650 CHEETAH_SIGNAL SENT_AFTER_TIME 92066.361441
92066.361092 DISPLAY_TEXT 149 74 2 eats
92066.609891 CHEETAH_SIGNAL SENT_AFTER_TIME 92066.577666
92066.577307 DISPLAY_TEXT OFF
92066.927106 CHEETAH_SIGNAL SENT_AFTER_TIME 92066.894989
92066.894624 DISPLAY_TEXT 150 74 3 the
92067.144266 CHEETAH_SIGNAL SENT_AFTER_TIME 92067.112019
92067.111668 DISPLAY_TEXT OFF
92067.460250 CHEETAH_SIGNAL SENT_AFTER_TIME 92067.428251
92067.427900 DISPLAY_TEXT 151 74 4 salad.
92067.676902 CHEETAH_SIGNAL SENT_AFTER_TIME 92067.644780
92067.644415 DISPLAY_TEXT OFF
92068.184837 KEY_PRESS l
92068.344824 KEY_PRESS l
92068.693528 CHEETAH_SIGNAL SENT_AFTER_TIME 92068.661415
92068.661122 DISPLAY_TEXT 152 78 1 She
92068.911099 CHEETAH_SIGNAL SENT_AFTER_TIME 92068.878864
92068.878513 DISPLAY_TEXT OFF
92069.227338 CHEETAH_SIGNAL SENT_AFTER_TIME 92069.195132
92069.194718 DISPLAY_TEXT 153 78 2 saw
92069.444661 CHEETAH_SIGNAL SENT_AFTER_TIME 92069.412424
92069.412060 DISPLAY_TEXT OFF
92069.760575 CHEETAH_SIGNAL SENT_AFTER_TIME 92069.728376
92069.728022 DISPLAY_TEXT 154 78 3 that
92069.977972 CHEETAH_SIGNAL SENT_AFTER_TIME 92069.945661
92069.945307 DISPLAY_TEXT OFF
92070.294134 CHEETAH_SIGNAL SENT_AFTER_TIME 92070.261873
92070.261521 DISPLAY_TEXT 155 78 4 he
92070.511386 CHEETAH_SIGNAL SENT_AFTER_TIME 92070.479226
92070.478862 DISPLAY_TEXT OFF
92070.827642 CHEETAH_SIGNAL SENT_AFTER_TIME 92070.795420
92070.795066 DISPLAY_TEXT 156 78 5 crawled.
92071.044311 CHEETAH_SIGNAL SENT_AFTER_TIME 92071.012094
92071.011741 DISPLAY_TEXT OFF
92072.060661 CHEETAH_SIGNAL SENT_AFTER_TIME 92072.028463
92072.028111 DISPLAY_TEXT 157 72 1 The
92072.277922 CHEETAH_SIGNAL SENT_AFTER_TIME 92072.245752
92072.245387 DISPLAY_TEXT OFF
92072.594120 CHEETAH_SIGNAL SENT_AFTER_TIME 92072.562048
92072.561616 DISPLAY_TEXT 158 72 2 girls
92072.811540 CHEETAH_SIGNAL SENT_AFTER_TIME 92072.779277
92072.778897 DISPLAY_TEXT OFF
92073.127649 CHEETAH_SIGNAL SENT_AFTER_TIME 92073.095432
92073.095080 DISPLAY_TEXT 159 72 3 found
92073.344759 CHEETAH_SIGNAL SENT_AFTER_TIME 92073.312570
92073.312220 DISPLAY_TEXT OFF
92073.660973 CHEETAH_SIGNAL SENT_AFTER_TIME 92073.628765
92073.628414 DISPLAY_TEXT 160 72 4 the
92073.878320 CHEETAH_SIGNAL SENT_AFTER_TIME 92073.846075
92073.845725 DISPLAY_TEXT OFF
92074.195287 CHEETAH_SIGNAL SENT_AFTER_TIME 92074.163128
92074.162678 DISPLAY_TEXT 161 72 5 bikes.
92074.411845 CHEETAH_SIGNAL SENT_AFTER_TIME 92074.379602
92074.379240 DISPLAY_TEXT OFF
92075.428600 CHEETAH_SIGNAL SENT_AFTER_TIME 92075.396411
92075.395980 DISPLAY_TEXT 162 62 1 What
92075.644756 CHEETAH_SIGNAL SENT_AFTER_TIME 92075.612541
92075.612188 DISPLAY_TEXT OFF
92075.962171 CHEETAH_SIGNAL SENT_AFTER_TIME 92075.929923
92075.929496 DISPLAY_TEXT 163 62 2 will
92076.178199 CHEETAH_SIGNAL SENT_AFTER_TIME 92076.146028
92076.145665 DISPLAY_TEXT OFF
92076.495526 CHEETAH_SIGNAL SENT_AFTER_TIME 92076.463365
92076.463014 DISPLAY_TEXT 164 62 3 the
92076.711777 CHEETAH_SIGNAL SENT_AFTER_TIME 92076.679566
92076.679186 DISPLAY_TEXT OFF
92077.028999 CHEETAH_SIGNAL SENT_AFTER_TIME 92076.996780
92076.996401 DISPLAY_TEXT 165 62 4 girl
92077.245151 CHEETAH_SIGNAL SENT_AFTER_TIME 92077.212915
92077.212528 DISPLAY_TEXT OFF
92077.562432 CHEETAH_SIGNAL SENT_AFTER_TIME 92077.530207
92077.529815 DISPLAY_TEXT 166 62 5 kick?
92077.778980 CHEETAH_SIGNAL SENT_AFTER_TIME 92077.746739
92077.746308 DISPLAY_TEXT OFF
92078.795073 CHEETAH_SIGNAL SENT_AFTER_TIME 92078.762896
92078.762545 DISPLAY_TEXT 167 70 1 She
92079.012455 CHEETAH_SIGNAL SENT_AFTER_TIME 92078.980209
92078.979819 DISPLAY_TEXT OFF
92079.328523 CHEETAH_SIGNAL SENT_AFTER_TIME 92079.296345
92079.295997 DISPLAY_TEXT 168 70 2 jumps.
92079.546322 CHEETAH_SIGNAL SENT_AFTER_TIME 92079.514096
92079.513663 DISPLAY_TEXT OFF
92080.562488 CHEETAH_SIGNAL SENT_AFTER_TIME 92080.530240
92080.529791 DISPLAY_TEXT 169 129 1 Who
92080.779676 CHEETAH_SIGNAL SENT_AFTER_TIME 92080.747460
92080.747015 DISPLAY_TEXT OFF
92081.095743 CHEETAH_SIGNAL SENT_AFTER_TIME 92081.063539
92081.063166 DISPLAY_TEXT 170 129 2 smiles?
92081.312369 CHEETAH_SIGNAL SENT_AFTER_TIME 92081.280140
92081.279706 DISPLAY_TEXT OFF
92082.329479 CHEETAH_SIGNAL SENT_AFTER_TIME 92082.297247
92082.296819 DISPLAY_TEXT 171 107 1 They
92082.546768 CHEETAH_SIGNAL SENT_AFTER_TIME 92082.514532
92082.514111 DISPLAY_TEXT OFF
92082.863008 CHEETAH_SIGNAL SENT_AFTER_TIME 92082.830763
92082.830317 DISPLAY_TEXT 172 107 2 were
92083.080084 CHEETAH_SIGNAL SENT_AFTER_TIME 92083.047873
92083.047430 DISPLAY_TEXT OFF
92083.396414 CHEETAH_SIGNAL SENT_AFTER_TIME 92083.364142
92083.363695 DISPLAY_TEXT 173 107 3 loved.
92083.613042 CHEETAH_SIGNAL SENT_AFTER_TIME 92083.580803
92083.580344 DISPLAY_TEXT OFF
92084.629567 CHEETAH_SIGNAL SENT_AFTER_TIME 92084.597426
92084.597020 DISPLAY_TEXT 174 134 1 Who
92084.846911 CHEETAH_SIGNAL SENT_AFTER_TIME 92084.814675
92084.814240 DISPLAY_TEXT OFF
92085.162997 CHEETAH_SIGNAL SENT_AFTER_TIME 92085.130920
92085.130490 DISPLAY_TEXT 175 134 2 crawled?
92085.379564 CHEETAH_SIGNAL SENT_AFTER_TIME 92085.347375
92085.346929 DISPLAY_TEXT OFF
92086.396701 CHEETAH_SIGNAL SENT_AFTER_TIME 92086.364541
92086.364110 DISPLAY_TEXT 176 51 1 She
92086.613464 CHEETAH_SIGNAL SENT_AFTER_TIME 92086.581277
92086.580845 DISPLAY_TEXT OFF
92086.930764 CHEETAH_SIGNAL SENT_AFTER_TIME 92086.898520
92086.898076 DISPLAY_TEXT 177 51 2 smelled
92087.146764 CHEETAH_SIGNAL SENT_AFTER_TIME 92087.114597
92087.114143 DISPLAY_TEXT OFF
92087.463491 CHEETAH_SIGNAL SENT_AFTER_TIME 92087.431295
92087.430866 DISPLAY_TEXT 178 51 3 it
92087.680073 CHEETAH_SIGNAL SENT_AFTER_TIME 92087.647881
92087.647530 DISPLAY_TEXT OFF
92087.996741 CHEETAH_SIGNAL SENT_AFTER_TIME 92087.964561
92087.964129 DISPLAY_TEXT 179 51 4 burn.
92088.213461 CHEETAH_SIGNAL SENT_AFTER_TIME 92088.181265
92088.180821 DISPLAY_TEXT OFF
92089.231340 CHEETAH_SIGNAL SENT_AFTER_TIME 92089.199112
92089.198678 DISPLAY_TEXT 180 33 1 Who
92089.448007 CHEETAH_SIGNAL SENT_AFTER_TIME 92089.415818
92089.415384 DISPLAY_TEXT OFF
92089.764733 CHEETAH_SIGNAL SENT_AFTER_TIME 92089.732491
92089.732057 DISPLAY_TEXT 181 33 2 falls?
92089.980526 CHEETAH_SIGNAL SENT_AFTER_TIME 92089.948313
92089.947888 DISPLAY_TEXT OFF
92090.998172 CHEETAH_SIGNAL SENT_AFTER_TIME 92090.965977
92090.965531 DISPLAY_TEXT 182 7 1 He
92091.214948 CHEETAH_SIGNAL SENT_AFTER_TIME 92091.182633
92091.182201 DISPLAY_TEXT OFF
92091.531270 CHEETAH_SIGNAL SENT_AFTER_TIME 92091.499106
92091.498677 DISPLAY_TEXT 183 7 2 arrived.
92091.748232 CHEETAH_SIGNAL SENT_AFTER_TIME 92091.715995
92091.715550 DISPLAY_TEXT OFF
92092.764673 CHEETAH_SIGNAL SENT_AFTER_TIME 92092.732483
92092.732053 DISPLAY_TEXT 184 86 1 What
92092.981309 CHEETAH_SIGNAL SENT_AFTER_TIME 92092.949110
92092.948677 DISPLAY_TEXT OFF
92093.298082 CHEETAH_SIGNAL SENT_AFTER_TIME 92093.265811
92093.265368 DISPLAY_TEXT 185 86 2 does
92093.514747 CHEETAH_SIGNAL SENT_AFTER_TIME 92093.482509
92093.482061 DISPLAY_TEXT OFF
92093.831983 CHEETAH_SIGNAL SENT_AFTER_TIME 92093.799712
92093.799299 DISPLAY_TEXT 186 86 3 the
92094.048191 CHEETAH_SIGNAL SENT_AFTER_TIME 92094.015957
92094.015510 DISPLAY_TEXT OFF
92094.364617 CHEETAH_SIGNAL SENT_AFTER_TIME 92094.332432
92094.332082 DISPLAY_TEXT 187 86 4 girl
92094.581986 CHEETAH_SIGNAL SENT_AFTER_TIME 92094.549768
92094.549323 DISPLAY_TEXT OFF
92094.898196 CHEETAH_SIGNAL SENT_AFTER_TIME 92094.865951
92094.865517 DISPLAY_TEXT 188 86 5 eat?
92095.114707 CHEETAH_SIGNAL SENT_AFTER_TIME 92095.082486
92095.082055 DISPLAY_TEXT OFF
92096.131915 CHEETAH_SIGNAL SENT_AFTER_TIME 92096.099733
92096.099322 DISPLAY_TEXT 189 103 1 She
92096.348095 CHEETAH_SIGNAL SENT_AFTER_TIME 92096.315937
92096.315491 DISPLAY_TEXT OFF
92096.664694 CHEETAH_SIGNAL SENT_AFTER_TIME 92096.632539
92096.632107 DISPLAY_TEXT 190 103 2 scratched.
92096.882456 CHEETAH_SIGNAL SENT_AFTER_TIME 92096.850193
92096.849748 DISPLAY_TEXT OFF
92097.898551 CHEETAH_SIGNAL SENT_AFTER_TIME 92097.866297
92097.865945 DISPLAY_TEXT 191 38 1 Who
92098.115911 CHEETAH_SIGNAL SENT_AFTER_TIME 92098.083747
92098.083296 DISPLAY_TEXT OFF
92098.432059 CHEETAH_SIGNAL SENT_AFTER_TIME 92098.399847
92098.399404 DISPLAY_TEXT 192 38 2 sneezes?
92098.648768 CHEETAH_SIGNAL SENT_AFTER_TIME 92098.616513
92098.616079 DISPLAY_TEXT OFF
92099.665513 CHEETAH_SIGNAL SENT_AFTER_TIME 92099.633270
92099.632839 DISPLAY_TEXT 193 100 1 She
92099.882778 CHEETAH_SIGNAL SENT_AFTER_TIME 92099.850516
92099.850069 DISPLAY_TEXT OFF
92100.198794 CHEETAH_SIGNAL SENT_AFTER_TIME 92100.166543
92100.166104 DISPLAY_TEXT 194 100 2 fell.
92100.415475 CHEETAH_SIGNAL SENT_AFTER_TIME 92100.383210
92100.382760 DISPLAY_TEXT OFF
92101.432990 CHEETAH_SIGNAL SENT_AFTER_TIME 92101.400688
92101.400276 DISPLAY_TEXT 195 58 1 He
92101.649122 CHEETAH_SIGNAL SENT_AFTER_TIME 92101.616894
92101.616433 DISPLAY_TEXT OFF
92101.966418 CHEETAH_SIGNAL SENT_AFTER_TIME 92101.934180
92101.933739 DISPLAY_TEXT 196 58 2 laughs.
92102.182919 CHEETAH_SIGNAL SENT_AFTER_TIME 92102.150693
92102.150260 DISPLAY_TEXT OFF
92103.200165 CHEETAH_SIGNAL SENT_AFTER_TIME 92103.167973
92103.167540 DISPLAY_TEXT 197 76 1 The
92103.416384 CHEETAH_SIGNAL SENT_AFTER_TIME 92103.384159
92103.383701 DISPLAY_TEXT OFF
92103.732458 CHEETAH_SIGNAL SENT_AFTER_TIME 92103.700243
92103.699824 DISPLAY_TEXT 198 76 2 girl
92103.949754 CHEETAH_SIGNAL SENT_AFTER_TIME 92103.917558
92103.917130 DISPLAY_TEXT OFF
92104.265994 CHEETAH_SIGNAL SENT_AFTER_TIME 92104.233756
92104.233311 DISPLAY_TEXT 199 76 3 disappears.
92104.483549 CHEETAH_SIGNAL SENT_AFTER_TIME 92104.451388
92104.450959 DISPLAY_TEXT OFF
92105.500470 CHEETAH_SIGNAL SENT_AFTER_TIME 92105.468253
92105.467815 DISPLAY_TEXT 200 143 1 He
92105.717256 CHEETAH_SIGNAL SENT_AFTER_TIME 92105.685035
92105.684606 DISPLAY_TEXT OFF
92106.033448 CHEETAH_SIGNAL SENT_AFTER_TIME 92106.001168
92106.000725 DISPLAY_TEXT 201 143 2 was
92106.250662 CHEETAH_SIGNAL SENT_AFTER_TIME 92106.218482
92106.218038 DISPLAY_TEXT OFF
92106.566945 CHEETAH_SIGNAL SENT_AFTER_TIME 92106.534647
92106.534296 DISPLAY_TEXT 202 143 3 kissed.
92106.783404 CHEETAH_SIGNAL SENT_AFTER_TIME 92106.751179
92106.750764 DISPLAY_TEXT OFF
92107.800202 CHEETAH_SIGNAL SENT_AFTER_TIME 92107.768024
92107.767588 DISPLAY_TEXT 203 81 1 The
92108.017604 CHEETAH_SIGNAL SENT_AFTER_TIME 92107.985417
92107.984972 DISPLAY_TEXT OFF
92108.333829 CHEETAH_SIGNAL SENT_AFTER_TIME 92108.301539
92108.301093 DISPLAY_TEXT 204 81 2 actors
92108.551032 CHEETAH_SIGNAL SENT_AFTER_TIME 92108.518836
92108.518407 DISPLAY_TEXT OFF
92108.866913 CHEETAH_SIGNAL SENT_AFTER_TIME 92108.834632
92108.834198 DISPLAY_TEXT 205 81 3 will
92109.084093 CHEETAH_SIGNAL SENT_AFTER_TIME 92109.051849
92109.051422 DISPLAY_TEXT OFF
92109.400310 CHEETAH_SIGNAL SENT_AFTER_TIME 92109.368039
92109.367595 DISPLAY_TEXT 206 81 4 snore.
92109.617056 CHEETAH_SIGNAL SENT_AFTER_TIME 92109.584808
92109.584362 DISPLAY_TEXT OFF
92110.634704 CHEETAH_SIGNAL SENT_AFTER_TIME 92110.602460
92110.602018 DISPLAY_TEXT 207 89 1 He
92110.850778 CHEETAH_SIGNAL SENT_AFTER_TIME 92110.818525
92110.818079 DISPLAY_TEXT OFF
92111.168050 CHEETAH_SIGNAL SENT_AFTER_TIME 92111.135807
92111.135376 DISPLAY_TEXT 208 89 2 hears
92111.384026 CHEETAH_SIGNAL SENT_AFTER_TIME 92111.351781
92111.351351 DISPLAY_TEXT OFF
92111.701304 CHEETAH_SIGNAL SENT_AFTER_TIME 92111.669081
92111.668652 DISPLAY_TEXT 209 89 3 the
92111.917414 CHEETAH_SIGNAL SENT_AFTER_TIME 92111.885164
92111.884719 DISPLAY_TEXT OFF
92112.233854 CHEETAH_SIGNAL SENT_AFTER_TIME 92112.201622
92112.201189 DISPLAY_TEXT 210 89 4 men.
92112.451445 CHEETAH_SIGNAL SENT_AFTER_TIME 92112.419233
92112.418798 DISPLAY_TEXT OFF
92113.467763 CHEETAH_SIGNAL SENT_AFTER_TIME 92113.435478
92113.435038 DISPLAY_TEXT 211 42 1 They
92113.684850 CHEETAH_SIGNAL SENT_AFTER_TIME 92113.652693
92113.652268 DISPLAY_TEXT OFF
92114.001058 CHEETAH_SIGNAL SENT_AFTER_TIME 92113.968786
92113.968344 DISPLAY_TEXT 212 42 2 winked.
92114.218603 CHEETAH_SIGNAL SENT_AFTER_TIME 92114.186450
92114.186011 DISPLAY_TEXT OFF
92115.235380 CHEETAH_SIGNAL SENT_AFTER_TIME 92115.203144
92115.202705 DISPLAY_TEXT 213 28 1 The
92115.451511 CHEETAH_SIGNAL SENT_AFTER_TIME 92115.419276
92115.418831 DISPLAY_TEXT OFF
92115.768920 CHEETAH_SIGNAL SENT_AFTER_TIME 92115.736601
92115.736137 DISPLAY_TEXT 214 28 2 host
92115.984873 CHEETAH_SIGNAL SENT_AFTER_TIME 92115.952705
92115.952271 DISPLAY_TEXT OFF
92116.302205 CHEETAH_SIGNAL SENT_AFTER_TIME 92116.269990
92116.269561 DISPLAY_TEXT 215 28 3 was
92116.518824 CHEETAH_SIGNAL SENT_AFTER_TIME 92116.486619
92116.486251 DISPLAY_TEXT OFF
92116.835017 CHEETAH_SIGNAL SENT_AFTER_TIME 92116.802781
92116.802369 DISPLAY_TEXT 216 28 4 warned.
92117.051629 CHEETAH_SIGNAL SENT_AFTER_TIME 92117.019361
92117.018915 DISPLAY_TEXT OFF
92118.068997 CHEETAH_SIGNAL SENT_AFTER_TIME 92118.036646
92118.036205 DISPLAY_TEXT 217 128 1 Whom
92118.285044 CHEETAH_SIGNAL SENT_AFTER_TIME 92118.252788
92118.252328 DISPLAY_TEXT OFF
92118.602285 CHEETAH_SIGNAL SENT_AFTER_TIME 92118.570077
92118.569646 DISPLAY_TEXT 218 128 2 will
92118.818356 CHEETAH_SIGNAL SENT_AFTER_TIME 92118.786198
92118.785764 DISPLAY_TEXT OFF
92119.135722 CHEETAH_SIGNAL SENT_AFTER_TIME 92119.103490
92119.103048 DISPLAY_TEXT 219 128 3 the
92119.351857 CHEETAH_SIGNAL SENT_AFTER_TIME 92119.319663
92119.319217 DISPLAY_TEXT OFF
92119.669086 CHEETAH_SIGNAL SENT_AFTER_TIME 92119.636944
92119.636511 DISPLAY_TEXT 220 128 4 women
92119.885213 CHEETAH_SIGNAL SENT_AFTER_TIME 92119.853018
92119.852665 DISPLAY_TEXT OFF
92120.202501 CHEETAH_SIGNAL SENT_AFTER_TIME 92120.170386
92120.169953 DISPLAY_TEXT 221 128 5 hug?
92120.419333 CHEETAH_SIGNAL SENT_AFTER_TIME 92120.387088
92120.386641 DISPLAY_TEXT OFF
92121.435659 CHEETAH_SIGNAL SENT_AFTER_TIME 92121.403391
92121.402955 DISPLAY_TEXT 222 145 1 He
92121.652826 CHEETAH_SIGNAL SENT_AFTER_TIME 92121.620714
92121.620278 DISPLAY_TEXT OFF
92121.969106 CHEETAH_SIGNAL SENT_AFTER_TIME 92121.936891
92121.936450 DISPLAY_TEXT 223 145 2 smelled
92122.186378 CHEETAH_SIGNAL SENT_AFTER_TIME 92122.154151
92122.153690 DISPLAY_TEXT OFF
92122.502607 CHEETAH_SIGNAL SENT_AFTER_TIME 92122.470453
92122.470021 DISPLAY_TEXT 224 145 3 the
92122.720001 CHEETAH_SIGNAL SENT_AFTER_TIME 92122.687735
92122.687383 DISPLAY_TEXT OFF
92123.036156 CHEETAH_SIGNAL SENT_AFTER_TIME 92123.003895
92123.003547 DISPLAY_TEXT 225 145 4 flowers.
92123.252658 CHEETAH_SIGNAL SENT_AFTER_TIME 92123.220439
92123.219992 DISPLAY_TEXT OFF
92124.270241 CHEETAH_SIGNAL SENT_AFTER_TIME 92124.238072
92124.237692 DISPLAY_TEXT 226 151 1 He
92124.486345 CHEETAH_SIGNAL SENT_AFTER_TIME 92124.454142
92124.453706 DISPLAY_TEXT OFF
92124.803675 CHEETAH_SIGNAL SENT_AFTER_TIME 92124.771411
92124.770969 DISPLAY_TEXT 227 151 2 heard
92125.019947 CHEETAH_SIGNAL SENT_AFTER_TIME 92124.987609
92124.987146 DISPLAY_TEXT OFF
92125.335914 CHEETAH_SIGNAL SENT_AFTER_TIME 92125.303697
92125.303287 DISPLAY_TEXT 228 151 3 her
92125.553250 CHEETAH_SIGNAL SENT_AFTER_TIME 92125.521040
92125.520607 DISPLAY_TEXT OFF
92125.869495 CHEETAH_SIGNAL SENT_AFTER_TIME 92125.837290
92125.836858 DISPLAY_TEXT 229 151 4 play.
92126.087130 CHEETAH_SIGNAL SENT_AFTER_TIME 92126.054895
92126.054448 DISPLAY_TEXT OFF
92127.103238 CHEETAH_SIGNAL SENT_AFTER_TIME 92127.071034
92127.070590 DISPLAY_TEXT 230 17 1 He
92127.320616 CHEETAH_SIGNAL SENT_AFTER_TIME 92127.288332
92127.287886 DISPLAY_TEXT OFF
92127.636602 CHEETAH_SIGNAL SENT_AFTER_TIME 92127.604413
92127.603995 DISPLAY_TEXT 231 17 2 was
92127.854031 CHEETAH_SIGNAL SENT_AFTER_TIME 92127.821778
92127.821318 DISPLAY_TEXT OFF
92128.170148 CHEETAH_SIGNAL SENT_AFTER_TIME 92128.137884
92128.137438 DISPLAY_TEXT 232 17 3 hugged.
92128.386574 CHEETAH_SIGNAL SENT_AFTER_TIME 92128.354342
92128.353927 DISPLAY_TEXT OFF
92129.404212 CHEETAH_SIGNAL SENT_AFTER_TIME 92129.371971
92129.371539 DISPLAY_TEXT 233 131 1 Who
92129.620472 CHEETAH_SIGNAL SENT_AFTER_TIME 92129.588156
92129.587711 DISPLAY_TEXT OFF
92129.937697 CHEETAH_SIGNAL SENT_AFTER_TIME 92129.905429
92129.904989 DISPLAY_TEXT 234 131 2 cried?
92130.154167 CHEETAH_SIGNAL SENT_AFTER_TIME 92130.121948
92130.121501 DISPLAY_TEXT OFF
92131.170467 CHEETAH_SIGNAL SENT_AFTER_TIME 92131.138166
92131.137725 DISPLAY_TEXT 235 41 1 The
92131.387555 CHEETAH_SIGNAL SENT_AFTER_TIME 92131.355387
92131.354962 DISPLAY_TEXT OFF
92131.703792 CHEETAH_SIGNAL SENT_AFTER_TIME 92131.671585
92131.671137 DISPLAY_TEXT 236 41 2 boy
92131.921080 CHEETAH_SIGNAL SENT_AFTER_TIME 92131.888877
92131.888432 DISPLAY_TEXT OFF
92132.237133 CHEETAH_SIGNAL SENT_AFTER_TIME 92132.204925
92132.204572 DISPLAY_TEXT 237 41 3 sneezes.
92132.454915 CHEETAH_SIGNAL SENT_AFTER_TIME 92132.422661
92132.422203 DISPLAY_TEXT OFF
92133.471136 CHEETAH_SIGNAL SENT_AFTER_TIME 92133.438778
92133.438339 DISPLAY_TEXT 238 120 1 They
92133.688321 CHEETAH_SIGNAL SENT_AFTER_TIME 92133.656126
92133.655692 DISPLAY_TEXT OFF
92134.004598 CHEETAH_SIGNAL SENT_AFTER_TIME 92133.972313
92133.971880 DISPLAY_TEXT 239 120 2 caught
92134.221863 CHEETAH_SIGNAL SENT_AFTER_TIME 92134.189592
92134.189132 DISPLAY_TEXT OFF
92134.537937 CHEETAH_SIGNAL SENT_AFTER_TIME 92134.505626
92134.505277 DISPLAY_TEXT 240 120 3 him
92134.755338 CHEETAH_SIGNAL SENT_AFTER_TIME 92134.723024
92134.722581 DISPLAY_TEXT OFF
92135.071440 CHEETAH_SIGNAL SENT_AFTER_TIME 92135.039204
92135.038760 DISPLAY_TEXT 241 120 4 stealing.
92135.287777 CHEETAH_SIGNAL SENT_AFTER_TIME 92135.255627
92135.255199 DISPLAY_TEXT OFF
92136.305176 CHEETAH_SIGNAL SENT_AFTER_TIME 92136.272881
92136.272439 DISPLAY_TEXT 242 47 1 She
92136.521285 CHEETAH_SIGNAL SENT_AFTER_TIME 92136.489100
92136.488656 DISPLAY_TEXT OFF
92136.838562 CHEETAH_SIGNAL SENT_AFTER_TIME 92136.806332
92136.805892 DISPLAY_TEXT 243 47 2 will
92137.054811 CHEETAH_SIGNAL SENT_AFTER_TIME 92137.022530
92137.022085 DISPLAY_TEXT OFF
92137.372007 CHEETAH_SIGNAL SENT_AFTER_TIME 92137.339807
92137.339376 DISPLAY_TEXT 244 47 3 sleep.
92137.588673 CHEETAH_SIGNAL SENT_AFTER_TIME 92137.556395
92137.555952 DISPLAY_TEXT OFF
92138.605028 CHEETAH_SIGNAL SENT_AFTER_TIME 92138.572798
92138.572363 DISPLAY_TEXT 245 111 1 He
92138.822324 CHEETAH_SIGNAL SENT_AFTER_TIME 92138.790090
92138.789643 DISPLAY_TEXT OFF
92139.138358 CHEETAH_SIGNAL SENT_AFTER_TIME 92139.106171
92139.105744 DISPLAY_TEXT 246 111 2 jumped.
92139.356123 CHEETAH_SIGNAL SENT_AFTER_TIME 92139.323835
92139.323403 DISPLAY_TEXT OFF
92140.372042 CHEETAH_SIGNAL SENT_AFTER_TIME 92140.339953
92140.339518 DISPLAY_TEXT 247 98 1 The
92140.589426 CHEETAH_SIGNAL SENT_AFTER_TIME 92140.557188
92140.556744 DISPLAY_TEXT OFF
92140.905537 CHEETAH_SIGNAL SENT_AFTER_TIME 92140.873315
92140.872887 DISPLAY_TEXT 248 98 2 boy
92141.122876 CHEETAH_SIGNAL SENT_AFTER_TIME 92141.090620
92141.090189 DISPLAY_TEXT OFF
92141.439046 CHEETAH_SIGNAL SENT_AFTER_TIME 92141.406752
92141.406321 DISPLAY_TEXT 249 98 3 bloomed.
92141.655426 CHEETAH_SIGNAL SENT_AFTER_TIME 92141.623272
92141.622830 DISPLAY_TEXT OFF
92142.672326 CHEETAH_SIGNAL SENT_AFTER_TIME 92142.640026
92142.639585 DISPLAY_TEXT 250 80 1 She
92142.889560 CHEETAH_SIGNAL SENT_AFTER_TIME 92142.857274
92142.856831 DISPLAY_TEXT OFF
92143.206693 CHEETAH_SIGNAL SENT_AFTER_TIME 92143.174440
92143.174011 DISPLAY_TEXT 251 80 2 crawls.
92143.423293 CHEETAH_SIGNAL SENT_AFTER_TIME 92143.391035
92143.390589 DISPLAY_TEXT OFF
92144.439234 CHEETAH_SIGNAL SENT_AFTER_TIME 92144.407058
92144.406708 DISPLAY_TEXT 252 14 1 The
92144.655976 CHEETAH_SIGNAL SENT_AFTER_TIME 92144.623694
92144.623275 DISPLAY_TEXT OFF
92144.973250 CHEETAH_SIGNAL SENT_AFTER_TIME 92144.941023
92144.940594 DISPLAY_TEXT 253 14 2 boy
92145.189509 CHEETAH_SIGNAL SENT_AFTER_TIME 92145.157181
92145.156719 DISPLAY_TEXT OFF
92145.506693 CHEETAH_SIGNAL SENT_AFTER_TIME 92145.474437
92145.473997 DISPLAY_TEXT 254 14 3 remains.
92145.723308 CHEETAH_SIGNAL SENT_AFTER_TIME 92145.691031
92145.690596 DISPLAY_TEXT OFF
92146.740628 CHEETAH_SIGNAL SENT_AFTER_TIME 92146.708364
92146.707930 DISPLAY_TEXT 255 46 1 They
92146.956922 CHEETAH_SIGNAL SENT_AFTER_TIME 92146.924738
92146.924287 DISPLAY_TEXT OFF
92147.273126 CHEETAH_SIGNAL SENT_AFTER_TIME 92147.240895
92147.240465 DISPLAY_TEXT 256 46 2 tickle
92147.490399 CHEETAH_SIGNAL SENT_AFTER_TIME 92147.458194
92147.457763 DISPLAY_TEXT OFF
92147.806455 CHEETAH_SIGNAL SENT_AFTER_TIME 92147.774230
92147.773880 DISPLAY_TEXT 257 46 3 the
92148.023931 CHEETAH_SIGNAL SENT_AFTER_TIME 92147.991671
92147.991211 DISPLAY_TEXT OFF
92148.340093 CHEETAH_SIGNAL SENT_AFTER_TIME 92148.307780
92148.307333 DISPLAY_TEXT 258 46 4 girl.
92148.556542 CHEETAH_SIGNAL SENT_AFTER_TIME 92148.524310
92148.523876 DISPLAY_TEXT OFF
92149.573944 CHEETAH_SIGNAL SENT_AFTER_TIME 92149.541587
92149.541146 DISPLAY_TEXT 259 56 1 We
92149.791045 CHEETAH_SIGNAL SENT_AFTER_TIME 92149.758830
92149.758386 DISPLAY_TEXT OFF
92150.107273 CHEETAH_SIGNAL SENT_AFTER_TIME 92150.075025
92150.074594 DISPLAY_TEXT 260 56 2 revealed
92150.324536 CHEETAH_SIGNAL SENT_AFTER_TIME 92150.292332
92150.291898 DISPLAY_TEXT OFF
92150.640594 CHEETAH_SIGNAL SENT_AFTER_TIME 92150.608286
92150.607838 DISPLAY_TEXT 261 56 3 that
92150.857922 CHEETAH_SIGNAL SENT_AFTER_TIME 92150.825577
92150.825125 DISPLAY_TEXT OFF
92151.174028 CHEETAH_SIGNAL SENT_AFTER_TIME 92151.141775
92151.141410 DISPLAY_TEXT 262 56 4 she
92151.391359 CHEETAH_SIGNAL SENT_AFTER_TIME 92151.359093
92151.358661 DISPLAY_TEXT OFF
92151.707612 CHEETAH_SIGNAL SENT_AFTER_TIME 92151.675307
92151.674848 DISPLAY_TEXT 263 56 5 jumps.
92151.924119 CHEETAH_SIGNAL SENT_AFTER_TIME 92151.891915
92151.891441 DISPLAY_TEXT OFF
92152.940887 CHEETAH_SIGNAL SENT_AFTER_TIME 92152.908662
92152.908213 DISPLAY_TEXT 264 63 1 He
92153.158131 CHEETAH_SIGNAL SENT_AFTER_TIME 92153.125900
92153.125464 DISPLAY_TEXT OFF
92153.474276 CHEETAH_SIGNAL SENT_AFTER_TIME 92153.442017
92153.441656 DISPLAY_TEXT 265 63 2 sneezes.
92153.690606 CHEETAH_SIGNAL SENT_AFTER_TIME 92153.658622
92153.658256 DISPLAY_TEXT OFF
92154.708223 CHEETAH_SIGNAL SENT_AFTER_TIME 92154.675989
92154.675537 DISPLAY_TEXT 266 144 1 The
92154.924479 CHEETAH_SIGNAL SENT_AFTER_TIME 92154.892184
92154.891741 DISPLAY_TEXT OFF
92155.241635 CHEETAH_SIGNAL SENT_AFTER_TIME 92155.209402
92155.208976 DISPLAY_TEXT 267 144 2 girls
92155.457992 CHEETAH_SIGNAL SENT_AFTER_TIME 92155.425610
92155.425158 DISPLAY_TEXT OFF
92155.775060 CHEETAH_SIGNAL SENT_AFTER_TIME 92155.742907
92155.742467 DISPLAY_TEXT 268 144 3 arrive.
92155.991804 CHEETAH_SIGNAL SENT_AFTER_TIME 92155.959541
92155.959096 DISPLAY_TEXT OFF
92157.008124 CHEETAH_SIGNAL SENT_AFTER_TIME 92156.975854
92156.975424 DISPLAY_TEXT 269 104 1 They
92157.225443 CHEETAH_SIGNAL SENT_AFTER_TIME 92157.193125
92157.192673 DISPLAY_TEXT OFF
92157.541343 CHEETAH_SIGNAL SENT_AFTER_TIME 92157.509113
92157.508679 DISPLAY_TEXT 270 104 2 heared
92157.758671 CHEETAH_SIGNAL SENT_AFTER_TIME 92157.726428
92157.725960 DISPLAY_TEXT OFF
92158.075997 CHEETAH_SIGNAL SENT_AFTER_TIME 92158.043698
92158.043326 DISPLAY_TEXT 271 104 3 that
92158.292042 CHEETAH_SIGNAL SENT_AFTER_TIME 92158.259821
92158.259463 DISPLAY_TEXT OFF
92158.608286 CHEETAH_SIGNAL SENT_AFTER_TIME 92158.576026
92158.575594 DISPLAY_TEXT 272 104 4 she
92158.825385 CHEETAH_SIGNAL SENT_AFTER_TIME 92158.793167
92158.792829 DISPLAY_TEXT OFF
92159.141727 CHEETAH_SIGNAL SENT_AFTER_TIME 92159.109436
92159.109002 DISPLAY_TEXT 273 104 5 laughed.
92159.359266 CHEETAH_SIGNAL SENT_AFTER_TIME 92159.327074
92159.326717 DISPLAY_TEXT OFF
92160.375457 CHEETAH_SIGNAL SENT_AFTER_TIME 92160.343169
92160.342829 DISPLAY_TEXT 274 93 1 Who
92160.591861 CHEETAH_SIGNAL SENT_AFTER_TIME 92160.559587
92160.559153 DISPLAY_TEXT OFF
92160.909052 CHEETAH_SIGNAL SENT_AFTER_TIME 92160.876796
92160.876424 DISPLAY_TEXT 275 93 2 smelled
92161.125309 CHEETAH_SIGNAL SENT_AFTER_TIME 92161.093060
92161.092611 DISPLAY_TEXT OFF
92161.442574 CHEETAH_SIGNAL SENT_AFTER_TIME 92161.410360
92161.409928 DISPLAY_TEXT 276 93 3 the
92161.658641 CHEETAH_SIGNAL SENT_AFTER_TIME 92161.626471
92161.626055 DISPLAY_TEXT OFF
92161.975545 CHEETAH_SIGNAL SENT_AFTER_TIME 92161.943513
92161.943228 DISPLAY_TEXT 277 93 4 flowers?
92162.192383 CHEETAH_SIGNAL SENT_AFTER_TIME 92162.160151
92162.159794 DISPLAY_TEXT OFF
92163.209035 CHEETAH_SIGNAL SENT_AFTER_TIME 92163.176757
92163.176401 DISPLAY_TEXT 278 117 1 The
92163.426426 CHEETAH_SIGNAL SENT_AFTER_TIME 92163.394152
92163.393729 DISPLAY_TEXT OFF
92163.742500 CHEETAH_SIGNAL SENT_AFTER_TIME 92163.710257
92163.709909 DISPLAY_TEXT 279 117 2 women
92163.959849 CHEETAH_SIGNAL SENT_AFTER_TIME 92163.927659
92163.927297 DISPLAY_TEXT OFF
92164.276109 CHEETAH_SIGNAL SENT_AFTER_TIME 92164.243868
92164.243523 DISPLAY_TEXT 280 117 3 hug
92164.493447 CHEETAH_SIGNAL SENT_AFTER_TIME 92164.461223
92164.460813 DISPLAY_TEXT OFF
92164.809662 CHEETAH_SIGNAL SENT_AFTER_TIME 92164.777391
92164.777044 DISPLAY_TEXT 281 117 4 the
92165.026531 CHEETAH_SIGNAL SENT_AFTER_TIME 92164.994244
92164.993885 DISPLAY_TEXT OFF
92165.342570 CHEETAH_SIGNAL SENT_AFTER_TIME 92165.310379
92165.310033 DISPLAY_TEXT 282 117 5 friend.
92165.560255 CHEETAH_SIGNAL SENT_AFTER_TIME 92165.528078
92165.527726 DISPLAY_TEXT OFF
92166.577045 CHEETAH_SIGNAL SENT_AFTER_TIME 92166.544937
92166.544589 DISPLAY_TEXT 283 8 1 He
92166.793404 CHEETAH_SIGNAL SENT_AFTER_TIME 92166.761120
92166.760751 DISPLAY_TEXT OFF
92167.109701 CHEETAH_SIGNAL SENT_AFTER_TIME 92167.077403
92167.077061 DISPLAY_TEXT 284 8 2 will
92167.326915 CHEETAH_SIGNAL SENT_AFTER_TIME 92167.294808
92167.294443 DISPLAY_TEXT OFF
92167.643226 CHEETAH_SIGNAL SENT_AFTER_TIME 92167.610959
92167.610608 DISPLAY_TEXT 285 8 3 sneeze.
92167.860018 CHEETAH_SIGNAL SENT_AFTER_TIME 92167.827708
92167.827343 DISPLAY_TEXT OFF
92168.876964 CHEETAH_SIGNAL SENT_AFTER_TIME 92168.845010
92168.844708 DISPLAY_TEXT 286 67 1 They
92169.093488 CHEETAH_SIGNAL SENT_AFTER_TIME 92169.061256
92169.060906 DISPLAY_TEXT OFF
92169.410824 CHEETAH_SIGNAL SENT_AFTER_TIME 92169.378600
92169.378250 DISPLAY_TEXT 287 67 2 appear.
92169.627575 CHEETAH_SIGNAL SENT_AFTER_TIME 92169.595292
92169.594924 DISPLAY_TEXT OFF
92170.643535 CHEETAH_SIGNAL SENT_AFTER_TIME 92170.611389
92170.611039 DISPLAY_TEXT 288 84 1 The
92170.861089 CHEETAH_SIGNAL SENT_AFTER_TIME 92170.828854
92170.828440 DISPLAY_TEXT OFF
92171.177355 CHEETAH_SIGNAL SENT_AFTER_TIME 92171.145086
92171.144737 DISPLAY_TEXT 289 84 2 girl
92171.393514 CHEETAH_SIGNAL SENT_AFTER_TIME 92171.361254
92171.360892 DISPLAY_TEXT OFF
92171.711257 CHEETAH_SIGNAL SENT_AFTER_TIME 92171.679086
92171.678673 DISPLAY_TEXT 290 84 3 smiled.
92171.927891 CHEETAH_SIGNAL SENT_AFTER_TIME 92171.895598
92171.895247 DISPLAY_TEXT OFF
92172.944673 CHEETAH_SIGNAL SENT_AFTER_TIME 92172.912452
92172.912100 DISPLAY_TEXT 291 139 1 He
92173.160780 CHEETAH_SIGNAL SENT_AFTER_TIME 92173.128663
92173.128299 DISPLAY_TEXT OFF
92173.478289 CHEETAH_SIGNAL SENT_AFTER_TIME 92173.446062
92173.445607 DISPLAY_TEXT 292 139 2 saw
92173.694412 CHEETAH_SIGNAL SENT_AFTER_TIME 92173.662162
92173.661785 DISPLAY_TEXT OFF
92174.011659 CHEETAH_SIGNAL SENT_AFTER_TIME 92173.979433
92173.979088 DISPLAY_TEXT 293 139 3 her
92174.227975 CHEETAH_SIGNAL SENT_AFTER_TIME 92174.195661
92174.195295 DISPLAY_TEXT OFF
92174.544072 CHEETAH_SIGNAL SENT_AFTER_TIME 92174.511846
92174.511497 DISPLAY_TEXT 294 139 4 winking.
92174.761775 CHEETAH_SIGNAL SENT_AFTER_TIME 92174.729568
92174.729134 DISPLAY_TEXT OFF
92175.040829 KEY_PRESS l
92175.778211 CHEETAH_SIGNAL SENT_AFTER_TIME 92175.745986
92175.745639 DISPLAY_TEXT 295 90 1 Whom
92175.994496 CHEETAH_SIGNAL SENT_AFTER_TIME 92175.962270
92175.961891 DISPLAY_TEXT OFF
92176.200820 KEY_PRESS l
92176.311404 CHEETAH_SIGNAL SENT_AFTER_TIME 92176.279139
92176.278789 DISPLAY_TEXT 296 90 2 do
92176.528659 CHEETAH_SIGNAL SENT_AFTER_TIME 92176.496453
92176.496076 DISPLAY_TEXT OFF
92176.752822 KEY_PRESS l
92176.845350 CHEETAH_SIGNAL SENT_AFTER_TIME 92176.813102
92176.812658 DISPLAY_TEXT 297 90 3 the
92177.061403 CHEETAH_SIGNAL SENT_AFTER_TIME 92177.029235
92177.028871 DISPLAY_TEXT OFF
92177.378635 CHEETAH_SIGNAL SENT_AFTER_TIME 92177.346409
92177.345975 DISPLAY_TEXT 298 90 4 women
92177.595404 CHEETAH_SIGNAL SENT_AFTER_TIME 92177.563352
92177.562905 DISPLAY_TEXT OFF
92177.911809 CHEETAH_SIGNAL SENT_AFTER_TIME 92177.879539
92177.879108 DISPLAY_TEXT 299 90 5 hug?
92178.128218 CHEETAH_SIGNAL SENT_AFTER_TIME 92178.095973
92178.095611 DISPLAY_TEXT OFF
92179.145488 CHEETAH_SIGNAL SENT_AFTER_TIME 92179.113264
92179.112913 DISPLAY_TEXT 300 97 1 They
92179.361501 CHEETAH_SIGNAL SENT_AFTER_TIME 92179.329312
92179.328964 DISPLAY_TEXT OFF
92179.679063 CHEETAH_SIGNAL SENT_AFTER_TIME 92179.646748
92179.646300 DISPLAY_TEXT 301 97 2 kissed
92179.895025 CHEETAH_SIGNAL SENT_AFTER_TIME 92179.862806
92179.862442 DISPLAY_TEXT OFF
92180.212246 CHEETAH_SIGNAL SENT_AFTER_TIME 92180.180134
92180.179784 DISPLAY_TEXT 302 97 3 the
92180.428433 CHEETAH_SIGNAL SENT_AFTER_TIME 92180.396172
92180.395794 DISPLAY_TEXT OFF
92180.745718 CHEETAH_SIGNAL SENT_AFTER_TIME 92180.713444
92180.713054 DISPLAY_TEXT 303 97 4 clowns.
92180.962135 CHEETAH_SIGNAL SENT_AFTER_TIME 92180.929957
92180.929595 DISPLAY_TEXT OFF
92181.979385 CHEETAH_SIGNAL SENT_AFTER_TIME 92181.947318
92181.946885 DISPLAY_TEXT 304 138 1 He
92182.195625 CHEETAH_SIGNAL SENT_AFTER_TIME 92182.163404
92182.162975 DISPLAY_TEXT OFF
92182.513030 CHEETAH_SIGNAL SENT_AFTER_TIME 92182.480740
92182.480304 DISPLAY_TEXT 305 138 2 shaved.
92182.729679 CHEETAH_SIGNAL SENT_AFTER_TIME 92182.697482
92182.697034 DISPLAY_TEXT OFF
92183.745849 CHEETAH_SIGNAL SENT_AFTER_TIME 92183.713590
92183.713239 DISPLAY_TEXT 306 83 1 What
92183.792733 KEY_PRESS l
92183.962319 CHEETAH_SIGNAL SENT_AFTER_TIME 92183.930028
92183.929673 DISPLAY_TEXT OFF
92183.936697 KEY_PRESS l
92183.984751 KEY_PRESS l
92184.192738 KEY_PRESS l
92184.279248 CHEETAH_SIGNAL SENT_AFTER_TIME 92184.247018
92184.246638 DISPLAY_TEXT 307 83 2 will
92184.296825 KEY_PRESS l
92184.495637 CHEETAH_SIGNAL SENT_AFTER_TIME 92184.463420
92184.463059 DISPLAY_TEXT OFF
92184.813056 CHEETAH_SIGNAL SENT_AFTER_TIME 92184.780825
92184.780394 DISPLAY_TEXT 308 83 3 the
92185.029272 CHEETAH_SIGNAL SENT_AFTER_TIME 92184.997028
92184.996594 DISPLAY_TEXT OFF
92185.346518 CHEETAH_SIGNAL SENT_AFTER_TIME 92185.314287
92185.313844 DISPLAY_TEXT 309 83 4 girl
92185.562560 CHEETAH_SIGNAL SENT_AFTER_TIME 92185.530348
92185.529958 DISPLAY_TEXT OFF
92185.880066 CHEETAH_SIGNAL SENT_AFTER_TIME 92185.847806
92185.847345 DISPLAY_TEXT 310 83 5 eat?
92186.096481 CHEETAH_SIGNAL SENT_AFTER_TIME 92186.064254
92186.063821 DISPLAY_TEXT OFF
92187.112768 CHEETAH_SIGNAL SENT_AFTER_TIME 92187.080562
92187.080131 DISPLAY_TEXT 311 59 1 Who
92187.330181 CHEETAH_SIGNAL SENT_AFTER_TIME 92187.297898
92187.297451 DISPLAY_TEXT OFF
92187.646288 CHEETAH_SIGNAL SENT_AFTER_TIME 92187.614054
92187.613608 DISPLAY_TEXT 312 59 2 arrives?
92187.863434 CHEETAH_SIGNAL SENT_AFTER_TIME 92187.831242
92187.830809 DISPLAY_TEXT OFF
92188.880105 CHEETAH_SIGNAL SENT_AFTER_TIME 92188.847906
92188.847555 DISPLAY_TEXT 313 106 1 They
92189.096405 CHEETAH_SIGNAL SENT_AFTER_TIME 92189.064147
92189.063690 DISPLAY_TEXT OFF
92189.413493 CHEETAH_SIGNAL SENT_AFTER_TIME 92189.381236
92189.380793 DISPLAY_TEXT 314 106 2 vanish.
92189.630072 CHEETAH_SIGNAL SENT_AFTER_TIME 92189.597901
92189.597522 DISPLAY_TEXT OFF
92190.646791 CHEETAH_SIGNAL SENT_AFTER_TIME 92190.614537
92190.614104 DISPLAY_TEXT 315 79 1 The
92190.863574 CHEETAH_SIGNAL SENT_AFTER_TIME 92190.831272
92190.830829 DISPLAY_TEXT OFF
92191.180795 CHEETAH_SIGNAL SENT_AFTER_TIME 92191.148535
92191.148105 DISPLAY_TEXT 316 79 2 boy
92191.396809 CHEETAH_SIGNAL SENT_AFTER_TIME 92191.364540
92191.364096 DISPLAY_TEXT OFF
92191.714763 CHEETAH_SIGNAL SENT_AFTER_TIME 92191.682483
92191.682042 DISPLAY_TEXT 317 79 3 collapses.
92191.931493 CHEETAH_SIGNAL SENT_AFTER_TIME 92191.899251
92191.898806 DISPLAY_TEXT OFF
92192.948007 CHEETAH_SIGNAL SENT_AFTER_TIME 92192.915763
92192.915326 DISPLAY_TEXT 318 142 1 He
92193.164684 CHEETAH_SIGNAL SENT_AFTER_TIME 92193.132471
92193.132040 DISPLAY_TEXT OFF
92193.481477 CHEETAH_SIGNAL SENT_AFTER_TIME 92193.449202
92193.448756 DISPLAY_TEXT 319 142 2 undressed.
92193.697895 CHEETAH_SIGNAL SENT_AFTER_TIME 92193.665628
92193.665182 DISPLAY_TEXT OFF
92194.714984 CHEETAH_SIGNAL SENT_AFTER_TIME 92194.682653
92194.682211 DISPLAY_TEXT 320 5 1 We
92194.931540 CHEETAH_SIGNAL SENT_AFTER_TIME 92194.899314
92194.898877 DISPLAY_TEXT OFF
92195.248049 CHEETAH_SIGNAL SENT_AFTER_TIME 92195.215761
92195.215330 DISPLAY_TEXT 321 5 2 guessed
92195.464693 CHEETAH_SIGNAL SENT_AFTER_TIME 92195.432474
92195.432112 DISPLAY_TEXT OFF
92195.781357 CHEETAH_SIGNAL SENT_AFTER_TIME 92195.749139
92195.748706 DISPLAY_TEXT 322 5 3 that
92195.998493 CHEETAH_SIGNAL SENT_AFTER_TIME 92195.966263
92195.965835 DISPLAY_TEXT OFF
92196.314689 CHEETAH_SIGNAL SENT_AFTER_TIME 92196.282462
92196.282033 DISPLAY_TEXT 323 5 4 they
92196.532053 CHEETAH_SIGNAL SENT_AFTER_TIME 92196.499759
92196.499311 DISPLAY_TEXT OFF
92196.848114 CHEETAH_SIGNAL SENT_AFTER_TIME 92196.815844
92196.815401 DISPLAY_TEXT 324 5 5 wink.
92197.064733 CHEETAH_SIGNAL SENT_AFTER_TIME 92197.032475
92197.032041 DISPLAY_TEXT OFF
92198.082028 CHEETAH_SIGNAL SENT_AFTER_TIME 92198.049756
92198.049311 DISPLAY_TEXT 325 48 1 She
92198.298193 CHEETAH_SIGNAL SENT_AFTER_TIME 92198.265898
92198.265438 DISPLAY_TEXT OFF
92198.615464 CHEETAH_SIGNAL SENT_AFTER_TIME 92198.583173
92198.582727 DISPLAY_TEXT 326 48 2 collapsed.
92198.831894 CHEETAH_SIGNAL SENT_AFTER_TIME 92198.799670
92198.799317 DISPLAY_TEXT OFF
92199.848671 CHEETAH_SIGNAL SENT_AFTER_TIME 92199.816479
92199.816041 DISPLAY_TEXT 327 108 1 She
92200.064893 CHEETAH_SIGNAL SENT_AFTER_TIME 92200.032659
92200.032198 DISPLAY_TEXT OFF
92200.382243 CHEETAH_SIGNAL SENT_AFTER_TIME 92200.349973
92200.349540 DISPLAY_TEXT 328 108 2 arrives.
92200.598826 CHEETAH_SIGNAL SENT_AFTER_TIME 92200.566496
92200.566053 DISPLAY_TEXT OFF
92201.615408 CHEETAH_SIGNAL SENT_AFTER_TIME 92201.583123
92201.582685 DISPLAY_TEXT 329 53 1 They
92201.832659 CHEETAH_SIGNAL SENT_AFTER_TIME 92201.800443
92201.799996 DISPLAY_TEXT OFF
92202.148778 CHEETAH_SIGNAL SENT_AFTER_TIME 92202.116549
92202.116116 DISPLAY_TEXT 330 53 2 heard
92202.366070 CHEETAH_SIGNAL SENT_AFTER_TIME 92202.333779
92202.333332 DISPLAY_TEXT OFF
92202.682172 CHEETAH_SIGNAL SENT_AFTER_TIME 92202.649993
92202.649549 DISPLAY_TEXT 331 53 3 her
92202.899586 CHEETAH_SIGNAL SENT_AFTER_TIME 92202.867270
92202.866813 DISPLAY_TEXT OFF
92203.215620 CHEETAH_SIGNAL SENT_AFTER_TIME 92203.183420
92203.182976 DISPLAY_TEXT 332 53 4 coughing.
92203.432173 CHEETAH_SIGNAL SENT_AFTER_TIME 92203.399948
92203.399513 DISPLAY_TEXT OFF
92204.448965 CHEETAH_SIGNAL SENT_AFTER_TIME 92204.416645
92204.416242 DISPLAY_TEXT 333 29 1 He
92204.665877 CHEETAH_SIGNAL SENT_AFTER_TIME 92204.633980
92204.633535 DISPLAY_TEXT OFF
92204.982443 CHEETAH_SIGNAL SENT_AFTER_TIME 92204.950161
92204.949726 DISPLAY_TEXT 334 29 2 bloomed.
92205.199990 CHEETAH_SIGNAL SENT_AFTER_TIME 92205.167683
92205.167250 DISPLAY_TEXT OFF
92206.216217 CHEETAH_SIGNAL SENT_AFTER_TIME 92206.183871
92206.183428 DISPLAY_TEXT 335 21 1 Who
92206.433410 CHEETAH_SIGNAL SENT_AFTER_TIME 92206.401153
92206.400708 DISPLAY_TEXT OFF
92206.749438 CHEETAH_SIGNAL SENT_AFTER_TIME 92206.717172
92206.716727 DISPLAY_TEXT 336 21 2 winks?
92206.967687 CHEETAH_SIGNAL SENT_AFTER_TIME 92206.934859
92206.934417 DISPLAY_TEXT OFF
92207.983967 CHEETAH_SIGNAL SENT_AFTER_TIME 92207.951673
92207.951228 DISPLAY_TEXT 337 25 1 They
92208.200038 CHEETAH_SIGNAL SENT_AFTER_TIME 92208.167730
92208.167271 DISPLAY_TEXT OFF
92208.517266 CHEETAH_SIGNAL SENT_AFTER_TIME 92208.485001
92208.484566 DISPLAY_TEXT 338 25 2 hug
92208.733400 CHEETAH_SIGNAL SENT_AFTER_TIME 92208.701163
92208.700731 DISPLAY_TEXT OFF
92209.050640 CHEETAH_SIGNAL SENT_AFTER_TIME 92209.018378
92209.017969 DISPLAY_TEXT 339 25 3 the
92209.266854 CHEETAH_SIGNAL SENT_AFTER_TIME 92209.234585
92209.234141 DISPLAY_TEXT OFF
92209.584075 CHEETAH_SIGNAL SENT_AFTER_TIME 92209.551886
92209.551453 DISPLAY_TEXT 340 25 4 friend.
92209.800900 CHEETAH_SIGNAL SENT_AFTER_TIME 92209.768619
92209.768173 DISPLAY_TEXT OFF
92210.817181 CHEETAH_SIGNAL SENT_AFTER_TIME 92210.784896
92210.784453 DISPLAY_TEXT 341 52 1 He
92211.034407 CHEETAH_SIGNAL SENT_AFTER_TIME 92211.002173
92211.001726 DISPLAY_TEXT OFF
92211.350527 CHEETAH_SIGNAL SENT_AFTER_TIME 92211.318296
92211.317863 DISPLAY_TEXT 342 52 2 disappeared.
92211.567059 CHEETAH_SIGNAL SENT_AFTER_TIME 92211.534740
92211.534311 DISPLAY_TEXT OFF
92212.584505 CHEETAH_SIGNAL SENT_AFTER_TIME 92212.552199
92212.551755 DISPLAY_TEXT 343 109 1 The
92212.800520 CHEETAH_SIGNAL SENT_AFTER_TIME 92212.768216
92212.767759 DISPLAY_TEXT OFF
92213.117654 CHEETAH_SIGNAL SENT_AFTER_TIME 92213.085473
92213.085038 DISPLAY_TEXT 344 109 2 boy
92213.333757 CHEETAH_SIGNAL SENT_AFTER_TIME 92213.301496
92213.301116 DISPLAY_TEXT OFF
92213.651048 CHEETAH_SIGNAL SENT_AFTER_TIME 92213.618767
92213.618353 DISPLAY_TEXT 345 109 3 was
92213.867135 CHEETAH_SIGNAL SENT_AFTER_TIME 92213.834872
92213.834425 DISPLAY_TEXT OFF
92214.184475 CHEETAH_SIGNAL SENT_AFTER_TIME 92214.152150
92214.151718 DISPLAY_TEXT 346 109 4 pushed.
92214.400801 CHEETAH_SIGNAL SENT_AFTER_TIME 92214.368576
92214.368131 DISPLAY_TEXT OFF
92215.417487 CHEETAH_SIGNAL SENT_AFTER_TIME 92215.385221
92215.384787 DISPLAY_TEXT 347 37 1 Who
92215.634748 CHEETAH_SIGNAL SENT_AFTER_TIME 92215.602565
92215.602120 DISPLAY_TEXT OFF
92215.950824 CHEETAH_SIGNAL SENT_AFTER_TIME 92215.918592
92215.918160 DISPLAY_TEXT 348 37 2 blooms?
92216.168601 CHEETAH_SIGNAL SENT_AFTER_TIME 92216.136335
92216.135891 DISPLAY_TEXT OFF
92217.185154 CHEETAH_SIGNAL SENT_AFTER_TIME 92217.152893
92217.152459 DISPLAY_TEXT 349 64 1 Who
92217.401269 CHEETAH_SIGNAL SENT_AFTER_TIME 92217.369015
92217.368572 DISPLAY_TEXT OFF
92217.718540 CHEETAH_SIGNAL SENT_AFTER_TIME 92217.686302
92217.685867 DISPLAY_TEXT 350 64 2 remains?
92217.935123 CHEETAH_SIGNAL SENT_AFTER_TIME 92217.902884
92217.902450 DISPLAY_TEXT OFF
92218.951827 CHEETAH_SIGNAL SENT_AFTER_TIME 92218.919547
92218.919198 DISPLAY_TEXT 351 31 1 She
92219.168052 CHEETAH_SIGNAL SENT_AFTER_TIME 92219.135816
92219.135369 DISPLAY_TEXT OFF
92219.485422 CHEETAH_SIGNAL SENT_AFTER_TIME 92219.453178
92219.452745 DISPLAY_TEXT 352 31 2 washed.
92219.701897 CHEETAH_SIGNAL SENT_AFTER_TIME 92219.669670
92219.669226 DISPLAY_TEXT OFF
92220.719296 CHEETAH_SIGNAL SENT_AFTER_TIME 92220.686956
92220.686518 DISPLAY_TEXT 353 49 1 The
92220.935487 CHEETAH_SIGNAL SENT_AFTER_TIME 92220.903204
92220.902744 DISPLAY_TEXT OFF
92221.252565 CHEETAH_SIGNAL SENT_AFTER_TIME 92221.220325
92221.219887 DISPLAY_TEXT 354 49 2 girl
92221.468733 CHEETAH_SIGNAL SENT_AFTER_TIME 92221.436473
92221.436038 DISPLAY_TEXT OFF
92221.786085 CHEETAH_SIGNAL SENT_AFTER_TIME 92221.753780
92221.753335 DISPLAY_TEXT 355 49 3 ate
92222.002223 CHEETAH_SIGNAL SENT_AFTER_TIME 92221.969958
92221.969509 DISPLAY_TEXT OFF
92222.319359 CHEETAH_SIGNAL SENT_AFTER_TIME 92222.287125
92222.286786 DISPLAY_TEXT 356 49 4 the
92222.535679 CHEETAH_SIGNAL SENT_AFTER_TIME 92222.503408
92222.502971 DISPLAY_TEXT OFF
92222.852868 CHEETAH_SIGNAL SENT_AFTER_TIME 92222.820642
92222.820207 DISPLAY_TEXT 357 49 5 salad.
92223.069123 CHEETAH_SIGNAL SENT_AFTER_TIME 92223.036805
92223.036361 DISPLAY_TEXT OFF
92223.256834 KEY_PRESS l
92223.456826 KEY_PRESS l
92224.085839 CHEETAH_SIGNAL SENT_AFTER_TIME 92224.053516
92224.053076 DISPLAY_TEXT 358 27 1 Who
92224.302916 CHEETAH_SIGNAL SENT_AFTER_TIME 92224.270695
92224.270280 DISPLAY_TEXT OFF
92224.619136 CHEETAH_SIGNAL SENT_AFTER_TIME 92224.586887
92224.586441 DISPLAY_TEXT 359 27 2 did
92224.836518 CHEETAH_SIGNAL SENT_AFTER_TIME 92224.804215
92224.803768 DISPLAY_TEXT OFF
92225.152530 CHEETAH_SIGNAL SENT_AFTER_TIME 92225.120328
92225.119922 DISPLAY_TEXT 360 27 3 the
92225.369901 CHEETAH_SIGNAL SENT_AFTER_TIME 92225.337650
92225.337217 DISPLAY_TEXT OFF
92225.686051 CHEETAH_SIGNAL SENT_AFTER_TIME 92225.653769
92225.653412 DISPLAY_TEXT 361 27 4 boys
92225.903345 CHEETAH_SIGNAL SENT_AFTER_TIME 92225.871105
92225.870666 DISPLAY_TEXT OFF
92226.219534 CHEETAH_SIGNAL SENT_AFTER_TIME 92226.187281
92226.186850 DISPLAY_TEXT 362 27 5 kiss?
92226.436073 CHEETAH_SIGNAL SENT_AFTER_TIME 92226.403847
92226.403410 DISPLAY_TEXT OFF
92227.453272 CHEETAH_SIGNAL SENT_AFTER_TIME 92227.421079
92227.420635 DISPLAY_TEXT 363 110 1 The
92227.669550 CHEETAH_SIGNAL SENT_AFTER_TIME 92227.637270
92227.636823 DISPLAY_TEXT OFF
92227.986668 CHEETAH_SIGNAL SENT_AFTER_TIME 92227.954464
92227.954075 DISPLAY_TEXT 364 110 2 cake
92228.202874 CHEETAH_SIGNAL SENT_AFTER_TIME 92228.170647
92228.170202 DISPLAY_TEXT OFF
92228.520321 CHEETAH_SIGNAL SENT_AFTER_TIME 92228.488070
92228.487625 DISPLAY_TEXT 365 110 3 was
92228.624830 KEY_PRESS l
92228.736756 CHEETAH_SIGNAL SENT_AFTER_TIME 92228.704482
92228.704037 DISPLAY_TEXT OFF
92228.816832 KEY_PRESS l
92229.053437 CHEETAH_SIGNAL SENT_AFTER_TIME 92229.021238
92229.020822 DISPLAY_TEXT 366 110 4 overcooked.
92229.269903 CHEETAH_SIGNAL SENT_AFTER_TIME 92229.237749
92229.237314 DISPLAY_TEXT OFF
92230.287567 CHEETAH_SIGNAL SENT_AFTER_TIME 92230.255303
92230.254945 DISPLAY_TEXT 367 61 1 Who
92230.503779 CHEETAH_SIGNAL SENT_AFTER_TIME 92230.471523
92230.471089 DISPLAY_TEXT OFF
92230.820009 CHEETAH_SIGNAL SENT_AFTER_TIME 92230.787696
92230.787262 DISPLAY_TEXT 368 61 2 tickles
92231.037241 CHEETAH_SIGNAL SENT_AFTER_TIME 92231.005016
92231.004578 DISPLAY_TEXT OFF
92231.353450 CHEETAH_SIGNAL SENT_AFTER_TIME 92231.321211
92231.320729 DISPLAY_TEXT 369 61 3 the
92231.570641 CHEETAH_SIGNAL SENT_AFTER_TIME 92231.538442
92231.538009 DISPLAY_TEXT OFF
92231.886845 CHEETAH_SIGNAL SENT_AFTER_TIME 92231.854622
92231.854189 DISPLAY_TEXT 370 61 4 girl?
92232.104488 CHEETAH_SIGNAL SENT_AFTER_TIME 92232.072257
92232.071825 DISPLAY_TEXT OFF
92233.121364 CHEETAH_SIGNAL SENT_AFTER_TIME 92233.089146
92233.088704 DISPLAY_TEXT 371 88 1 He
92233.337522 CHEETAH_SIGNAL SENT_AFTER_TIME 92233.305331
92233.304891 DISPLAY_TEXT OFF
92233.653568 CHEETAH_SIGNAL SENT_AFTER_TIME 92233.621340
92233.620907 DISPLAY_TEXT 372 88 2 collapses.
92233.871361 CHEETAH_SIGNAL SENT_AFTER_TIME 92233.839090
92233.838657 DISPLAY_TEXT OFF
92234.887800 CHEETAH_SIGNAL SENT_AFTER_TIME 92234.855529
92234.855079 DISPLAY_TEXT 373 50 1 What
92235.103845 CHEETAH_SIGNAL SENT_AFTER_TIME 92235.071570
92235.071217 DISPLAY_TEXT OFF
92235.421175 CHEETAH_SIGNAL SENT_AFTER_TIME 92235.388945
92235.388503 DISPLAY_TEXT 374 50 2 did
92235.637341 CHEETAH_SIGNAL SENT_AFTER_TIME 92235.605136
92235.604695 DISPLAY_TEXT OFF
92235.954576 CHEETAH_SIGNAL SENT_AFTER_TIME 92235.922394
92235.921953 DISPLAY_TEXT 375 50 3 the
92236.170840 CHEETAH_SIGNAL SENT_AFTER_TIME 92236.138541
92236.138109 DISPLAY_TEXT OFF
92236.488081 CHEETAH_SIGNAL SENT_AFTER_TIME 92236.455897
92236.455463 DISPLAY_TEXT 376 50 4 girl
92236.704275 CHEETAH_SIGNAL SENT_AFTER_TIME 92236.672045
92236.671637 DISPLAY_TEXT OFF
92237.021621 CHEETAH_SIGNAL SENT_AFTER_TIME 92236.989387
92236.988928 DISPLAY_TEXT 377 50 5 kick?
92237.238412 CHEETAH_SIGNAL SENT_AFTER_TIME 92237.206040
92237.205594 DISPLAY_TEXT OFF
92238.255445 CHEETAH_SIGNAL SENT_AFTER_TIME 92238.223291
92238.222856 DISPLAY_TEXT 378 87 1 Who
92238.471747 CHEETAH_SIGNAL SENT_AFTER_TIME 92238.439522
92238.439089 DISPLAY_TEXT OFF
92238.788001 CHEETAH_SIGNAL SENT_AFTER_TIME 92238.755772
92238.755329 DISPLAY_TEXT 379 87 2 kicked
92239.005201 CHEETAH_SIGNAL SENT_AFTER_TIME 92238.973016
92238.972578 DISPLAY_TEXT OFF
92239.321639 CHEETAH_SIGNAL SENT_AFTER_TIME 92239.289323
92239.288878 DISPLAY_TEXT 380 87 3 the
92239.538891 CHEETAH_SIGNAL SENT_AFTER_TIME 92239.506616
92239.506185 DISPLAY_TEXT OFF
92239.855052 CHEETAH_SIGNAL SENT_AFTER_TIME 92239.822793
92239.822348 DISPLAY_TEXT 381 87 4 ball?
92240.071613 CHEETAH_SIGNAL SENT_AFTER_TIME 92240.039336
92240.038904 DISPLAY_TEXT OFF
92241.088979 CHEETAH_SIGNAL SENT_AFTER_TIME 92241.056633
92241.056194 DISPLAY_TEXT 382 26 1 Whom
92241.305172 CHEETAH_SIGNAL SENT_AFTER_TIME 92241.272862
92241.272426 DISPLAY_TEXT OFF
92241.622462 CHEETAH_SIGNAL SENT_AFTER_TIME 92241.590197
92241.589748 DISPLAY_TEXT 383 26 2 will
92241.838602 CHEETAH_SIGNAL SENT_AFTER_TIME 92241.806356
92241.805918 DISPLAY_TEXT OFF
92242.155923 CHEETAH_SIGNAL SENT_AFTER_TIME 92242.123572
92242.123130 DISPLAY_TEXT 384 26 3 the
92242.372026 CHEETAH_SIGNAL SENT_AFTER_TIME 92242.339766
92242.339318 DISPLAY_TEXT OFF
92242.689666 CHEETAH_SIGNAL SENT_AFTER_TIME 92242.657320
92242.656855 DISPLAY_TEXT 385 26 4 boy
92242.905669 CHEETAH_SIGNAL SENT_AFTER_TIME 92242.873415
92242.872969 DISPLAY_TEXT OFF
92243.223024 CHEETAH_SIGNAL SENT_AFTER_TIME 92243.190691
92243.190257 DISPLAY_TEXT 386 26 5 tickle?
92243.439534 CHEETAH_SIGNAL SENT_AFTER_TIME 92243.407239
92243.406808 DISPLAY_TEXT OFF
92244.455623 CHEETAH_SIGNAL SENT_AFTER_TIME 92244.423360
92244.422902 DISPLAY_TEXT 387 43 1 She
92244.672870 CHEETAH_SIGNAL SENT_AFTER_TIME 92244.640586
92244.640232 DISPLAY_TEXT OFF
92244.989104 CHEETAH_SIGNAL SENT_AFTER_TIME 92244.956852
92244.956418 DISPLAY_TEXT 388 43 2 remained.
92245.205699 CHEETAH_SIGNAL SENT_AFTER_TIME 92245.173402
92245.172956 DISPLAY_TEXT OFF
92246.223085 CHEETAH_SIGNAL SENT_AFTER_TIME 92246.190837
92246.190393 DISPLAY_TEXT 389 124 1 Who
92246.439350 CHEETAH_SIGNAL SENT_AFTER_TIME 92246.407021
92246.406572 DISPLAY_TEXT OFF
92246.756553 CHEETAH_SIGNAL SENT_AFTER_TIME 92246.724258
92246.723817 DISPLAY_TEXT 390 124 2 disappeared?
92246.973400 CHEETAH_SIGNAL SENT_AFTER_TIME 92246.941144
92246.940714 DISPLAY_TEXT OFF
92247.989540 CHEETAH_SIGNAL SENT_AFTER_TIME 92247.957286
92247.956922 DISPLAY_TEXT 391 94 1 She
92248.206827 CHEETAH_SIGNAL SENT_AFTER_TIME 92248.174478
92248.174032 DISPLAY_TEXT OFF
92248.522932 CHEETAH_SIGNAL SENT_AFTER_TIME 92248.490660
92248.490228 DISPLAY_TEXT 392 94 2 kicked
92248.740320 CHEETAH_SIGNAL SENT_AFTER_TIME 92248.707972
92248.707526 DISPLAY_TEXT OFF
92249.056378 CHEETAH_SIGNAL SENT_AFTER_TIME 92249.024087
92249.023665 DISPLAY_TEXT 393 94 3 the
92249.273633 CHEETAH_SIGNAL SENT_AFTER_TIME 92249.241352
92249.240921 DISPLAY_TEXT OFF
92249.589739 CHEETAH_SIGNAL SENT_AFTER_TIME 92249.557475
92249.557046 DISPLAY_TEXT 394 94 4 ball.
92249.807427 CHEETAH_SIGNAL SENT_AFTER_TIME 92249.775069
92249.774625 DISPLAY_TEXT OFF
92250.824216 CHEETAH_SIGNAL SENT_AFTER_TIME 92250.791919
92250.791456 DISPLAY_TEXT 395 19 1 Who
92251.040328 CHEETAH_SIGNAL SENT_AFTER_TIME 92251.008040
92251.007607 DISPLAY_TEXT OFF
92251.357528 CHEETAH_SIGNAL SENT_AFTER_TIME 92251.325199
92251.324835 DISPLAY_TEXT 396 19 2 laughs?
92251.574075 CHEETAH_SIGNAL SENT_AFTER_TIME 92251.541792
92251.541347 DISPLAY_TEXT OFF
92252.590282 CHEETAH_SIGNAL SENT_AFTER_TIME 92252.557988
92252.557545 DISPLAY_TEXT 397 102 1 We
92252.807471 CHEETAH_SIGNAL SENT_AFTER_TIME 92252.775227
92252.774777 DISPLAY_TEXT OFF
92253.123723 CHEETAH_SIGNAL SENT_AFTER_TIME 92253.091395
92253.090958 DISPLAY_TEXT 398 102 2 heard
92253.341032 CHEETAH_SIGNAL SENT_AFTER_TIME 92253.308716
92253.308271 DISPLAY_TEXT OFF
92253.657159 CHEETAH_SIGNAL SENT_AFTER_TIME 92253.624885
92253.624440 DISPLAY_TEXT 399 102 3 that
92253.874496 CHEETAH_SIGNAL SENT_AFTER_TIME 92253.842222
92253.841791 DISPLAY_TEXT OFF
92254.190701 CHEETAH_SIGNAL SENT_AFTER_TIME 92254.158371
92254.158016 DISPLAY_TEXT 400 102 4 she
92254.407908 CHEETAH_SIGNAL SENT_AFTER_TIME 92254.375701
92254.375270 DISPLAY_TEXT OFF
92254.724130 CHEETAH_SIGNAL SENT_AFTER_TIME 92254.691888
92254.691425 DISPLAY_TEXT 401 102 5 sneezed.
92254.940738 CHEETAH_SIGNAL SENT_AFTER_TIME 92254.908415
92254.907981 DISPLAY_TEXT OFF
92255.957955 CHEETAH_SIGNAL SENT_AFTER_TIME 92255.925637
92255.925210 DISPLAY_TEXT 402 44 1 The
92256.174151 CHEETAH_SIGNAL SENT_AFTER_TIME 92256.141861
92256.141410 DISPLAY_TEXT OFF
92256.491329 CHEETAH_SIGNAL SENT_AFTER_TIME 92256.459173
92256.458726 DISPLAY_TEXT 403 44 2 salad
92256.707587 CHEETAH_SIGNAL SENT_AFTER_TIME 92256.675302
92256.674854 DISPLAY_TEXT OFF
92257.024901 CHEETAH_SIGNAL SENT_AFTER_TIME 92256.992610
92256.992249 DISPLAY_TEXT 404 44 3 is
92257.241148 CHEETAH_SIGNAL SENT_AFTER_TIME 92257.208859
92257.208425 DISPLAY_TEXT OFF
92257.558391 CHEETAH_SIGNAL SENT_AFTER_TIME 92257.526095
92257.525649 DISPLAY_TEXT 405 44 4 tasty.
92257.775100 CHEETAH_SIGNAL SENT_AFTER_TIME 92257.742787
92257.742345 DISPLAY_TEXT OFF
92258.791305 CHEETAH_SIGNAL SENT_AFTER_TIME 92258.758972
92258.758531 DISPLAY_TEXT 406 130 1 They
92259.008549 CHEETAH_SIGNAL SENT_AFTER_TIME 92258.976250
92258.975814 DISPLAY_TEXT OFF
92259.324769 CHEETAH_SIGNAL SENT_AFTER_TIME 92259.292451
92259.291997 DISPLAY_TEXT 407 130 2 coughed.
92259.542193 CHEETAH_SIGNAL SENT_AFTER_TIME 92259.510013
92259.509668 DISPLAY_TEXT OFF
92260.558307 CHEETAH_SIGNAL SENT_AFTER_TIME 92260.526020
92260.525585 DISPLAY_TEXT 408 15 1 He
92260.775469 CHEETAH_SIGNAL SENT_AFTER_TIME 92260.743156
92260.742819 DISPLAY_TEXT OFF
92261.091665 CHEETAH_SIGNAL SENT_AFTER_TIME 92261.059405
92261.058948 DISPLAY_TEXT 409 15 2 remains.
92261.309304 CHEETAH_SIGNAL SENT_AFTER_TIME 92261.276990
92261.276637 DISPLAY_TEXT OFF
92262.325455 CHEETAH_SIGNAL SENT_AFTER_TIME 92262.293109
92262.292678 DISPLAY_TEXT 410 73 1 She
92262.542155 CHEETAH_SIGNAL SENT_AFTER_TIME 92262.509818
92262.509394 DISPLAY_TEXT OFF
92262.859164 CHEETAH_SIGNAL SENT_AFTER_TIME 92262.826846
92262.826461 DISPLAY_TEXT 411 73 2 heard
92263.075428 CHEETAH_SIGNAL SENT_AFTER_TIME 92263.043114
92263.042652 DISPLAY_TEXT OFF
92263.392536 CHEETAH_SIGNAL SENT_AFTER_TIME 92263.360259
92263.359882 DISPLAY_TEXT 412 73 3 them
92263.608737 CHEETAH_SIGNAL SENT_AFTER_TIME 92263.576454
92263.575979 DISPLAY_TEXT OFF
92263.925950 CHEETAH_SIGNAL SENT_AFTER_TIME 92263.893616
92263.893252 DISPLAY_TEXT 413 73 4 crying.
92264.142462 CHEETAH_SIGNAL SENT_AFTER_TIME 92264.110206
92264.109844 DISPLAY_TEXT OFF
92265.159727 CHEETAH_SIGNAL SENT_AFTER_TIME 92265.127433
92265.127087 DISPLAY_TEXT 414 1 1 He
92265.376036 CHEETAH_SIGNAL SENT_AFTER_TIME 92265.343674
92265.343328 DISPLAY_TEXT OFF
92265.693346 CHEETAH_SIGNAL SENT_AFTER_TIME 92265.661033
92265.660672 DISPLAY_TEXT 415 1 2 smiles.
92265.909887 CHEETAH_SIGNAL SENT_AFTER_TIME 92265.877536
92265.877184 DISPLAY_TEXT OFF
92266.926204 CHEETAH_SIGNAL SENT_AFTER_TIME 92266.893869
92266.893519 DISPLAY_TEXT 416 125 1 We
92267.143545 CHEETAH_SIGNAL SENT_AFTER_TIME 92267.111286
92267.110872 DISPLAY_TEXT OFF
92267.459394 CHEETAH_SIGNAL SENT_AFTER_TIME 92267.427314
92267.427004 DISPLAY_TEXT 417 125 2 believed
92267.676992 CHEETAH_SIGNAL SENT_AFTER_TIME 92267.644687
92267.644334 DISPLAY_TEXT OFF
92267.993225 CHEETAH_SIGNAL SENT_AFTER_TIME 92267.960951
92267.960605 DISPLAY_TEXT 418 125 3 that
92268.209409 CHEETAH_SIGNAL SENT_AFTER_TIME 92268.177091
92268.176742 DISPLAY_TEXT OFF
92268.526758 CHEETAH_SIGNAL SENT_AFTER_TIME 92268.494453
92268.494093 DISPLAY_TEXT 419 125 4 he
92268.743213 CHEETAH_SIGNAL SENT_AFTER_TIME 92268.710894
92268.710544 DISPLAY_TEXT OFF
92269.060259 CHEETAH_SIGNAL SENT_AFTER_TIME 92269.027996
92269.027646 DISPLAY_TEXT 420 125 5 cried.
92269.276845 CHEETAH_SIGNAL SENT_AFTER_TIME 92269.244547
92269.244197 DISPLAY_TEXT OFF
92270.292919 CHEETAH_SIGNAL SENT_AFTER_TIME 92270.260635
92270.260275 DISPLAY_TEXT 421 36 1 She
92270.509949 CHEETAH_SIGNAL SENT_AFTER_TIME 92270.477830
92270.477540 DISPLAY_TEXT OFF
92270.827464 CHEETAH_SIGNAL SENT_AFTER_TIME 92270.795207
92270.794856 DISPLAY_TEXT 422 36 2 laughed.
92271.044107 CHEETAH_SIGNAL SENT_AFTER_TIME 92271.011821
92271.011472 DISPLAY_TEXT OFF
92272.060277 CHEETAH_SIGNAL SENT_AFTER_TIME 92272.028058
92272.027637 DISPLAY_TEXT 423 116 1 Who
92272.277515 CHEETAH_SIGNAL SENT_AFTER_TIME 92272.245290
92272.244910 DISPLAY_TEXT OFF
92272.593712 CHEETAH_SIGNAL SENT_AFTER_TIME 92272.561534
92272.561116 DISPLAY_TEXT 424 116 2 vanished?
92272.810274 CHEETAH_SIGNAL SENT_AFTER_TIME 92272.778076
92272.777725 DISPLAY_TEXT OFF
92273.826994 CHEETAH_SIGNAL SENT_AFTER_TIME 92273.794849
92273.794489 DISPLAY_TEXT 425 82 1 The
92274.044481 CHEETAH_SIGNAL SENT_AFTER_TIME 92274.012190
92274.011836 DISPLAY_TEXT OFF
92274.360469 CHEETAH_SIGNAL SENT_AFTER_TIME 92274.328342
92274.327992 DISPLAY_TEXT 426 82 2 boy
92274.577926 CHEETAH_SIGNAL SENT_AFTER_TIME 92274.545685
92274.545335 DISPLAY_TEXT OFF
92274.894243 CHEETAH_SIGNAL SENT_AFTER_TIME 92274.861956
92274.861595 DISPLAY_TEXT 427 82 3 will
92275.110331 CHEETAH_SIGNAL SENT_AFTER_TIME 92275.078116
92275.077765 DISPLAY_TEXT OFF
92275.427753 CHEETAH_SIGNAL SENT_AFTER_TIME 92275.395481
92275.395117 DISPLAY_TEXT 428 82 4 sing.
92275.644453 CHEETAH_SIGNAL SENT_AFTER_TIME 92275.612165
92275.611784 DISPLAY_TEXT OFF
92276.661512 CHEETAH_SIGNAL SENT_AFTER_TIME 92276.629387
92276.629027 DISPLAY_TEXT 429 71 1 Who
92276.877822 CHEETAH_SIGNAL SENT_AFTER_TIME 92276.845557
92276.845205 DISPLAY_TEXT OFF
92277.194434 CHEETAH_SIGNAL SENT_AFTER_TIME 92277.162233
92277.161854 DISPLAY_TEXT 430 71 2 coughed?
92277.411005 CHEETAH_SIGNAL SENT_AFTER_TIME 92277.378725
92277.378349 DISPLAY_TEXT OFF
92278.428048 CHEETAH_SIGNAL SENT_AFTER_TIME 92278.395718
92278.395354 DISPLAY_TEXT 431 23 1 They
92278.645330 CHEETAH_SIGNAL SENT_AFTER_TIME 92278.613029
92278.612676 DISPLAY_TEXT OFF
92278.961435 CHEETAH_SIGNAL SENT_AFTER_TIME 92278.929251
92278.928835 DISPLAY_TEXT 432 23 2 saw
92279.178955 CHEETAH_SIGNAL SENT_AFTER_TIME 92279.146603
92279.146157 DISPLAY_TEXT OFF
92279.495171 CHEETAH_SIGNAL SENT_AFTER_TIME 92279.462850
92279.462393 DISPLAY_TEXT 433 23 3 him
92279.711200 CHEETAH_SIGNAL SENT_AFTER_TIME 92279.678941
92279.678588 DISPLAY_TEXT OFF
92280.028546 CHEETAH_SIGNAL SENT_AFTER_TIME 92279.996246
92279.995897 DISPLAY_TEXT 434 23 4 dance.
92280.245167 CHEETAH_SIGNAL SENT_AFTER_TIME 92280.212933
92280.212498 DISPLAY_TEXT OFF
92281.262381 CHEETAH_SIGNAL SENT_AFTER_TIME 92281.230021
92281.229565 DISPLAY_TEXT 435 141 1 Who
92281.478294 CHEETAH_SIGNAL SENT_AFTER_TIME 92281.446035
92281.445694 DISPLAY_TEXT OFF
92281.795653 CHEETAH_SIGNAL SENT_AFTER_TIME 92281.763360
92281.763008 DISPLAY_TEXT 436 141 2 collapsed?
92282.012204 CHEETAH_SIGNAL SENT_AFTER_TIME 92281.979959
92281.979617 DISPLAY_TEXT OFF
92283.028406 CHEETAH_SIGNAL SENT_AFTER_TIME 92282.996204
92282.995819 DISPLAY_TEXT 437 126 1 The
92283.245744 CHEETAH_SIGNAL SENT_AFTER_TIME 92283.213455
92283.213073 DISPLAY_TEXT OFF
92283.561878 CHEETAH_SIGNAL SENT_AFTER_TIME 92283.529599
92283.529248 DISPLAY_TEXT 438 126 2 host
92283.779124 CHEETAH_SIGNAL SENT_AFTER_TIME 92283.746879
92283.746528 DISPLAY_TEXT OFF
92284.095527 CHEETAH_SIGNAL SENT_AFTER_TIME 92284.063185
92284.062731 DISPLAY_TEXT 439 126 3 will
92284.312669 CHEETAH_SIGNAL SENT_AFTER_TIME 92284.280409
92284.279977 DISPLAY_TEXT OFF
92284.628737 CHEETAH_SIGNAL SENT_AFTER_TIME 92284.596491
92284.596111 DISPLAY_TEXT 440 126 4 eat.
92284.846580 CHEETAH_SIGNAL SENT_AFTER_TIME 92284.814275
92284.813841 DISPLAY_TEXT OFF
92285.863108 CHEETAH_SIGNAL SENT_AFTER_TIME 92285.830726
92285.830270 DISPLAY_TEXT 441 137 1 The
92286.079184 CHEETAH_SIGNAL SENT_AFTER_TIME 92286.046922
92286.046473 DISPLAY_TEXT OFF
92286.396555 CHEETAH_SIGNAL SENT_AFTER_TIME 92286.364231
92286.363785 DISPLAY_TEXT 442 137 2 boys
92286.612624 CHEETAH_SIGNAL SENT_AFTER_TIME 92286.580345
92286.579911 DISPLAY_TEXT OFF
92286.929177 CHEETAH_SIGNAL SENT_AFTER_TIME 92286.896902
92286.896460 DISPLAY_TEXT 443 137 3 vanished.
92287.146866 CHEETAH_SIGNAL SENT_AFTER_TIME 92287.114566
92287.114130 DISPLAY_TEXT OFF
92288.162880 CHEETAH_SIGNAL SENT_AFTER_TIME 92288.130660
92288.130220 DISPLAY_TEXT 444 65 1 They
92288.380164 CHEETAH_SIGNAL SENT_AFTER_TIME 92288.347913
92288.347478 DISPLAY_TEXT OFF
92288.696299 CHEETAH_SIGNAL SENT_AFTER_TIME 92288.664024
92288.663593 DISPLAY_TEXT 445 65 2 found
92288.913507 CHEETAH_SIGNAL SENT_AFTER_TIME 92288.881243
92288.880798 DISPLAY_TEXT OFF
92289.229894 CHEETAH_SIGNAL SENT_AFTER_TIME 92289.197555
92289.197112 DISPLAY_TEXT 446 65 3 the
92289.446962 CHEETAH_SIGNAL SENT_AFTER_TIME 92289.414702
92289.414271 DISPLAY_TEXT OFF
92289.763151 CHEETAH_SIGNAL SENT_AFTER_TIME 92289.730848
92289.730405 DISPLAY_TEXT 447 65 4 bikes.
92289.979586 CHEETAH_SIGNAL SENT_AFTER_TIME 92289.947345
92289.946911 DISPLAY_TEXT OFF
92290.996794 CHEETAH_SIGNAL SENT_AFTER_TIME 92290.964565
92290.964124 DISPLAY_TEXT 448 2 1 Who
92291.213373 CHEETAH_SIGNAL SENT_AFTER_TIME 92291.181107
92291.180755 DISPLAY_TEXT OFF
92291.530128 CHEETAH_SIGNAL SENT_AFTER_TIME 92291.497884
92291.497439 DISPLAY_TEXT 449 2 2 hugs
92291.746738 CHEETAH_SIGNAL SENT_AFTER_TIME 92291.714570
92291.714135 DISPLAY_TEXT OFF
92292.064085 CHEETAH_SIGNAL SENT_AFTER_TIME 92292.031834
92292.031399 DISPLAY_TEXT 450 2 3 the
92292.280180 CHEETAH_SIGNAL SENT_AFTER_TIME 92292.247890
92292.247456 DISPLAY_TEXT OFF
92292.597185 CHEETAH_SIGNAL SENT_AFTER_TIME 92292.564905
92292.564461 DISPLAY_TEXT 451 2 4 friend?
92292.813588 CHEETAH_SIGNAL SENT_AFTER_TIME 92292.781202
92292.780756 DISPLAY_TEXT OFF
92293.831302 CHEETAH_SIGNAL SENT_AFTER_TIME 92293.799083
92293.798733 DISPLAY_TEXT 452 132 1 The
92294.048061 CHEETAH_SIGNAL SENT_AFTER_TIME 92294.015823
92294.015391 DISPLAY_TEXT OFF
92294.364771 CHEETAH_SIGNAL SENT_AFTER_TIME 92294.332486
92294.332041 DISPLAY_TEXT 453 132 2 boys
92294.581456 CHEETAH_SIGNAL SENT_AFTER_TIME 92294.549155
92294.548716 DISPLAY_TEXT OFF
92294.898078 CHEETAH_SIGNAL SENT_AFTER_TIME 92294.865863
92294.865430 DISPLAY_TEXT 454 132 3 kissed
92295.114683 CHEETAH_SIGNAL SENT_AFTER_TIME 92295.082400
92295.081982 DISPLAY_TEXT OFF
92295.431345 CHEETAH_SIGNAL SENT_AFTER_TIME 92295.399146
92295.398700 DISPLAY_TEXT 455 132 4 the
92295.648077 CHEETAH_SIGNAL SENT_AFTER_TIME 92295.615818
92295.615385 DISPLAY_TEXT OFF
92295.964203 CHEETAH_SIGNAL SENT_AFTER_TIME 92295.931970
92295.931538 DISPLAY_TEXT 456 132 5 clowns.
92296.181451 CHEETAH_SIGNAL SENT_AFTER_TIME 92296.149129
92296.148700 DISPLAY_TEXT OFF
92297.198121 CHEETAH_SIGNAL SENT_AFTER_TIME 92297.165840
92297.165394 DISPLAY_TEXT 457 114 1 She
92297.414744 CHEETAH_SIGNAL SENT_AFTER_TIME 92297.382431
92297.381985 DISPLAY_TEXT OFF
92297.731454 CHEETAH_SIGNAL SENT_AFTER_TIME 92297.699204
92297.698787 DISPLAY_TEXT 458 114 2 saw
92297.948104 CHEETAH_SIGNAL SENT_AFTER_TIME 92297.915814
92297.915382 DISPLAY_TEXT OFF
92298.265292 CHEETAH_SIGNAL SENT_AFTER_TIME 92298.233059
92298.232634 DISPLAY_TEXT 459 114 3 him
92298.481518 CHEETAH_SIGNAL SENT_AFTER_TIME 92298.449215
92298.448782 DISPLAY_TEXT OFF
92298.798908 CHEETAH_SIGNAL SENT_AFTER_TIME 92298.766602
92298.766152 DISPLAY_TEXT 460 114 4 coming.
92299.014885 CHEETAH_SIGNAL SENT_AFTER_TIME 92298.982543
92298.982128 DISPLAY_TEXT OFF
92300.032100 CHEETAH_SIGNAL SENT_AFTER_TIME 92299.999808
92299.999363 DISPLAY_TEXT 461 4 1 He
92300.248145 CHEETAH_SIGNAL SENT_AFTER_TIME 92300.215936
92300.215584 DISPLAY_TEXT OFF
92300.565444 CHEETAH_SIGNAL SENT_AFTER_TIME 92300.533155
92300.532723 DISPLAY_TEXT 462 4 2 showered.
92300.782042 CHEETAH_SIGNAL SENT_AFTER_TIME 92300.749725
92300.749279 DISPLAY_TEXT OFF
92301.798727 CHEETAH_SIGNAL SENT_AFTER_TIME 92301.766402
92301.765946 DISPLAY_TEXT 463 18 1 The
92302.016030 CHEETAH_SIGNAL SENT_AFTER_TIME 92301.983671
92301.983224 DISPLAY_TEXT OFF
92302.332155 CHEETAH_SIGNAL SENT_AFTER_TIME 92302.299824
92302.299378 DISPLAY_TEXT 464 18 2 chef
92302.549466 CHEETAH_SIGNAL SENT_AFTER_TIME 92302.517165
92302.516732 DISPLAY_TEXT OFF
92302.865483 CHEETAH_SIGNAL SENT_AFTER_TIME 92302.833274
92302.832849 DISPLAY_TEXT 465 18 3 served
92303.081638 CHEETAH_SIGNAL SENT_AFTER_TIME 92303.049459
92303.049026 DISPLAY_TEXT OFF
92303.399060 CHEETAH_SIGNAL SENT_AFTER_TIME 92303.366789
92303.366356 DISPLAY_TEXT 466 18 4 the
92303.615194 CHEETAH_SIGNAL SENT_AFTER_TIME 92303.582888
92303.582537 DISPLAY_TEXT OFF
92303.932571 CHEETAH_SIGNAL SENT_AFTER_TIME 92303.900265
92303.899823 DISPLAY_TEXT 467 18 5 cake.
92304.149125 CHEETAH_SIGNAL SENT_AFTER_TIME 92304.116805
92304.116372 DISPLAY_TEXT OFF
92304.384826 KEY_PRESS l
92304.560823 KEY_PRESS l
92305.166236 CHEETAH_SIGNAL SENT_AFTER_TIME 92305.133939
92305.133509 DISPLAY_TEXT 468 85 1 The
92305.382504 CHEETAH_SIGNAL SENT_AFTER_TIME 92305.350117
92305.349674 DISPLAY_TEXT OFF
92305.699631 CHEETAH_SIGNAL SENT_AFTER_TIME 92305.667336
92305.666889 DISPLAY_TEXT 469 85 2 cook
92305.915719 CHEETAH_SIGNAL SENT_AFTER_TIME 92305.883435
92305.883020 DISPLAY_TEXT OFF
92306.233185 CHEETAH_SIGNAL SENT_AFTER_TIME 92306.200915
92306.200480 DISPLAY_TEXT 470 85 3 prepared
92306.449404 CHEETAH_SIGNAL SENT_AFTER_TIME 92306.417163
92306.416726 DISPLAY_TEXT OFF
92306.765607 CHEETAH_SIGNAL SENT_AFTER_TIME 92306.733285
92306.732862 DISPLAY_TEXT 471 85 4 the
92306.982875 CHEETAH_SIGNAL SENT_AFTER_TIME 92306.950581
92306.950139 DISPLAY_TEXT OFF
92307.299054 CHEETAH_SIGNAL SENT_AFTER_TIME 92307.266721
92307.266276 DISPLAY_TEXT 472 85 5 meal.
92307.516558 CHEETAH_SIGNAL SENT_AFTER_TIME 92307.484272
92307.483857 DISPLAY_TEXT OFF
92307.912826 KEY_PRESS l
92308.104825 KEY_PRESS l
92308.533395 CHEETAH_SIGNAL SENT_AFTER_TIME 92308.501082
92308.500623 DISPLAY_TEXT 473 75 1 He
92308.749711 CHEETAH_SIGNAL SENT_AFTER_TIME 92308.717439
92308.717004 DISPLAY_TEXT OFF
92309.066928 CHEETAH_SIGNAL SENT_AFTER_TIME 92309.034634
92309.034219 DISPLAY_TEXT 474 75 2 falls.
92309.283399 CHEETAH_SIGNAL SENT_AFTER_TIME 92309.251122
92309.250769 DISPLAY_TEXT OFF
92310.300199 CHEETAH_SIGNAL SENT_AFTER_TIME 92310.267923
92310.267465 DISPLAY_TEXT 475 24 1 The
92310.516237 CHEETAH_SIGNAL SENT_AFTER_TIME 92310.483969
92310.483557 DISPLAY_TEXT OFF
92310.833705 CHEETAH_SIGNAL SENT_AFTER_TIME 92310.801447
92310.801014 DISPLAY_TEXT 476 24 2 sandwich
92311.050032 CHEETAH_SIGNAL SENT_AFTER_TIME 92311.017653
92311.017204 DISPLAY_TEXT OFF
92311.367143 CHEETAH_SIGNAL SENT_AFTER_TIME 92311.334875
92311.334455 DISPLAY_TEXT 477 24 3 is
92311.480812 KEY_PRESS l
92311.583475 CHEETAH_SIGNAL SENT_AFTER_TIME 92311.551201
92311.550768 DISPLAY_TEXT OFF
92311.664833 KEY_PRESS l
92311.900051 CHEETAH_SIGNAL SENT_AFTER_TIME 92311.867658
92311.867221 DISPLAY_TEXT 478 24 4 healthy.
92312.117592 CHEETAH_SIGNAL SENT_AFTER_TIME 92312.085309
92312.084878 DISPLAY_TEXT OFF
92313.134081 CHEETAH_SIGNAL SENT_AFTER_TIME 92313.101767
92313.101323 DISPLAY_TEXT 479 95 1 He
92313.350140 CHEETAH_SIGNAL SENT_AFTER_TIME 92313.317931
92313.317500 DISPLAY_TEXT OFF
92313.667428 CHEETAH_SIGNAL SENT_AFTER_TIME 92313.635161
92313.634718 DISPLAY_TEXT 480 95 2 streched.
92313.883890 CHEETAH_SIGNAL SENT_AFTER_TIME 92313.851623
92313.851180 DISPLAY_TEXT OFF
92314.900433 CHEETAH_SIGNAL SENT_AFTER_TIME 92314.868132
92314.867670 DISPLAY_TEXT 481 39 1 She
92315.117678 CHEETAH_SIGNAL SENT_AFTER_TIME 92315.085373
92315.084957 DISPLAY_TEXT OFF
92315.433725 CHEETAH_SIGNAL SENT_AFTER_TIME 92315.401450
92315.401019 DISPLAY_TEXT 482 39 2 excercised.
92315.651264 CHEETAH_SIGNAL SENT_AFTER_TIME 92315.619000
92315.618563 DISPLAY_TEXT OFF
92316.667478 CHEETAH_SIGNAL SENT_AFTER_TIME 92316.635161
92316.634717 DISPLAY_TEXT 483 13 1 She
92316.884888 CHEETAH_SIGNAL SENT_AFTER_TIME 92316.852602
92316.852250 DISPLAY_TEXT OFF
92317.201094 CHEETAH_SIGNAL SENT_AFTER_TIME 92317.168874
92317.168400 DISPLAY_TEXT 484 13 2 sliced
92317.418329 CHEETAH_SIGNAL SENT_AFTER_TIME 92317.386041
92317.385628 DISPLAY_TEXT OFF
92317.734542 CHEETAH_SIGNAL SENT_AFTER_TIME 92317.702247
92317.701807 DISPLAY_TEXT 485 13 3 the
92317.951998 CHEETAH_SIGNAL SENT_AFTER_TIME 92317.919698
92317.919253 DISPLAY_TEXT OFF
92318.268099 CHEETAH_SIGNAL SENT_AFTER_TIME 92318.235866
92318.235434 DISPLAY_TEXT 486 13 4 mushrooms.
92318.484695 CHEETAH_SIGNAL SENT_AFTER_TIME 92318.452449
92318.452013 DISPLAY_TEXT OFF
92319.232822 KEY_PRESS l
92319.336825 KEY_PRESS l
92319.501394 CHEETAH_SIGNAL SENT_AFTER_TIME 92319.469106
92319.468661 DISPLAY_TEXT 487 9 1 They
92319.718623 CHEETAH_SIGNAL SENT_AFTER_TIME 92319.686319
92319.685880 DISPLAY_TEXT OFF
92320.034896 CHEETAH_SIGNAL SENT_AFTER_TIME 92320.002651
92320.002216 DISPLAY_TEXT 488 9 2 will
92320.252188 CHEETAH_SIGNAL SENT_AFTER_TIME 92320.219937
92320.219497 DISPLAY_TEXT OFF
92320.568311 CHEETAH_SIGNAL SENT_AFTER_TIME 92320.536048
92320.535623 DISPLAY_TEXT 489 9 3 drink.
92320.784875 CHEETAH_SIGNAL SENT_AFTER_TIME 92320.752573
92320.752140 DISPLAY_TEXT OFF
92321.802532 CHEETAH_SIGNAL SENT_AFTER_TIME 92321.770258
92321.769826 DISPLAY_TEXT 490 66 1 They
92322.018706 CHEETAH_SIGNAL SENT_AFTER_TIME 92321.986381
92321.985949 DISPLAY_TEXT OFF
92322.334817 CHEETAH_SIGNAL SENT_AFTER_TIME 92322.302577
92322.302132 DISPLAY_TEXT 491 66 2 appeared.
92322.552669 CHEETAH_SIGNAL SENT_AFTER_TIME 92322.520484
92322.520045 DISPLAY_TEXT OFF
92323.569161 CHEETAH_SIGNAL SENT_AFTER_TIME 92323.536917
92323.536554 DISPLAY_TEXT 492 20 1 She
92323.785363 CHEETAH_SIGNAL SENT_AFTER_TIME 92323.753126
92323.752695 DISPLAY_TEXT OFF
92324.102898 CHEETAH_SIGNAL SENT_AFTER_TIME 92324.070603
92324.070158 DISPLAY_TEXT 493 20 2 sneezed.
92324.319324 CHEETAH_SIGNAL SENT_AFTER_TIME 92324.287074
92324.286640 DISPLAY_TEXT OFF
92325.335444 CHEETAH_SIGNAL SENT_AFTER_TIME 92325.303212
92325.302778 DISPLAY_TEXT 494 57 1 Who
92325.552731 CHEETAH_SIGNAL SENT_AFTER_TIME 92325.520505
92325.520075 DISPLAY_TEXT OFF
92325.868834 CHEETAH_SIGNAL SENT_AFTER_TIME 92325.836542
92325.836152 DISPLAY_TEXT 495 57 2 eats
92326.086173 CHEETAH_SIGNAL SENT_AFTER_TIME 92326.053892
92326.053454 DISPLAY_TEXT OFF
92326.402374 CHEETAH_SIGNAL SENT_AFTER_TIME 92326.370115
92326.369681 DISPLAY_TEXT 496 57 3 the
92326.619620 CHEETAH_SIGNAL SENT_AFTER_TIME 92326.587316
92326.586901 DISPLAY_TEXT OFF
92326.935796 CHEETAH_SIGNAL SENT_AFTER_TIME 92326.903505
92326.903055 DISPLAY_TEXT 497 57 4 salad?
92327.153416 CHEETAH_SIGNAL SENT_AFTER_TIME 92327.121147
92327.120711 DISPLAY_TEXT OFF
92327.456836 KEY_PRESS l
92327.584822 KEY_PRESS l
92328.170103 CHEETAH_SIGNAL SENT_AFTER_TIME 92328.137759
92328.137347 DISPLAY_TEXT 498 122 1 The
92328.386189 CHEETAH_SIGNAL SENT_AFTER_TIME 92328.353947
92328.353512 DISPLAY_TEXT OFF
92328.703660 CHEETAH_SIGNAL SENT_AFTER_TIME 92328.671332
92328.670873 DISPLAY_TEXT 499 122 2 girl
92328.919732 CHEETAH_SIGNAL SENT_AFTER_TIME 92328.887453
92328.887010 DISPLAY_TEXT OFF
92329.236864 CHEETAH_SIGNAL SENT_AFTER_TIME 92329.204536
92329.204101 DISPLAY_TEXT 500 122 3 crawls.
92329.453366 CHEETAH_SIGNAL SENT_AFTER_TIME 92329.421113
92329.420670 DISPLAY_TEXT OFF
92330.470392 CHEETAH_SIGNAL SENT_AFTER_TIME 92330.438120
92330.437676 DISPLAY_TEXT 501 10 1 They
92330.686516 CHEETAH_SIGNAL SENT_AFTER_TIME 92330.654260
92330.653825 DISPLAY_TEXT OFF
92331.003845 CHEETAH_SIGNAL SENT_AFTER_TIME 92330.971594
92330.971151 DISPLAY_TEXT 502 10 2 wink.
92331.220288 CHEETAH_SIGNAL SENT_AFTER_TIME 92331.188011
92331.187595 DISPLAY_TEXT OFF
92332.236644 CHEETAH_SIGNAL SENT_AFTER_TIME 92332.204363
92332.203907 DISPLAY_TEXT 503 12 1 Who
92332.453985 CHEETAH_SIGNAL SENT_AFTER_TIME 92332.421645
92332.421212 DISPLAY_TEXT OFF
92332.770072 CHEETAH_SIGNAL SENT_AFTER_TIME 92332.737774
92332.737342 DISPLAY_TEXT 504 12 2 jumped?
92332.987048 CHEETAH_SIGNAL SENT_AFTER_TIME 92332.954699
92332.954265 DISPLAY_TEXT OFF
92334.003655 CHEETAH_SIGNAL SENT_AFTER_TIME 92333.971386
92333.970944 DISPLAY_TEXT 505 118 1 The
92334.220861 CHEETAH_SIGNAL SENT_AFTER_TIME 92334.188625
92334.188190 DISPLAY_TEXT OFF
92334.537135 CHEETAH_SIGNAL SENT_AFTER_TIME 92334.504885
92334.504451 DISPLAY_TEXT 506 118 2 woman
92334.754438 CHEETAH_SIGNAL SENT_AFTER_TIME 92334.722143
92334.721789 DISPLAY_TEXT OFF
92335.070659 CHEETAH_SIGNAL SENT_AFTER_TIME 92335.038312
92335.037890 DISPLAY_TEXT 507 118 3 was
92335.287902 CHEETAH_SIGNAL SENT_AFTER_TIME 92335.255634
92335.255199 DISPLAY_TEXT OFF
92335.604081 CHEETAH_SIGNAL SENT_AFTER_TIME 92335.571863
92335.571431 DISPLAY_TEXT 508 118 4 pinched.
92335.821522 CHEETAH_SIGNAL SENT_AFTER_TIME 92335.789168
92335.788723 DISPLAY_TEXT OFF
