92392.308916 CHEETAH_SIGNAL SENT_AFTER_TIME 92392.276139
92394.801960 CHEETAH_SIGNAL SENT_AFTER_TIME 92394.770281
92394.862952 CHEETAH_SIGNAL SENT_AFTER_TIME 92394.830742
92394.830228 DISPLAY_INSTRUCTIONS Stimuli/instructions_audio_sentences.png
92410.659847 KEY_PRESS space
92410.691973 CHEETAH_SIGNAL SENT_AFTER_TIME 92410.660123
92410.784303 CHEETAH_SIGNAL SENT_AFTER_TIME 92410.751122
92410.750693 DISPLAY_INSTRUCTIONS OFF
92410.822940 SOUND_ONSET 400 0.200 44100
92411.161807 SOUND_ONSET 300 0.200 44100
92411.804256 SOUND_ONSET 600 0.200 44100
92412.246979 SOUND_ONSET 500 0.200 44100
92412.488612 SOUND_ONSET 700 0.200 44100
92412.880630 SOUND_ONSET 300 0.200 44100
92413.322809 SOUND_ONSET 400 0.200 44100
92413.714555 SOUND_ONSET 300 0.200 44100
92413.978978 CHEETAH_SIGNAL SENT_AFTER_TIME 92413.947135
92414.011184 CHEETAH_SIGNAL SENT_AFTER_TIME 92413.979316
92414.066921 CHEETAH_SIGNAL SENT_AFTER_TIME 92414.034764
92414.034391 DISPLAY_FIXATION
92417.248185 AUDIO_PLAYBACK_ONSET 8.wav
92418.427890 AUDIO_PLAYBACK_DONE 8.wav
92410.656667 KEY_PRESS space
92410.808653 KEY_PRESS space
92419.427890 AUDIO_PLAYBACK_ONSET 64.wav
92420.412269 AUDIO_PLAYBACK_DONE 64.wav
92421.412269 AUDIO_PLAYBACK_ONSET 134.wav
92422.201323 AUDIO_PLAYBACK_DONE 134.wav
92423.201323 AUDIO_PLAYBACK_ONSET 44.wav
92424.388828 AUDIO_PLAYBACK_DONE 44.wav
92424.144829 KEY_PRESS l
92424.360723 KEY_PRESS l
92425.388828 AUDIO_PLAYBACK_ONSET 46.wav
92426.451329 AUDIO_PLAYBACK_DONE 46.wav
92427.451329 AUDIO_PLAYBACK_ONSET 99.wav
92428.545072 AUDIO_PLAYBACK_DONE 99.wav
92429.545072 AUDIO_PLAYBACK_ONSET 125.wav
92430.670065 AUDIO_PLAYBACK_DONE 125.wav
92431.670065 AUDIO_PLAYBACK_ONSET 139.wav
92432.849750 AUDIO_PLAYBACK_DONE 139.wav
92433.849750 AUDIO_PLAYBACK_ONSET 146.wav
92435.224743 AUDIO_PLAYBACK_DONE 146.wav
92436.224743 AUDIO_PLAYBACK_ONSET 59.wav
92437.529439 AUDIO_PLAYBACK_DONE 59.wav
92438.529439 AUDIO_PLAYBACK_ONSET 121.wav
92439.966924 AUDIO_PLAYBACK_DONE 121.wav
92440.966924 AUDIO_PLAYBACK_ONSET 1.wav
92441.841917 AUDIO_PLAYBACK_DONE 1.wav
92442.841917 AUDIO_PLAYBACK_ONSET 144.wav
92444.154412 AUDIO_PLAYBACK_DONE 144.wav
92445.154412 AUDIO_PLAYBACK_ONSET 60.wav
92446.935666 AUDIO_PLAYBACK_DONE 60.wav
92447.935666 AUDIO_PLAYBACK_ONSET 27.wav
92449.623151 AUDIO_PLAYBACK_DONE 27.wav
92450.623151 AUDIO_PLAYBACK_ONSET 93.wav
92452.138776 AUDIO_PLAYBACK_DONE 93.wav
92453.138776 AUDIO_PLAYBACK_ONSET 122.wav
92454.326262 AUDIO_PLAYBACK_DONE 122.wav
92455.326262 AUDIO_PLAYBACK_ONSET 138.wav
92456.529373 AUDIO_PLAYBACK_DONE 138.wav
92457.529373 AUDIO_PLAYBACK_ONSET 56.wav
92459.310624 AUDIO_PLAYBACK_DONE 56.wav
92460.310624 AUDIO_PLAYBACK_ONSET 128.wav
92461.623124 AUDIO_PLAYBACK_DONE 128.wav
92462.623124 AUDIO_PLAYBACK_ONSET 92.wav
92463.873103 AUDIO_PLAYBACK_DONE 92.wav
92464.873103 AUDIO_PLAYBACK_ONSET 71.wav
92465.873105 AUDIO_PLAYBACK_DONE 71.wav
92466.873105 AUDIO_PLAYBACK_ONSET 6.wav
92468.099660 AUDIO_PLAYBACK_DONE 6.wav
92469.099660 AUDIO_PLAYBACK_ONSET 104.wav
92470.724654 AUDIO_PLAYBACK_DONE 104.wav
92471.724654 AUDIO_PLAYBACK_ONSET 131.wav
92472.599646 AUDIO_PLAYBACK_DONE 131.wav
92473.599646 AUDIO_PLAYBACK_ONSET 12.wav
92475.005886 AUDIO_PLAYBACK_DONE 12.wav
92476.005886 AUDIO_PLAYBACK_ONSET 35.wav
92477.568386 AUDIO_PLAYBACK_DONE 35.wav
92478.568386 AUDIO_PLAYBACK_ONSET 41.wav
92479.794943 AUDIO_PLAYBACK_DONE 41.wav
92480.794943 AUDIO_PLAYBACK_ONSET 148.wav
92482.060569 AUDIO_PLAYBACK_DONE 148.wav
92483.060569 AUDIO_PLAYBACK_ONSET 14.wav
92484.404314 AUDIO_PLAYBACK_DONE 14.wav
92482.176828 KEY_PRESS l
92482.328815 KEY_PRESS l
92485.404314 AUDIO_PLAYBACK_ONSET 25.wav
92486.904295 AUDIO_PLAYBACK_DONE 25.wav
92487.904295 AUDIO_PLAYBACK_ONSET 40.wav
92489.341784 AUDIO_PLAYBACK_DONE 40.wav
92490.341784 AUDIO_PLAYBACK_ONSET 136.wav
92491.958953 AUDIO_PLAYBACK_DONE 136.wav
92492.958953 AUDIO_PLAYBACK_ONSET 73.wav
92494.349567 AUDIO_PLAYBACK_DONE 73.wav
92495.349567 AUDIO_PLAYBACK_ONSET 76.wav
92496.662067 AUDIO_PLAYBACK_DONE 76.wav
92497.662067 AUDIO_PLAYBACK_ONSET 86.wav
92498.974565 AUDIO_PLAYBACK_DONE 86.wav
92499.974565 AUDIO_PLAYBACK_ONSET 57.wav
92501.208922 AUDIO_PLAYBACK_DONE 57.wav
92502.208922 AUDIO_PLAYBACK_ONSET 23.wav
92503.708922 AUDIO_PLAYBACK_DONE 23.wav
92504.708922 AUDIO_PLAYBACK_ONSET 39.wav
92506.583914 AUDIO_PLAYBACK_DONE 39.wav
92507.583914 AUDIO_PLAYBACK_ONSET 52.wav
92508.833897 AUDIO_PLAYBACK_DONE 52.wav
92509.833897 AUDIO_PLAYBACK_ONSET 42.wav
92510.990133 AUDIO_PLAYBACK_DONE 42.wav
92511.990133 AUDIO_PLAYBACK_ONSET 145.wav
92513.380748 AUDIO_PLAYBACK_DONE 145.wav
92514.380748 AUDIO_PLAYBACK_ONSET 109.wav
92515.826080 AUDIO_PLAYBACK_DONE 109.wav
92516.826080 AUDIO_PLAYBACK_ONSET 96.wav
92518.177623 AUDIO_PLAYBACK_DONE 96.wav
92519.177623 AUDIO_PLAYBACK_ONSET 129.wav
92520.302617 AUDIO_PLAYBACK_DONE 129.wav
92521.302617 AUDIO_PLAYBACK_ONSET 33.wav
92522.443231 AUDIO_PLAYBACK_DONE 33.wav
92523.443231 AUDIO_PLAYBACK_ONSET 38.wav
92524.724483 AUDIO_PLAYBACK_DONE 38.wav
92525.724483 AUDIO_PLAYBACK_ONSET 87.wav
92526.833852 AUDIO_PLAYBACK_DONE 87.wav
92527.833852 AUDIO_PLAYBACK_ONSET 108.wav
92529.318210 AUDIO_PLAYBACK_DONE 108.wav
92530.318210 AUDIO_PLAYBACK_ONSET 80.wav
92531.536966 AUDIO_PLAYBACK_DONE 80.wav
92532.536966 AUDIO_PLAYBACK_ONSET 48.wav
92533.708828 AUDIO_PLAYBACK_DONE 48.wav
92534.708828 AUDIO_PLAYBACK_ONSET 7.wav
92535.802573 AUDIO_PLAYBACK_DONE 7.wav
92536.802573 AUDIO_PLAYBACK_ONSET 28.wav
92538.302552 AUDIO_PLAYBACK_DONE 28.wav
92539.302552 AUDIO_PLAYBACK_ONSET 13.wav
92541.146295 AUDIO_PLAYBACK_DONE 13.wav
92540.680827 KEY_PRESS l
92540.832848 KEY_PRESS l
92542.146295 AUDIO_PLAYBACK_ONSET 94.wav
92543.365051 AUDIO_PLAYBACK_DONE 94.wav
92544.365051 AUDIO_PLAYBACK_ONSET 142.wav
92545.810360 AUDIO_PLAYBACK_DONE 142.wav
92546.810360 AUDIO_PLAYBACK_ONSET 135.wav
92547.861135 AUDIO_PLAYBACK_DONE 135.wav
92548.861135 AUDIO_PLAYBACK_ONSET 79.wav
92550.173630 AUDIO_PLAYBACK_DONE 79.wav
92551.173630 AUDIO_PLAYBACK_ONSET 78.wav
92552.595493 AUDIO_PLAYBACK_DONE 78.wav
92553.595493 AUDIO_PLAYBACK_ONSET 111.wav
92554.876766 AUDIO_PLAYBACK_DONE 111.wav
92555.876766 AUDIO_PLAYBACK_ONSET 91.wav
92556.783004 AUDIO_PLAYBACK_DONE 91.wav
92557.783004 AUDIO_PLAYBACK_ONSET 150.wav
92559.033005 AUDIO_PLAYBACK_DONE 150.wav
92560.033005 AUDIO_PLAYBACK_ONSET 2.wav
92561.454866 AUDIO_PLAYBACK_DONE 2.wav
92562.454866 AUDIO_PLAYBACK_ONSET 117.wav
92563.829861 AUDIO_PLAYBACK_DONE 117.wav
92564.829861 AUDIO_PLAYBACK_ONSET 120.wav
92566.126732 AUDIO_PLAYBACK_DONE 120.wav
92567.126732 AUDIO_PLAYBACK_ONSET 83.wav
92568.814219 AUDIO_PLAYBACK_DONE 83.wav
92569.814219 AUDIO_PLAYBACK_ONSET 147.wav
92571.165766 AUDIO_PLAYBACK_DONE 147.wav
92572.165766 AUDIO_PLAYBACK_ONSET 30.wav
92573.665744 AUDIO_PLAYBACK_DONE 30.wav
92574.665744 AUDIO_PLAYBACK_ONSET 112.wav
92575.603230 AUDIO_PLAYBACK_DONE 112.wav
92576.603230 AUDIO_PLAYBACK_ONSET 61.wav
92578.103208 AUDIO_PLAYBACK_DONE 61.wav
92579.103208 AUDIO_PLAYBACK_ONSET 116.wav
92580.165703 AUDIO_PLAYBACK_DONE 116.wav
92581.165703 AUDIO_PLAYBACK_ONSET 102.wav
92582.759470 AUDIO_PLAYBACK_DONE 102.wav
92583.759470 AUDIO_PLAYBACK_ONSET 15.wav
92584.821966 AUDIO_PLAYBACK_DONE 15.wav
92585.821966 AUDIO_PLAYBACK_ONSET 72.wav
92587.306325 AUDIO_PLAYBACK_DONE 72.wav
92588.306325 AUDIO_PLAYBACK_ONSET 110.wav
92589.837574 AUDIO_PLAYBACK_DONE 110.wav
92590.837574 AUDIO_PLAYBACK_ONSET 49.wav
92592.103201 AUDIO_PLAYBACK_DONE 49.wav
92589.848827 KEY_PRESS l
92589.992825 KEY_PRESS l
92593.103201 AUDIO_PLAYBACK_ONSET 32.wav
92594.337579 AUDIO_PLAYBACK_DONE 32.wav
92595.337579 AUDIO_PLAYBACK_ONSET 137.wav
92596.759442 AUDIO_PLAYBACK_DONE 137.wav
92597.759442 AUDIO_PLAYBACK_ONSET 65.wav
92599.134433 AUDIO_PLAYBACK_DONE 65.wav
92600.134433 AUDIO_PLAYBACK_ONSET 126.wav
92601.525046 AUDIO_PLAYBACK_DONE 126.wav
92602.525046 AUDIO_PLAYBACK_ONSET 4.wav
92603.581670 AUDIO_PLAYBACK_DONE 4.wav
92604.581670 AUDIO_PLAYBACK_ONSET 3.wav
92606.073851 AUDIO_PLAYBACK_DONE 3.wav
92605.576827 KEY_PRESS l
92605.712821 KEY_PRESS l
92607.073851 AUDIO_PLAYBACK_ONSET 24.wav
92608.667594 AUDIO_PLAYBACK_DONE 24.wav
92609.667594 AUDIO_PLAYBACK_ONSET 29.wav
92611.167596 AUDIO_PLAYBACK_DONE 29.wav
92608.952815 KEY_PRESS l
92609.080814 KEY_PRESS l
92612.167596 AUDIO_PLAYBACK_ONSET 114.wav
92613.401952 AUDIO_PLAYBACK_DONE 114.wav
92614.401952 AUDIO_PLAYBACK_ONSET 22.wav
92615.558191 AUDIO_PLAYBACK_DONE 22.wav
92616.558191 AUDIO_PLAYBACK_ONSET 17.wav
92617.558192 AUDIO_PLAYBACK_DONE 17.wav
92618.558192 AUDIO_PLAYBACK_ONSET 37.wav
92619.651935 AUDIO_PLAYBACK_DONE 37.wav
92620.651935 AUDIO_PLAYBACK_ONSET 19.wav
92621.683207 AUDIO_PLAYBACK_DONE 19.wav
92622.683207 AUDIO_PLAYBACK_ONSET 88.wav
92623.901940 AUDIO_PLAYBACK_DONE 88.wav
92624.901940 AUDIO_PLAYBACK_ONSET 143.wav
92626.019129 AUDIO_PLAYBACK_DONE 143.wav
92627.019129 AUDIO_PLAYBACK_ONSET 98.wav
92628.366772 AUDIO_PLAYBACK_DONE 98.wav
92629.366772 AUDIO_PLAYBACK_ONSET 124.wav
92630.351129 AUDIO_PLAYBACK_DONE 124.wav
92631.351129 AUDIO_PLAYBACK_ONSET 36.wav
92632.601109 AUDIO_PLAYBACK_DONE 36.wav
92633.601109 AUDIO_PLAYBACK_ONSET 53.wav
92635.101089 AUDIO_PLAYBACK_DONE 53.wav
92636.101089 AUDIO_PLAYBACK_ONSET 18.wav
92637.601091 AUDIO_PLAYBACK_DONE 18.wav
92638.601091 AUDIO_PLAYBACK_ONSET 34.wav
92639.976080 AUDIO_PLAYBACK_DONE 34.wav
92637.936884 KEY_PRESS l
92638.160857 KEY_PRESS l
92638.496817 KEY_PRESS l
92639.048815 KEY_PRESS l
92639.488814 KEY_PRESS l
92639.832719 KEY_PRESS l
92640.976080 AUDIO_PLAYBACK_ONSET 84.wav
92642.226082 AUDIO_PLAYBACK_DONE 84.wav
92643.226082 AUDIO_PLAYBACK_ONSET 127.wav
92644.405766 AUDIO_PLAYBACK_DONE 127.wav
92645.405766 AUDIO_PLAYBACK_ONSET 152.wav
92646.468264 AUDIO_PLAYBACK_DONE 152.wav
92647.468264 AUDIO_PLAYBACK_ONSET 20.wav
92648.686994 AUDIO_PLAYBACK_DONE 20.wav
92649.686994 AUDIO_PLAYBACK_ONSET 82.wav
92650.968244 AUDIO_PLAYBACK_DONE 82.wav
92651.968244 AUDIO_PLAYBACK_ONSET 119.wav
92653.124504 AUDIO_PLAYBACK_DONE 119.wav
92654.124504 AUDIO_PLAYBACK_ONSET 70.wav
92655.655753 AUDIO_PLAYBACK_DONE 70.wav
92656.655753 AUDIO_PLAYBACK_ONSET 58.wav
92657.882310 AUDIO_PLAYBACK_DONE 58.wav
92658.882310 AUDIO_PLAYBACK_ONSET 11.wav
92659.835439 AUDIO_PLAYBACK_DONE 11.wav
92660.835439 AUDIO_PLAYBACK_ONSET 105.wav
92662.050292 AUDIO_PLAYBACK_DONE 105.wav
92663.050292 AUDIO_PLAYBACK_ONSET 10.wav
92664.175281 AUDIO_PLAYBACK_DONE 10.wav
92665.175281 AUDIO_PLAYBACK_ONSET 118.wav
92666.675261 AUDIO_PLAYBACK_DONE 118.wav
92667.675261 AUDIO_PLAYBACK_ONSET 100.wav
92668.550274 AUDIO_PLAYBACK_DONE 100.wav
92669.550274 AUDIO_PLAYBACK_ONSET 97.wav
92671.202612 AUDIO_PLAYBACK_DONE 97.wav
92672.202612 AUDIO_PLAYBACK_ONSET 123.wav
92673.499487 AUDIO_PLAYBACK_DONE 123.wav
92674.499487 AUDIO_PLAYBACK_ONSET 31.wav
92675.749464 AUDIO_PLAYBACK_DONE 31.wav
92676.749464 AUDIO_PLAYBACK_ONSET 89.wav
92677.679149 AUDIO_PLAYBACK_DONE 89.wav
92678.679149 AUDIO_PLAYBACK_ONSET 16.wav
92680.147902 AUDIO_PLAYBACK_DONE 16.wav
92681.147902 AUDIO_PLAYBACK_ONSET 130.wav
92682.460400 AUDIO_PLAYBACK_DONE 130.wav
92683.460400 AUDIO_PLAYBACK_ONSET 5.wav
92684.923284 AUDIO_PLAYBACK_DONE 5.wav
92685.923284 AUDIO_PLAYBACK_ONSET 95.wav
92687.196708 AUDIO_PLAYBACK_DONE 95.wav
92688.196708 AUDIO_PLAYBACK_ONSET 74.wav
92689.384194 AUDIO_PLAYBACK_DONE 74.wav
92690.384194 AUDIO_PLAYBACK_ONSET 107.wav
92691.548277 AUDIO_PLAYBACK_DONE 107.wav
92692.548277 AUDIO_PLAYBACK_ONSET 103.wav
92693.938890 AUDIO_PLAYBACK_DONE 103.wav
92694.938890 AUDIO_PLAYBACK_ONSET 68.wav
92695.915447 AUDIO_PLAYBACK_DONE 68.wav
92696.915447 AUDIO_PLAYBACK_ONSET 62.wav
92698.384178 AUDIO_PLAYBACK_DONE 62.wav
92699.384178 AUDIO_PLAYBACK_ONSET 90.wav
92700.774795 AUDIO_PLAYBACK_DONE 90.wav
92701.774795 AUDIO_PLAYBACK_ONSET 21.wav
92702.743525 AUDIO_PLAYBACK_DONE 21.wav
92703.743525 AUDIO_PLAYBACK_ONSET 66.wav
92704.954457 AUDIO_PLAYBACK_DONE 66.wav
92705.954457 AUDIO_PLAYBACK_ONSET 50.wav
92707.056023 AUDIO_PLAYBACK_DONE 50.wav
92708.056023 AUDIO_PLAYBACK_ONSET 81.wav
92709.243508 AUDIO_PLAYBACK_DONE 81.wav
92710.243508 AUDIO_PLAYBACK_ONSET 69.wav
92711.540379 AUDIO_PLAYBACK_DONE 69.wav
92712.540379 AUDIO_PLAYBACK_ONSET 132.wav
92714.153645 AUDIO_PLAYBACK_DONE 132.wav
92715.153645 AUDIO_PLAYBACK_ONSET 77.wav
92716.200518 AUDIO_PLAYBACK_DONE 77.wav
92717.200518 AUDIO_PLAYBACK_ONSET 51.wav
92718.544281 AUDIO_PLAYBACK_DONE 51.wav
92719.544281 AUDIO_PLAYBACK_ONSET 26.wav
92720.903650 AUDIO_PLAYBACK_DONE 26.wav
92721.903650 AUDIO_PLAYBACK_ONSET 67.wav
92722.825512 AUDIO_PLAYBACK_DONE 67.wav
92723.825512 AUDIO_PLAYBACK_ONSET 101.wav
92725.059868 AUDIO_PLAYBACK_DONE 101.wav
92726.059868 AUDIO_PLAYBACK_ONSET 133.wav
92727.387990 AUDIO_PLAYBACK_DONE 133.wav
92728.387990 AUDIO_PLAYBACK_ONSET 106.wav
92729.606721 AUDIO_PLAYBACK_DONE 106.wav
92730.606721 AUDIO_PLAYBACK_ONSET 75.wav
92731.606701 AUDIO_PLAYBACK_DONE 75.wav
92732.606701 AUDIO_PLAYBACK_ONSET 140.wav
92733.887950 AUDIO_PLAYBACK_DONE 140.wav
92734.887950 AUDIO_PLAYBACK_ONSET 54.wav
92736.137929 AUDIO_PLAYBACK_DONE 54.wav
92737.137929 AUDIO_PLAYBACK_ONSET 85.wav
92738.481670 AUDIO_PLAYBACK_DONE 85.wav
92739.481670 AUDIO_PLAYBACK_ONSET 115.wav
92741.278544 AUDIO_PLAYBACK_DONE 115.wav
92738.696827 KEY_PRESS l
92738.840815 KEY_PRESS l
92742.278544 AUDIO_PLAYBACK_ONSET 9.wav
92743.528546 AUDIO_PLAYBACK_DONE 9.wav
92744.528546 AUDIO_PLAYBACK_ONSET 43.wav
92745.778524 AUDIO_PLAYBACK_DONE 43.wav
92743.888819 KEY_PRESS l
92744.088807 KEY_PRESS l
92746.778524 AUDIO_PLAYBACK_ONSET 151.wav
92747.809775 AUDIO_PLAYBACK_DONE 151.wav
92748.809775 AUDIO_PLAYBACK_ONSET 45.wav
92749.903516 AUDIO_PLAYBACK_DONE 45.wav
92750.903516 AUDIO_PLAYBACK_ONSET 47.wav
92752.137872 AUDIO_PLAYBACK_DONE 47.wav
92753.137872 AUDIO_PLAYBACK_ONSET 141.wav
92754.208190 AUDIO_PLAYBACK_DONE 141.wav
92755.208190 AUDIO_PLAYBACK_ONSET 55.wav
92756.395674 AUDIO_PLAYBACK_DONE 55.wav
92757.395674 AUDIO_PLAYBACK_ONSET 149.wav
92758.551935 AUDIO_PLAYBACK_DONE 149.wav
92759.551935 AUDIO_PLAYBACK_ONSET 113.wav
92760.770666 AUDIO_PLAYBACK_DONE 113.wav
92761.770666 AUDIO_PLAYBACK_ONSET 63.wav
92762.934729 AUDIO_PLAYBACK_DONE 63.wav
