92849.587592 CHEETAH_SIGNAL SENT_AFTER_TIME 92849.554886
92852.009157 CHEETAH_SIGNAL SENT_AFTER_TIME 92851.977453
92852.069238 CHEETAH_SIGNAL SENT_AFTER_TIME 92852.037174
92852.036676 DISPLAY_INSTRUCTIONS Stimuli/instructions_sentences.png
92880.338609 KEY_PRESS space
92880.371636 CHEETAH_SIGNAL SENT_AFTER_TIME 92880.338875
92880.467667 CHEETAH_SIGNAL SENT_AFTER_TIME 92880.434604
92880.434234 DISPLAY_INSTRUCTIONS OFF
92880.506282 SOUND_ONSET 400 0.200 44100
92880.845058 SOUND_ONSET 300 0.200 44100
92881.479797 SOUND_ONSET 600 0.200 44100
92881.921976 SOUND_ONSET 500 0.200 44100
92882.163790 SOUND_ONSET 700 0.200 44100
92882.555808 SOUND_ONSET 300 0.200 44100
92882.997895 SOUND_ONSET 400 0.200 44100
92883.389641 SOUND_ONSET 300 0.200 44100
92883.653682 CHEETAH_SIGNAL SENT_AFTER_TIME 92883.621826
92883.686056 CHEETAH_SIGNAL SENT_AFTER_TIME 92883.654115
92883.760132 CHEETAH_SIGNAL SENT_AFTER_TIME 92883.728070
92883.727784 DISPLAY_FIXATION
92880.336692 KEY_PRESS space
92880.488690 KEY_PRESS space
92888.777799 CHEETAH_SIGNAL SENT_AFTER_TIME 92888.745552
92888.745105 DISPLAY_TEXT 1 22 1 They
92888.994001 CHEETAH_SIGNAL SENT_AFTER_TIME 92888.961745
92888.961300 DISPLAY_TEXT OFF
92889.311223 CHEETAH_SIGNAL SENT_AFTER_TIME 92889.279015
92889.278582 DISPLAY_TEXT 2 22 2 vanished.
92889.527732 CHEETAH_SIGNAL SENT_AFTER_TIME 92889.495484
92889.495039 DISPLAY_TEXT OFF
92890.544743 CHEETAH_SIGNAL SENT_AFTER_TIME 92890.512601
92890.512169 DISPLAY_TEXT 3 142 1 He
92890.760988 CHEETAH_SIGNAL SENT_AFTER_TIME 92890.728799
92890.728352 DISPLAY_TEXT OFF
92891.078203 CHEETAH_SIGNAL SENT_AFTER_TIME 92891.046053
92891.045637 DISPLAY_TEXT 4 142 2 undressed.
92891.294987 CHEETAH_SIGNAL SENT_AFTER_TIME 92891.262839
92891.262407 DISPLAY_TEXT OFF
92892.311257 CHEETAH_SIGNAL SENT_AFTER_TIME 92892.279009
92892.278567 DISPLAY_TEXT 5 92 1 She
92892.528437 CHEETAH_SIGNAL SENT_AFTER_TIME 92892.496257
92892.495822 DISPLAY_TEXT OFF
92892.844500 CHEETAH_SIGNAL SENT_AFTER_TIME 92892.812388
92892.811956 DISPLAY_TEXT 6 92 2 blooms.
92893.061159 CHEETAH_SIGNAL SENT_AFTER_TIME 92893.028948
92893.028501 DISPLAY_TEXT OFF
92894.079071 CHEETAH_SIGNAL SENT_AFTER_TIME 92894.046866
92894.046431 DISPLAY_TEXT 7 129 1 Who
92894.295161 CHEETAH_SIGNAL SENT_AFTER_TIME 92894.262992
92894.262637 DISPLAY_TEXT OFF
92894.611430 CHEETAH_SIGNAL SENT_AFTER_TIME 92894.579291
92894.578856 DISPLAY_TEXT 8 129 2 smiles?
92894.829078 CHEETAH_SIGNAL SENT_AFTER_TIME 92894.796883
92894.796446 DISPLAY_TEXT OFF
92895.845392 CHEETAH_SIGNAL SENT_AFTER_TIME 92895.813207
92895.812775 DISPLAY_TEXT 9 109 1 The
92896.061559 CHEETAH_SIGNAL SENT_AFTER_TIME 92896.029375
92896.028945 DISPLAY_TEXT OFF
92896.378746 CHEETAH_SIGNAL SENT_AFTER_TIME 92896.346530
92896.346095 DISPLAY_TEXT 10 109 2 boy
92896.596174 CHEETAH_SIGNAL SENT_AFTER_TIME 92896.563913
92896.563469 DISPLAY_TEXT OFF
92896.912278 CHEETAH_SIGNAL SENT_AFTER_TIME 92896.880170
92896.879724 DISPLAY_TEXT 11 109 3 was
92897.128438 CHEETAH_SIGNAL SENT_AFTER_TIME 92897.096288
92897.095852 DISPLAY_TEXT OFF
92897.445730 CHEETAH_SIGNAL SENT_AFTER_TIME 92897.413525
92897.413170 DISPLAY_TEXT 12 109 4 pushed.
92897.662013 CHEETAH_SIGNAL SENT_AFTER_TIME 92897.630036
92897.629731 DISPLAY_TEXT OFF
92898.678976 CHEETAH_SIGNAL SENT_AFTER_TIME 92898.646775
92898.646363 DISPLAY_TEXT 13 151 1 He
92898.896174 CHEETAH_SIGNAL SENT_AFTER_TIME 92898.864080
92898.863643 DISPLAY_TEXT OFF
92899.212479 CHEETAH_SIGNAL SENT_AFTER_TIME 92899.180286
92899.179851 DISPLAY_TEXT 14 151 2 heard
92899.429753 CHEETAH_SIGNAL SENT_AFTER_TIME 92899.397542
92899.397082 DISPLAY_TEXT OFF
92899.745472 CHEETAH_SIGNAL SENT_AFTER_TIME 92899.713305
92899.712957 DISPLAY_TEXT 15 151 3 her
92899.962971 CHEETAH_SIGNAL SENT_AFTER_TIME 92899.930739
92899.930295 DISPLAY_TEXT OFF
92900.278988 CHEETAH_SIGNAL SENT_AFTER_TIME 92900.246853
92900.246419 DISPLAY_TEXT 16 151 4 play.
92900.497963 CHEETAH_SIGNAL SENT_AFTER_TIME 92900.465788
92900.465386 DISPLAY_TEXT OFF
92901.512873 CHEETAH_SIGNAL SENT_AFTER_TIME 92901.480567
92901.480123 DISPLAY_TEXT 17 23 1 They
92901.730060 CHEETAH_SIGNAL SENT_AFTER_TIME 92901.697836
92901.697392 DISPLAY_TEXT OFF
92902.046159 CHEETAH_SIGNAL SENT_AFTER_TIME 92902.013923
92902.013477 DISPLAY_TEXT 18 23 2 saw
92902.263373 CHEETAH_SIGNAL SENT_AFTER_TIME 92902.231217
92902.230782 DISPLAY_TEXT OFF
92902.579582 CHEETAH_SIGNAL SENT_AFTER_TIME 92902.547429
92902.546978 DISPLAY_TEXT 19 23 3 him
92902.796872 CHEETAH_SIGNAL SENT_AFTER_TIME 92902.764711
92902.764272 DISPLAY_TEXT OFF
92903.113091 CHEETAH_SIGNAL SENT_AFTER_TIME 92903.080902
92903.080458 DISPLAY_TEXT 20 23 4 dance.
92903.330452 CHEETAH_SIGNAL SENT_AFTER_TIME 92903.298243
92903.297808 DISPLAY_TEXT OFF
92904.346937 CHEETAH_SIGNAL SENT_AFTER_TIME 92904.314726
92904.314281 DISPLAY_TEXT 21 149 1 The
92904.563081 CHEETAH_SIGNAL SENT_AFTER_TIME 92904.530904
92904.530455 DISPLAY_TEXT OFF
92904.880492 CHEETAH_SIGNAL SENT_AFTER_TIME 92904.848333
92904.847921 DISPLAY_TEXT 22 149 2 girl
92905.096697 CHEETAH_SIGNAL SENT_AFTER_TIME 92905.064491
92905.064061 DISPLAY_TEXT OFF
92905.413947 CHEETAH_SIGNAL SENT_AFTER_TIME 92905.381794
92905.381358 DISPLAY_TEXT 23 149 3 cries.
92905.630469 CHEETAH_SIGNAL SENT_AFTER_TIME 92905.598314
92905.597880 DISPLAY_TEXT OFF
92906.646822 CHEETAH_SIGNAL SENT_AFTER_TIME 92906.614607
92906.614172 DISPLAY_TEXT 24 18 1 The
92906.864083 CHEETAH_SIGNAL SENT_AFTER_TIME 92906.831916
92906.831480 DISPLAY_TEXT OFF
92907.180276 CHEETAH_SIGNAL SENT_AFTER_TIME 92907.148022
92907.147576 DISPLAY_TEXT 25 18 2 chef
92907.397516 CHEETAH_SIGNAL SENT_AFTER_TIME 92907.365317
92907.364970 DISPLAY_TEXT OFF
92907.713682 CHEETAH_SIGNAL SENT_AFTER_TIME 92907.681467
92907.681026 DISPLAY_TEXT 26 18 3 served
92907.930889 CHEETAH_SIGNAL SENT_AFTER_TIME 92907.898703
92907.898270 DISPLAY_TEXT OFF
92908.246974 CHEETAH_SIGNAL SENT_AFTER_TIME 92908.214801
92908.214365 DISPLAY_TEXT 27 18 4 the
92908.464220 CHEETAH_SIGNAL SENT_AFTER_TIME 92908.432069
92908.431632 DISPLAY_TEXT OFF
92908.781333 CHEETAH_SIGNAL SENT_AFTER_TIME 92908.749101
92908.748754 DISPLAY_TEXT 28 18 5 cake.
92908.997910 CHEETAH_SIGNAL SENT_AFTER_TIME 92908.965675
92908.965313 DISPLAY_TEXT OFF
92909.216828 KEY_PRESS l
92909.392826 KEY_PRESS l
92910.014240 CHEETAH_SIGNAL SENT_AFTER_TIME 92909.982089
92909.981645 DISPLAY_TEXT 29 152 1 She
92910.231273 CHEETAH_SIGNAL SENT_AFTER_TIME 92910.199107
92910.198760 DISPLAY_TEXT OFF
92910.547519 CHEETAH_SIGNAL SENT_AFTER_TIME 92910.515384
92910.514920 DISPLAY_TEXT 30 152 2 dressed.
92910.764070 CHEETAH_SIGNAL SENT_AFTER_TIME 92910.731822
92910.731367 DISPLAY_TEXT OFF
92911.781346 CHEETAH_SIGNAL SENT_AFTER_TIME 92911.749198
92911.748839 DISPLAY_TEXT 31 38 1 Who
92911.997568 CHEETAH_SIGNAL SENT_AFTER_TIME 92911.965397
92911.965013 DISPLAY_TEXT OFF
92912.314705 CHEETAH_SIGNAL SENT_AFTER_TIME 92912.282525
92912.282178 DISPLAY_TEXT 32 38 2 sneezes?
92912.531321 CHEETAH_SIGNAL SENT_AFTER_TIME 92912.499137
92912.498791 DISPLAY_TEXT OFF
92913.548567 CHEETAH_SIGNAL SENT_AFTER_TIME 92913.516413
92913.516062 DISPLAY_TEXT 33 89 1 He
92913.764860 CHEETAH_SIGNAL SENT_AFTER_TIME 92913.732683
92913.732318 DISPLAY_TEXT OFF
92914.082227 CHEETAH_SIGNAL SENT_AFTER_TIME 92914.050015
92914.049663 DISPLAY_TEXT 34 89 2 hears
92914.298376 CHEETAH_SIGNAL SENT_AFTER_TIME 92914.266192
92914.265843 DISPLAY_TEXT OFF
92914.614421 CHEETAH_SIGNAL SENT_AFTER_TIME 92914.582355
92914.582071 DISPLAY_TEXT 35 89 3 the
92914.831903 CHEETAH_SIGNAL SENT_AFTER_TIME 92914.799686
92914.799336 DISPLAY_TEXT OFF
92915.148079 CHEETAH_SIGNAL SENT_AFTER_TIME 92915.115897
92915.115546 DISPLAY_TEXT 36 89 4 men.
92915.364619 CHEETAH_SIGNAL SENT_AFTER_TIME 92915.332514
92915.332170 DISPLAY_TEXT OFF
92916.382077 CHEETAH_SIGNAL SENT_AFTER_TIME 92916.349840
92916.349493 DISPLAY_TEXT 37 13 1 She
92916.598254 CHEETAH_SIGNAL SENT_AFTER_TIME 92916.566081
92916.565730 DISPLAY_TEXT OFF
92916.915734 CHEETAH_SIGNAL SENT_AFTER_TIME 92916.883520
92916.883108 DISPLAY_TEXT 38 13 2 sliced
92917.131865 CHEETAH_SIGNAL SENT_AFTER_TIME 92917.099595
92917.099247 DISPLAY_TEXT OFF
92917.449130 CHEETAH_SIGNAL SENT_AFTER_TIME 92917.416969
92917.416614 DISPLAY_TEXT 39 13 3 the
92917.665372 CHEETAH_SIGNAL SENT_AFTER_TIME 92917.633194
92917.632845 DISPLAY_TEXT OFF
92917.982641 CHEETAH_SIGNAL SENT_AFTER_TIME 92917.950481
92917.950129 DISPLAY_TEXT 40 13 4 mushrooms.
92918.199173 CHEETAH_SIGNAL SENT_AFTER_TIME 92918.167045
92918.166695 DISPLAY_TEXT OFF
92918.528822 KEY_PRESS l
92918.656774 KEY_PRESS l
92919.215808 CHEETAH_SIGNAL SENT_AFTER_TIME 92919.183715
92919.183365 DISPLAY_TEXT 41 113 1 What
92919.432037 CHEETAH_SIGNAL SENT_AFTER_TIME 92919.399860
92919.399509 DISPLAY_TEXT OFF
92919.749197 CHEETAH_SIGNAL SENT_AFTER_TIME 92919.717222
92919.716867 DISPLAY_TEXT 42 113 2 will
92919.965568 CHEETAH_SIGNAL SENT_AFTER_TIME 92919.933473
92919.933121 DISPLAY_TEXT OFF
92920.282958 CHEETAH_SIGNAL SENT_AFTER_TIME 92920.250791
92920.250441 DISPLAY_TEXT 43 113 3 the
92920.499158 CHEETAH_SIGNAL SENT_AFTER_TIME 92920.466993
92920.466639 DISPLAY_TEXT OFF
92920.816432 CHEETAH_SIGNAL SENT_AFTER_TIME 92920.784348
92920.784001 DISPLAY_TEXT 44 113 4 boy
92921.032486 CHEETAH_SIGNAL SENT_AFTER_TIME 92921.000489
92921.000126 DISPLAY_TEXT OFF
92921.350137 CHEETAH_SIGNAL SENT_AFTER_TIME 92921.317951
92921.317599 DISPLAY_TEXT 45 113 5 smell?
92921.566911 CHEETAH_SIGNAL SENT_AFTER_TIME 92921.534654
92921.534301 DISPLAY_TEXT OFF
92922.583658 CHEETAH_SIGNAL SENT_AFTER_TIME 92922.551461
92922.551112 DISPLAY_TEXT 46 119 1 She
92922.799882 CHEETAH_SIGNAL SENT_AFTER_TIME 92922.767693
92922.767339 DISPLAY_TEXT OFF
92923.116062 CHEETAH_SIGNAL SENT_AFTER_TIME 92923.083921
92923.083571 DISPLAY_TEXT 47 119 2 was
92923.333298 CHEETAH_SIGNAL SENT_AFTER_TIME 92923.301217
92923.300865 DISPLAY_TEXT OFF
92923.649592 CHEETAH_SIGNAL SENT_AFTER_TIME 92923.617448
92923.617095 DISPLAY_TEXT 48 119 3 kicked.
92923.866118 CHEETAH_SIGNAL SENT_AFTER_TIME 92923.834016
92923.833598 DISPLAY_TEXT OFF
92924.883430 CHEETAH_SIGNAL SENT_AFTER_TIME 92924.851214
92924.850864 DISPLAY_TEXT 49 76 1 The
92925.099569 CHEETAH_SIGNAL SENT_AFTER_TIME 92925.067407
92925.067055 DISPLAY_TEXT OFF
92925.416929 CHEETAH_SIGNAL SENT_AFTER_TIME 92925.384775
92925.384422 DISPLAY_TEXT 50 76 2 girl
92925.630552 CHEETAH_SIGNAL SENT_AFTER_TIME 92925.598727
92925.598515 DISPLAY_TEXT OFF
92925.950269 CHEETAH_SIGNAL SENT_AFTER_TIME 92925.918152
92925.917806 DISPLAY_TEXT 51 76 3 disappears.
92926.166967 CHEETAH_SIGNAL SENT_AFTER_TIME 92926.134792
92926.134441 DISPLAY_TEXT OFF
92927.184007 CHEETAH_SIGNAL SENT_AFTER_TIME 92927.151792
92927.151378 DISPLAY_TEXT 52 8 1 He
92927.400098 CHEETAH_SIGNAL SENT_AFTER_TIME 92927.367895
92927.367515 DISPLAY_TEXT OFF
92927.717381 CHEETAH_SIGNAL SENT_AFTER_TIME 92927.685272
92927.684825 DISPLAY_TEXT 53 8 2 will
92927.933534 CHEETAH_SIGNAL SENT_AFTER_TIME 92927.901312
92927.900956 DISPLAY_TEXT OFF
92928.250722 CHEETAH_SIGNAL SENT_AFTER_TIME 92928.218647
92928.218308 DISPLAY_TEXT 54 8 3 sneeze.
92928.467513 CHEETAH_SIGNAL SENT_AFTER_TIME 92928.435297
92928.434949 DISPLAY_TEXT OFF
92929.483573 CHEETAH_SIGNAL SENT_AFTER_TIME 92929.451413
92929.451064 DISPLAY_TEXT 55 84 1 The
92929.700880 CHEETAH_SIGNAL SENT_AFTER_TIME 92929.668757
92929.668321 DISPLAY_TEXT OFF
92930.017164 CHEETAH_SIGNAL SENT_AFTER_TIME 92929.984958
92929.984542 DISPLAY_TEXT 56 84 2 girl
92930.234435 CHEETAH_SIGNAL SENT_AFTER_TIME 92930.202257
92930.201839 DISPLAY_TEXT OFF
92930.550619 CHEETAH_SIGNAL SENT_AFTER_TIME 92930.518452
92930.518033 DISPLAY_TEXT 57 84 3 smiled.
92930.768317 CHEETAH_SIGNAL SENT_AFTER_TIME 92930.736154
92930.735720 DISPLAY_TEXT OFF
92931.784469 CHEETAH_SIGNAL SENT_AFTER_TIME 92931.752304
92931.751872 DISPLAY_TEXT 58 14 1 The
92932.001886 CHEETAH_SIGNAL SENT_AFTER_TIME 92931.969645
92931.969210 DISPLAY_TEXT OFF
92932.318087 CHEETAH_SIGNAL SENT_AFTER_TIME 92932.285885
92932.285449 DISPLAY_TEXT 59 14 2 boy
92932.534184 CHEETAH_SIGNAL SENT_AFTER_TIME 92932.502021
92932.501586 DISPLAY_TEXT OFF
92932.851474 CHEETAH_SIGNAL SENT_AFTER_TIME 92932.819321
92932.818878 DISPLAY_TEXT 60 14 3 remains.
92933.068007 CHEETAH_SIGNAL SENT_AFTER_TIME 92933.035859
92933.035429 DISPLAY_TEXT OFF
92934.084906 CHEETAH_SIGNAL SENT_AFTER_TIME 92934.052612
92934.052169 DISPLAY_TEXT 61 117 1 The
92934.302101 CHEETAH_SIGNAL SENT_AFTER_TIME 92934.269904
92934.269470 DISPLAY_TEXT OFF
92934.618339 CHEETAH_SIGNAL SENT_AFTER_TIME 92934.586098
92934.585663 DISPLAY_TEXT 62 117 2 women
92934.835509 CHEETAH_SIGNAL SENT_AFTER_TIME 92934.803370
92934.802922 DISPLAY_TEXT OFF
92935.151837 CHEETAH_SIGNAL SENT_AFTER_TIME 92935.119596
92935.119153 DISPLAY_TEXT 63 117 3 hug
92935.368043 CHEETAH_SIGNAL SENT_AFTER_TIME 92935.335818
92935.335373 DISPLAY_TEXT OFF
92935.685196 CHEETAH_SIGNAL SENT_AFTER_TIME 92935.653060
92935.652626 DISPLAY_TEXT 64 117 4 the
92935.901474 CHEETAH_SIGNAL SENT_AFTER_TIME 92935.869261
92935.868817 DISPLAY_TEXT OFF
92936.218878 CHEETAH_SIGNAL SENT_AFTER_TIME 92936.186668
92936.186224 DISPLAY_TEXT 65 117 5 friend.
92936.435370 CHEETAH_SIGNAL SENT_AFTER_TIME 92936.403178
92936.402736 DISPLAY_TEXT OFF
92937.452216 CHEETAH_SIGNAL SENT_AFTER_TIME 92937.419982
92937.419523 DISPLAY_TEXT 66 144 1 The
92937.669126 CHEETAH_SIGNAL SENT_AFTER_TIME 92937.637052
92937.636616 DISPLAY_TEXT OFF
92937.985373 CHEETAH_SIGNAL SENT_AFTER_TIME 92937.953177
92937.952742 DISPLAY_TEXT 67 144 2 girls
92938.202381 CHEETAH_SIGNAL SENT_AFTER_TIME 92938.170255
92938.169825 DISPLAY_TEXT OFF
92938.518642 CHEETAH_SIGNAL SENT_AFTER_TIME 92938.486434
92938.486001 DISPLAY_TEXT 68 144 3 arrive.
92938.735216 CHEETAH_SIGNAL SENT_AFTER_TIME 92938.703038
92938.702602 DISPLAY_TEXT OFF
92939.751994 CHEETAH_SIGNAL SENT_AFTER_TIME 92939.719822
92939.719387 DISPLAY_TEXT 69 24 1 The
92939.969063 CHEETAH_SIGNAL SENT_AFTER_TIME 92939.936855
92939.936421 DISPLAY_TEXT OFF
92940.285714 CHEETAH_SIGNAL SENT_AFTER_TIME 92940.253487
92940.253044 DISPLAY_TEXT 70 24 2 sandwich
92940.502429 CHEETAH_SIGNAL SENT_AFTER_TIME 92940.470211
92940.469760 DISPLAY_TEXT OFF
92940.819008 CHEETAH_SIGNAL SENT_AFTER_TIME 92940.786831
92940.786476 DISPLAY_TEXT 71 24 3 is
92941.035757 CHEETAH_SIGNAL SENT_AFTER_TIME 92941.003481
92941.003037 DISPLAY_TEXT OFF
92941.352498 CHEETAH_SIGNAL SENT_AFTER_TIME 92941.320210
92941.319776 DISPLAY_TEXT 72 24 4 healthy.
92941.569116 CHEETAH_SIGNAL SENT_AFTER_TIME 92941.536918
92941.536482 DISPLAY_TEXT OFF
92942.586371 CHEETAH_SIGNAL SENT_AFTER_TIME 92942.554159
92942.553726 DISPLAY_TEXT 73 66 1 They
92942.803720 CHEETAH_SIGNAL SENT_AFTER_TIME 92942.771483
92942.771036 DISPLAY_TEXT OFF
92943.120299 CHEETAH_SIGNAL SENT_AFTER_TIME 92943.088103
92943.087670 DISPLAY_TEXT 74 66 2 appeared.
92943.337086 CHEETAH_SIGNAL SENT_AFTER_TIME 92943.304888
92943.304451 DISPLAY_TEXT OFF
92944.353248 CHEETAH_SIGNAL SENT_AFTER_TIME 92944.321056
92944.320618 DISPLAY_TEXT 75 139 1 He
92944.570574 CHEETAH_SIGNAL SENT_AFTER_TIME 92944.538336
92944.537901 DISPLAY_TEXT OFF
92944.887066 CHEETAH_SIGNAL SENT_AFTER_TIME 92944.854892
92944.854457 DISPLAY_TEXT 76 139 2 saw
92945.103583 CHEETAH_SIGNAL SENT_AFTER_TIME 92945.071384
92945.071015 DISPLAY_TEXT OFF
92945.420343 CHEETAH_SIGNAL SENT_AFTER_TIME 92945.388107
92945.387673 DISPLAY_TEXT 77 139 3 her
92945.636843 CHEETAH_SIGNAL SENT_AFTER_TIME 92945.604689
92945.604274 DISPLAY_TEXT OFF
92945.953638 CHEETAH_SIGNAL SENT_AFTER_TIME 92945.921435
92945.920988 DISPLAY_TEXT 78 139 4 winking.
92946.170163 CHEETAH_SIGNAL SENT_AFTER_TIME 92946.138065
92946.137628 DISPLAY_TEXT OFF
92947.187149 CHEETAH_SIGNAL SENT_AFTER_TIME 92947.154985
92947.154544 DISPLAY_TEXT 79 34 1 The
92947.404218 CHEETAH_SIGNAL SENT_AFTER_TIME 92947.372058
92947.371614 DISPLAY_TEXT OFF
92947.720471 CHEETAH_SIGNAL SENT_AFTER_TIME 92947.688298
92947.687863 DISPLAY_TEXT 80 34 2 boy
92947.936603 CHEETAH_SIGNAL SENT_AFTER_TIME 92947.904434
92947.903998 DISPLAY_TEXT OFF
92948.253997 CHEETAH_SIGNAL SENT_AFTER_TIME 92948.221750
92948.221315 DISPLAY_TEXT 81 34 3 laughs.
92948.470385 CHEETAH_SIGNAL SENT_AFTER_TIME 92948.438224
92948.437875 DISPLAY_TEXT OFF
92949.487779 CHEETAH_SIGNAL SENT_AFTER_TIME 92949.455511
92949.455058 DISPLAY_TEXT 82 72 1 The
92949.703986 CHEETAH_SIGNAL SENT_AFTER_TIME 92949.671704
92949.671256 DISPLAY_TEXT OFF
92950.021163 CHEETAH_SIGNAL SENT_AFTER_TIME 92949.989031
92949.988598 DISPLAY_TEXT 83 72 2 girls
92950.237454 CHEETAH_SIGNAL SENT_AFTER_TIME 92950.205173
92950.204728 DISPLAY_TEXT OFF
92950.554744 CHEETAH_SIGNAL SENT_AFTER_TIME 92950.522522
92950.522081 DISPLAY_TEXT 84 72 3 found
92950.771090 CHEETAH_SIGNAL SENT_AFTER_TIME 92950.738859
92950.738412 DISPLAY_TEXT OFF
92951.088197 CHEETAH_SIGNAL SENT_AFTER_TIME 92951.056018
92951.055602 DISPLAY_TEXT 85 72 4 the
92951.304343 CHEETAH_SIGNAL SENT_AFTER_TIME 92951.272180
92951.271744 DISPLAY_TEXT OFF
92951.621666 CHEETAH_SIGNAL SENT_AFTER_TIME 92951.589497
92951.589064 DISPLAY_TEXT 86 72 5 bikes.
92951.838036 CHEETAH_SIGNAL SENT_AFTER_TIME 92951.805891
92951.805541 DISPLAY_TEXT OFF
92952.854732 CHEETAH_SIGNAL SENT_AFTER_TIME 92952.822515
92952.822070 DISPLAY_TEXT 87 32 1 The
92953.070778 CHEETAH_SIGNAL SENT_AFTER_TIME 92953.038588
92953.038157 DISPLAY_TEXT OFF
92953.387830 CHEETAH_SIGNAL SENT_AFTER_TIME 92953.355717
92953.355286 DISPLAY_TEXT 88 32 2 girls
92953.605255 CHEETAH_SIGNAL SENT_AFTER_TIME 92953.573019
92953.572572 DISPLAY_TEXT OFF
92953.921147 CHEETAH_SIGNAL SENT_AFTER_TIME 92953.888966
92953.888531 DISPLAY_TEXT 89 32 3 appear.
92954.137739 CHEETAH_SIGNAL SENT_AFTER_TIME 92954.105496
92954.105052 DISPLAY_TEXT OFF
92955.155224 CHEETAH_SIGNAL SENT_AFTER_TIME 92955.123026
92955.122674 DISPLAY_TEXT 90 64 1 Who
92955.371408 CHEETAH_SIGNAL SENT_AFTER_TIME 92955.339276
92955.338841 DISPLAY_TEXT OFF
92955.688677 CHEETAH_SIGNAL SENT_AFTER_TIME 92955.656535
92955.656121 DISPLAY_TEXT 91 64 2 remains?
92955.905221 CHEETAH_SIGNAL SENT_AFTER_TIME 92955.873106
92955.872668 DISPLAY_TEXT OFF
92956.921974 CHEETAH_SIGNAL SENT_AFTER_TIME 92956.889769
92956.889335 DISPLAY_TEXT 92 128 1 Whom
92957.139201 CHEETAH_SIGNAL SENT_AFTER_TIME 92957.106992
92957.106579 DISPLAY_TEXT OFF
92957.455890 CHEETAH_SIGNAL SENT_AFTER_TIME 92957.423722
92957.423285 DISPLAY_TEXT 93 128 2 will
92957.672217 CHEETAH_SIGNAL SENT_AFTER_TIME 92957.639960
92957.639509 DISPLAY_TEXT OFF
92957.988221 CHEETAH_SIGNAL SENT_AFTER_TIME 92957.956049
92957.955632 DISPLAY_TEXT 94 128 3 the
92958.205499 CHEETAH_SIGNAL SENT_AFTER_TIME 92958.173342
92958.172907 DISPLAY_TEXT OFF
92958.521633 CHEETAH_SIGNAL SENT_AFTER_TIME 92958.489463
92958.489114 DISPLAY_TEXT 95 128 4 women
92958.739071 CHEETAH_SIGNAL SENT_AFTER_TIME 92958.706867
92958.706419 DISPLAY_TEXT OFF
92959.055274 CHEETAH_SIGNAL SENT_AFTER_TIME 92959.023032
92959.022597 DISPLAY_TEXT 96 128 5 hug?
92959.272932 CHEETAH_SIGNAL SENT_AFTER_TIME 92959.240688
92959.240252 DISPLAY_TEXT OFF
92960.289236 CHEETAH_SIGNAL SENT_AFTER_TIME 92960.257061
92960.256625 DISPLAY_TEXT 97 59 1 Who
92960.505364 CHEETAH_SIGNAL SENT_AFTER_TIME 92960.473220
92960.472774 DISPLAY_TEXT OFF
92960.822722 CHEETAH_SIGNAL SENT_AFTER_TIME 92960.790517
92960.790081 DISPLAY_TEXT 98 59 2 arrives?
92961.039052 CHEETAH_SIGNAL SENT_AFTER_TIME 92961.006901
92961.006457 DISPLAY_TEXT OFF
92962.056032 CHEETAH_SIGNAL SENT_AFTER_TIME 92962.023833
92962.023399 DISPLAY_TEXT 99 83 1 What
92962.273297 CHEETAH_SIGNAL SENT_AFTER_TIME 92962.241129
92962.240698 DISPLAY_TEXT OFF
92962.589523 CHEETAH_SIGNAL SENT_AFTER_TIME 92962.557324
92962.556886 DISPLAY_TEXT 100 83 2 will
92962.806823 CHEETAH_SIGNAL SENT_AFTER_TIME 92962.774633
92962.774175 DISPLAY_TEXT OFF
92963.123143 CHEETAH_SIGNAL SENT_AFTER_TIME 92963.090952
92963.090516 DISPLAY_TEXT 101 83 3 the
92963.339073 CHEETAH_SIGNAL SENT_AFTER_TIME 92963.306959
92963.306525 DISPLAY_TEXT OFF
92963.656577 CHEETAH_SIGNAL SENT_AFTER_TIME 92963.624380
92963.623945 DISPLAY_TEXT 102 83 4 girl
92963.872650 CHEETAH_SIGNAL SENT_AFTER_TIME 92963.840473
92963.840040 DISPLAY_TEXT OFF
92964.190192 CHEETAH_SIGNAL SENT_AFTER_TIME 92964.158048
92964.157697 DISPLAY_TEXT 103 83 5 eat?
92964.406704 CHEETAH_SIGNAL SENT_AFTER_TIME 92964.374639
92964.374202 DISPLAY_TEXT OFF
92965.423024 CHEETAH_SIGNAL SENT_AFTER_TIME 92965.390810
92965.390379 DISPLAY_TEXT 104 65 1 They
92965.640234 CHEETAH_SIGNAL SENT_AFTER_TIME 92965.608025
92965.607610 DISPLAY_TEXT OFF
92965.956305 CHEETAH_SIGNAL SENT_AFTER_TIME 92965.924126
92965.923693 DISPLAY_TEXT 105 65 2 found
92966.173616 CHEETAH_SIGNAL SENT_AFTER_TIME 92966.141427
92966.140981 DISPLAY_TEXT OFF
92966.489703 CHEETAH_SIGNAL SENT_AFTER_TIME 92966.457510
92966.457093 DISPLAY_TEXT 106 65 3 the
92966.706957 CHEETAH_SIGNAL SENT_AFTER_TIME 92966.674702
92966.674257 DISPLAY_TEXT OFF
92967.024137 CHEETAH_SIGNAL SENT_AFTER_TIME 92966.991994
92966.991558 DISPLAY_TEXT 107 65 4 bikes.
92967.240585 CHEETAH_SIGNAL SENT_AFTER_TIME 92967.208431
92967.208018 DISPLAY_TEXT OFF
92968.257031 CHEETAH_SIGNAL SENT_AFTER_TIME 92968.224812
92968.224379 DISPLAY_TEXT 108 67 1 They
92968.473991 CHEETAH_SIGNAL SENT_AFTER_TIME 92968.441801
92968.441356 DISPLAY_TEXT OFF
92968.790086 CHEETAH_SIGNAL SENT_AFTER_TIME 92968.757926
92968.757508 DISPLAY_TEXT 109 67 2 appear.
92969.007749 CHEETAH_SIGNAL SENT_AFTER_TIME 92968.975582
92968.975151 DISPLAY_TEXT OFF
92970.023996 CHEETAH_SIGNAL SENT_AFTER_TIME 92969.991748
92969.991297 DISPLAY_TEXT 110 62 1 What
92970.241254 CHEETAH_SIGNAL SENT_AFTER_TIME 92970.209050
92970.208602 DISPLAY_TEXT OFF
92970.557402 CHEETAH_SIGNAL SENT_AFTER_TIME 92970.525213
92970.524769 DISPLAY_TEXT 111 62 2 will
92970.774728 CHEETAH_SIGNAL SENT_AFTER_TIME 92970.742528
92970.742087 DISPLAY_TEXT OFF
92971.090932 CHEETAH_SIGNAL SENT_AFTER_TIME 92971.058695
92971.058256 DISPLAY_TEXT 112 62 3 the
92971.308276 CHEETAH_SIGNAL SENT_AFTER_TIME 92971.276011
92971.275570 DISPLAY_TEXT OFF
92971.624320 CHEETAH_SIGNAL SENT_AFTER_TIME 92971.592189
92971.591758 DISPLAY_TEXT 113 62 4 girl
92971.841450 CHEETAH_SIGNAL SENT_AFTER_TIME 92971.809268
92971.808888 DISPLAY_TEXT OFF
92972.157871 CHEETAH_SIGNAL SENT_AFTER_TIME 92972.125530
92972.125097 DISPLAY_TEXT 114 62 5 kick?
92972.374220 CHEETAH_SIGNAL SENT_AFTER_TIME 92972.342048
92972.341613 DISPLAY_TEXT OFF
92973.391444 CHEETAH_SIGNAL SENT_AFTER_TIME 92973.359271
92973.358856 DISPLAY_TEXT 115 102 1 We
92973.607614 CHEETAH_SIGNAL SENT_AFTER_TIME 92973.575471
92973.575041 DISPLAY_TEXT OFF
92973.924974 CHEETAH_SIGNAL SENT_AFTER_TIME 92973.892773
92973.892343 DISPLAY_TEXT 116 102 2 heard
92974.141050 CHEETAH_SIGNAL SENT_AFTER_TIME 92974.108908
92974.108469 DISPLAY_TEXT OFF
92974.457994 CHEETAH_SIGNAL SENT_AFTER_TIME 92974.425726
92974.425290 DISPLAY_TEXT 117 102 3 that
92974.675228 CHEETAH_SIGNAL SENT_AFTER_TIME 92974.643026
92974.642591 DISPLAY_TEXT OFF
92974.991308 CHEETAH_SIGNAL SENT_AFTER_TIME 92974.959132
92974.958685 DISPLAY_TEXT 118 102 4 she
92975.208548 CHEETAH_SIGNAL SENT_AFTER_TIME 92975.176377
92975.176024 DISPLAY_TEXT OFF
92975.525114 CHEETAH_SIGNAL SENT_AFTER_TIME 92975.492864
92975.492417 DISPLAY_TEXT 119 102 5 sneezed.
92975.741682 CHEETAH_SIGNAL SENT_AFTER_TIME 92975.709425
92975.708979 DISPLAY_TEXT OFF
92976.758922 CHEETAH_SIGNAL SENT_AFTER_TIME 92976.726693
92976.726262 DISPLAY_TEXT 120 19 1 Who
92976.975138 CHEETAH_SIGNAL SENT_AFTER_TIME 92976.942883
92976.942440 DISPLAY_TEXT OFF
92977.292316 CHEETAH_SIGNAL SENT_AFTER_TIME 92977.260094
92977.259681 DISPLAY_TEXT 121 19 2 laughs?
92977.508879 CHEETAH_SIGNAL SENT_AFTER_TIME 92977.476641
92977.476206 DISPLAY_TEXT OFF
92978.526139 CHEETAH_SIGNAL SENT_AFTER_TIME 92978.493929
92978.493493 DISPLAY_TEXT 122 97 1 They
92978.742185 CHEETAH_SIGNAL SENT_AFTER_TIME 92978.710023
92978.709605 DISPLAY_TEXT OFF
92979.058429 CHEETAH_SIGNAL SENT_AFTER_TIME 92979.026233
92979.025798 DISPLAY_TEXT 123 97 2 kissed
92979.275767 CHEETAH_SIGNAL SENT_AFTER_TIME 92979.243553
92979.243117 DISPLAY_TEXT OFF
92979.591962 CHEETAH_SIGNAL SENT_AFTER_TIME 92979.559703
92979.559270 DISPLAY_TEXT 124 97 3 the
92979.809211 CHEETAH_SIGNAL SENT_AFTER_TIME 92979.776991
92979.776558 DISPLAY_TEXT OFF
92980.125500 CHEETAH_SIGNAL SENT_AFTER_TIME 92980.093273
92980.092840 DISPLAY_TEXT 125 97 4 clowns.
92980.341880 CHEETAH_SIGNAL SENT_AFTER_TIME 92980.309681
92980.309266 DISPLAY_TEXT OFF
92981.359305 CHEETAH_SIGNAL SENT_AFTER_TIME 92981.327056
92981.326609 DISPLAY_TEXT 126 140 1 The
92981.576541 CHEETAH_SIGNAL SENT_AFTER_TIME 92981.544365
92981.543928 DISPLAY_TEXT OFF
92981.892558 CHEETAH_SIGNAL SENT_AFTER_TIME 92981.860429
92981.860079 DISPLAY_TEXT 127 140 2 actors
92982.110018 CHEETAH_SIGNAL SENT_AFTER_TIME 92982.077819
92982.077386 DISPLAY_TEXT OFF
92982.426372 CHEETAH_SIGNAL SENT_AFTER_TIME 92982.394189
92982.393761 DISPLAY_TEXT 128 140 3 were
92982.642557 CHEETAH_SIGNAL SENT_AFTER_TIME 92982.610325
92982.609856 DISPLAY_TEXT OFF
92982.959811 CHEETAH_SIGNAL SENT_AFTER_TIME 92982.927638
92982.927187 DISPLAY_TEXT 129 140 4 scorned.
92983.176249 CHEETAH_SIGNAL SENT_AFTER_TIME 92983.144080
92983.143643 DISPLAY_TEXT OFF
92984.193700 CHEETAH_SIGNAL SENT_AFTER_TIME 92984.161436
92984.160990 DISPLAY_TEXT 130 11 1 He
92984.409860 CHEETAH_SIGNAL SENT_AFTER_TIME 92984.377600
92984.377151 DISPLAY_TEXT OFF
92984.727177 CHEETAH_SIGNAL SENT_AFTER_TIME 92984.695082
92984.694651 DISPLAY_TEXT 131 11 2 will
92984.943338 CHEETAH_SIGNAL SENT_AFTER_TIME 92984.911204
92984.910767 DISPLAY_TEXT OFF
92985.259592 CHEETAH_SIGNAL SENT_AFTER_TIME 92985.227378
92985.226933 DISPLAY_TEXT 132 11 3 drive.
92985.475986 CHEETAH_SIGNAL SENT_AFTER_TIME 92985.443809
92985.443455 DISPLAY_TEXT OFF
92986.493778 CHEETAH_SIGNAL SENT_AFTER_TIME 92986.461524
92986.461093 DISPLAY_TEXT 133 77 1 Who
92986.709773 CHEETAH_SIGNAL SENT_AFTER_TIME 92986.677633
92986.677202 DISPLAY_TEXT OFF
92987.027161 CHEETAH_SIGNAL SENT_AFTER_TIME 92986.994972
92986.994528 DISPLAY_TEXT 134 77 2 heard
92987.243359 CHEETAH_SIGNAL SENT_AFTER_TIME 92987.211112
92987.210665 DISPLAY_TEXT OFF
92987.560570 CHEETAH_SIGNAL SENT_AFTER_TIME 92987.528360
92987.528006 DISPLAY_TEXT 135 77 3 the
92987.776795 CHEETAH_SIGNAL SENT_AFTER_TIME 92987.744522
92987.744076 DISPLAY_TEXT OFF
92988.093987 CHEETAH_SIGNAL SENT_AFTER_TIME 92988.061716
92988.061301 DISPLAY_TEXT 136 77 4 men?
92988.310579 CHEETAH_SIGNAL SENT_AFTER_TIME 92988.278353
92988.278001 DISPLAY_TEXT OFF
92989.328063 CHEETAH_SIGNAL SENT_AFTER_TIME 92989.295806
92989.295361 DISPLAY_TEXT 137 114 1 She
92989.544022 CHEETAH_SIGNAL SENT_AFTER_TIME 92989.511815
92989.511378 DISPLAY_TEXT OFF
92989.861383 CHEETAH_SIGNAL SENT_AFTER_TIME 92989.829149
92989.828718 DISPLAY_TEXT 138 114 2 saw
92990.077728 CHEETAH_SIGNAL SENT_AFTER_TIME 92990.045426
92990.044978 DISPLAY_TEXT OFF
92990.393775 CHEETAH_SIGNAL SENT_AFTER_TIME 92990.361575
92990.361142 DISPLAY_TEXT 139 114 3 him
92990.611586 CHEETAH_SIGNAL SENT_AFTER_TIME 92990.578875
92990.578428 DISPLAY_TEXT OFF
92990.927186 CHEETAH_SIGNAL SENT_AFTER_TIME 92990.894986
92990.894633 DISPLAY_TEXT 140 114 4 coming.
92991.143971 CHEETAH_SIGNAL SENT_AFTER_TIME 92991.111634
92991.111173 DISPLAY_TEXT OFF
92992.161069 CHEETAH_SIGNAL SENT_AFTER_TIME 92992.129022
92992.128585 DISPLAY_TEXT 141 80 1 She
92992.377400 CHEETAH_SIGNAL SENT_AFTER_TIME 92992.345216
92992.344780 DISPLAY_TEXT OFF
92992.694345 CHEETAH_SIGNAL SENT_AFTER_TIME 92992.662109
92992.661758 DISPLAY_TEXT 142 80 2 crawls.
92992.910969 CHEETAH_SIGNAL SENT_AFTER_TIME 92992.878696
92992.878257 DISPLAY_TEXT OFF
92993.928429 CHEETAH_SIGNAL SENT_AFTER_TIME 92993.896173
92993.895741 DISPLAY_TEXT 143 90 1 Whom
92994.145060 CHEETAH_SIGNAL SENT_AFTER_TIME 92994.112868
92994.112436 DISPLAY_TEXT OFF
92994.461143 CHEETAH_SIGNAL SENT_AFTER_TIME 92994.429069
92994.428632 DISPLAY_TEXT 144 90 2 do
92994.678768 CHEETAH_SIGNAL SENT_AFTER_TIME 92994.646583
92994.646149 DISPLAY_TEXT OFF
92994.994790 CHEETAH_SIGNAL SENT_AFTER_TIME 92994.962561
92994.962212 DISPLAY_TEXT 145 90 3 the
92995.212141 CHEETAH_SIGNAL SENT_AFTER_TIME 92995.179940
92995.179498 DISPLAY_TEXT OFF
92995.528293 CHEETAH_SIGNAL SENT_AFTER_TIME 92995.496112
92995.495682 DISPLAY_TEXT 146 90 4 women
92995.744410 CHEETAH_SIGNAL SENT_AFTER_TIME 92995.712240
92995.711805 DISPLAY_TEXT OFF
92996.061755 CHEETAH_SIGNAL SENT_AFTER_TIME 92996.029550
92996.029112 DISPLAY_TEXT 147 90 5 hug?
92996.278263 CHEETAH_SIGNAL SENT_AFTER_TIME 92996.246032
92996.245597 DISPLAY_TEXT OFF
92997.295489 CHEETAH_SIGNAL SENT_AFTER_TIME 92997.263285
92997.262839 DISPLAY_TEXT 148 30 1 Whom
92997.512505 CHEETAH_SIGNAL SENT_AFTER_TIME 92997.480252
92997.479819 DISPLAY_TEXT OFF
92997.828820 CHEETAH_SIGNAL SENT_AFTER_TIME 92997.796587
92997.796151 DISPLAY_TEXT 149 30 2 will
92998.044929 CHEETAH_SIGNAL SENT_AFTER_TIME 92998.012726
92998.012288 DISPLAY_TEXT OFF
92998.362215 CHEETAH_SIGNAL SENT_AFTER_TIME 92998.330032
92998.329594 DISPLAY_TEXT 150 30 3 the
92998.578483 CHEETAH_SIGNAL SENT_AFTER_TIME 92998.546248
92998.545802 DISPLAY_TEXT OFF
92998.895718 CHEETAH_SIGNAL SENT_AFTER_TIME 92998.863486
92998.863053 DISPLAY_TEXT 151 30 4 boy
92999.112012 CHEETAH_SIGNAL SENT_AFTER_TIME 92999.079739
92999.079289 DISPLAY_TEXT OFF
92999.429247 CHEETAH_SIGNAL SENT_AFTER_TIME 92999.397037
92999.396599 DISPLAY_TEXT 152 30 5 hear?
92999.645688 CHEETAH_SIGNAL SENT_AFTER_TIME 92999.613507
92999.613074 DISPLAY_TEXT OFF
93000.663036 CHEETAH_SIGNAL SENT_AFTER_TIME 93000.630795
93000.630346 DISPLAY_TEXT 153 85 1 The
93000.879091 CHEETAH_SIGNAL SENT_AFTER_TIME 93000.846892
93000.846540 DISPLAY_TEXT OFF
93001.195264 CHEETAH_SIGNAL SENT_AFTER_TIME 93001.163047
93001.162693 DISPLAY_TEXT 154 85 2 cook
93001.412624 CHEETAH_SIGNAL SENT_AFTER_TIME 93001.380422
93001.379988 DISPLAY_TEXT OFF
93001.728896 CHEETAH_SIGNAL SENT_AFTER_TIME 93001.696687
93001.696250 DISPLAY_TEXT 155 85 3 prepared
93001.946248 CHEETAH_SIGNAL SENT_AFTER_TIME 93001.913971
93001.913524 DISPLAY_TEXT OFF
93002.262287 CHEETAH_SIGNAL SENT_AFTER_TIME 93002.230071
93002.229626 DISPLAY_TEXT 156 85 4 the
93002.479164 CHEETAH_SIGNAL SENT_AFTER_TIME 93002.446969
93002.446532 DISPLAY_TEXT OFF
93002.796499 CHEETAH_SIGNAL SENT_AFTER_TIME 93002.764277
93002.763831 DISPLAY_TEXT 157 85 5 meal.
93003.013108 CHEETAH_SIGNAL SENT_AFTER_TIME 93002.980852
93002.980430 DISPLAY_TEXT OFF
93003.240759 KEY_PRESS l
93003.408825 KEY_PRESS l
93004.029589 CHEETAH_SIGNAL SENT_AFTER_TIME 93003.997309
93003.996881 DISPLAY_TEXT 158 60 1 The
93004.246782 CHEETAH_SIGNAL SENT_AFTER_TIME 93004.214574
93004.214140 DISPLAY_TEXT OFF
93004.563042 CHEETAH_SIGNAL SENT_AFTER_TIME 93004.530779
93004.530324 DISPLAY_TEXT 159 60 2 boy
93004.780346 CHEETAH_SIGNAL SENT_AFTER_TIME 93004.748110
93004.747661 DISPLAY_TEXT OFF
93005.097197 CHEETAH_SIGNAL SENT_AFTER_TIME 93005.064973
93005.064541 DISPLAY_TEXT 160 60 3 smelled
93005.313411 CHEETAH_SIGNAL SENT_AFTER_TIME 93005.281151
93005.280705 DISPLAY_TEXT OFF
93005.629672 CHEETAH_SIGNAL SENT_AFTER_TIME 93005.597320
93005.596874 DISPLAY_TEXT 161 60 4 the
93005.846781 CHEETAH_SIGNAL SENT_AFTER_TIME 93005.814538
93005.814092 DISPLAY_TEXT OFF
93006.162947 CHEETAH_SIGNAL SENT_AFTER_TIME 93006.130694
93006.130260 DISPLAY_TEXT 162 60 5 flowers.
93006.380504 CHEETAH_SIGNAL SENT_AFTER_TIME 93006.348332
93006.347896 DISPLAY_TEXT OFF
93007.396531 CHEETAH_SIGNAL SENT_AFTER_TIME 93007.364308
93007.363895 DISPLAY_TEXT 163 44 1 The
93007.613811 CHEETAH_SIGNAL SENT_AFTER_TIME 93007.581543
93007.581185 DISPLAY_TEXT OFF
93007.929996 CHEETAH_SIGNAL SENT_AFTER_TIME 93007.897796
93007.897350 DISPLAY_TEXT 164 44 2 salad
93008.147366 CHEETAH_SIGNAL SENT_AFTER_TIME 93008.115119
93008.114677 DISPLAY_TEXT OFF
93008.463637 CHEETAH_SIGNAL SENT_AFTER_TIME 93008.431420
93008.430973 DISPLAY_TEXT 165 44 3 is
93008.576835 KEY_PRESS l
93008.680875 CHEETAH_SIGNAL SENT_AFTER_TIME 93008.648705
93008.648357 DISPLAY_TEXT OFF
93008.720754 KEY_PRESS l
93008.996460 CHEETAH_SIGNAL SENT_AFTER_TIME 93008.964308
93008.963848 DISPLAY_TEXT 166 44 4 tasty.
93009.215494 CHEETAH_SIGNAL SENT_AFTER_TIME 93009.183259
93009.182906 DISPLAY_TEXT OFF
93010.231173 CHEETAH_SIGNAL SENT_AFTER_TIME 93010.198946
93010.198598 DISPLAY_TEXT 167 69 1 The
93010.447441 CHEETAH_SIGNAL SENT_AFTER_TIME 93010.415169
93010.414721 DISPLAY_TEXT OFF
93010.764525 CHEETAH_SIGNAL SENT_AFTER_TIME 93010.732312
93010.731973 DISPLAY_TEXT 168 69 2 boy
93010.980938 CHEETAH_SIGNAL SENT_AFTER_TIME 93010.948653
93010.948203 DISPLAY_TEXT OFF
93011.297998 CHEETAH_SIGNAL SENT_AFTER_TIME 93011.265793
93011.265444 DISPLAY_TEXT 169 69 3 jumped.
93011.514812 CHEETAH_SIGNAL SENT_AFTER_TIME 93011.482616
93011.482243 DISPLAY_TEXT OFF
93012.530453 CHEETAH_SIGNAL SENT_AFTER_TIME 93012.498321
93012.497976 DISPLAY_TEXT 170 86 1 What
93012.763328 CHEETAH_SIGNAL SENT_AFTER_TIME 93012.731112
93012.730692 DISPLAY_TEXT OFF
93013.082734 CHEETAH_SIGNAL SENT_AFTER_TIME 93013.050626
93013.050279 DISPLAY_TEXT 171 86 2 does
93013.298002 CHEETAH_SIGNAL SENT_AFTER_TIME 93013.265750
93013.265392 DISPLAY_TEXT OFF
93013.614309 CHEETAH_SIGNAL SENT_AFTER_TIME 93013.581999
93013.581556 DISPLAY_TEXT 172 86 3 the
93013.831411 CHEETAH_SIGNAL SENT_AFTER_TIME 93013.799145
93013.798786 DISPLAY_TEXT OFF
93014.147677 CHEETAH_SIGNAL SENT_AFTER_TIME 93014.115381
93014.114929 DISPLAY_TEXT 173 86 4 girl
93014.364802 CHEETAH_SIGNAL SENT_AFTER_TIME 93014.332515
93014.332148 DISPLAY_TEXT OFF
93014.682021 CHEETAH_SIGNAL SENT_AFTER_TIME 93014.649834
93014.649399 DISPLAY_TEXT 174 86 5 eat?
93014.898546 CHEETAH_SIGNAL SENT_AFTER_TIME 93014.866339
93014.865990 DISPLAY_TEXT OFF
93015.914705 CHEETAH_SIGNAL SENT_AFTER_TIME 93015.882453
93015.882104 DISPLAY_TEXT 175 126 1 The
93016.131990 CHEETAH_SIGNAL SENT_AFTER_TIME 93016.099757
93016.099407 DISPLAY_TEXT OFF
93016.448262 CHEETAH_SIGNAL SENT_AFTER_TIME 93016.415999
93016.415625 DISPLAY_TEXT 176 126 2 host
93016.665482 CHEETAH_SIGNAL SENT_AFTER_TIME 93016.633256
93016.632907 DISPLAY_TEXT OFF
93016.981706 CHEETAH_SIGNAL SENT_AFTER_TIME 93016.949461
93016.949112 DISPLAY_TEXT 177 126 3 will
93017.199104 CHEETAH_SIGNAL SENT_AFTER_TIME 93017.166839
93017.166489 DISPLAY_TEXT OFF
93017.515247 CHEETAH_SIGNAL SENT_AFTER_TIME 93017.482988
93017.482639 DISPLAY_TEXT 178 126 4 eat.
93017.731898 CHEETAH_SIGNAL SENT_AFTER_TIME 93017.699640
93017.699289 DISPLAY_TEXT OFF
93018.749154 CHEETAH_SIGNAL SENT_AFTER_TIME 93018.716946
93018.716596 DISPLAY_TEXT 179 115 1 She
93018.965388 CHEETAH_SIGNAL SENT_AFTER_TIME 93018.933179
93018.932828 DISPLAY_TEXT OFF
93019.282667 CHEETAH_SIGNAL SENT_AFTER_TIME 93019.250520
93019.250167 DISPLAY_TEXT 180 115 2 discovered
93019.498856 CHEETAH_SIGNAL SENT_AFTER_TIME 93019.466754
93019.466402 DISPLAY_TEXT OFF
93019.815167 CHEETAH_SIGNAL SENT_AFTER_TIME 93019.782938
93019.782588 DISPLAY_TEXT 181 115 3 that
93020.032489 CHEETAH_SIGNAL SENT_AFTER_TIME 93020.000253
93019.999900 DISPLAY_TEXT OFF
93020.348873 CHEETAH_SIGNAL SENT_AFTER_TIME 93020.316584
93020.316233 DISPLAY_TEXT 182 115 4 they
93020.565829 CHEETAH_SIGNAL SENT_AFTER_TIME 93020.533791
93020.533437 DISPLAY_TEXT OFF
93020.882279 CHEETAH_SIGNAL SENT_AFTER_TIME 93020.850046
93020.849693 DISPLAY_TEXT 183 115 5 cough.
93021.098970 CHEETAH_SIGNAL SENT_AFTER_TIME 93021.066638
93021.066281 DISPLAY_TEXT OFF
93022.116499 CHEETAH_SIGNAL SENT_AFTER_TIME 93022.084259
93022.083909 DISPLAY_TEXT 184 5 1 We
93022.332537 CHEETAH_SIGNAL SENT_AFTER_TIME 93022.300482
93022.300130 DISPLAY_TEXT OFF
93022.648905 CHEETAH_SIGNAL SENT_AFTER_TIME 93022.616701
93022.616352 DISPLAY_TEXT 185 5 2 guessed
93022.866232 CHEETAH_SIGNAL SENT_AFTER_TIME 93022.834015
93022.833665 DISPLAY_TEXT OFF
93023.182467 CHEETAH_SIGNAL SENT_AFTER_TIME 93023.150287
93023.149934 DISPLAY_TEXT 186 5 3 that
93023.399935 CHEETAH_SIGNAL SENT_AFTER_TIME 93023.367623
93023.367269 DISPLAY_TEXT OFF
93023.716033 CHEETAH_SIGNAL SENT_AFTER_TIME 93023.683781
93023.683430 DISPLAY_TEXT 187 5 4 they
93023.933367 CHEETAH_SIGNAL SENT_AFTER_TIME 93023.901179
93023.900827 DISPLAY_TEXT OFF
93024.249542 CHEETAH_SIGNAL SENT_AFTER_TIME 93024.217460
93024.217107 DISPLAY_TEXT 188 5 5 wink.
93024.466200 CHEETAH_SIGNAL SENT_AFTER_TIME 93024.434074
93024.433723 DISPLAY_TEXT OFF
93025.483024 CHEETAH_SIGNAL SENT_AFTER_TIME 93025.450787
93025.450435 DISPLAY_TEXT 189 53 1 They
93025.700334 CHEETAH_SIGNAL SENT_AFTER_TIME 93025.668117
93025.667766 DISPLAY_TEXT OFF
93026.016534 CHEETAH_SIGNAL SENT_AFTER_TIME 93025.984313
93025.983963 DISPLAY_TEXT 190 53 2 heard
93026.232573 CHEETAH_SIGNAL SENT_AFTER_TIME 93026.200527
93026.200173 DISPLAY_TEXT OFF
93026.550129 CHEETAH_SIGNAL SENT_AFTER_TIME 93026.517928
93026.517571 DISPLAY_TEXT 191 53 3 her
93026.766449 CHEETAH_SIGNAL SENT_AFTER_TIME 93026.734294
93026.733939 DISPLAY_TEXT OFF
93027.083915 CHEETAH_SIGNAL SENT_AFTER_TIME 93027.051642
93027.051264 DISPLAY_TEXT 192 53 4 coughing.
93027.300378 CHEETAH_SIGNAL SENT_AFTER_TIME 93027.268178
93027.267826 DISPLAY_TEXT OFF
93028.317050 CHEETAH_SIGNAL SENT_AFTER_TIME 93028.284852
93028.284503 DISPLAY_TEXT 193 20 1 She
93028.533290 CHEETAH_SIGNAL SENT_AFTER_TIME 93028.501039
93028.500685 DISPLAY_TEXT OFF
93028.850707 CHEETAH_SIGNAL SENT_AFTER_TIME 93028.818468
93028.818024 DISPLAY_TEXT 194 20 2 sneezed.
93029.066956 CHEETAH_SIGNAL SENT_AFTER_TIME 93029.034669
93029.034317 DISPLAY_TEXT OFF
93030.084039 CHEETAH_SIGNAL SENT_AFTER_TIME 93030.051828
93030.051450 DISPLAY_TEXT 195 107 1 They
93030.300255 CHEETAH_SIGNAL SENT_AFTER_TIME 93030.268046
93030.267695 DISPLAY_TEXT OFF
93030.617551 CHEETAH_SIGNAL SENT_AFTER_TIME 93030.585323
93030.584975 DISPLAY_TEXT 196 107 2 were
93030.833767 CHEETAH_SIGNAL SENT_AFTER_TIME 93030.801529
93030.801177 DISPLAY_TEXT OFF
93031.151204 CHEETAH_SIGNAL SENT_AFTER_TIME 93031.118935
93031.118489 DISPLAY_TEXT 197 107 3 loved.
93031.367535 CHEETAH_SIGNAL SENT_AFTER_TIME 93031.335332
93031.334981 DISPLAY_TEXT OFF
93032.384031 CHEETAH_SIGNAL SENT_AFTER_TIME 93032.351845
93032.351433 DISPLAY_TEXT 198 35 1 She
93032.601467 CHEETAH_SIGNAL SENT_AFTER_TIME 93032.569267
93032.568833 DISPLAY_TEXT OFF
93032.917560 CHEETAH_SIGNAL SENT_AFTER_TIME 93032.885330
93032.884978 DISPLAY_TEXT 199 35 2 disappears.
93033.134456 CHEETAH_SIGNAL SENT_AFTER_TIME 93033.102192
93033.101738 DISPLAY_TEXT OFF
93034.151047 CHEETAH_SIGNAL SENT_AFTER_TIME 93034.118814
93034.118457 DISPLAY_TEXT 200 7 1 He
93034.368361 CHEETAH_SIGNAL SENT_AFTER_TIME 93034.336169
93034.335730 DISPLAY_TEXT OFF
93034.684429 CHEETAH_SIGNAL SENT_AFTER_TIME 93034.652224
93034.651846 DISPLAY_TEXT 201 7 2 arrived.
93034.900989 CHEETAH_SIGNAL SENT_AFTER_TIME 93034.868731
93034.868345 DISPLAY_TEXT OFF
93035.918926 CHEETAH_SIGNAL SENT_AFTER_TIME 93035.886666
93035.886232 DISPLAY_TEXT 202 50 1 What
93036.135057 CHEETAH_SIGNAL SENT_AFTER_TIME 93036.102855
93036.102403 DISPLAY_TEXT OFF
93036.451206 CHEETAH_SIGNAL SENT_AFTER_TIME 93036.418977
93036.418625 DISPLAY_TEXT 203 50 2 did
93036.668539 CHEETAH_SIGNAL SENT_AFTER_TIME 93036.636331
93036.635884 DISPLAY_TEXT OFF
93036.984751 CHEETAH_SIGNAL SENT_AFTER_TIME 93036.952569
93036.952132 DISPLAY_TEXT 204 50 3 the
93037.202124 CHEETAH_SIGNAL SENT_AFTER_TIME 93037.169900
93037.169454 DISPLAY_TEXT OFF
93037.518289 CHEETAH_SIGNAL SENT_AFTER_TIME 93037.486075
93037.485640 DISPLAY_TEXT 205 50 4 girl
93037.735603 CHEETAH_SIGNAL SENT_AFTER_TIME 93037.703400
93037.702968 DISPLAY_TEXT OFF
93038.051835 CHEETAH_SIGNAL SENT_AFTER_TIME 93038.019620
93038.019188 DISPLAY_TEXT 206 50 5 kick?
93038.268508 CHEETAH_SIGNAL SENT_AFTER_TIME 93038.236256
93038.235809 DISPLAY_TEXT OFF
93039.285744 CHEETAH_SIGNAL SENT_AFTER_TIME 93039.253516
93039.253079 DISPLAY_TEXT 207 10 1 They
93039.501990 CHEETAH_SIGNAL SENT_AFTER_TIME 93039.469719
93039.469275 DISPLAY_TEXT OFF
93039.818954 CHEETAH_SIGNAL SENT_AFTER_TIME 93039.786734
93039.786382 DISPLAY_TEXT 208 10 2 wink.
93040.035760 CHEETAH_SIGNAL SENT_AFTER_TIME 93040.003564
93040.003115 DISPLAY_TEXT OFF
93041.052028 CHEETAH_SIGNAL SENT_AFTER_TIME 93041.019897
93041.019449 DISPLAY_TEXT 209 106 1 They
93041.269032 CHEETAH_SIGNAL SENT_AFTER_TIME 93041.236802
93041.236368 DISPLAY_TEXT OFF
93041.585754 CHEETAH_SIGNAL SENT_AFTER_TIME 93041.553530
93041.553186 DISPLAY_TEXT 210 106 2 vanish.
93041.802302 CHEETAH_SIGNAL SENT_AFTER_TIME 93041.770150
93041.769717 DISPLAY_TEXT OFF
93042.818994 CHEETAH_SIGNAL SENT_AFTER_TIME 93042.786790
93042.786355 DISPLAY_TEXT 211 12 1 Who
93043.035619 CHEETAH_SIGNAL SENT_AFTER_TIME 93043.003466
93043.003116 DISPLAY_TEXT OFF
93043.352443 CHEETAH_SIGNAL SENT_AFTER_TIME 93043.320214
93043.319768 DISPLAY_TEXT 212 12 2 jumped?
93043.568981 CHEETAH_SIGNAL SENT_AFTER_TIME 93043.536804
93043.536358 DISPLAY_TEXT OFF
93044.587024 CHEETAH_SIGNAL SENT_AFTER_TIME 93044.554779
93044.554331 DISPLAY_TEXT 213 78 1 She
93044.802745 CHEETAH_SIGNAL SENT_AFTER_TIME 93044.770488
93044.770056 DISPLAY_TEXT OFF
93045.120204 CHEETAH_SIGNAL SENT_AFTER_TIME 93045.088049
93045.087635 DISPLAY_TEXT 214 78 2 saw
93045.337010 CHEETAH_SIGNAL SENT_AFTER_TIME 93045.304768
93045.304319 DISPLAY_TEXT OFF
93045.653683 CHEETAH_SIGNAL SENT_AFTER_TIME 93045.621449
93045.621004 DISPLAY_TEXT 215 78 3 that
93045.870243 CHEETAH_SIGNAL SENT_AFTER_TIME 93045.838009
93045.837593 DISPLAY_TEXT OFF
93046.187007 CHEETAH_SIGNAL SENT_AFTER_TIME 93046.154790
93046.154340 DISPLAY_TEXT 216 78 4 he
93046.403638 CHEETAH_SIGNAL SENT_AFTER_TIME 93046.371450
93046.371094 DISPLAY_TEXT OFF
93046.720217 CHEETAH_SIGNAL SENT_AFTER_TIME 93046.688048
93046.687613 DISPLAY_TEXT 217 78 5 crawled.
93046.937094 CHEETAH_SIGNAL SENT_AFTER_TIME 93046.904903
93046.904472 DISPLAY_TEXT OFF
93047.953834 CHEETAH_SIGNAL SENT_AFTER_TIME 93047.921627
93047.921197 DISPLAY_TEXT 218 87 1 Who
93048.170430 CHEETAH_SIGNAL SENT_AFTER_TIME 93048.138180
93048.137770 DISPLAY_TEXT OFF
93048.487036 CHEETAH_SIGNAL SENT_AFTER_TIME 93048.454774
93048.454338 DISPLAY_TEXT 219 87 2 kicked
93048.703222 CHEETAH_SIGNAL SENT_AFTER_TIME 93048.670980
93048.670540 DISPLAY_TEXT OFF
93049.020415 CHEETAH_SIGNAL SENT_AFTER_TIME 93048.988223
93048.987789 DISPLAY_TEXT 220 87 3 the
93049.237011 CHEETAH_SIGNAL SENT_AFTER_TIME 93049.204752
93049.204316 DISPLAY_TEXT OFF
93049.554237 CHEETAH_SIGNAL SENT_AFTER_TIME 93049.522070
93049.521633 DISPLAY_TEXT 221 87 4 ball?
93049.770757 CHEETAH_SIGNAL SENT_AFTER_TIME 93049.738534
93049.738183 DISPLAY_TEXT OFF
93050.787744 CHEETAH_SIGNAL SENT_AFTER_TIME 93050.755539
93050.755105 DISPLAY_TEXT 222 71 1 Who
93051.003992 CHEETAH_SIGNAL SENT_AFTER_TIME 93050.971756
93050.971321 DISPLAY_TEXT OFF
93051.321199 CHEETAH_SIGNAL SENT_AFTER_TIME 93051.288988
93051.288572 DISPLAY_TEXT 223 71 2 coughed?
93051.537907 CHEETAH_SIGNAL SENT_AFTER_TIME 93051.505573
93051.505129 DISPLAY_TEXT OFF
93052.554569 CHEETAH_SIGNAL SENT_AFTER_TIME 93052.522334
93052.521900 DISPLAY_TEXT 224 68 1 He
93052.770643 CHEETAH_SIGNAL SENT_AFTER_TIME 93052.738409
93052.737995 DISPLAY_TEXT OFF
93053.088057 CHEETAH_SIGNAL SENT_AFTER_TIME 93053.055756
93053.055293 DISPLAY_TEXT 225 68 2 crawled.
93053.304647 CHEETAH_SIGNAL SENT_AFTER_TIME 93053.272442
93053.272010 DISPLAY_TEXT OFF
93054.320775 CHEETAH_SIGNAL SENT_AFTER_TIME 93054.288524
93054.288108 DISPLAY_TEXT 226 42 1 They
93054.538009 CHEETAH_SIGNAL SENT_AFTER_TIME 93054.505733
93054.505298 DISPLAY_TEXT OFF
93054.855257 CHEETAH_SIGNAL SENT_AFTER_TIME 93054.823034
93054.822600 DISPLAY_TEXT 227 42 2 winked.
93055.071653 CHEETAH_SIGNAL SENT_AFTER_TIME 93055.039475
93055.039059 DISPLAY_TEXT OFF
93056.088321 CHEETAH_SIGNAL SENT_AFTER_TIME 93056.056189
93056.055744 DISPLAY_TEXT 228 75 1 He
93056.304469 CHEETAH_SIGNAL SENT_AFTER_TIME 93056.272291
93056.271938 DISPLAY_TEXT OFF
93056.621705 CHEETAH_SIGNAL SENT_AFTER_TIME 93056.589564
93056.589220 DISPLAY_TEXT 229 75 2 falls.
93056.838446 CHEETAH_SIGNAL SENT_AFTER_TIME 93056.806249
93056.805816 DISPLAY_TEXT OFF
93057.854734 CHEETAH_SIGNAL SENT_AFTER_TIME 93057.822491
93057.822059 DISPLAY_TEXT 230 43 1 She
93058.072055 CHEETAH_SIGNAL SENT_AFTER_TIME 93058.039774
93058.039340 DISPLAY_TEXT OFF
93058.388118 CHEETAH_SIGNAL SENT_AFTER_TIME 93058.355908
93058.355473 DISPLAY_TEXT 231 43 2 remained.
93058.605550 CHEETAH_SIGNAL SENT_AFTER_TIME 93058.573603
93058.573158 DISPLAY_TEXT OFF
93059.622143 CHEETAH_SIGNAL SENT_AFTER_TIME 93059.589937
93059.589521 DISPLAY_TEXT 232 28 1 The
93059.838411 CHEETAH_SIGNAL SENT_AFTER_TIME 93059.806139
93059.805694 DISPLAY_TEXT OFF
93060.155798 CHEETAH_SIGNAL SENT_AFTER_TIME 93060.123520
93060.123075 DISPLAY_TEXT 233 28 2 host
93060.371835 CHEETAH_SIGNAL SENT_AFTER_TIME 93060.339649
93060.339200 DISPLAY_TEXT OFF
93060.689210 CHEETAH_SIGNAL SENT_AFTER_TIME 93060.656967
93060.656509 DISPLAY_TEXT 234 28 3 was
93060.905382 CHEETAH_SIGNAL SENT_AFTER_TIME 93060.873053
93060.872605 DISPLAY_TEXT OFF
93061.222562 CHEETAH_SIGNAL SENT_AFTER_TIME 93061.190293
93061.189845 DISPLAY_TEXT 235 28 4 warned.
93061.439015 CHEETAH_SIGNAL SENT_AFTER_TIME 93061.406847
93061.406395 DISPLAY_TEXT OFF
93062.455820 CHEETAH_SIGNAL SENT_AFTER_TIME 93062.423530
93062.423084 DISPLAY_TEXT 236 98 1 The
93062.672063 CHEETAH_SIGNAL SENT_AFTER_TIME 93062.640031
93062.639730 DISPLAY_TEXT OFF
93062.989750 CHEETAH_SIGNAL SENT_AFTER_TIME 93062.957497
93062.957061 DISPLAY_TEXT 237 98 2 boy
93063.205697 CHEETAH_SIGNAL SENT_AFTER_TIME 93063.173484
93063.173050 DISPLAY_TEXT OFF
93063.523035 CHEETAH_SIGNAL SENT_AFTER_TIME 93063.490733
93063.490304 DISPLAY_TEXT 238 98 3 bloomed.
93063.739431 CHEETAH_SIGNAL SENT_AFTER_TIME 93063.707256
93063.706821 DISPLAY_TEXT OFF
93064.755773 CHEETAH_SIGNAL SENT_AFTER_TIME 93064.723539
93064.723104 DISPLAY_TEXT 239 61 1 Who
93064.973095 CHEETAH_SIGNAL SENT_AFTER_TIME 93064.940847
93064.940413 DISPLAY_TEXT OFF
93065.289223 CHEETAH_SIGNAL SENT_AFTER_TIME 93065.257023
93065.256648 DISPLAY_TEXT 240 61 2 tickles
93065.506589 CHEETAH_SIGNAL SENT_AFTER_TIME 93065.474385
93065.473953 DISPLAY_TEXT OFF
93065.822762 CHEETAH_SIGNAL SENT_AFTER_TIME 93065.790508
93065.790074 DISPLAY_TEXT 241 61 3 the
93066.040098 CHEETAH_SIGNAL SENT_AFTER_TIME 93066.007829
93066.007395 DISPLAY_TEXT OFF
93066.356275 CHEETAH_SIGNAL SENT_AFTER_TIME 93066.324038
93066.323605 DISPLAY_TEXT 242 61 4 girl?
93066.572831 CHEETAH_SIGNAL SENT_AFTER_TIME 93066.540555
93066.540107 DISPLAY_TEXT OFF
93067.590070 CHEETAH_SIGNAL SENT_AFTER_TIME 93067.557823
93067.557389 DISPLAY_TEXT 243 148 1 The
93067.807288 CHEETAH_SIGNAL SENT_AFTER_TIME 93067.775077
93067.774641 DISPLAY_TEXT OFF
93068.123398 CHEETAH_SIGNAL SENT_AFTER_TIME 93068.091160
93068.090746 DISPLAY_TEXT 244 148 2 grandpa
93068.340810 CHEETAH_SIGNAL SENT_AFTER_TIME 93068.308522
93068.308075 DISPLAY_TEXT OFF
93068.656975 CHEETAH_SIGNAL SENT_AFTER_TIME 93068.624727
93068.624285 DISPLAY_TEXT 245 148 3 ate
93068.872991 CHEETAH_SIGNAL SENT_AFTER_TIME 93068.840741
93068.840309 DISPLAY_TEXT OFF
93069.190237 CHEETAH_SIGNAL SENT_AFTER_TIME 93069.157997
93069.157645 DISPLAY_TEXT 246 148 4 the
93069.407554 CHEETAH_SIGNAL SENT_AFTER_TIME 93069.375328
93069.374883 DISPLAY_TEXT OFF
93069.723623 CHEETAH_SIGNAL SENT_AFTER_TIME 93069.691442
93069.691008 DISPLAY_TEXT 247 148 5 meal.
93069.940272 CHEETAH_SIGNAL SENT_AFTER_TIME 93069.908042
93069.907597 DISPLAY_TEXT OFF
93070.416840 KEY_PRESS l
93070.568825 KEY_PRESS l
93070.957284 CHEETAH_SIGNAL SENT_AFTER_TIME 93070.925088
93070.924653 DISPLAY_TEXT 248 132 1 The
93071.173410 CHEETAH_SIGNAL SENT_AFTER_TIME 93071.141198
93071.140779 DISPLAY_TEXT OFF
93071.490767 CHEETAH_SIGNAL SENT_AFTER_TIME 93071.458522
93071.458085 DISPLAY_TEXT 249 132 2 boys
93071.708000 CHEETAH_SIGNAL SENT_AFTER_TIME 93071.675748
93071.675308 DISPLAY_TEXT OFF
93072.024061 CHEETAH_SIGNAL SENT_AFTER_TIME 93071.991844
93071.991492 DISPLAY_TEXT 250 132 3 kissed
93072.240280 CHEETAH_SIGNAL SENT_AFTER_TIME 93072.208101
93072.207665 DISPLAY_TEXT OFF
93072.557647 CHEETAH_SIGNAL SENT_AFTER_TIME 93072.525409
93072.524979 DISPLAY_TEXT 251 132 4 the
93072.773526 CHEETAH_SIGNAL SENT_AFTER_TIME 93072.741438
93072.741007 DISPLAY_TEXT OFF
93073.090966 CHEETAH_SIGNAL SENT_AFTER_TIME 93073.058771
93073.058337 DISPLAY_TEXT 252 132 5 clowns.
93073.307476 CHEETAH_SIGNAL SENT_AFTER_TIME 93073.275270
93073.274917 DISPLAY_TEXT OFF
93074.324734 CHEETAH_SIGNAL SENT_AFTER_TIME 93074.292477
93074.292045 DISPLAY_TEXT 253 41 1 The
93074.540905 CHEETAH_SIGNAL SENT_AFTER_TIME 93074.508695
93074.508260 DISPLAY_TEXT OFF
93074.858266 CHEETAH_SIGNAL SENT_AFTER_TIME 93074.825986
93074.825554 DISPLAY_TEXT 254 41 2 boy
93075.074323 CHEETAH_SIGNAL SENT_AFTER_TIME 93075.042113
93075.041680 DISPLAY_TEXT OFF
93075.391557 CHEETAH_SIGNAL SENT_AFTER_TIME 93075.359386
93075.359033 DISPLAY_TEXT 255 41 3 sneezes.
93075.608338 CHEETAH_SIGNAL SENT_AFTER_TIME 93075.576102
93075.575666 DISPLAY_TEXT OFF
93076.624979 CHEETAH_SIGNAL SENT_AFTER_TIME 93076.592668
93076.592248 DISPLAY_TEXT 256 95 1 He
93076.841096 CHEETAH_SIGNAL SENT_AFTER_TIME 93076.808887
93076.808451 DISPLAY_TEXT OFF
93077.158352 CHEETAH_SIGNAL SENT_AFTER_TIME 93077.126178
93077.125746 DISPLAY_TEXT 257 95 2 streched.
93077.374994 CHEETAH_SIGNAL SENT_AFTER_TIME 93077.342740
93077.342306 DISPLAY_TEXT OFF
93078.392236 CHEETAH_SIGNAL SENT_AFTER_TIME 93078.359994
93078.359559 DISPLAY_TEXT 258 103 1 She
93078.608338 CHEETAH_SIGNAL SENT_AFTER_TIME 93078.576139
93078.575759 DISPLAY_TEXT OFF
93078.925768 CHEETAH_SIGNAL SENT_AFTER_TIME 93078.893466
93078.893022 DISPLAY_TEXT 259 103 2 scratched.
93079.142169 CHEETAH_SIGNAL SENT_AFTER_TIME 93079.109977
93079.109530 DISPLAY_TEXT OFF
93080.158440 CHEETAH_SIGNAL SENT_AFTER_TIME 93080.126237
93080.125807 DISPLAY_TEXT 260 4 1 He
93080.375750 CHEETAH_SIGNAL SENT_AFTER_TIME 93080.343491
93080.343054 DISPLAY_TEXT OFF
93080.691908 CHEETAH_SIGNAL SENT_AFTER_TIME 93080.659730
93080.659378 DISPLAY_TEXT 261 4 2 showered.
93080.908609 CHEETAH_SIGNAL SENT_AFTER_TIME 93080.876408
93080.875972 DISPLAY_TEXT OFF
93081.925505 CHEETAH_SIGNAL SENT_AFTER_TIME 93081.893247
93081.892895 DISPLAY_TEXT 262 143 1 He
93082.142920 CHEETAH_SIGNAL SENT_AFTER_TIME 93082.110718
93082.110280 DISPLAY_TEXT OFF
93082.459093 CHEETAH_SIGNAL SENT_AFTER_TIME 93082.426814
93082.426364 DISPLAY_TEXT 263 143 2 was
93082.676207 CHEETAH_SIGNAL SENT_AFTER_TIME 93082.644044
93082.643692 DISPLAY_TEXT OFF
93082.992566 CHEETAH_SIGNAL SENT_AFTER_TIME 93082.960316
93082.959877 DISPLAY_TEXT 264 143 3 kissed.
93083.209059 CHEETAH_SIGNAL SENT_AFTER_TIME 93083.176827
93083.176391 DISPLAY_TEXT OFF
93084.225831 CHEETAH_SIGNAL SENT_AFTER_TIME 93084.193580
93084.193167 DISPLAY_TEXT 265 3 1 They
93084.443096 CHEETAH_SIGNAL SENT_AFTER_TIME 93084.410894
93084.410461 DISPLAY_TEXT OFF
93084.759324 CHEETAH_SIGNAL SENT_AFTER_TIME 93084.727090
93084.726644 DISPLAY_TEXT 266 3 2 ate
93084.976481 CHEETAH_SIGNAL SENT_AFTER_TIME 93084.944335
93084.943896 DISPLAY_TEXT OFF
93085.292729 CHEETAH_SIGNAL SENT_AFTER_TIME 93085.260529
93085.260083 DISPLAY_TEXT 267 3 3 the
93085.510094 CHEETAH_SIGNAL SENT_AFTER_TIME 93085.477839
93085.477380 DISPLAY_TEXT OFF
93085.826175 CHEETAH_SIGNAL SENT_AFTER_TIME 93085.793942
93085.793510 DISPLAY_TEXT 268 3 4 grapes
93086.043466 CHEETAH_SIGNAL SENT_AFTER_TIME 93086.011278
93086.010830 DISPLAY_TEXT OFF
93086.359795 CHEETAH_SIGNAL SENT_AFTER_TIME 93086.327565
93086.327131 DISPLAY_TEXT 269 3 5 together.
93086.576326 CHEETAH_SIGNAL SENT_AFTER_TIME 93086.544116
93086.543671 DISPLAY_TEXT OFF
93086.968836 KEY_PRESS l
93087.104827 KEY_PRESS l
93087.593423 CHEETAH_SIGNAL SENT_AFTER_TIME 93087.561192
93087.560840 DISPLAY_TEXT 270 121 1 What
93087.809745 CHEETAH_SIGNAL SENT_AFTER_TIME 93087.777487
93087.777056 DISPLAY_TEXT OFF
93088.126939 CHEETAH_SIGNAL SENT_AFTER_TIME 93088.094737
93088.094301 DISPLAY_TEXT 271 121 2 did
93088.343031 CHEETAH_SIGNAL SENT_AFTER_TIME 93088.310909
93088.310471 DISPLAY_TEXT OFF
93088.660780 CHEETAH_SIGNAL SENT_AFTER_TIME 93088.628472
93088.628022 DISPLAY_TEXT 272 121 3 the
93088.876919 CHEETAH_SIGNAL SENT_AFTER_TIME 93088.844630
93088.844193 DISPLAY_TEXT OFF
93089.193068 CHEETAH_SIGNAL SENT_AFTER_TIME 93089.160821
93089.160389 DISPLAY_TEXT 273 121 4 girls
93089.410304 CHEETAH_SIGNAL SENT_AFTER_TIME 93089.378127
93089.377693 DISPLAY_TEXT OFF
93089.726512 CHEETAH_SIGNAL SENT_AFTER_TIME 93089.694281
93089.693853 DISPLAY_TEXT 274 121 5 find?
93089.943112 CHEETAH_SIGNAL SENT_AFTER_TIME 93089.910920
93089.910491 DISPLAY_TEXT OFF
93090.961003 CHEETAH_SIGNAL SENT_AFTER_TIME 93090.928641
93090.928207 DISPLAY_TEXT 275 131 1 Who
93091.177035 CHEETAH_SIGNAL SENT_AFTER_TIME 93091.144776
93091.144332 DISPLAY_TEXT OFF
93091.494309 CHEETAH_SIGNAL SENT_AFTER_TIME 93091.462121
93091.461685 DISPLAY_TEXT 276 131 2 cried?
93091.711002 CHEETAH_SIGNAL SENT_AFTER_TIME 93091.678726
93091.678278 DISPLAY_TEXT OFF
93092.727161 CHEETAH_SIGNAL SENT_AFTER_TIME 93092.694917
93092.694480 DISPLAY_TEXT 277 147 1 The
93092.944471 CHEETAH_SIGNAL SENT_AFTER_TIME 93092.912205
93092.911769 DISPLAY_TEXT OFF
93093.260649 CHEETAH_SIGNAL SENT_AFTER_TIME 93093.228387
93093.227950 DISPLAY_TEXT 278 147 2 boys
93093.477929 CHEETAH_SIGNAL SENT_AFTER_TIME 93093.445730
93093.445295 DISPLAY_TEXT OFF
93093.794351 CHEETAH_SIGNAL SENT_AFTER_TIME 93093.762080
93093.761643 DISPLAY_TEXT 279 147 3 tickle
93094.011637 CHEETAH_SIGNAL SENT_AFTER_TIME 93093.979388
93093.978954 DISPLAY_TEXT OFF
93094.327756 CHEETAH_SIGNAL SENT_AFTER_TIME 93094.295496
93094.295042 DISPLAY_TEXT 280 147 4 the
93094.545031 CHEETAH_SIGNAL SENT_AFTER_TIME 93094.512785
93094.512351 DISPLAY_TEXT OFF
93094.861321 CHEETAH_SIGNAL SENT_AFTER_TIME 93094.829069
93094.828637 DISPLAY_TEXT 281 147 5 girl.
93095.077753 CHEETAH_SIGNAL SENT_AFTER_TIME 93095.045512
93095.045074 DISPLAY_TEXT OFF
93096.095171 CHEETAH_SIGNAL SENT_AFTER_TIME 93096.062893
93096.062458 DISPLAY_TEXT 282 88 1 He
93096.311279 CHEETAH_SIGNAL SENT_AFTER_TIME 93096.279065
93096.278633 DISPLAY_TEXT OFF
93096.628633 CHEETAH_SIGNAL SENT_AFTER_TIME 93096.596338
93096.595902 DISPLAY_TEXT 283 88 2 collapses.
93096.845152 CHEETAH_SIGNAL SENT_AFTER_TIME 93096.812879
93096.812432 DISPLAY_TEXT OFF
93097.861927 CHEETAH_SIGNAL SENT_AFTER_TIME 93097.829697
93097.829259 DISPLAY_TEXT 284 45 1 Whom
93098.078048 CHEETAH_SIGNAL SENT_AFTER_TIME 93098.045839
93098.045404 DISPLAY_TEXT OFF
93098.395382 CHEETAH_SIGNAL SENT_AFTER_TIME 93098.363147
93098.362714 DISPLAY_TEXT 285 45 2 does
93098.611610 CHEETAH_SIGNAL SENT_AFTER_TIME 93098.579351
93098.578914 DISPLAY_TEXT OFF
93098.928826 CHEETAH_SIGNAL SENT_AFTER_TIME 93098.896596
93098.896182 DISPLAY_TEXT 286 45 3 the
93099.145071 CHEETAH_SIGNAL SENT_AFTER_TIME 93099.112836
93099.112400 DISPLAY_TEXT OFF
93099.462374 CHEETAH_SIGNAL SENT_AFTER_TIME 93099.430152
93099.429705 DISPLAY_TEXT 287 45 4 boy
93099.678453 CHEETAH_SIGNAL SENT_AFTER_TIME 93099.646277
93099.645842 DISPLAY_TEXT OFF
93099.995871 CHEETAH_SIGNAL SENT_AFTER_TIME 93099.963534
93099.963183 DISPLAY_TEXT 288 45 5 tickle?
93100.212487 CHEETAH_SIGNAL SENT_AFTER_TIME 93100.180188
93100.179765 DISPLAY_TEXT OFF
93101.228489 CHEETAH_SIGNAL SENT_AFTER_TIME 93101.196262
93101.195824 DISPLAY_TEXT 289 46 1 They
93101.445857 CHEETAH_SIGNAL SENT_AFTER_TIME 93101.413638
93101.413202 DISPLAY_TEXT OFF
93101.762049 CHEETAH_SIGNAL SENT_AFTER_TIME 93101.729811
93101.729363 DISPLAY_TEXT 290 46 2 tickle
93101.979334 CHEETAH_SIGNAL SENT_AFTER_TIME 93101.947078
93101.946634 DISPLAY_TEXT OFF
93102.295507 CHEETAH_SIGNAL SENT_AFTER_TIME 93102.263267
93102.262837 DISPLAY_TEXT 291 46 3 the
93102.512861 CHEETAH_SIGNAL SENT_AFTER_TIME 93102.480591
93102.480155 DISPLAY_TEXT OFF
93102.829013 CHEETAH_SIGNAL SENT_AFTER_TIME 93102.796714
93102.796275 DISPLAY_TEXT 292 46 4 girl.
93103.045496 CHEETAH_SIGNAL SENT_AFTER_TIME 93103.013260
93103.012823 DISPLAY_TEXT OFF
93104.062796 CHEETAH_SIGNAL SENT_AFTER_TIME 93104.030563
93104.030129 DISPLAY_TEXT 293 101 1 She
93104.278930 CHEETAH_SIGNAL SENT_AFTER_TIME 93104.246689
93104.246252 DISPLAY_TEXT OFF
93104.596205 CHEETAH_SIGNAL SENT_AFTER_TIME 93104.563931
93104.563549 DISPLAY_TEXT 294 101 2 cries.
93104.812818 CHEETAH_SIGNAL SENT_AFTER_TIME 93104.780605
93104.780169 DISPLAY_TEXT OFF
93105.827635 CHEETAH_SIGNAL SENT_AFTER_TIME 93105.795867
93105.795607 DISPLAY_TEXT 295 52 1 He
93106.046542 CHEETAH_SIGNAL SENT_AFTER_TIME 93106.014358
93106.013916 DISPLAY_TEXT OFF
93106.362812 CHEETAH_SIGNAL SENT_AFTER_TIME 93106.330557
93106.330122 DISPLAY_TEXT 296 52 2 disappeared.
93106.579478 CHEETAH_SIGNAL SENT_AFTER_TIME 93106.547193
93106.546745 DISPLAY_TEXT OFF
93107.596812 CHEETAH_SIGNAL SENT_AFTER_TIME 93107.564476
93107.564028 DISPLAY_TEXT 297 100 1 She
93107.813542 CHEETAH_SIGNAL SENT_AFTER_TIME 93107.781309
93107.780870 DISPLAY_TEXT OFF
93108.129729 CHEETAH_SIGNAL SENT_AFTER_TIME 93108.097466
93108.097013 DISPLAY_TEXT 298 100 2 fell.
93108.346410 CHEETAH_SIGNAL SENT_AFTER_TIME 93108.314088
93108.313633 DISPLAY_TEXT OFF
93109.363703 CHEETAH_SIGNAL SENT_AFTER_TIME 93109.331402
93109.330968 DISPLAY_TEXT 299 29 1 He
93109.579770 CHEETAH_SIGNAL SENT_AFTER_TIME 93109.547524
93109.547078 DISPLAY_TEXT OFF
93109.897134 CHEETAH_SIGNAL SENT_AFTER_TIME 93109.864829
93109.864373 DISPLAY_TEXT 300 29 2 bloomed.
93110.113620 CHEETAH_SIGNAL SENT_AFTER_TIME 93110.081348
93110.080905 DISPLAY_TEXT OFF
93111.130186 CHEETAH_SIGNAL SENT_AFTER_TIME 93111.097959
93111.097551 DISPLAY_TEXT 301 56 1 We
93111.347650 CHEETAH_SIGNAL SENT_AFTER_TIME 93111.315309
93111.314866 DISPLAY_TEXT OFF
93111.663674 CHEETAH_SIGNAL SENT_AFTER_TIME 93111.631395
93111.630963 DISPLAY_TEXT 302 56 2 revealed
93111.881082 CHEETAH_SIGNAL SENT_AFTER_TIME 93111.848723
93111.848280 DISPLAY_TEXT OFF
93112.196822 CHEETAH_SIGNAL SENT_AFTER_TIME 93112.164653
93112.164276 DISPLAY_TEXT 303 56 3 that
93112.414271 CHEETAH_SIGNAL SENT_AFTER_TIME 93112.381994
93112.381559 DISPLAY_TEXT OFF
93112.730362 CHEETAH_SIGNAL SENT_AFTER_TIME 93112.698222
93112.697843 DISPLAY_TEXT 304 56 4 she
93112.947887 CHEETAH_SIGNAL SENT_AFTER_TIME 93112.915572
93112.915198 DISPLAY_TEXT OFF
93113.264248 CHEETAH_SIGNAL SENT_AFTER_TIME 93113.231924
93113.231488 DISPLAY_TEXT 305 56 5 jumps.
93113.480842 CHEETAH_SIGNAL SENT_AFTER_TIME 93113.448569
93113.448110 DISPLAY_TEXT OFF
93114.498028 CHEETAH_SIGNAL SENT_AFTER_TIME 93114.465767
93114.465411 DISPLAY_TEXT 306 17 1 He
93114.714301 CHEETAH_SIGNAL SENT_AFTER_TIME 93114.682024
93114.681587 DISPLAY_TEXT OFF
93115.031483 CHEETAH_SIGNAL SENT_AFTER_TIME 93114.999206
93114.998842 DISPLAY_TEXT 307 17 2 was
93115.247635 CHEETAH_SIGNAL SENT_AFTER_TIME 93115.215383
93115.214932 DISPLAY_TEXT OFF
93115.564762 CHEETAH_SIGNAL SENT_AFTER_TIME 93115.532507
93115.532160 DISPLAY_TEXT 308 17 3 hugged.
93115.781265 CHEETAH_SIGNAL SENT_AFTER_TIME 93115.749037
93115.748689 DISPLAY_TEXT OFF
93116.798009 CHEETAH_SIGNAL SENT_AFTER_TIME 93116.765629
93116.765279 DISPLAY_TEXT 309 138 1 He
93117.015185 CHEETAH_SIGNAL SENT_AFTER_TIME 93116.983025
93116.982609 DISPLAY_TEXT OFF
93117.331316 CHEETAH_SIGNAL SENT_AFTER_TIME 93117.299110
93117.298735 DISPLAY_TEXT 310 138 2 shaved.
93117.548027 CHEETAH_SIGNAL SENT_AFTER_TIME 93117.515709
93117.515358 DISPLAY_TEXT OFF
93118.016700 KEY_PRESS l
93118.563629 CHEETAH_SIGNAL SENT_AFTER_TIME 93118.531557
93118.531193 DISPLAY_TEXT 311 96 1 The
93118.782091 CHEETAH_SIGNAL SENT_AFTER_TIME 93118.749864
93118.749516 DISPLAY_TEXT OFF
93119.098386 CHEETAH_SIGNAL SENT_AFTER_TIME 93119.066081
93119.065730 DISPLAY_TEXT 312 96 2 girl
93119.314996 CHEETAH_SIGNAL SENT_AFTER_TIME 93119.282850
93119.282561 DISPLAY_TEXT OFF
93119.631318 CHEETAH_SIGNAL SENT_AFTER_TIME 93119.599073
93119.598710 DISPLAY_TEXT 313 96 3 kicked
93119.848600 CHEETAH_SIGNAL SENT_AFTER_TIME 93119.816335
93119.815994 DISPLAY_TEXT OFF
93120.165420 CHEETAH_SIGNAL SENT_AFTER_TIME 93120.133103
93120.132751 DISPLAY_TEXT 314 96 4 the
93120.381401 CHEETAH_SIGNAL SENT_AFTER_TIME 93120.349268
93120.348918 DISPLAY_TEXT OFF
93120.699015 CHEETAH_SIGNAL SENT_AFTER_TIME 93120.666632
93120.666284 DISPLAY_TEXT 315 96 5 ball.
93120.915650 CHEETAH_SIGNAL SENT_AFTER_TIME 93120.883476
93120.883184 DISPLAY_TEXT OFF
93121.931827 CHEETAH_SIGNAL SENT_AFTER_TIME 93121.899552
93121.899177 DISPLAY_TEXT 316 58 1 He
93122.149073 CHEETAH_SIGNAL SENT_AFTER_TIME 93122.116940
93122.116587 DISPLAY_TEXT OFF
93122.465553 CHEETAH_SIGNAL SENT_AFTER_TIME 93122.433172
93122.432823 DISPLAY_TEXT 317 58 2 laughs.
93122.682128 CHEETAH_SIGNAL SENT_AFTER_TIME 93122.649927
93122.649577 DISPLAY_TEXT OFF
93123.699079 CHEETAH_SIGNAL SENT_AFTER_TIME 93123.667036
93123.666746 DISPLAY_TEXT 318 79 1 The
93123.915557 CHEETAH_SIGNAL SENT_AFTER_TIME 93123.883324
93123.882976 DISPLAY_TEXT OFF
93124.232952 CHEETAH_SIGNAL SENT_AFTER_TIME 93124.200669
93124.200315 DISPLAY_TEXT 319 79 2 boy
93124.296825 KEY_PRESS l
93124.450788 CHEETAH_SIGNAL SENT_AFTER_TIME 93124.418769
93124.418501 DISPLAY_TEXT OFF
93124.416835 KEY_PRESS l
93124.766513 CHEETAH_SIGNAL SENT_AFTER_TIME 93124.734329
93124.733979 DISPLAY_TEXT 320 79 3 collapses.
93124.983270 CHEETAH_SIGNAL SENT_AFTER_TIME 93124.950991
93124.950635 DISPLAY_TEXT OFF
93125.080846 KEY_PRESS l
93125.999805 CHEETAH_SIGNAL SENT_AFTER_TIME 93125.967584
93125.967228 DISPLAY_TEXT 321 81 1 The
93126.215927 CHEETAH_SIGNAL SENT_AFTER_TIME 93126.183809
93126.183433 DISPLAY_TEXT OFF
93126.533009 CHEETAH_SIGNAL SENT_AFTER_TIME 93126.500703
93126.500353 DISPLAY_TEXT 322 81 2 actors
93126.749181 CHEETAH_SIGNAL SENT_AFTER_TIME 93126.716921
93126.716566 DISPLAY_TEXT OFF
93127.066459 CHEETAH_SIGNAL SENT_AFTER_TIME 93127.034197
93127.033847 DISPLAY_TEXT 323 81 3 will
93127.282770 CHEETAH_SIGNAL SENT_AFTER_TIME 93127.250603
93127.250251 DISPLAY_TEXT OFF
93127.600244 CHEETAH_SIGNAL SENT_AFTER_TIME 93127.567992
93127.567640 DISPLAY_TEXT 324 81 4 snore.
93127.816894 CHEETAH_SIGNAL SENT_AFTER_TIME 93127.784660
93127.784307 DISPLAY_TEXT OFF
93128.833838 CHEETAH_SIGNAL SENT_AFTER_TIME 93128.801621
93128.801245 DISPLAY_TEXT 325 134 1 Who
93129.049898 CHEETAH_SIGNAL SENT_AFTER_TIME 93129.017881
93129.017593 DISPLAY_TEXT OFF
93129.366419 CHEETAH_SIGNAL SENT_AFTER_TIME 93129.334211
93129.333863 DISPLAY_TEXT 326 134 2 crawled?
93129.583061 CHEETAH_SIGNAL SENT_AFTER_TIME 93129.550813
93129.550462 DISPLAY_TEXT OFF
93130.600332 CHEETAH_SIGNAL SENT_AFTER_TIME 93130.568125
93130.567774 DISPLAY_TEXT 327 135 1 The
93130.817011 CHEETAH_SIGNAL SENT_AFTER_TIME 93130.784742
93130.784389 DISPLAY_TEXT OFF
93131.134249 CHEETAH_SIGNAL SENT_AFTER_TIME 93131.102006
93131.101655 DISPLAY_TEXT 328 135 2 boy
93131.350484 CHEETAH_SIGNAL SENT_AFTER_TIME 93131.318204
93131.317850 DISPLAY_TEXT OFF
93131.666701 CHEETAH_SIGNAL SENT_AFTER_TIME 93131.634463
93131.634116 DISPLAY_TEXT 329 135 3 heard
93131.883989 CHEETAH_SIGNAL SENT_AFTER_TIME 93131.851765
93131.851415 DISPLAY_TEXT OFF
93132.200289 CHEETAH_SIGNAL SENT_AFTER_TIME 93132.168058
93132.167707 DISPLAY_TEXT 330 135 4 the
93132.417642 CHEETAH_SIGNAL SENT_AFTER_TIME 93132.385391
93132.385037 DISPLAY_TEXT OFF
93132.733895 CHEETAH_SIGNAL SENT_AFTER_TIME 93132.701576
93132.701223 DISPLAY_TEXT 331 135 5 men.
93132.950427 CHEETAH_SIGNAL SENT_AFTER_TIME 93132.918167
93132.917816 DISPLAY_TEXT OFF
93133.967940 CHEETAH_SIGNAL SENT_AFTER_TIME 93133.935645
93133.935188 DISPLAY_TEXT 332 57 1 Who
93134.183850 CHEETAH_SIGNAL SENT_AFTER_TIME 93134.151675
93134.151310 DISPLAY_TEXT OFF
93134.501283 CHEETAH_SIGNAL SENT_AFTER_TIME 93134.469032
93134.468619 DISPLAY_TEXT 333 57 2 eats
93134.717525 CHEETAH_SIGNAL SENT_AFTER_TIME 93134.685263
93134.684828 DISPLAY_TEXT OFF
93135.034868 CHEETAH_SIGNAL SENT_AFTER_TIME 93135.002625
93135.002266 DISPLAY_TEXT 334 57 3 the
93135.251108 CHEETAH_SIGNAL SENT_AFTER_TIME 93135.218853
93135.218501 DISPLAY_TEXT OFF
93135.567349 CHEETAH_SIGNAL SENT_AFTER_TIME 93135.535119
93135.534684 DISPLAY_TEXT 335 57 4 salad?
93135.784694 CHEETAH_SIGNAL SENT_AFTER_TIME 93135.752461
93135.752029 DISPLAY_TEXT OFF
93135.992801 KEY_PRESS l
93136.128824 KEY_PRESS l
93136.802039 CHEETAH_SIGNAL SENT_AFTER_TIME 93136.769783
93136.769349 DISPLAY_TEXT 336 104 1 They
93137.018570 CHEETAH_SIGNAL SENT_AFTER_TIME 93136.985858
93136.985479 DISPLAY_TEXT OFF
93137.334225 CHEETAH_SIGNAL SENT_AFTER_TIME 93137.301999
93137.301584 DISPLAY_TEXT 337 104 2 heared
93137.551569 CHEETAH_SIGNAL SENT_AFTER_TIME 93137.519345
93137.518911 DISPLAY_TEXT OFF
93137.867714 CHEETAH_SIGNAL SENT_AFTER_TIME 93137.835444
93137.835063 DISPLAY_TEXT 338 104 3 that
93138.085073 CHEETAH_SIGNAL SENT_AFTER_TIME 93138.052764
93138.052327 DISPLAY_TEXT OFF
93138.401328 CHEETAH_SIGNAL SENT_AFTER_TIME 93138.369059
93138.368627 DISPLAY_TEXT 339 104 4 she
93138.618936 CHEETAH_SIGNAL SENT_AFTER_TIME 93138.586647
93138.586210 DISPLAY_TEXT OFF
93138.935046 CHEETAH_SIGNAL SENT_AFTER_TIME 93138.902781
93138.902346 DISPLAY_TEXT 340 104 5 laughed.
93139.151557 CHEETAH_SIGNAL SENT_AFTER_TIME 93139.119326
93139.118896 DISPLAY_TEXT OFF
93140.168916 CHEETAH_SIGNAL SENT_AFTER_TIME 93140.136691
93140.136259 DISPLAY_TEXT 341 36 1 She
93140.385060 CHEETAH_SIGNAL SENT_AFTER_TIME 93140.352835
93140.352401 DISPLAY_TEXT OFF
93140.702403 CHEETAH_SIGNAL SENT_AFTER_TIME 93140.670163
93140.669732 DISPLAY_TEXT 342 36 2 laughed.
93140.918958 CHEETAH_SIGNAL SENT_AFTER_TIME 93140.886689
93140.886254 DISPLAY_TEXT OFF
93141.935608 CHEETAH_SIGNAL SENT_AFTER_TIME 93141.903346
93141.902899 DISPLAY_TEXT 343 49 1 The
93142.151807 CHEETAH_SIGNAL SENT_AFTER_TIME 93142.119505
93142.119056 DISPLAY_TEXT OFF
93142.469382 CHEETAH_SIGNAL SENT_AFTER_TIME 93142.437135
93142.436702 DISPLAY_TEXT 344 49 2 girl
93142.685568 CHEETAH_SIGNAL SENT_AFTER_TIME 93142.653279
93142.652825 DISPLAY_TEXT OFF
93143.002497 CHEETAH_SIGNAL SENT_AFTER_TIME 93142.970227
93142.969779 DISPLAY_TEXT 345 49 3 ate
93143.218680 CHEETAH_SIGNAL SENT_AFTER_TIME 93143.186420
93143.185986 DISPLAY_TEXT OFF
93143.535744 CHEETAH_SIGNAL SENT_AFTER_TIME 93143.503465
93143.503023 DISPLAY_TEXT 346 49 4 the
93143.752401 CHEETAH_SIGNAL SENT_AFTER_TIME 93143.720172
93143.719734 DISPLAY_TEXT OFF
93144.069173 CHEETAH_SIGNAL SENT_AFTER_TIME 93144.036907
93144.036461 DISPLAY_TEXT 347 49 5 salad.
93144.285777 CHEETAH_SIGNAL SENT_AFTER_TIME 93144.253497
93144.253047 DISPLAY_TEXT OFF
93144.472827 KEY_PRESS l
93144.608821 KEY_PRESS l
93145.302345 CHEETAH_SIGNAL SENT_AFTER_TIME 93145.270061
93145.269710 DISPLAY_TEXT 348 27 1 Who
93145.519126 CHEETAH_SIGNAL SENT_AFTER_TIME 93145.486847
93145.486413 DISPLAY_TEXT OFF
93145.835645 CHEETAH_SIGNAL SENT_AFTER_TIME 93145.803451
93145.803015 DISPLAY_TEXT 349 27 2 did
93146.052419 CHEETAH_SIGNAL SENT_AFTER_TIME 93146.020184
93146.019744 DISPLAY_TEXT OFF
93146.369113 CHEETAH_SIGNAL SENT_AFTER_TIME 93146.336853
93146.336419 DISPLAY_TEXT 350 27 3 the
93146.585736 CHEETAH_SIGNAL SENT_AFTER_TIME 93146.553457
93146.553021 DISPLAY_TEXT OFF
93146.903745 CHEETAH_SIGNAL SENT_AFTER_TIME 93146.871435
93146.870985 DISPLAY_TEXT 351 27 4 boys
93147.120442 CHEETAH_SIGNAL SENT_AFTER_TIME 93147.088151
93147.087706 DISPLAY_TEXT OFF
93147.436577 CHEETAH_SIGNAL SENT_AFTER_TIME 93147.404287
93147.403854 DISPLAY_TEXT 352 27 5 kiss?
93147.653671 CHEETAH_SIGNAL SENT_AFTER_TIME 93147.621343
93147.620910 DISPLAY_TEXT OFF
93148.670406 CHEETAH_SIGNAL SENT_AFTER_TIME 93148.638106
93148.637666 DISPLAY_TEXT 353 25 1 They
93148.887029 CHEETAH_SIGNAL SENT_AFTER_TIME 93148.854725
93148.854291 DISPLAY_TEXT OFF
93149.203317 CHEETAH_SIGNAL SENT_AFTER_TIME 93149.171008
93149.170562 DISPLAY_TEXT 354 25 2 hug
93149.420508 CHEETAH_SIGNAL SENT_AFTER_TIME 93149.388315
93149.387881 DISPLAY_TEXT OFF
93149.736989 CHEETAH_SIGNAL SENT_AFTER_TIME 93149.704772
93149.704420 DISPLAY_TEXT 355 25 3 the
93149.953201 CHEETAH_SIGNAL SENT_AFTER_TIME 93149.921032
93149.920607 DISPLAY_TEXT OFF
93150.270504 CHEETAH_SIGNAL SENT_AFTER_TIME 93150.238363
93150.237930 DISPLAY_TEXT 356 25 4 friend.
93150.487223 CHEETAH_SIGNAL SENT_AFTER_TIME 93150.454923
93150.454490 DISPLAY_TEXT OFF
93151.503365 CHEETAH_SIGNAL SENT_AFTER_TIME 93151.471097
93151.470652 DISPLAY_TEXT 357 120 1 They
93151.720606 CHEETAH_SIGNAL SENT_AFTER_TIME 93151.688398
93151.687967 DISPLAY_TEXT OFF
93152.037108 CHEETAH_SIGNAL SENT_AFTER_TIME 93152.004872
93152.004522 DISPLAY_TEXT 358 120 2 caught
93152.253811 CHEETAH_SIGNAL SENT_AFTER_TIME 93152.221572
93152.221138 DISPLAY_TEXT OFF
93152.571102 CHEETAH_SIGNAL SENT_AFTER_TIME 93152.538927
93152.538494 DISPLAY_TEXT 359 120 3 him
93152.787311 CHEETAH_SIGNAL SENT_AFTER_TIME 93152.755038
93152.754604 DISPLAY_TEXT OFF
93153.103836 CHEETAH_SIGNAL SENT_AFTER_TIME 93153.071575
93153.071141 DISPLAY_TEXT 360 120 4 stealing.
93153.321341 CHEETAH_SIGNAL SENT_AFTER_TIME 93153.289105
93153.288671 DISPLAY_TEXT OFF
93154.337656 CHEETAH_SIGNAL SENT_AFTER_TIME 93154.305390
93154.304936 DISPLAY_TEXT 361 105 1 The
93154.553782 CHEETAH_SIGNAL SENT_AFTER_TIME 93154.521540
93154.521104 DISPLAY_TEXT OFF
93154.871181 CHEETAH_SIGNAL SENT_AFTER_TIME 93154.838854
93154.838408 DISPLAY_TEXT 362 105 2 boys
93155.087284 CHEETAH_SIGNAL SENT_AFTER_TIME 93155.055003
93155.054558 DISPLAY_TEXT OFF
93155.404557 CHEETAH_SIGNAL SENT_AFTER_TIME 93155.372335
93155.371890 DISPLAY_TEXT 363 105 3 winked.
93155.621065 CHEETAH_SIGNAL SENT_AFTER_TIME 93155.588786
93155.588346 DISPLAY_TEXT OFF
93156.637969 CHEETAH_SIGNAL SENT_AFTER_TIME 93156.605771
93156.605357 DISPLAY_TEXT 364 116 1 Who
93156.854229 CHEETAH_SIGNAL SENT_AFTER_TIME 93156.821971
93156.821526 DISPLAY_TEXT OFF
93157.171532 CHEETAH_SIGNAL SENT_AFTER_TIME 93157.139273
93157.138839 DISPLAY_TEXT 365 116 2 vanished?
93157.388050 CHEETAH_SIGNAL SENT_AFTER_TIME 93157.355756
93157.355318 DISPLAY_TEXT OFF
93158.405343 CHEETAH_SIGNAL SENT_AFTER_TIME 93158.373049
93158.372615 DISPLAY_TEXT 366 150 1 What
93158.621490 CHEETAH_SIGNAL SENT_AFTER_TIME 93158.589219
93158.588784 DISPLAY_TEXT OFF
93158.938716 CHEETAH_SIGNAL SENT_AFTER_TIME 93158.906437
93158.906021 DISPLAY_TEXT 367 150 2 did
93159.155035 CHEETAH_SIGNAL SENT_AFTER_TIME 93159.122729
93159.122299 DISPLAY_TEXT OFF
93159.472339 CHEETAH_SIGNAL SENT_AFTER_TIME 93159.440075
93159.439627 DISPLAY_TEXT 368 150 3 the
93159.688548 CHEETAH_SIGNAL SENT_AFTER_TIME 93159.656193
93159.655743 DISPLAY_TEXT OFF
93160.005656 CHEETAH_SIGNAL SENT_AFTER_TIME 93159.973437
93159.973086 DISPLAY_TEXT 369 150 4 boy
93160.222064 CHEETAH_SIGNAL SENT_AFTER_TIME 93160.189732
93160.189285 DISPLAY_TEXT OFF
93160.538131 CHEETAH_SIGNAL SENT_AFTER_TIME 93160.505903
93160.505470 DISPLAY_TEXT 370 150 5 smell?
93160.755821 CHEETAH_SIGNAL SENT_AFTER_TIME 93160.723587
93160.723156 DISPLAY_TEXT OFF
93161.772055 CHEETAH_SIGNAL SENT_AFTER_TIME 93161.739803
93161.739367 DISPLAY_TEXT 371 33 1 Who
93161.989312 CHEETAH_SIGNAL SENT_AFTER_TIME 93161.957076
93161.956638 DISPLAY_TEXT OFF
93162.305462 CHEETAH_SIGNAL SENT_AFTER_TIME 93162.273243
93162.272771 DISPLAY_TEXT 372 33 2 falls?
93162.522051 CHEETAH_SIGNAL SENT_AFTER_TIME 93162.489762
93162.489325 DISPLAY_TEXT OFF
93163.538744 CHEETAH_SIGNAL SENT_AFTER_TIME 93163.506428
93163.506078 DISPLAY_TEXT 373 127 1 The
93163.756070 CHEETAH_SIGNAL SENT_AFTER_TIME 93163.723798
93163.723367 DISPLAY_TEXT OFF
93164.072426 CHEETAH_SIGNAL SENT_AFTER_TIME 93164.040069
93164.039623 DISPLAY_TEXT 374 127 2 woman
93164.289502 CHEETAH_SIGNAL SENT_AFTER_TIME 93164.257284
93164.256870 DISPLAY_TEXT OFF
93164.605696 CHEETAH_SIGNAL SENT_AFTER_TIME 93164.573484
93164.573052 DISPLAY_TEXT 375 127 3 will
93164.823111 CHEETAH_SIGNAL SENT_AFTER_TIME 93164.790803
93164.790357 DISPLAY_TEXT OFF
93165.139198 CHEETAH_SIGNAL SENT_AFTER_TIME 93165.106958
93165.106528 DISPLAY_TEXT 376 127 4 speak.
93165.355831 CHEETAH_SIGNAL SENT_AFTER_TIME 93165.323551
93165.323104 DISPLAY_TEXT OFF
93166.372952 CHEETAH_SIGNAL SENT_AFTER_TIME 93166.340746
93166.340313 DISPLAY_TEXT 377 82 1 The
93166.589077 CHEETAH_SIGNAL SENT_AFTER_TIME 93166.556817
93166.556441 DISPLAY_TEXT OFF
93166.906602 CHEETAH_SIGNAL SENT_AFTER_TIME 93166.874366
93166.873928 DISPLAY_TEXT 378 82 2 boy
93167.122674 CHEETAH_SIGNAL SENT_AFTER_TIME 93167.090445
93167.090009 DISPLAY_TEXT OFF
93167.440063 CHEETAH_SIGNAL SENT_AFTER_TIME 93167.407726
93167.407312 DISPLAY_TEXT 379 82 3 will
93167.656039 CHEETAH_SIGNAL SENT_AFTER_TIME 93167.623809
93167.623371 DISPLAY_TEXT OFF
93167.973373 CHEETAH_SIGNAL SENT_AFTER_TIME 93167.941125
93167.940689 DISPLAY_TEXT 380 82 4 sing.
93168.189673 CHEETAH_SIGNAL SENT_AFTER_TIME 93168.157458
93168.157111 DISPLAY_TEXT OFF
93169.206997 CHEETAH_SIGNAL SENT_AFTER_TIME 93169.174628
93169.174181 DISPLAY_TEXT 381 146 1 He
93169.422899 CHEETAH_SIGNAL SENT_AFTER_TIME 93169.390667
93169.390230 DISPLAY_TEXT OFF
93169.740219 CHEETAH_SIGNAL SENT_AFTER_TIME 93169.707944
93169.707497 DISPLAY_TEXT 382 146 2 said
93169.956231 CHEETAH_SIGNAL SENT_AFTER_TIME 93169.923960
93169.923605 DISPLAY_TEXT OFF
93170.273689 CHEETAH_SIGNAL SENT_AFTER_TIME 93170.241389
93170.240943 DISPLAY_TEXT 383 146 3 that
93170.489726 CHEETAH_SIGNAL SENT_AFTER_TIME 93170.457421
93170.456974 DISPLAY_TEXT OFF
93170.807093 CHEETAH_SIGNAL SENT_AFTER_TIME 93170.774755
93170.774310 DISPLAY_TEXT 384 146 4 she
93171.023231 CHEETAH_SIGNAL SENT_AFTER_TIME 93170.991032
93170.990598 DISPLAY_TEXT OFF
93171.340491 CHEETAH_SIGNAL SENT_AFTER_TIME 93171.308268
93171.307853 DISPLAY_TEXT 385 146 5 smiled.
93171.557032 CHEETAH_SIGNAL SENT_AFTER_TIME 93171.524788
93171.524355 DISPLAY_TEXT OFF
93172.520840 KEY_PRESS l
93172.574065 CHEETAH_SIGNAL SENT_AFTER_TIME 93172.541793
93172.541345 DISPLAY_TEXT 386 123 1 Who
93172.736823 KEY_PRESS l
93172.790388 CHEETAH_SIGNAL SENT_AFTER_TIME 93172.758128
93172.757678 DISPLAY_TEXT OFF
93173.107700 CHEETAH_SIGNAL SENT_AFTER_TIME 93173.075418
93173.074968 DISPLAY_TEXT 387 123 2 will
93173.323783 CHEETAH_SIGNAL SENT_AFTER_TIME 93173.291579
93173.291135 DISPLAY_TEXT OFF
93173.640947 CHEETAH_SIGNAL SENT_AFTER_TIME 93173.608838
93173.608398 DISPLAY_TEXT 388 123 3 the
93173.857246 CHEETAH_SIGNAL SENT_AFTER_TIME 93173.825016
93173.824635 DISPLAY_TEXT OFF
93174.174649 CHEETAH_SIGNAL SENT_AFTER_TIME 93174.142401
93174.141967 DISPLAY_TEXT 389 123 4 boys
93174.390670 CHEETAH_SIGNAL SENT_AFTER_TIME 93174.358492
93174.358080 DISPLAY_TEXT OFF
93174.707062 CHEETAH_SIGNAL SENT_AFTER_TIME 93174.674712
93174.674263 DISPLAY_TEXT 390 123 5 kiss?
93174.924848 CHEETAH_SIGNAL SENT_AFTER_TIME 93174.892494
93174.892052 DISPLAY_TEXT OFF
93175.940792 CHEETAH_SIGNAL SENT_AFTER_TIME 93175.908568
93175.908155 DISPLAY_TEXT 391 118 1 The
93176.158197 CHEETAH_SIGNAL SENT_AFTER_TIME 93176.125889
93176.125442 DISPLAY_TEXT OFF
93176.474306 CHEETAH_SIGNAL SENT_AFTER_TIME 93176.442047
93176.441616 DISPLAY_TEXT 392 118 2 woman
93176.691264 CHEETAH_SIGNAL SENT_AFTER_TIME 93176.659039
93176.658686 DISPLAY_TEXT OFF
93177.007571 CHEETAH_SIGNAL SENT_AFTER_TIME 93176.975307
93176.974856 DISPLAY_TEXT 393 118 3 was
93177.224859 CHEETAH_SIGNAL SENT_AFTER_TIME 93177.192581
93177.192150 DISPLAY_TEXT OFF
93177.541068 CHEETAH_SIGNAL SENT_AFTER_TIME 93177.508731
93177.508316 DISPLAY_TEXT 394 118 4 pinched.
93177.757603 CHEETAH_SIGNAL SENT_AFTER_TIME 93177.725307
93177.724860 DISPLAY_TEXT OFF
93178.774978 CHEETAH_SIGNAL SENT_AFTER_TIME 93178.742659
93178.742226 DISPLAY_TEXT 395 94 1 She
93178.991037 CHEETAH_SIGNAL SENT_AFTER_TIME 93178.958740
93178.958321 DISPLAY_TEXT OFF
93179.308390 CHEETAH_SIGNAL SENT_AFTER_TIME 93179.276076
93179.275627 DISPLAY_TEXT 396 94 2 kicked
93179.524550 CHEETAH_SIGNAL SENT_AFTER_TIME 93179.492284
93179.491824 DISPLAY_TEXT OFF
93179.841753 CHEETAH_SIGNAL SENT_AFTER_TIME 93179.809527
93179.809079 DISPLAY_TEXT 397 94 3 the
93180.058154 CHEETAH_SIGNAL SENT_AFTER_TIME 93180.025906
93180.025459 DISPLAY_TEXT OFF
93180.374504 CHEETAH_SIGNAL SENT_AFTER_TIME 93180.342316
93180.341879 DISPLAY_TEXT 398 94 4 ball.
93180.592259 CHEETAH_SIGNAL SENT_AFTER_TIME 93180.560069
93180.559633 DISPLAY_TEXT OFF
93181.608504 CHEETAH_SIGNAL SENT_AFTER_TIME 93181.576214
93181.575783 DISPLAY_TEXT 399 26 1 Whom
93181.825793 CHEETAH_SIGNAL SENT_AFTER_TIME 93181.793531
93181.793085 DISPLAY_TEXT OFF
93182.141878 CHEETAH_SIGNAL SENT_AFTER_TIME 93182.109608
93182.109194 DISPLAY_TEXT 400 26 2 will
93182.359113 CHEETAH_SIGNAL SENT_AFTER_TIME 93182.326853
93182.326500 DISPLAY_TEXT OFF
93182.674858 CHEETAH_SIGNAL SENT_AFTER_TIME 93182.642786
93182.642493 DISPLAY_TEXT 401 26 3 the
93182.892543 CHEETAH_SIGNAL SENT_AFTER_TIME 93182.860202
93182.859751 DISPLAY_TEXT OFF
93183.208678 CHEETAH_SIGNAL SENT_AFTER_TIME 93183.176384
93183.175935 DISPLAY_TEXT 402 26 4 boy
93183.425964 CHEETAH_SIGNAL SENT_AFTER_TIME 93183.393674
93183.393236 DISPLAY_TEXT OFF
93183.742030 CHEETAH_SIGNAL SENT_AFTER_TIME 93183.709742
93183.709307 DISPLAY_TEXT 403 26 5 tickle?
93183.958607 CHEETAH_SIGNAL SENT_AFTER_TIME 93183.926315
93183.925877 DISPLAY_TEXT OFF
93184.975315 CHEETAH_SIGNAL SENT_AFTER_TIME 93184.943026
93184.942593 DISPLAY_TEXT 404 130 1 They
93185.192581 CHEETAH_SIGNAL SENT_AFTER_TIME 93185.160342
93185.159929 DISPLAY_TEXT OFF
93185.508820 CHEETAH_SIGNAL SENT_AFTER_TIME 93185.476540
93185.476185 DISPLAY_TEXT 405 130 2 coughed.
93185.725549 CHEETAH_SIGNAL SENT_AFTER_TIME 93185.693245
93185.692811 DISPLAY_TEXT OFF
93186.743282 CHEETAH_SIGNAL SENT_AFTER_TIME 93186.711046
93186.710611 DISPLAY_TEXT 406 31 1 She
93186.959497 CHEETAH_SIGNAL SENT_AFTER_TIME 93186.927256
93186.926820 DISPLAY_TEXT OFF
93187.275765 CHEETAH_SIGNAL SENT_AFTER_TIME 93187.243431
93187.242988 DISPLAY_TEXT 407 31 2 washed.
93187.493297 CHEETAH_SIGNAL SENT_AFTER_TIME 93187.461123
93187.460710 DISPLAY_TEXT OFF
93188.510362 CHEETAH_SIGNAL SENT_AFTER_TIME 93188.478117
93188.477761 DISPLAY_TEXT 408 40 1 He
93188.726639 CHEETAH_SIGNAL SENT_AFTER_TIME 93188.694391
93188.693954 DISPLAY_TEXT OFF
93189.042805 CHEETAH_SIGNAL SENT_AFTER_TIME 93189.010594
93189.010159 DISPLAY_TEXT 409 40 2 cried.
93189.259455 CHEETAH_SIGNAL SENT_AFTER_TIME 93189.227185
93189.226752 DISPLAY_TEXT OFF
93190.277205 CHEETAH_SIGNAL SENT_AFTER_TIME 93190.244937
93190.244503 DISPLAY_TEXT 410 122 1 The
93190.493340 CHEETAH_SIGNAL SENT_AFTER_TIME 93190.461071
93190.460636 DISPLAY_TEXT OFF
93190.810634 CHEETAH_SIGNAL SENT_AFTER_TIME 93190.778363
93190.777928 DISPLAY_TEXT 411 122 2 girl
93191.026819 CHEETAH_SIGNAL SENT_AFTER_TIME 93190.994563
93190.994129 DISPLAY_TEXT OFF
93191.344069 CHEETAH_SIGNAL SENT_AFTER_TIME 93191.311797
93191.311443 DISPLAY_TEXT 412 122 3 crawls.
93191.560725 CHEETAH_SIGNAL SENT_AFTER_TIME 93191.528403
93191.527972 DISPLAY_TEXT OFF
93192.576926 CHEETAH_SIGNAL SENT_AFTER_TIME 93192.544621
93192.544173 DISPLAY_TEXT 413 37 1 Who
93192.794085 CHEETAH_SIGNAL SENT_AFTER_TIME 93192.761814
93192.761400 DISPLAY_TEXT OFF
93193.110269 CHEETAH_SIGNAL SENT_AFTER_TIME 93193.078024
93193.077574 DISPLAY_TEXT 414 37 2 blooms?
93193.326938 CHEETAH_SIGNAL SENT_AFTER_TIME 93193.294631
93193.294191 DISPLAY_TEXT OFF
93194.344707 CHEETAH_SIGNAL SENT_AFTER_TIME 93194.312460
93194.312029 DISPLAY_TEXT 415 9 1 They
93194.560967 CHEETAH_SIGNAL SENT_AFTER_TIME 93194.528657
93194.528212 DISPLAY_TEXT OFF
93194.877145 CHEETAH_SIGNAL SENT_AFTER_TIME 93194.844857
93194.844414 DISPLAY_TEXT 416 9 2 will
93195.094349 CHEETAH_SIGNAL SENT_AFTER_TIME 93195.062105
93195.061687 DISPLAY_TEXT OFF
93195.410557 CHEETAH_SIGNAL SENT_AFTER_TIME 93195.378310
93195.377861 DISPLAY_TEXT 417 9 3 drink.
93195.628201 CHEETAH_SIGNAL SENT_AFTER_TIME 93195.595912
93195.595535 DISPLAY_TEXT OFF
93196.644332 CHEETAH_SIGNAL SENT_AFTER_TIME 93196.612099
93196.611665 DISPLAY_TEXT 418 48 1 She
93196.861614 CHEETAH_SIGNAL SENT_AFTER_TIME 93196.829359
93196.828927 DISPLAY_TEXT OFF
93197.177939 CHEETAH_SIGNAL SENT_AFTER_TIME 93197.145554
93197.145109 DISPLAY_TEXT 419 48 2 collapsed.
93197.394364 CHEETAH_SIGNAL SENT_AFTER_TIME 93197.362094
93197.361661 DISPLAY_TEXT OFF
93198.411052 CHEETAH_SIGNAL SENT_AFTER_TIME 93198.378749
93198.378314 DISPLAY_TEXT 420 112 1 Who
93198.628335 CHEETAH_SIGNAL SENT_AFTER_TIME 93198.596065
93198.595634 DISPLAY_TEXT OFF
93198.944498 CHEETAH_SIGNAL SENT_AFTER_TIME 93198.912205
93198.911760 DISPLAY_TEXT 421 112 2 appeared?
93199.162056 CHEETAH_SIGNAL SENT_AFTER_TIME 93199.129839
93199.129403 DISPLAY_TEXT OFF
93200.178955 CHEETAH_SIGNAL SENT_AFTER_TIME 93200.146664
93200.146232 DISPLAY_TEXT 422 91 1 The
93200.395015 CHEETAH_SIGNAL SENT_AFTER_TIME 93200.362784
93200.362353 DISPLAY_TEXT OFF
93200.712380 CHEETAH_SIGNAL SENT_AFTER_TIME 93200.680110
93200.679661 DISPLAY_TEXT 423 91 2 girl
93200.928532 CHEETAH_SIGNAL SENT_AFTER_TIME 93200.896251
93200.895814 DISPLAY_TEXT OFF
93201.245843 CHEETAH_SIGNAL SENT_AFTER_TIME 93201.213500
93201.213058 DISPLAY_TEXT 424 91 3 fell.
93201.462380 CHEETAH_SIGNAL SENT_AFTER_TIME 93201.430096
93201.429663 DISPLAY_TEXT OFF
93202.478596 CHEETAH_SIGNAL SENT_AFTER_TIME 93202.446287
93202.445837 DISPLAY_TEXT 425 137 1 The
93202.695868 CHEETAH_SIGNAL SENT_AFTER_TIME 93202.663520
93202.663073 DISPLAY_TEXT OFF
93203.012040 CHEETAH_SIGNAL SENT_AFTER_TIME 93202.979666
93202.979218 DISPLAY_TEXT 426 137 2 boys
93203.229268 CHEETAH_SIGNAL SENT_AFTER_TIME 93203.196984
93203.196549 DISPLAY_TEXT OFF
93203.545430 CHEETAH_SIGNAL SENT_AFTER_TIME 93203.513170
93203.512735 DISPLAY_TEXT 427 137 3 vanished.
93203.762090 CHEETAH_SIGNAL SENT_AFTER_TIME 93203.729815
93203.729381 DISPLAY_TEXT OFF
93204.779082 CHEETAH_SIGNAL SENT_AFTER_TIME 93204.746755
93204.746325 DISPLAY_TEXT 428 51 1 She
93204.996315 CHEETAH_SIGNAL SENT_AFTER_TIME 93204.964036
93204.963577 DISPLAY_TEXT OFF
93205.312598 CHEETAH_SIGNAL SENT_AFTER_TIME 93205.280322
93205.279891 DISPLAY_TEXT 429 51 2 smelled
93205.528840 CHEETAH_SIGNAL SENT_AFTER_TIME 93205.496543
93205.496164 DISPLAY_TEXT OFF
93205.846148 CHEETAH_SIGNAL SENT_AFTER_TIME 93205.813857
93205.813424 DISPLAY_TEXT 430 51 3 it
93206.062559 CHEETAH_SIGNAL SENT_AFTER_TIME 93206.030387
93206.029940 DISPLAY_TEXT OFF
93206.380102 CHEETAH_SIGNAL SENT_AFTER_TIME 93206.347711
93206.347266 DISPLAY_TEXT 431 51 4 burn.
93206.596765 CHEETAH_SIGNAL SENT_AFTER_TIME 93206.564468
93206.564023 DISPLAY_TEXT OFF
93207.612939 CHEETAH_SIGNAL SENT_AFTER_TIME 93207.580563
93207.580119 DISPLAY_TEXT 432 47 1 She
93207.830260 CHEETAH_SIGNAL SENT_AFTER_TIME 93207.797969
93207.797611 DISPLAY_TEXT OFF
93208.146557 CHEETAH_SIGNAL SENT_AFTER_TIME 93208.114231
93208.113783 DISPLAY_TEXT 433 47 2 will
93208.362701 CHEETAH_SIGNAL SENT_AFTER_TIME 93208.330348
93208.329904 DISPLAY_TEXT OFF
93208.679962 CHEETAH_SIGNAL SENT_AFTER_TIME 93208.647652
93208.647218 DISPLAY_TEXT 434 47 3 sleep.
93208.896367 CHEETAH_SIGNAL SENT_AFTER_TIME 93208.864112
93208.863661 DISPLAY_TEXT OFF
93209.913821 CHEETAH_SIGNAL SENT_AFTER_TIME 93209.881432
93209.880987 DISPLAY_TEXT 435 21 1 Who
93210.130704 CHEETAH_SIGNAL SENT_AFTER_TIME 93210.098342
93210.097893 DISPLAY_TEXT OFF
93210.446708 CHEETAH_SIGNAL SENT_AFTER_TIME 93210.414415
93210.413976 DISPLAY_TEXT 436 21 2 winks?
93210.663332 CHEETAH_SIGNAL SENT_AFTER_TIME 93210.631016
93210.630572 DISPLAY_TEXT OFF
93211.680393 CHEETAH_SIGNAL SENT_AFTER_TIME 93211.648089
93211.647644 DISPLAY_TEXT 437 63 1 He
93211.896446 CHEETAH_SIGNAL SENT_AFTER_TIME 93211.864238
93211.863774 DISPLAY_TEXT OFF
93212.213827 CHEETAH_SIGNAL SENT_AFTER_TIME 93212.181509
93212.181055 DISPLAY_TEXT 438 63 2 sneezes.
93212.430521 CHEETAH_SIGNAL SENT_AFTER_TIME 93212.398212
93212.397804 DISPLAY_TEXT OFF
93213.446736 CHEETAH_SIGNAL SENT_AFTER_TIME 93213.414408
93213.413962 DISPLAY_TEXT 439 136 1 Who
93213.664204 CHEETAH_SIGNAL SENT_AFTER_TIME 93213.631954
93213.631514 DISPLAY_TEXT OFF
93213.980421 CHEETAH_SIGNAL SENT_AFTER_TIME 93213.948106
93213.947672 DISPLAY_TEXT 440 136 2 kissed
93214.197625 CHEETAH_SIGNAL SENT_AFTER_TIME 93214.165386
93214.164916 DISPLAY_TEXT OFF
93214.513665 CHEETAH_SIGNAL SENT_AFTER_TIME 93214.481421
93214.480977 DISPLAY_TEXT 441 136 3 the
93214.731059 CHEETAH_SIGNAL SENT_AFTER_TIME 93214.698729
93214.698263 DISPLAY_TEXT OFF
93215.047039 CHEETAH_SIGNAL SENT_AFTER_TIME 93215.014700
93215.014264 DISPLAY_TEXT 442 136 4 clowns?
93215.264820 CHEETAH_SIGNAL SENT_AFTER_TIME 93215.232530
93215.232181 DISPLAY_TEXT OFF
93216.281072 CHEETAH_SIGNAL SENT_AFTER_TIME 93216.248679
93216.248338 DISPLAY_TEXT 443 55 1 The
93216.498135 CHEETAH_SIGNAL SENT_AFTER_TIME 93216.465812
93216.465464 DISPLAY_TEXT OFF
93216.814350 CHEETAH_SIGNAL SENT_AFTER_TIME 93216.782059
93216.781592 DISPLAY_TEXT 444 55 2 girls
93217.031476 CHEETAH_SIGNAL SENT_AFTER_TIME 93216.999202
93216.998833 DISPLAY_TEXT OFF
93217.347779 CHEETAH_SIGNAL SENT_AFTER_TIME 93217.315446
93217.314983 DISPLAY_TEXT 445 55 3 cough.
93217.564235 CHEETAH_SIGNAL SENT_AFTER_TIME 93217.531919
93217.531474 DISPLAY_TEXT OFF
93218.582073 CHEETAH_SIGNAL SENT_AFTER_TIME 93218.549789
93218.549440 DISPLAY_TEXT 446 110 1 The
93218.798218 CHEETAH_SIGNAL SENT_AFTER_TIME 93218.765954
93218.765607 DISPLAY_TEXT OFF
93219.114391 CHEETAH_SIGNAL SENT_AFTER_TIME 93219.082091
93219.081747 DISPLAY_TEXT 447 110 2 cake
93219.331693 CHEETAH_SIGNAL SENT_AFTER_TIME 93219.299405
93219.299029 DISPLAY_TEXT OFF
93219.647683 CHEETAH_SIGNAL SENT_AFTER_TIME 93219.615435
93219.615096 DISPLAY_TEXT 448 110 3 was
93219.865042 CHEETAH_SIGNAL SENT_AFTER_TIME 93219.832716
93219.832368 DISPLAY_TEXT OFF
93219.856717 KEY_PRESS l
93220.024825 KEY_PRESS l
93220.181731 CHEETAH_SIGNAL SENT_AFTER_TIME 93220.149506
93220.149156 DISPLAY_TEXT 449 110 4 overcooked.
93220.398428 CHEETAH_SIGNAL SENT_AFTER_TIME 93220.366159
93220.365811 DISPLAY_TEXT OFF
93221.414378 CHEETAH_SIGNAL SENT_AFTER_TIME 93221.382429
93221.382136 DISPLAY_TEXT 450 141 1 Who
93221.632224 CHEETAH_SIGNAL SENT_AFTER_TIME 93221.599908
93221.599528 DISPLAY_TEXT OFF
93221.948372 CHEETAH_SIGNAL SENT_AFTER_TIME 93221.916125
93221.915779 DISPLAY_TEXT 451 141 2 collapsed?
93222.165362 CHEETAH_SIGNAL SENT_AFTER_TIME 93222.133247
93222.132955 DISPLAY_TEXT OFF
93223.182078 CHEETAH_SIGNAL SENT_AFTER_TIME 93223.149776
93223.149429 DISPLAY_TEXT 452 125 1 We
93223.398224 CHEETAH_SIGNAL SENT_AFTER_TIME 93223.365923
93223.365574 DISPLAY_TEXT OFF
93223.715281 CHEETAH_SIGNAL SENT_AFTER_TIME 93223.683181
93223.682878 DISPLAY_TEXT 453 125 2 believed
93223.932408 CHEETAH_SIGNAL SENT_AFTER_TIME 93223.900391
93223.900086 DISPLAY_TEXT OFF
93224.249078 CHEETAH_SIGNAL SENT_AFTER_TIME 93224.216762
93224.216414 DISPLAY_TEXT 454 125 3 that
93224.465399 CHEETAH_SIGNAL SENT_AFTER_TIME 93224.432969
93224.432589 DISPLAY_TEXT OFF
93224.782528 CHEETAH_SIGNAL SENT_AFTER_TIME 93224.750367
93224.750013 DISPLAY_TEXT 455 125 4 he
93224.998880 CHEETAH_SIGNAL SENT_AFTER_TIME 93224.966529
93224.966175 DISPLAY_TEXT OFF
93225.316185 CHEETAH_SIGNAL SENT_AFTER_TIME 93225.283931
93225.283567 DISPLAY_TEXT 456 125 5 cried.
93225.532791 CHEETAH_SIGNAL SENT_AFTER_TIME 93225.500605
93225.500187 DISPLAY_TEXT OFF
93226.549059 CHEETAH_SIGNAL SENT_AFTER_TIME 93226.516805
93226.516356 DISPLAY_TEXT 457 6 1 Whom
93226.766378 CHEETAH_SIGNAL SENT_AFTER_TIME 93226.734067
93226.733715 DISPLAY_TEXT OFF
93227.082465 CHEETAH_SIGNAL SENT_AFTER_TIME 93227.050325
93227.049970 DISPLAY_TEXT 458 6 2 did
93227.299982 CHEETAH_SIGNAL SENT_AFTER_TIME 93227.267616
93227.267264 DISPLAY_TEXT OFF
93227.616078 CHEETAH_SIGNAL SENT_AFTER_TIME 93227.583829
93227.583477 DISPLAY_TEXT 459 6 3 the
93227.832405 CHEETAH_SIGNAL SENT_AFTER_TIME 93227.800104
93227.799753 DISPLAY_TEXT OFF
93228.149666 CHEETAH_SIGNAL SENT_AFTER_TIME 93228.117414
93228.117062 DISPLAY_TEXT 460 6 4 boy
93228.365945 CHEETAH_SIGNAL SENT_AFTER_TIME 93228.333626
93228.333238 DISPLAY_TEXT OFF
93228.683253 CHEETAH_SIGNAL SENT_AFTER_TIME 93228.651008
93228.650579 DISPLAY_TEXT 461 6 5 hear?
93228.899473 CHEETAH_SIGNAL SENT_AFTER_TIME 93228.867411
93228.867117 DISPLAY_TEXT OFF
93229.916931 CHEETAH_SIGNAL SENT_AFTER_TIME 93229.884790
93229.884433 DISPLAY_TEXT 462 1 1 He
93230.133254 CHEETAH_SIGNAL SENT_AFTER_TIME 93230.101011
93230.100632 DISPLAY_TEXT OFF
93230.449371 CHEETAH_SIGNAL SENT_AFTER_TIME 93230.417158
93230.416802 DISPLAY_TEXT 463 1 2 smiles.
93230.667194 CHEETAH_SIGNAL SENT_AFTER_TIME 93230.634951
93230.634599 DISPLAY_TEXT OFF
93231.684062 CHEETAH_SIGNAL SENT_AFTER_TIME 93231.651811
93231.651430 DISPLAY_TEXT 464 124 1 Who
93231.900248 CHEETAH_SIGNAL SENT_AFTER_TIME 93231.867952
93231.867572 DISPLAY_TEXT OFF
93232.216486 CHEETAH_SIGNAL SENT_AFTER_TIME 93232.184187
93232.183770 DISPLAY_TEXT 465 124 2 disappeared?
93232.434170 CHEETAH_SIGNAL SENT_AFTER_TIME 93232.401929
93232.401494 DISPLAY_TEXT OFF
93233.449673 CHEETAH_SIGNAL SENT_AFTER_TIME 93233.417483
93233.417132 DISPLAY_TEXT 466 133 1 Who
93233.667198 CHEETAH_SIGNAL SENT_AFTER_TIME 93233.634853
93233.634436 DISPLAY_TEXT OFF
93233.984463 CHEETAH_SIGNAL SENT_AFTER_TIME 93233.952152
93233.951735 DISPLAY_TEXT 467 133 2 found
93234.200534 CHEETAH_SIGNAL SENT_AFTER_TIME 93234.168273
93234.167918 DISPLAY_TEXT OFF
93234.517362 CHEETAH_SIGNAL SENT_AFTER_TIME 93234.485144
93234.484729 DISPLAY_TEXT 468 133 3 the
93234.733630 CHEETAH_SIGNAL SENT_AFTER_TIME 93234.701317
93234.700964 DISPLAY_TEXT OFF
93235.050823 CHEETAH_SIGNAL SENT_AFTER_TIME 93235.018559
93235.018176 DISPLAY_TEXT 469 133 4 bikes?
93235.267332 CHEETAH_SIGNAL SENT_AFTER_TIME 93235.235108
93235.234692 DISPLAY_TEXT OFF
93236.284673 CHEETAH_SIGNAL SENT_AFTER_TIME 93236.252427
93236.251991 DISPLAY_TEXT 470 73 1 She
93236.500891 CHEETAH_SIGNAL SENT_AFTER_TIME 93236.468603
93236.468169 DISPLAY_TEXT OFF
93236.818347 CHEETAH_SIGNAL SENT_AFTER_TIME 93236.786030
93236.785593 DISPLAY_TEXT 471 73 2 heard
93237.034414 CHEETAH_SIGNAL SENT_AFTER_TIME 93237.002157
93237.001799 DISPLAY_TEXT OFF
93237.350675 CHEETAH_SIGNAL SENT_AFTER_TIME 93237.318395
93237.317960 DISPLAY_TEXT 472 73 3 them
93237.567968 CHEETAH_SIGNAL SENT_AFTER_TIME 93237.535736
93237.535301 DISPLAY_TEXT OFF
93237.884127 CHEETAH_SIGNAL SENT_AFTER_TIME 93237.851938
93237.851503 DISPLAY_TEXT 473 73 4 crying.
93238.100766 CHEETAH_SIGNAL SENT_AFTER_TIME 93238.068532
93238.068115 DISPLAY_TEXT OFF
93239.117738 CHEETAH_SIGNAL SENT_AFTER_TIME 93239.085444
93239.085027 DISPLAY_TEXT 474 111 1 He
93239.335134 CHEETAH_SIGNAL SENT_AFTER_TIME 93239.302835
93239.302388 DISPLAY_TEXT OFF
93239.651137 CHEETAH_SIGNAL SENT_AFTER_TIME 93239.618861
93239.618482 DISPLAY_TEXT 475 111 2 jumped.
93239.867722 CHEETAH_SIGNAL SENT_AFTER_TIME 93239.835464
93239.835028 DISPLAY_TEXT OFF
93240.885674 CHEETAH_SIGNAL SENT_AFTER_TIME 93240.853473
93240.853029 DISPLAY_TEXT 476 70 1 She
93241.101972 CHEETAH_SIGNAL SENT_AFTER_TIME 93241.069710
93241.069275 DISPLAY_TEXT OFF
93241.418068 CHEETAH_SIGNAL SENT_AFTER_TIME 93241.385835
93241.385478 DISPLAY_TEXT 477 70 2 jumps.
93241.634853 CHEETAH_SIGNAL SENT_AFTER_TIME 93241.602517
93241.602088 DISPLAY_TEXT OFF
93242.651265 CHEETAH_SIGNAL SENT_AFTER_TIME 93242.619069
93242.618765 DISPLAY_TEXT 478 93 1 Who
93242.868859 CHEETAH_SIGNAL SENT_AFTER_TIME 93242.836534
93242.836102 DISPLAY_TEXT OFF
93243.184867 CHEETAH_SIGNAL SENT_AFTER_TIME 93243.152734
93243.152297 DISPLAY_TEXT 479 93 2 smelled
93243.402281 CHEETAH_SIGNAL SENT_AFTER_TIME 93243.370013
93243.369561 DISPLAY_TEXT OFF
93243.718575 CHEETAH_SIGNAL SENT_AFTER_TIME 93243.686226
93243.685769 DISPLAY_TEXT 480 93 3 the
93243.935846 CHEETAH_SIGNAL SENT_AFTER_TIME 93243.903529
93243.903093 DISPLAY_TEXT OFF
93244.251912 CHEETAH_SIGNAL SENT_AFTER_TIME 93244.219691
93244.219257 DISPLAY_TEXT 481 93 4 flowers?
93244.468401 CHEETAH_SIGNAL SENT_AFTER_TIME 93244.436115
93244.435679 DISPLAY_TEXT OFF
93245.486287 CHEETAH_SIGNAL SENT_AFTER_TIME 93245.453999
93245.453654 DISPLAY_TEXT 482 39 1 She
93245.702466 CHEETAH_SIGNAL SENT_AFTER_TIME 93245.670144
93245.669707 DISPLAY_TEXT OFF
93246.019145 CHEETAH_SIGNAL SENT_AFTER_TIME 93245.986845
93245.986411 DISPLAY_TEXT 483 39 2 excercised.
93246.235705 CHEETAH_SIGNAL SENT_AFTER_TIME 93246.203414
93246.202970 DISPLAY_TEXT OFF
93247.252321 CHEETAH_SIGNAL SENT_AFTER_TIME 93247.220108
93247.219672 DISPLAY_TEXT 484 54 1 She
93247.469073 CHEETAH_SIGNAL SENT_AFTER_TIME 93247.436789
93247.436435 DISPLAY_TEXT OFF
93247.785746 CHEETAH_SIGNAL SENT_AFTER_TIME 93247.753513
93247.753078 DISPLAY_TEXT 485 54 2 smiled.
93248.002206 CHEETAH_SIGNAL SENT_AFTER_TIME 93247.970023
93247.969646 DISPLAY_TEXT OFF
93249.019105 CHEETAH_SIGNAL SENT_AFTER_TIME 93248.986967
93248.986531 DISPLAY_TEXT 486 15 1 He
93249.237075 CHEETAH_SIGNAL SENT_AFTER_TIME 93249.204789
93249.204356 DISPLAY_TEXT OFF
93249.553618 CHEETAH_SIGNAL SENT_AFTER_TIME 93249.521380
93249.520945 DISPLAY_TEXT 487 15 2 remains.
93249.770515 CHEETAH_SIGNAL SENT_AFTER_TIME 93249.738228
93249.737796 DISPLAY_TEXT OFF
93250.787241 CHEETAH_SIGNAL SENT_AFTER_TIME 93250.754952
93250.754522 DISPLAY_TEXT 488 2 1 Who
93251.003925 CHEETAH_SIGNAL SENT_AFTER_TIME 93250.971571
93250.971136 DISPLAY_TEXT OFF
93251.320087 CHEETAH_SIGNAL SENT_AFTER_TIME 93251.287774
93251.287324 DISPLAY_TEXT 489 2 2 hugs
93251.537383 CHEETAH_SIGNAL SENT_AFTER_TIME 93251.505107
93251.504644 DISPLAY_TEXT OFF
93251.853754 CHEETAH_SIGNAL SENT_AFTER_TIME 93251.821479
93251.821129 DISPLAY_TEXT 490 2 3 the
93252.070304 CHEETAH_SIGNAL SENT_AFTER_TIME 93252.038049
93252.037672 DISPLAY_TEXT OFF
93252.387093 CHEETAH_SIGNAL SENT_AFTER_TIME 93252.354786
93252.354329 DISPLAY_TEXT 491 2 4 friend?
93252.603583 CHEETAH_SIGNAL SENT_AFTER_TIME 93252.571293
93252.570850 DISPLAY_TEXT OFF
93253.620092 CHEETAH_SIGNAL SENT_AFTER_TIME 93253.587779
93253.587345 DISPLAY_TEXT 492 16 1 What
93253.837583 CHEETAH_SIGNAL SENT_AFTER_TIME 93253.805327
93253.804927 DISPLAY_TEXT OFF
93254.153476 CHEETAH_SIGNAL SENT_AFTER_TIME 93254.121372
93254.121073 DISPLAY_TEXT 493 16 2 will
93254.371058 CHEETAH_SIGNAL SENT_AFTER_TIME 93254.338778
93254.338399 DISPLAY_TEXT OFF
93254.687687 CHEETAH_SIGNAL SENT_AFTER_TIME 93254.655426
93254.654993 DISPLAY_TEXT 494 16 3 the
93254.904230 CHEETAH_SIGNAL SENT_AFTER_TIME 93254.871897
93254.871462 DISPLAY_TEXT OFF
93255.220235 CHEETAH_SIGNAL SENT_AFTER_TIME 93255.187953
93255.187602 DISPLAY_TEXT 495 16 4 girls
93255.437143 CHEETAH_SIGNAL SENT_AFTER_TIME 93255.405165
93255.404871 DISPLAY_TEXT OFF
93255.753802 CHEETAH_SIGNAL SENT_AFTER_TIME 93255.721467
93255.721020 DISPLAY_TEXT 496 16 5 find?
93255.971175 CHEETAH_SIGNAL SENT_AFTER_TIME 93255.939176
93255.938725 DISPLAY_TEXT OFF
93256.987610 CHEETAH_SIGNAL SENT_AFTER_TIME 93256.955341
93256.954904 DISPLAY_TEXT 497 99 1 They
93257.204318 CHEETAH_SIGNAL SENT_AFTER_TIME 93257.172047
93257.171610 DISPLAY_TEXT OFF
93257.520682 CHEETAH_SIGNAL SENT_AFTER_TIME 93257.488456
93257.488105 DISPLAY_TEXT 498 99 2 cough.
93257.737226 CHEETAH_SIGNAL SENT_AFTER_TIME 93257.704961
93257.704610 DISPLAY_TEXT OFF
93258.754594 CHEETAH_SIGNAL SENT_AFTER_TIME 93258.722306
93258.721873 DISPLAY_TEXT 499 145 1 He
93258.971570 CHEETAH_SIGNAL SENT_AFTER_TIME 93258.939450
93258.939160 DISPLAY_TEXT OFF
93259.288094 CHEETAH_SIGNAL SENT_AFTER_TIME 93259.255814
93259.255367 DISPLAY_TEXT 500 145 2 smelled
93259.504264 CHEETAH_SIGNAL SENT_AFTER_TIME 93259.472101
93259.471668 DISPLAY_TEXT OFF
93259.821610 CHEETAH_SIGNAL SENT_AFTER_TIME 93259.789342
93259.788994 DISPLAY_TEXT 501 145 3 the
93260.038403 CHEETAH_SIGNAL SENT_AFTER_TIME 93260.006111
93260.005696 DISPLAY_TEXT OFF
93260.354313 CHEETAH_SIGNAL SENT_AFTER_TIME 93260.322021
93260.321592 DISPLAY_TEXT 502 145 4 flowers.
93260.571811 CHEETAH_SIGNAL SENT_AFTER_TIME 93260.539503
93260.539120 DISPLAY_TEXT OFF
93261.587904 CHEETAH_SIGNAL SENT_AFTER_TIME 93261.555668
93261.555315 DISPLAY_TEXT 503 74 1 She
93261.805158 CHEETAH_SIGNAL SENT_AFTER_TIME 93261.772850
93261.772501 DISPLAY_TEXT OFF
93262.122591 CHEETAH_SIGNAL SENT_AFTER_TIME 93262.090367
93262.089988 DISPLAY_TEXT 504 74 2 eats
93262.338845 CHEETAH_SIGNAL SENT_AFTER_TIME 93262.306627
93262.306276 DISPLAY_TEXT OFF
93262.655022 CHEETAH_SIGNAL SENT_AFTER_TIME 93262.622655
93262.622311 DISPLAY_TEXT 505 74 3 the
93262.872251 CHEETAH_SIGNAL SENT_AFTER_TIME 93262.840042
93262.839601 DISPLAY_TEXT OFF
93262.960823 KEY_PRESS l
93263.112829 KEY_PRESS l
93263.188623 CHEETAH_SIGNAL SENT_AFTER_TIME 93263.156562
93263.156266 DISPLAY_TEXT 506 74 4 salad.
93263.405448 CHEETAH_SIGNAL SENT_AFTER_TIME 93263.373156
93263.372718 DISPLAY_TEXT OFF
93264.360837 KEY_PRESS l
93264.421835 CHEETAH_SIGNAL SENT_AFTER_TIME 93264.389552
93264.389119 DISPLAY_TEXT 507 108 1 She
93264.638713 CHEETAH_SIGNAL SENT_AFTER_TIME 93264.606387
93264.606033 DISPLAY_TEXT OFF
93264.592764 KEY_PRESS l
93264.955039 CHEETAH_SIGNAL SENT_AFTER_TIME 93264.922752
93264.922377 DISPLAY_TEXT 508 108 2 arrives.
93265.172321 CHEETAH_SIGNAL SENT_AFTER_TIME 93265.140072
93265.139635 DISPLAY_TEXT OFF
