91020.958345 CHEETAH_SIGNAL SENT_AFTER_TIME 91020.903186
91023.804121 CHEETAH_SIGNAL SENT_AFTER_TIME 91023.770348
91023.941745 CHEETAH_SIGNAL SENT_AFTER_TIME 91023.908371
91023.907850 DISPLAY_INSTRUCTIONS Stimuli/instructions_sentences.png
91082.841386 KEY_PRESS space
91082.874912 CHEETAH_SIGNAL SENT_AFTER_TIME 91082.841749
91082.968323 CHEETAH_SIGNAL SENT_AFTER_TIME 91082.935120
91082.934766 DISPLAY_INSTRUCTIONS OFF
91083.306514 SOUND_ONSET 400 0.200 44100
91083.648011 SOUND_ONSET 300 0.200 44100
91084.286197 SOUND_ONSET 600 0.200 44100
91084.728102 SOUND_ONSET 500 0.200 44100
91084.970279 SOUND_ONSET 700 0.200 44100
91085.362025 SOUND_ONSET 300 0.200 44100
91085.804022 SOUND_ONSET 400 0.200 44100
91086.195949 SOUND_ONSET 300 0.200 44100
91086.461543 CHEETAH_SIGNAL SENT_AFTER_TIME 91086.429682
91086.493654 CHEETAH_SIGNAL SENT_AFTER_TIME 91086.461847
91086.650534 CHEETAH_SIGNAL SENT_AFTER_TIME 91086.618328
91086.618054 DISPLAY_FIXATION
91082.832690 KEY_PRESS space
91083.024801 KEY_PRESS space
91091.666829 CHEETAH_SIGNAL SENT_AFTER_TIME 91091.634906
91091.634638 DISPLAY_TEXT 1 1 1 He
91091.884717 CHEETAH_SIGNAL SENT_AFTER_TIME 91091.852699
91091.852403 DISPLAY_TEXT OFF
91092.201123 CHEETAH_SIGNAL SENT_AFTER_TIME 91092.168932
91092.168563 DISPLAY_TEXT 2 1 2 smiles.
91092.417651 CHEETAH_SIGNAL SENT_AFTER_TIME 91092.385501
91092.385158 DISPLAY_TEXT OFF
91093.434866 CHEETAH_SIGNAL SENT_AFTER_TIME 91093.402719
91093.402375 DISPLAY_TEXT 3 2 1 Who
91093.652213 CHEETAH_SIGNAL SENT_AFTER_TIME 91093.620028
91093.619681 DISPLAY_TEXT OFF
91093.968369 CHEETAH_SIGNAL SENT_AFTER_TIME 91093.936224
91093.935878 DISPLAY_TEXT 4 2 2 hugs
91094.184483 CHEETAH_SIGNAL SENT_AFTER_TIME 91094.152336
91094.151989 DISPLAY_TEXT OFF
91094.501897 CHEETAH_SIGNAL SENT_AFTER_TIME 91094.469683
91094.469337 DISPLAY_TEXT 5 2 3 the
91094.718017 CHEETAH_SIGNAL SENT_AFTER_TIME 91094.685928
91094.685514 DISPLAY_TEXT OFF
91095.035188 CHEETAH_SIGNAL SENT_AFTER_TIME 91095.003087
91095.002739 DISPLAY_TEXT 6 2 4 friend?
91095.251923 CHEETAH_SIGNAL SENT_AFTER_TIME 91095.219847
91095.219501 DISPLAY_TEXT OFF
91096.269287 CHEETAH_SIGNAL SENT_AFTER_TIME 91096.237122
91096.236777 DISPLAY_TEXT 7 3 1 They
91096.485281 CHEETAH_SIGNAL SENT_AFTER_TIME 91096.453186
91096.452850 DISPLAY_TEXT OFF
91096.802737 CHEETAH_SIGNAL SENT_AFTER_TIME 91096.770548
91096.770207 DISPLAY_TEXT 8 3 2 ate
91097.018892 CHEETAH_SIGNAL SENT_AFTER_TIME 91096.986732
91096.986385 DISPLAY_TEXT OFF
91097.335121 CHEETAH_SIGNAL SENT_AFTER_TIME 91097.302918
91097.302570 DISPLAY_TEXT 9 3 3 the
91097.552163 CHEETAH_SIGNAL SENT_AFTER_TIME 91097.520245
91097.519900 DISPLAY_TEXT OFF
91097.868979 CHEETAH_SIGNAL SENT_AFTER_TIME 91097.836810
91097.836461 DISPLAY_TEXT 10 3 4 grapes
91098.086234 CHEETAH_SIGNAL SENT_AFTER_TIME 91098.054073
91098.053728 DISPLAY_TEXT OFF
91098.402459 CHEETAH_SIGNAL SENT_AFTER_TIME 91098.370264
91098.369914 DISPLAY_TEXT 11 3 5 together.
91098.619439 CHEETAH_SIGNAL SENT_AFTER_TIME 91098.587417
91098.587076 DISPLAY_TEXT OFF
91098.584801 KEY_PRESS l
91098.704824 KEY_PRESS l
91099.636224 CHEETAH_SIGNAL SENT_AFTER_TIME 91099.604018
91099.603675 DISPLAY_TEXT 12 4 1 He
91099.852366 CHEETAH_SIGNAL SENT_AFTER_TIME 91099.820239
91099.819877 DISPLAY_TEXT OFF
91100.169747 CHEETAH_SIGNAL SENT_AFTER_TIME 91100.137555
91100.137211 DISPLAY_TEXT 13 4 2 showered.
91100.386236 CHEETAH_SIGNAL SENT_AFTER_TIME 91100.354113
91100.353769 DISPLAY_TEXT OFF
91101.403537 CHEETAH_SIGNAL SENT_AFTER_TIME 91101.371347
91101.370976 DISPLAY_TEXT 14 5 1 We
91101.619359 CHEETAH_SIGNAL SENT_AFTER_TIME 91101.587243
91101.586898 DISPLAY_TEXT OFF
91101.936589 CHEETAH_SIGNAL SENT_AFTER_TIME 91101.904462
91101.904118 DISPLAY_TEXT 15 5 2 guessed
91102.152861 CHEETAH_SIGNAL SENT_AFTER_TIME 91102.120680
91102.120333 DISPLAY_TEXT OFF
91102.470354 CHEETAH_SIGNAL SENT_AFTER_TIME 91102.438190
91102.437758 DISPLAY_TEXT 16 5 3 that
91102.686395 CHEETAH_SIGNAL SENT_AFTER_TIME 91102.654221
91102.653849 DISPLAY_TEXT OFF
91103.003742 CHEETAH_SIGNAL SENT_AFTER_TIME 91102.971542
91102.971198 DISPLAY_TEXT 17 5 4 they
91103.219880 CHEETAH_SIGNAL SENT_AFTER_TIME 91103.187745
91103.187400 DISPLAY_TEXT OFF
91103.536150 CHEETAH_SIGNAL SENT_AFTER_TIME 91103.503951
91103.503606 DISPLAY_TEXT 18 5 5 wink.
91103.753941 CHEETAH_SIGNAL SENT_AFTER_TIME 91103.721690
91103.721253 DISPLAY_TEXT OFF
91104.770234 CHEETAH_SIGNAL SENT_AFTER_TIME 91104.738086
91104.737657 DISPLAY_TEXT 19 6 1 Whom
91104.986251 CHEETAH_SIGNAL SENT_AFTER_TIME 91104.954176
91104.953832 DISPLAY_TEXT OFF
91105.303770 CHEETAH_SIGNAL SENT_AFTER_TIME 91105.271554
91105.271127 DISPLAY_TEXT 20 6 2 did
91105.520002 CHEETAH_SIGNAL SENT_AFTER_TIME 91105.487746
91105.487401 DISPLAY_TEXT OFF
91105.837264 CHEETAH_SIGNAL SENT_AFTER_TIME 91105.805058
91105.804632 DISPLAY_TEXT 21 6 3 the
91106.053218 CHEETAH_SIGNAL SENT_AFTER_TIME 91106.021137
91106.020760 DISPLAY_TEXT OFF
91106.370663 CHEETAH_SIGNAL SENT_AFTER_TIME 91106.338486
91106.338056 DISPLAY_TEXT 22 6 4 boy
91106.586206 CHEETAH_SIGNAL SENT_AFTER_TIME 91106.554155
91106.553871 DISPLAY_TEXT OFF
91106.903893 CHEETAH_SIGNAL SENT_AFTER_TIME 91106.871591
91106.871159 DISPLAY_TEXT 23 6 5 hear?
91107.120210 CHEETAH_SIGNAL SENT_AFTER_TIME 91107.088023
91107.087644 DISPLAY_TEXT OFF
91108.137263 CHEETAH_SIGNAL SENT_AFTER_TIME 91108.105159
91108.104785 DISPLAY_TEXT 24 7 1 He
91108.354691 CHEETAH_SIGNAL SENT_AFTER_TIME 91108.322480
91108.322040 DISPLAY_TEXT OFF
91108.670980 CHEETAH_SIGNAL SENT_AFTER_TIME 91108.638694
91108.638251 DISPLAY_TEXT 25 7 2 arrived.
91108.887459 CHEETAH_SIGNAL SENT_AFTER_TIME 91108.855234
91108.854794 DISPLAY_TEXT OFF
91109.904947 CHEETAH_SIGNAL SENT_AFTER_TIME 91109.872695
91109.872260 DISPLAY_TEXT 26 8 1 He
91110.121081 CHEETAH_SIGNAL SENT_AFTER_TIME 91110.088887
91110.088456 DISPLAY_TEXT OFF
91110.438390 CHEETAH_SIGNAL SENT_AFTER_TIME 91110.406152
91110.405727 DISPLAY_TEXT 27 8 2 will
91110.654537 CHEETAH_SIGNAL SENT_AFTER_TIME 91110.622350
91110.621921 DISPLAY_TEXT OFF
91110.971900 CHEETAH_SIGNAL SENT_AFTER_TIME 91110.939606
91110.939166 DISPLAY_TEXT 28 8 3 sneeze.
91111.188360 CHEETAH_SIGNAL SENT_AFTER_TIME 91111.156115
91111.155680 DISPLAY_TEXT OFF
91112.204208 CHEETAH_SIGNAL SENT_AFTER_TIME 91112.172421
91112.171991 DISPLAY_TEXT 29 9 1 They
91112.421805 CHEETAH_SIGNAL SENT_AFTER_TIME 91112.389617
91112.389189 DISPLAY_TEXT OFF
91112.737961 CHEETAH_SIGNAL SENT_AFTER_TIME 91112.705750
91112.705308 DISPLAY_TEXT 30 9 2 will
91112.955093 CHEETAH_SIGNAL SENT_AFTER_TIME 91112.922929
91112.922519 DISPLAY_TEXT OFF
91113.271348 CHEETAH_SIGNAL SENT_AFTER_TIME 91113.239190
91113.238760 DISPLAY_TEXT 31 9 3 drink.
91113.487981 CHEETAH_SIGNAL SENT_AFTER_TIME 91113.455731
91113.455304 DISPLAY_TEXT OFF
91114.432685 KEY_PRESS l
91114.504944 CHEETAH_SIGNAL SENT_AFTER_TIME 91114.472727
91114.472380 DISPLAY_TEXT 32 10 1 They
91114.560821 KEY_PRESS l
91114.721460 CHEETAH_SIGNAL SENT_AFTER_TIME 91114.689243
91114.688814 DISPLAY_TEXT OFF
91115.038490 CHEETAH_SIGNAL SENT_AFTER_TIME 91115.006207
91115.005780 DISPLAY_TEXT 33 10 2 wink.
91115.254870 CHEETAH_SIGNAL SENT_AFTER_TIME 91115.222701
91115.222260 DISPLAY_TEXT OFF
91116.271941 CHEETAH_SIGNAL SENT_AFTER_TIME 91116.239662
91116.239236 DISPLAY_TEXT 34 11 1 He
91116.488390 CHEETAH_SIGNAL SENT_AFTER_TIME 91116.456204
91116.455787 DISPLAY_TEXT OFF
91116.805647 CHEETAH_SIGNAL SENT_AFTER_TIME 91116.773458
91116.773028 DISPLAY_TEXT 35 11 2 will
91117.022880 CHEETAH_SIGNAL SENT_AFTER_TIME 91116.990695
91116.990265 DISPLAY_TEXT OFF
91117.338441 CHEETAH_SIGNAL SENT_AFTER_TIME 91117.306204
91117.305775 DISPLAY_TEXT 36 11 3 drive.
91117.556318 CHEETAH_SIGNAL SENT_AFTER_TIME 91117.524182
91117.523754 DISPLAY_TEXT OFF
91118.573091 CHEETAH_SIGNAL SENT_AFTER_TIME 91118.540853
91118.540428 DISPLAY_TEXT 37 12 1 Who
91118.789648 CHEETAH_SIGNAL SENT_AFTER_TIME 91118.757476
91118.757044 DISPLAY_TEXT OFF
91119.106353 CHEETAH_SIGNAL SENT_AFTER_TIME 91119.074186
91119.073755 DISPLAY_TEXT 38 12 2 jumped?
91119.323177 CHEETAH_SIGNAL SENT_AFTER_TIME 91119.290997
91119.290569 DISPLAY_TEXT OFF
91120.339722 CHEETAH_SIGNAL SENT_AFTER_TIME 91120.307452
91120.307042 DISPLAY_TEXT 39 13 1 She
91120.556408 CHEETAH_SIGNAL SENT_AFTER_TIME 91120.524193
91120.523750 DISPLAY_TEXT OFF
91120.873051 CHEETAH_SIGNAL SENT_AFTER_TIME 91120.840869
91120.840440 DISPLAY_TEXT 40 13 2 sliced
91121.089623 CHEETAH_SIGNAL SENT_AFTER_TIME 91121.057403
91121.057057 DISPLAY_TEXT OFF
91121.406455 CHEETAH_SIGNAL SENT_AFTER_TIME 91121.374218
91121.373789 DISPLAY_TEXT 41 13 3 the
91121.622995 CHEETAH_SIGNAL SENT_AFTER_TIME 91121.590790
91121.590444 DISPLAY_TEXT OFF
91121.776816 KEY_PRESS l
91121.888800 KEY_PRESS l
91121.940120 CHEETAH_SIGNAL SENT_AFTER_TIME 91121.907916
91121.907508 DISPLAY_TEXT 42 13 4 mushrooms.
91122.156656 CHEETAH_SIGNAL SENT_AFTER_TIME 91122.124439
91122.124004 DISPLAY_TEXT OFF
91123.173883 CHEETAH_SIGNAL SENT_AFTER_TIME 91123.141701
91123.141272 DISPLAY_TEXT 43 14 1 The
91123.390050 CHEETAH_SIGNAL SENT_AFTER_TIME 91123.357990
91123.357592 DISPLAY_TEXT OFF
91123.706376 CHEETAH_SIGNAL SENT_AFTER_TIME 91123.674158
91123.673807 DISPLAY_TEXT 44 14 2 boy
91123.923709 CHEETAH_SIGNAL SENT_AFTER_TIME 91123.891487
91123.891130 DISPLAY_TEXT OFF
91124.239868 CHEETAH_SIGNAL SENT_AFTER_TIME 91124.207653
91124.207244 DISPLAY_TEXT 45 14 3 remains.
91124.456457 CHEETAH_SIGNAL SENT_AFTER_TIME 91124.424384
91124.423952 DISPLAY_TEXT OFF
91125.474192 CHEETAH_SIGNAL SENT_AFTER_TIME 91125.442003
91125.441712 DISPLAY_TEXT 46 15 1 He
91125.690839 CHEETAH_SIGNAL SENT_AFTER_TIME 91125.658684
91125.658338 DISPLAY_TEXT OFF
91126.007162 CHEETAH_SIGNAL SENT_AFTER_TIME 91125.974929
91125.974491 DISPLAY_TEXT 47 15 2 remains.
91126.223707 CHEETAH_SIGNAL SENT_AFTER_TIME 91126.191470
91126.191041 DISPLAY_TEXT OFF
91127.240640 CHEETAH_SIGNAL SENT_AFTER_TIME 91127.208448
91127.208008 DISPLAY_TEXT 48 16 1 What
91127.457959 CHEETAH_SIGNAL SENT_AFTER_TIME 91127.425710
91127.425281 DISPLAY_TEXT OFF
91127.773944 CHEETAH_SIGNAL SENT_AFTER_TIME 91127.741880
91127.741451 DISPLAY_TEXT 49 16 2 will
91127.990103 CHEETAH_SIGNAL SENT_AFTER_TIME 91127.957895
91127.957466 DISPLAY_TEXT OFF
91128.307351 CHEETAH_SIGNAL SENT_AFTER_TIME 91128.275129
91128.274798 DISPLAY_TEXT 50 16 3 the
91128.524761 CHEETAH_SIGNAL SENT_AFTER_TIME 91128.492521
91128.492083 DISPLAY_TEXT OFF
91128.840990 CHEETAH_SIGNAL SENT_AFTER_TIME 91128.808757
91128.808327 DISPLAY_TEXT 51 16 4 girls
91129.057221 CHEETAH_SIGNAL SENT_AFTER_TIME 91129.025024
91129.024594 DISPLAY_TEXT OFF
91129.374484 CHEETAH_SIGNAL SENT_AFTER_TIME 91129.342332
91129.341904 DISPLAY_TEXT 52 16 5 find?
91129.591106 CHEETAH_SIGNAL SENT_AFTER_TIME 91129.558886
91129.558447 DISPLAY_TEXT OFF
91130.607780 CHEETAH_SIGNAL SENT_AFTER_TIME 91130.575562
91130.575122 DISPLAY_TEXT 53 17 1 He
91130.822968 CHEETAH_SIGNAL SENT_AFTER_TIME 91130.791091
91130.790861 DISPLAY_TEXT OFF
91131.141684 CHEETAH_SIGNAL SENT_AFTER_TIME 91131.109463
91131.109120 DISPLAY_TEXT 54 17 2 was
91131.357969 CHEETAH_SIGNAL SENT_AFTER_TIME 91131.325682
91131.325243 DISPLAY_TEXT OFF
91131.675107 CHEETAH_SIGNAL SENT_AFTER_TIME 91131.642922
91131.642493 DISPLAY_TEXT 55 17 3 hugged.
91131.891692 CHEETAH_SIGNAL SENT_AFTER_TIME 91131.859472
91131.859060 DISPLAY_TEXT OFF
91132.908780 CHEETAH_SIGNAL SENT_AFTER_TIME 91132.876505
91132.876066 DISPLAY_TEXT 56 18 1 The
91133.124799 CHEETAH_SIGNAL SENT_AFTER_TIME 91133.092655
91133.092229 DISPLAY_TEXT OFF
91133.442111 CHEETAH_SIGNAL SENT_AFTER_TIME 91133.409939
91133.409501 DISPLAY_TEXT 57 18 2 chef
91133.658143 CHEETAH_SIGNAL SENT_AFTER_TIME 91133.625968
91133.625540 DISPLAY_TEXT OFF
91133.975539 CHEETAH_SIGNAL SENT_AFTER_TIME 91133.943321
91133.942880 DISPLAY_TEXT 58 18 3 served
91134.191885 CHEETAH_SIGNAL SENT_AFTER_TIME 91134.159626
91134.159279 DISPLAY_TEXT OFF
91134.508129 CHEETAH_SIGNAL SENT_AFTER_TIME 91134.475900
91134.475458 DISPLAY_TEXT 59 18 4 the
91134.725355 CHEETAH_SIGNAL SENT_AFTER_TIME 91134.693179
91134.692749 DISPLAY_TEXT OFF
91135.041451 CHEETAH_SIGNAL SENT_AFTER_TIME 91135.009187
91135.008779 DISPLAY_TEXT 60 18 5 cake.
91135.259011 CHEETAH_SIGNAL SENT_AFTER_TIME 91135.226798
91135.226368 DISPLAY_TEXT OFF
91135.680830 KEY_PRESS l
91135.808820 KEY_PRESS l
91136.274954 CHEETAH_SIGNAL SENT_AFTER_TIME 91136.242708
91136.242280 DISPLAY_TEXT 61 19 1 Who
91136.492139 CHEETAH_SIGNAL SENT_AFTER_TIME 91136.459904
91136.459492 DISPLAY_TEXT OFF
91136.809449 CHEETAH_SIGNAL SENT_AFTER_TIME 91136.777234
91136.776791 DISPLAY_TEXT 62 19 2 laughs?
91137.025973 CHEETAH_SIGNAL SENT_AFTER_TIME 91136.993873
91136.993447 DISPLAY_TEXT OFF
91138.041670 CHEETAH_SIGNAL SENT_AFTER_TIME 91138.009449
91138.009012 DISPLAY_TEXT 63 20 1 She
91138.258877 CHEETAH_SIGNAL SENT_AFTER_TIME 91138.226745
91138.226305 DISPLAY_TEXT OFF
91138.576204 CHEETAH_SIGNAL SENT_AFTER_TIME 91138.544012
91138.543585 DISPLAY_TEXT 64 20 2 sneezed.
91138.792507 CHEETAH_SIGNAL SENT_AFTER_TIME 91138.760342
91138.759934 DISPLAY_TEXT OFF
91139.809560 CHEETAH_SIGNAL SENT_AFTER_TIME 91139.777294
91139.776853 DISPLAY_TEXT 65 21 1 Who
91140.025525 CHEETAH_SIGNAL SENT_AFTER_TIME 91139.993340
91139.992900 DISPLAY_TEXT OFF
91140.342616 CHEETAH_SIGNAL SENT_AFTER_TIME 91140.310436
91140.310025 DISPLAY_TEXT 66 21 2 winks?
91140.559041 CHEETAH_SIGNAL SENT_AFTER_TIME 91140.526829
91140.526397 DISPLAY_TEXT OFF
91141.576274 CHEETAH_SIGNAL SENT_AFTER_TIME 91141.544090
91141.543661 DISPLAY_TEXT 67 22 1 They
91141.792326 CHEETAH_SIGNAL SENT_AFTER_TIME 91141.760099
91141.759669 DISPLAY_TEXT OFF
91142.109672 CHEETAH_SIGNAL SENT_AFTER_TIME 91142.077431
91142.076995 DISPLAY_TEXT 68 22 2 vanished.
91142.326295 CHEETAH_SIGNAL SENT_AFTER_TIME 91142.294066
91142.293627 DISPLAY_TEXT OFF
91143.342989 CHEETAH_SIGNAL SENT_AFTER_TIME 91143.310812
91143.310468 DISPLAY_TEXT 69 23 1 They
91143.560399 CHEETAH_SIGNAL SENT_AFTER_TIME 91143.528200
91143.527762 DISPLAY_TEXT OFF
91143.876654 CHEETAH_SIGNAL SENT_AFTER_TIME 91143.844380
91143.843948 DISPLAY_TEXT 70 23 2 saw
91144.093888 CHEETAH_SIGNAL SENT_AFTER_TIME 91144.061610
91144.061178 DISPLAY_TEXT OFF
91144.410000 CHEETAH_SIGNAL SENT_AFTER_TIME 91144.377787
91144.377359 DISPLAY_TEXT 71 23 3 him
91144.627343 CHEETAH_SIGNAL SENT_AFTER_TIME 91144.595127
91144.594697 DISPLAY_TEXT OFF
91144.943454 CHEETAH_SIGNAL SENT_AFTER_TIME 91144.911219
91144.910792 DISPLAY_TEXT 72 23 4 dance.
91145.160033 CHEETAH_SIGNAL SENT_AFTER_TIME 91145.127838
91145.127407 DISPLAY_TEXT OFF
91146.176970 CHEETAH_SIGNAL SENT_AFTER_TIME 91146.144780
91146.144349 DISPLAY_TEXT 73 24 1 The
91146.394283 CHEETAH_SIGNAL SENT_AFTER_TIME 91146.362082
91146.361672 DISPLAY_TEXT OFF
91146.710435 CHEETAH_SIGNAL SENT_AFTER_TIME 91146.678205
91146.677832 DISPLAY_TEXT 74 24 2 sandwich
91146.926626 CHEETAH_SIGNAL SENT_AFTER_TIME 91146.894429
91146.893999 DISPLAY_TEXT OFF
91147.243987 CHEETAH_SIGNAL SENT_AFTER_TIME 91147.211729
91147.211301 DISPLAY_TEXT 75 24 3 is
91147.352836 KEY_PRESS l
91147.460199 CHEETAH_SIGNAL SENT_AFTER_TIME 91147.428087
91147.427657 DISPLAY_TEXT OFF
91147.448747 KEY_PRESS l
91147.777818 CHEETAH_SIGNAL SENT_AFTER_TIME 91147.745634
91147.745205 DISPLAY_TEXT 76 24 4 healthy.
91147.994244 CHEETAH_SIGNAL SENT_AFTER_TIME 91147.962061
91147.961618 DISPLAY_TEXT OFF
91149.011450 CHEETAH_SIGNAL SENT_AFTER_TIME 91148.979196
91148.978754 DISPLAY_TEXT 77 25 1 They
91149.227551 CHEETAH_SIGNAL SENT_AFTER_TIME 91149.195345
91149.194916 DISPLAY_TEXT OFF
91149.543703 CHEETAH_SIGNAL SENT_AFTER_TIME 91149.511504
91149.511078 DISPLAY_TEXT 78 25 2 hug
91149.761106 CHEETAH_SIGNAL SENT_AFTER_TIME 91149.728851
91149.728409 DISPLAY_TEXT OFF
91150.077186 CHEETAH_SIGNAL SENT_AFTER_TIME 91150.044998
91150.044564 DISPLAY_TEXT 79 25 3 the
91150.294323 CHEETAH_SIGNAL SENT_AFTER_TIME 91150.262192
91150.261764 DISPLAY_TEXT OFF
91150.610536 CHEETAH_SIGNAL SENT_AFTER_TIME 91150.578358
91150.577928 DISPLAY_TEXT 80 25 4 friend.
91150.828235 CHEETAH_SIGNAL SENT_AFTER_TIME 91150.796063
91150.795631 DISPLAY_TEXT OFF
91151.844744 CHEETAH_SIGNAL SENT_AFTER_TIME 91151.812496
91151.812069 DISPLAY_TEXT 81 26 1 Whom
91152.060894 CHEETAH_SIGNAL SENT_AFTER_TIME 91152.028657
91152.028214 DISPLAY_TEXT OFF
91152.378002 CHEETAH_SIGNAL SENT_AFTER_TIME 91152.345864
91152.345520 DISPLAY_TEXT 82 26 2 will
91152.594272 CHEETAH_SIGNAL SENT_AFTER_TIME 91152.562048
91152.561616 DISPLAY_TEXT OFF
91152.911528 CHEETAH_SIGNAL SENT_AFTER_TIME 91152.879366
91152.878936 DISPLAY_TEXT 83 26 3 the
91153.127683 CHEETAH_SIGNAL SENT_AFTER_TIME 91153.095509
91153.095077 DISPLAY_TEXT OFF
91153.444847 CHEETAH_SIGNAL SENT_AFTER_TIME 91153.412690
91153.412281 DISPLAY_TEXT 84 26 4 boy
91153.661084 CHEETAH_SIGNAL SENT_AFTER_TIME 91153.628853
91153.628409 DISPLAY_TEXT OFF
91153.978339 CHEETAH_SIGNAL SENT_AFTER_TIME 91153.946157
91153.945726 DISPLAY_TEXT 85 26 5 tickle?
91154.194377 CHEETAH_SIGNAL SENT_AFTER_TIME 91154.162145
91154.161733 DISPLAY_TEXT OFF
91155.211559 CHEETAH_SIGNAL SENT_AFTER_TIME 91155.179429
91155.178999 DISPLAY_TEXT 86 27 1 Who
91155.429003 CHEETAH_SIGNAL SENT_AFTER_TIME 91155.396718
91155.396275 DISPLAY_TEXT OFF
91155.744954 CHEETAH_SIGNAL SENT_AFTER_TIME 91155.712734
91155.712392 DISPLAY_TEXT 87 27 2 did
91155.962385 CHEETAH_SIGNAL SENT_AFTER_TIME 91155.930127
91155.929686 DISPLAY_TEXT OFF
91156.278545 CHEETAH_SIGNAL SENT_AFTER_TIME 91156.246372
91156.245945 DISPLAY_TEXT 88 27 3 the
91156.495774 CHEETAH_SIGNAL SENT_AFTER_TIME 91156.463569
91156.463158 DISPLAY_TEXT OFF
91156.811954 CHEETAH_SIGNAL SENT_AFTER_TIME 91156.779727
91156.779299 DISPLAY_TEXT 89 27 4 boys
91157.029189 CHEETAH_SIGNAL SENT_AFTER_TIME 91156.996990
91156.996558 DISPLAY_TEXT OFF
91157.345232 CHEETAH_SIGNAL SENT_AFTER_TIME 91157.313048
91157.312644 DISPLAY_TEXT 90 27 5 kiss?
91157.561929 CHEETAH_SIGNAL SENT_AFTER_TIME 91157.529640
91157.529207 DISPLAY_TEXT OFF
91158.579085 CHEETAH_SIGNAL SENT_AFTER_TIME 91158.546899
91158.546466 DISPLAY_TEXT 91 28 1 The
91158.795296 CHEETAH_SIGNAL SENT_AFTER_TIME 91158.763106
91158.762675 DISPLAY_TEXT OFF
91159.112625 CHEETAH_SIGNAL SENT_AFTER_TIME 91159.080451
91159.080007 DISPLAY_TEXT 92 28 2 host
91159.327982 CHEETAH_SIGNAL SENT_AFTER_TIME 91159.295833
91159.295472 DISPLAY_TEXT OFF
91159.646315 CHEETAH_SIGNAL SENT_AFTER_TIME 91159.614119
91159.613707 DISPLAY_TEXT 93 28 3 was
91159.862744 CHEETAH_SIGNAL SENT_AFTER_TIME 91159.830452
91159.830008 DISPLAY_TEXT OFF
91160.180003 CHEETAH_SIGNAL SENT_AFTER_TIME 91160.147708
91160.147258 DISPLAY_TEXT 94 28 4 warned.
91160.396565 CHEETAH_SIGNAL SENT_AFTER_TIME 91160.364364
91160.364013 DISPLAY_TEXT OFF
91161.412173 CHEETAH_SIGNAL SENT_AFTER_TIME 91161.379945
91161.379599 DISPLAY_TEXT 95 29 1 He
91161.629572 CHEETAH_SIGNAL SENT_AFTER_TIME 91161.597355
91161.596910 DISPLAY_TEXT OFF
91161.946824 CHEETAH_SIGNAL SENT_AFTER_TIME 91161.914554
91161.914145 DISPLAY_TEXT 96 29 2 bloomed.
91162.163330 CHEETAH_SIGNAL SENT_AFTER_TIME 91162.131181
91162.130752 DISPLAY_TEXT OFF
91163.180004 CHEETAH_SIGNAL SENT_AFTER_TIME 91163.147764
91163.147323 DISPLAY_TEXT 97 30 1 Whom
91163.395894 CHEETAH_SIGNAL SENT_AFTER_TIME 91163.363706
91163.363349 DISPLAY_TEXT OFF
91163.713341 CHEETAH_SIGNAL SENT_AFTER_TIME 91163.681098
91163.680664 DISPLAY_TEXT 98 30 2 will
91163.929419 CHEETAH_SIGNAL SENT_AFTER_TIME 91163.897244
91163.896815 DISPLAY_TEXT OFF
91164.246658 CHEETAH_SIGNAL SENT_AFTER_TIME 91164.214450
91164.214025 DISPLAY_TEXT 99 30 3 the
91164.462884 CHEETAH_SIGNAL SENT_AFTER_TIME 91164.430596
91164.430160 DISPLAY_TEXT OFF
91164.780149 CHEETAH_SIGNAL SENT_AFTER_TIME 91164.747924
91164.747497 DISPLAY_TEXT 100 30 4 boy
91164.996249 CHEETAH_SIGNAL SENT_AFTER_TIME 91164.964067
91164.963640 DISPLAY_TEXT OFF
91165.313631 CHEETAH_SIGNAL SENT_AFTER_TIME 91165.281363
91165.280924 DISPLAY_TEXT 101 30 5 hear?
91165.530348 CHEETAH_SIGNAL SENT_AFTER_TIME 91165.498023
91165.497581 DISPLAY_TEXT OFF
91166.547398 CHEETAH_SIGNAL SENT_AFTER_TIME 91166.515129
91166.514730 DISPLAY_TEXT 102 31 1 She
91166.763577 CHEETAH_SIGNAL SENT_AFTER_TIME 91166.731324
91166.730884 DISPLAY_TEXT OFF
91167.080844 CHEETAH_SIGNAL SENT_AFTER_TIME 91167.048609
91167.048181 DISPLAY_TEXT 103 31 2 washed.
91167.297378 CHEETAH_SIGNAL SENT_AFTER_TIME 91167.265099
91167.264659 DISPLAY_TEXT OFF
91168.314506 CHEETAH_SIGNAL SENT_AFTER_TIME 91168.282237
91168.281802 DISPLAY_TEXT 104 32 1 The
91168.530579 CHEETAH_SIGNAL SENT_AFTER_TIME 91168.498416
91168.497986 DISPLAY_TEXT OFF
91168.847843 CHEETAH_SIGNAL SENT_AFTER_TIME 91168.815673
91168.815244 DISPLAY_TEXT 105 32 2 girls
91169.064078 CHEETAH_SIGNAL SENT_AFTER_TIME 91169.031827
91169.031398 DISPLAY_TEXT OFF
91169.381293 CHEETAH_SIGNAL SENT_AFTER_TIME 91169.349137
91169.348708 DISPLAY_TEXT 106 32 3 appear.
91169.597945 CHEETAH_SIGNAL SENT_AFTER_TIME 91169.565654
91169.565229 DISPLAY_TEXT OFF
91170.614817 CHEETAH_SIGNAL SENT_AFTER_TIME 91170.582605
91170.582176 DISPLAY_TEXT 107 33 1 Who
91170.831058 CHEETAH_SIGNAL SENT_AFTER_TIME 91170.798775
91170.798349 DISPLAY_TEXT OFF
91171.148236 CHEETAH_SIGNAL SENT_AFTER_TIME 91171.116024
91171.115579 DISPLAY_TEXT 108 33 2 falls?
91171.364683 CHEETAH_SIGNAL SENT_AFTER_TIME 91171.332524
91171.332083 DISPLAY_TEXT OFF
91172.381718 CHEETAH_SIGNAL SENT_AFTER_TIME 91172.349427
91172.348998 DISPLAY_TEXT 109 34 1 The
91172.597767 CHEETAH_SIGNAL SENT_AFTER_TIME 91172.565530
91172.565089 DISPLAY_TEXT OFF
91172.914919 CHEETAH_SIGNAL SENT_AFTER_TIME 91172.882690
91172.882260 DISPLAY_TEXT 110 34 2 boy
91173.131196 CHEETAH_SIGNAL SENT_AFTER_TIME 91173.098902
91173.098472 DISPLAY_TEXT OFF
91173.448346 CHEETAH_SIGNAL SENT_AFTER_TIME 91173.416161
91173.415731 DISPLAY_TEXT 111 34 3 laughs.
91173.664886 CHEETAH_SIGNAL SENT_AFTER_TIME 91173.632719
91173.632291 DISPLAY_TEXT OFF
91174.682275 CHEETAH_SIGNAL SENT_AFTER_TIME 91174.649990
91174.649552 DISPLAY_TEXT 112 35 1 She
91174.898334 CHEETAH_SIGNAL SENT_AFTER_TIME 91174.866078
91174.865650 DISPLAY_TEXT OFF
91175.215675 CHEETAH_SIGNAL SENT_AFTER_TIME 91175.183391
91175.182962 DISPLAY_TEXT 113 35 2 disappears.
91175.432071 CHEETAH_SIGNAL SENT_AFTER_TIME 91175.399831
91175.399405 DISPLAY_TEXT OFF
91176.449076 CHEETAH_SIGNAL SENT_AFTER_TIME 91176.416832
91176.416400 DISPLAY_TEXT 114 36 1 She
91176.665208 CHEETAH_SIGNAL SENT_AFTER_TIME 91176.633012
91176.632582 DISPLAY_TEXT OFF
91176.982539 CHEETAH_SIGNAL SENT_AFTER_TIME 91176.950347
91176.949903 DISPLAY_TEXT 115 36 2 laughed.
91177.199095 CHEETAH_SIGNAL SENT_AFTER_TIME 91177.166824
91177.166399 DISPLAY_TEXT OFF
91178.215277 CHEETAH_SIGNAL SENT_AFTER_TIME 91178.183008
91178.182575 DISPLAY_TEXT 116 37 1 Who
91178.432613 CHEETAH_SIGNAL SENT_AFTER_TIME 91178.400303
91178.399850 DISPLAY_TEXT OFF
91178.748639 CHEETAH_SIGNAL SENT_AFTER_TIME 91178.716384
91178.715957 DISPLAY_TEXT 117 37 2 blooms?
91178.966235 CHEETAH_SIGNAL SENT_AFTER_TIME 91178.934004
91178.933573 DISPLAY_TEXT OFF
91179.981969 CHEETAH_SIGNAL SENT_AFTER_TIME 91179.949688
91179.949247 DISPLAY_TEXT 118 38 1 Who
91180.199093 CHEETAH_SIGNAL SENT_AFTER_TIME 91180.166862
91180.166513 DISPLAY_TEXT OFF
91180.516521 CHEETAH_SIGNAL SENT_AFTER_TIME 91180.484267
91180.483821 DISPLAY_TEXT 119 38 2 sneezes?
91180.733002 CHEETAH_SIGNAL SENT_AFTER_TIME 91180.700802
91180.700355 DISPLAY_TEXT OFF
91181.749849 CHEETAH_SIGNAL SENT_AFTER_TIME 91181.717673
91181.717247 DISPLAY_TEXT 120 39 1 She
91181.966012 CHEETAH_SIGNAL SENT_AFTER_TIME 91181.933802
91181.933408 DISPLAY_TEXT OFF
91182.283493 CHEETAH_SIGNAL SENT_AFTER_TIME 91182.251176
91182.250736 DISPLAY_TEXT 121 39 2 excercised.
91182.500075 CHEETAH_SIGNAL SENT_AFTER_TIME 91182.467734
91182.467302 DISPLAY_TEXT OFF
91183.516927 CHEETAH_SIGNAL SENT_AFTER_TIME 91183.484723
91183.484380 DISPLAY_TEXT 122 40 1 He
91183.733073 CHEETAH_SIGNAL SENT_AFTER_TIME 91183.700862
91183.700431 DISPLAY_TEXT OFF
91184.050300 CHEETAH_SIGNAL SENT_AFTER_TIME 91184.018116
91184.017684 DISPLAY_TEXT 123 40 2 cried.
91184.266964 CHEETAH_SIGNAL SENT_AFTER_TIME 91184.234656
91184.234227 DISPLAY_TEXT OFF
91185.282966 CHEETAH_SIGNAL SENT_AFTER_TIME 91185.250678
91185.250329 DISPLAY_TEXT 124 41 1 The
91185.500324 CHEETAH_SIGNAL SENT_AFTER_TIME 91185.468018
91185.467581 DISPLAY_TEXT OFF
91185.816377 CHEETAH_SIGNAL SENT_AFTER_TIME 91185.784166
91185.783738 DISPLAY_TEXT 125 41 2 boy
91186.033793 CHEETAH_SIGNAL SENT_AFTER_TIME 91186.001470
91186.001027 DISPLAY_TEXT OFF
91186.349987 CHEETAH_SIGNAL SENT_AFTER_TIME 91186.317779
91186.317348 DISPLAY_TEXT 126 41 3 sneezes.
91186.566599 CHEETAH_SIGNAL SENT_AFTER_TIME 91186.534352
91186.533909 DISPLAY_TEXT OFF
91187.583885 CHEETAH_SIGNAL SENT_AFTER_TIME 91187.551648
91187.551312 DISPLAY_TEXT 127 42 1 They
91187.800061 CHEETAH_SIGNAL SENT_AFTER_TIME 91187.767845
91187.767412 DISPLAY_TEXT OFF
91188.117360 CHEETAH_SIGNAL SENT_AFTER_TIME 91188.085100
91188.084753 DISPLAY_TEXT 128 42 2 winked.
91188.333779 CHEETAH_SIGNAL SENT_AFTER_TIME 91188.301560
91188.301225 DISPLAY_TEXT OFF
91189.351048 CHEETAH_SIGNAL SENT_AFTER_TIME 91189.318765
91189.318423 DISPLAY_TEXT 129 43 1 She
91189.567205 CHEETAH_SIGNAL SENT_AFTER_TIME 91189.534984
91189.534615 DISPLAY_TEXT OFF
91189.884597 CHEETAH_SIGNAL SENT_AFTER_TIME 91189.852335
91189.851967 DISPLAY_TEXT 130 43 2 remained.
91190.101113 CHEETAH_SIGNAL SENT_AFTER_TIME 91190.068921
91190.068554 DISPLAY_TEXT OFF
91191.117590 CHEETAH_SIGNAL SENT_AFTER_TIME 91191.085383
91191.085039 DISPLAY_TEXT 131 44 1 The
91191.335011 CHEETAH_SIGNAL SENT_AFTER_TIME 91191.302723
91191.302376 DISPLAY_TEXT OFF
91191.651087 CHEETAH_SIGNAL SENT_AFTER_TIME 91191.618856
91191.618514 DISPLAY_TEXT 132 44 2 salad
91191.868341 CHEETAH_SIGNAL SENT_AFTER_TIME 91191.836125
91191.835778 DISPLAY_TEXT OFF
91192.184713 CHEETAH_SIGNAL SENT_AFTER_TIME 91192.152419
91192.152077 DISPLAY_TEXT 133 44 3 is
91192.400887 CHEETAH_SIGNAL SENT_AFTER_TIME 91192.368533
91192.368188 DISPLAY_TEXT OFF
91192.640820 KEY_PRESS l
91192.718347 CHEETAH_SIGNAL SENT_AFTER_TIME 91192.686104
91192.685755 DISPLAY_TEXT 134 44 4 tasty.
91192.760821 KEY_PRESS l
91192.935254 CHEETAH_SIGNAL SENT_AFTER_TIME 91192.903106
91192.902762 DISPLAY_TEXT OFF
91193.951271 CHEETAH_SIGNAL SENT_AFTER_TIME 91193.919004
91193.918663 DISPLAY_TEXT 135 45 1 Whom
91194.168589 CHEETAH_SIGNAL SENT_AFTER_TIME 91194.136319
91194.135972 DISPLAY_TEXT OFF
91194.484795 CHEETAH_SIGNAL SENT_AFTER_TIME 91194.452524
91194.452182 DISPLAY_TEXT 136 45 2 does
91194.701976 CHEETAH_SIGNAL SENT_AFTER_TIME 91194.669822
91194.669475 DISPLAY_TEXT OFF
91195.018353 CHEETAH_SIGNAL SENT_AFTER_TIME 91194.986118
91194.985710 DISPLAY_TEXT 137 45 3 the
91195.234331 CHEETAH_SIGNAL SENT_AFTER_TIME 91195.202222
91195.201937 DISPLAY_TEXT OFF
91195.551762 CHEETAH_SIGNAL SENT_AFTER_TIME 91195.519592
91195.519246 DISPLAY_TEXT 138 45 4 boy
91195.767992 CHEETAH_SIGNAL SENT_AFTER_TIME 91195.735786
91195.735438 DISPLAY_TEXT OFF
91196.085458 CHEETAH_SIGNAL SENT_AFTER_TIME 91196.053310
91196.052963 DISPLAY_TEXT 139 45 5 tickle?
91196.302112 CHEETAH_SIGNAL SENT_AFTER_TIME 91196.269992
91196.269634 DISPLAY_TEXT OFF
91197.318431 CHEETAH_SIGNAL SENT_AFTER_TIME 91197.286225
91197.285877 DISPLAY_TEXT 140 46 1 They
91197.535814 CHEETAH_SIGNAL SENT_AFTER_TIME 91197.503583
91197.503224 DISPLAY_TEXT OFF
91197.851926 CHEETAH_SIGNAL SENT_AFTER_TIME 91197.819768
91197.819422 DISPLAY_TEXT 141 46 2 tickle
91198.069236 CHEETAH_SIGNAL SENT_AFTER_TIME 91198.037059
91198.036713 DISPLAY_TEXT OFF
91198.385463 CHEETAH_SIGNAL SENT_AFTER_TIME 91198.353308
91198.352960 DISPLAY_TEXT 142 46 3 the
91198.601685 CHEETAH_SIGNAL SENT_AFTER_TIME 91198.569453
91198.569109 DISPLAY_TEXT OFF
91198.918954 CHEETAH_SIGNAL SENT_AFTER_TIME 91198.886800
91198.886452 DISPLAY_TEXT 143 46 4 girl.
91199.135795 CHEETAH_SIGNAL SENT_AFTER_TIME 91199.103538
91199.103191 DISPLAY_TEXT OFF
91200.151885 CHEETAH_SIGNAL SENT_AFTER_TIME 91200.119678
91200.119334 DISPLAY_TEXT 144 47 1 She
91200.369142 CHEETAH_SIGNAL SENT_AFTER_TIME 91200.337003
91200.336660 DISPLAY_TEXT OFF
91200.685237 CHEETAH_SIGNAL SENT_AFTER_TIME 91200.653237
91200.652878 DISPLAY_TEXT 145 47 2 will
91200.902770 CHEETAH_SIGNAL SENT_AFTER_TIME 91200.870503
91200.870157 DISPLAY_TEXT OFF
91201.218863 CHEETAH_SIGNAL SENT_AFTER_TIME 91201.186705
91201.186363 DISPLAY_TEXT 146 47 3 sleep.
91201.435432 CHEETAH_SIGNAL SENT_AFTER_TIME 91201.403271
91201.402927 DISPLAY_TEXT OFF
91202.453451 CHEETAH_SIGNAL SENT_AFTER_TIME 91202.421241
91202.420803 DISPLAY_TEXT 147 48 1 She
91202.669629 CHEETAH_SIGNAL SENT_AFTER_TIME 91202.637381
91202.637032 DISPLAY_TEXT OFF
91202.985892 CHEETAH_SIGNAL SENT_AFTER_TIME 91202.953639
91202.953292 DISPLAY_TEXT 148 48 2 collapsed.
91203.202347 CHEETAH_SIGNAL SENT_AFTER_TIME 91203.170158
91203.169786 DISPLAY_TEXT OFF
91204.219706 CHEETAH_SIGNAL SENT_AFTER_TIME 91204.187493
91204.187148 DISPLAY_TEXT 149 49 1 The
91204.437131 CHEETAH_SIGNAL SENT_AFTER_TIME 91204.404868
91204.404439 DISPLAY_TEXT OFF
91204.753124 CHEETAH_SIGNAL SENT_AFTER_TIME 91204.720959
91204.720587 DISPLAY_TEXT 150 49 2 girl
91204.970014 CHEETAH_SIGNAL SENT_AFTER_TIME 91204.937810
91204.937464 DISPLAY_TEXT OFF
91205.286238 CHEETAH_SIGNAL SENT_AFTER_TIME 91205.254028
91205.253682 DISPLAY_TEXT 151 49 3 ate
91205.503415 CHEETAH_SIGNAL SENT_AFTER_TIME 91205.471252
91205.470905 DISPLAY_TEXT OFF
91205.819712 CHEETAH_SIGNAL SENT_AFTER_TIME 91205.787516
91205.787173 DISPLAY_TEXT 152 49 4 the
91206.037145 CHEETAH_SIGNAL SENT_AFTER_TIME 91206.004815
91206.004440 DISPLAY_TEXT OFF
91206.353268 CHEETAH_SIGNAL SENT_AFTER_TIME 91206.321007
91206.320600 DISPLAY_TEXT 153 49 5 salad.
91206.569776 CHEETAH_SIGNAL SENT_AFTER_TIME 91206.537528
91206.537156 DISPLAY_TEXT OFF
91206.952834 KEY_PRESS l
91207.064823 KEY_PRESS l
91207.586691 CHEETAH_SIGNAL SENT_AFTER_TIME 91207.554474
91207.554128 DISPLAY_TEXT 154 50 1 What
91207.804078 CHEETAH_SIGNAL SENT_AFTER_TIME 91207.771865
91207.771436 DISPLAY_TEXT OFF
91208.120025 CHEETAH_SIGNAL SENT_AFTER_TIME 91208.087869
91208.087534 DISPLAY_TEXT 155 50 2 did
91208.337337 CHEETAH_SIGNAL SENT_AFTER_TIME 91208.305270
91208.304827 DISPLAY_TEXT OFF
91208.653383 CHEETAH_SIGNAL SENT_AFTER_TIME 91208.621272
91208.620898 DISPLAY_TEXT 156 50 3 the
91208.870948 CHEETAH_SIGNAL SENT_AFTER_TIME 91208.838619
91208.838190 DISPLAY_TEXT OFF
91209.186906 CHEETAH_SIGNAL SENT_AFTER_TIME 91209.154693
91209.154322 DISPLAY_TEXT 157 50 4 girl
91209.404156 CHEETAH_SIGNAL SENT_AFTER_TIME 91209.371960
91209.371550 DISPLAY_TEXT OFF
91209.720346 CHEETAH_SIGNAL SENT_AFTER_TIME 91209.688182
91209.687750 DISPLAY_TEXT 158 50 5 kick?
91209.936936 CHEETAH_SIGNAL SENT_AFTER_TIME 91209.904709
91209.904332 DISPLAY_TEXT OFF
91210.954711 CHEETAH_SIGNAL SENT_AFTER_TIME 91210.922666
91210.922237 DISPLAY_TEXT 159 51 1 She
91211.171278 CHEETAH_SIGNAL SENT_AFTER_TIME 91211.139038
91211.138607 DISPLAY_TEXT OFF
91211.487333 CHEETAH_SIGNAL SENT_AFTER_TIME 91211.455168
91211.454737 DISPLAY_TEXT 160 51 2 smelled
91211.704549 CHEETAH_SIGNAL SENT_AFTER_TIME 91211.672332
91211.671906 DISPLAY_TEXT OFF
91212.020711 CHEETAH_SIGNAL SENT_AFTER_TIME 91211.988535
91211.988106 DISPLAY_TEXT 161 51 3 it
91212.238082 CHEETAH_SIGNAL SENT_AFTER_TIME 91212.205864
91212.205426 DISPLAY_TEXT OFF
91212.554270 CHEETAH_SIGNAL SENT_AFTER_TIME 91212.521972
91212.521533 DISPLAY_TEXT 162 51 4 burn.
91212.771248 CHEETAH_SIGNAL SENT_AFTER_TIME 91212.739019
91212.738591 DISPLAY_TEXT OFF
91213.788075 CHEETAH_SIGNAL SENT_AFTER_TIME 91213.755933
91213.755506 DISPLAY_TEXT 163 52 1 He
91214.004259 CHEETAH_SIGNAL SENT_AFTER_TIME 91213.972007
91213.971633 DISPLAY_TEXT OFF
91214.321748 CHEETAH_SIGNAL SENT_AFTER_TIME 91214.289491
91214.289055 DISPLAY_TEXT 164 52 2 disappeared.
91214.538291 CHEETAH_SIGNAL SENT_AFTER_TIME 91214.506015
91214.505573 DISPLAY_TEXT OFF
91215.555030 CHEETAH_SIGNAL SENT_AFTER_TIME 91215.522816
91215.522373 DISPLAY_TEXT 165 53 1 They
91215.771723 CHEETAH_SIGNAL SENT_AFTER_TIME 91215.739596
91215.739167 DISPLAY_TEXT OFF
91216.088011 CHEETAH_SIGNAL SENT_AFTER_TIME 91216.055769
91216.055343 DISPLAY_TEXT 166 53 2 heard
91216.305170 CHEETAH_SIGNAL SENT_AFTER_TIME 91216.272867
91216.272442 DISPLAY_TEXT OFF
91216.621838 CHEETAH_SIGNAL SENT_AFTER_TIME 91216.589608
91216.589183 DISPLAY_TEXT 167 53 3 her
91216.838459 CHEETAH_SIGNAL SENT_AFTER_TIME 91216.806258
91216.805830 DISPLAY_TEXT OFF
91217.155051 CHEETAH_SIGNAL SENT_AFTER_TIME 91217.122863
91217.122433 DISPLAY_TEXT 168 53 4 coughing.
91217.371639 CHEETAH_SIGNAL SENT_AFTER_TIME 91217.339341
91217.338911 DISPLAY_TEXT OFF
91218.388527 CHEETAH_SIGNAL SENT_AFTER_TIME 91218.356274
91218.355832 DISPLAY_TEXT 169 54 1 She
91218.605154 CHEETAH_SIGNAL SENT_AFTER_TIME 91218.572889
91218.572464 DISPLAY_TEXT OFF
91218.922474 CHEETAH_SIGNAL SENT_AFTER_TIME 91218.890224
91218.889785 DISPLAY_TEXT 170 54 2 smiled.
91219.138450 CHEETAH_SIGNAL SENT_AFTER_TIME 91219.106264
91219.105833 DISPLAY_TEXT OFF
91220.156318 CHEETAH_SIGNAL SENT_AFTER_TIME 91220.124105
91220.123696 DISPLAY_TEXT 171 55 1 The
91220.373104 CHEETAH_SIGNAL SENT_AFTER_TIME 91220.340873
91220.340419 DISPLAY_TEXT OFF
91220.689611 CHEETAH_SIGNAL SENT_AFTER_TIME 91220.657392
91220.657054 DISPLAY_TEXT 172 55 2 girls
91220.906307 CHEETAH_SIGNAL SENT_AFTER_TIME 91220.874089
91220.873733 DISPLAY_TEXT OFF
91221.223101 CHEETAH_SIGNAL SENT_AFTER_TIME 91221.190849
91221.190420 DISPLAY_TEXT 173 55 3 cough.
91221.439908 CHEETAH_SIGNAL SENT_AFTER_TIME 91221.407677
91221.407239 DISPLAY_TEXT OFF
91222.456336 CHEETAH_SIGNAL SENT_AFTER_TIME 91222.424097
91222.423689 DISPLAY_TEXT 174 56 1 We
91222.673147 CHEETAH_SIGNAL SENT_AFTER_TIME 91222.640844
91222.640407 DISPLAY_TEXT OFF
91222.989853 CHEETAH_SIGNAL SENT_AFTER_TIME 91222.957530
91222.957090 DISPLAY_TEXT 175 56 2 revealed
91223.206246 CHEETAH_SIGNAL SENT_AFTER_TIME 91223.174028
91223.173619 DISPLAY_TEXT OFF
91223.523515 CHEETAH_SIGNAL SENT_AFTER_TIME 91223.491260
91223.490832 DISPLAY_TEXT 176 56 3 that
91223.739736 CHEETAH_SIGNAL SENT_AFTER_TIME 91223.707451
91223.707012 DISPLAY_TEXT OFF
91224.056900 CHEETAH_SIGNAL SENT_AFTER_TIME 91224.024642
91224.024233 DISPLAY_TEXT 177 56 4 she
91224.273007 CHEETAH_SIGNAL SENT_AFTER_TIME 91224.240775
91224.240429 DISPLAY_TEXT OFF
91224.590390 CHEETAH_SIGNAL SENT_AFTER_TIME 91224.558193
91224.557764 DISPLAY_TEXT 178 56 5 jumps.
91224.806507 CHEETAH_SIGNAL SENT_AFTER_TIME 91224.774260
91224.773852 DISPLAY_TEXT OFF
91225.823504 CHEETAH_SIGNAL SENT_AFTER_TIME 91225.791321
91225.790891 DISPLAY_TEXT 179 57 1 Who
91226.039772 CHEETAH_SIGNAL SENT_AFTER_TIME 91226.007481
91226.007055 DISPLAY_TEXT OFF
91226.356985 CHEETAH_SIGNAL SENT_AFTER_TIME 91226.324718
91226.324291 DISPLAY_TEXT 180 57 2 eats
91226.573146 CHEETAH_SIGNAL SENT_AFTER_TIME 91226.540879
91226.540451 DISPLAY_TEXT OFF
91226.890401 CHEETAH_SIGNAL SENT_AFTER_TIME 91226.858129
91226.857688 DISPLAY_TEXT 181 57 3 the
91227.106302 CHEETAH_SIGNAL SENT_AFTER_TIME 91227.074128
91227.073702 DISPLAY_TEXT OFF
91227.423623 CHEETAH_SIGNAL SENT_AFTER_TIME 91227.391412
91227.390980 DISPLAY_TEXT 182 57 4 salad?
91227.640128 CHEETAH_SIGNAL SENT_AFTER_TIME 91227.607935
91227.607507 DISPLAY_TEXT OFF
91227.880796 KEY_PRESS l
91228.024820 KEY_PRESS l
91228.657568 CHEETAH_SIGNAL SENT_AFTER_TIME 91228.625371
91228.624962 DISPLAY_TEXT 183 58 1 He
91228.873772 CHEETAH_SIGNAL SENT_AFTER_TIME 91228.841557
91228.841126 DISPLAY_TEXT OFF
91229.191034 CHEETAH_SIGNAL SENT_AFTER_TIME 91229.158822
91229.158470 DISPLAY_TEXT 184 58 2 laughs.
91229.406600 CHEETAH_SIGNAL SENT_AFTER_TIME 91229.374440
91229.374030 DISPLAY_TEXT OFF
91230.424590 CHEETAH_SIGNAL SENT_AFTER_TIME 91230.392397
91230.391965 DISPLAY_TEXT 185 59 1 Who
91230.640778 CHEETAH_SIGNAL SENT_AFTER_TIME 91230.608575
91230.608148 DISPLAY_TEXT OFF
91230.956838 CHEETAH_SIGNAL SENT_AFTER_TIME 91230.924661
91230.924255 DISPLAY_TEXT 186 59 2 arrives?
91231.174566 CHEETAH_SIGNAL SENT_AFTER_TIME 91231.142416
91231.141988 DISPLAY_TEXT OFF
91232.191718 CHEETAH_SIGNAL SENT_AFTER_TIME 91232.159285
91232.158939 DISPLAY_TEXT 187 60 1 The
91232.407674 CHEETAH_SIGNAL SENT_AFTER_TIME 91232.375450
91232.375023 DISPLAY_TEXT OFF
91232.725015 CHEETAH_SIGNAL SENT_AFTER_TIME 91232.692743
91232.692317 DISPLAY_TEXT 188 60 2 boy
91232.941151 CHEETAH_SIGNAL SENT_AFTER_TIME 91232.908908
91232.908480 DISPLAY_TEXT OFF
91233.258439 CHEETAH_SIGNAL SENT_AFTER_TIME 91233.226199
91233.225773 DISPLAY_TEXT 189 60 3 smelled
91233.474650 CHEETAH_SIGNAL SENT_AFTER_TIME 91233.442371
91233.441933 DISPLAY_TEXT OFF
91233.791953 CHEETAH_SIGNAL SENT_AFTER_TIME 91233.759644
91233.759206 DISPLAY_TEXT 190 60 4 the
91234.007888 CHEETAH_SIGNAL SENT_AFTER_TIME 91233.975746
91233.975313 DISPLAY_TEXT OFF
91234.325312 CHEETAH_SIGNAL SENT_AFTER_TIME 91234.293057
91234.292623 DISPLAY_TEXT 191 60 5 flowers.
91234.540946 CHEETAH_SIGNAL SENT_AFTER_TIME 91234.508637
91234.508205 DISPLAY_TEXT OFF
91235.558005 CHEETAH_SIGNAL SENT_AFTER_TIME 91235.526018
91235.525586 DISPLAY_TEXT 192 61 1 Who
91235.775502 CHEETAH_SIGNAL SENT_AFTER_TIME 91235.743291
91235.742862 DISPLAY_TEXT OFF
91236.091703 CHEETAH_SIGNAL SENT_AFTER_TIME 91236.059454
91236.059013 DISPLAY_TEXT 193 61 2 tickles
91236.308879 CHEETAH_SIGNAL SENT_AFTER_TIME 91236.276654
91236.276222 DISPLAY_TEXT OFF
91236.625028 CHEETAH_SIGNAL SENT_AFTER_TIME 91236.592831
91236.592402 DISPLAY_TEXT 194 61 3 the
91236.841362 CHEETAH_SIGNAL SENT_AFTER_TIME 91236.809194
91236.808763 DISPLAY_TEXT OFF
91237.158655 CHEETAH_SIGNAL SENT_AFTER_TIME 91237.126559
91237.126132 DISPLAY_TEXT 195 61 4 girl?
91237.375285 CHEETAH_SIGNAL SENT_AFTER_TIME 91237.343082
91237.342649 DISPLAY_TEXT OFF
91238.391887 CHEETAH_SIGNAL SENT_AFTER_TIME 91238.359671
91238.359245 DISPLAY_TEXT 196 62 1 What
91238.608735 CHEETAH_SIGNAL SENT_AFTER_TIME 91238.576537
91238.576129 DISPLAY_TEXT OFF
91238.924909 CHEETAH_SIGNAL SENT_AFTER_TIME 91238.892719
91238.892285 DISPLAY_TEXT 197 62 2 will
91239.142156 CHEETAH_SIGNAL SENT_AFTER_TIME 91239.109986
91239.109546 DISPLAY_TEXT OFF
91239.458263 CHEETAH_SIGNAL SENT_AFTER_TIME 91239.426054
91239.425645 DISPLAY_TEXT 198 62 3 the
91239.675507 CHEETAH_SIGNAL SENT_AFTER_TIME 91239.643380
91239.642953 DISPLAY_TEXT OFF
91239.992947 CHEETAH_SIGNAL SENT_AFTER_TIME 91239.960620
91239.960271 DISPLAY_TEXT 199 62 4 girl
91240.208951 CHEETAH_SIGNAL SENT_AFTER_TIME 91240.176614
91240.176177 DISPLAY_TEXT OFF
91240.526114 CHEETAH_SIGNAL SENT_AFTER_TIME 91240.493894
91240.493466 DISPLAY_TEXT 200 62 5 kick?
91240.742607 CHEETAH_SIGNAL SENT_AFTER_TIME 91240.710413
91240.709988 DISPLAY_TEXT OFF
91241.759195 CHEETAH_SIGNAL SENT_AFTER_TIME 91241.726961
91241.726533 DISPLAY_TEXT 201 63 1 He
91241.976465 CHEETAH_SIGNAL SENT_AFTER_TIME 91241.944246
91241.943818 DISPLAY_TEXT OFF
91242.292577 CHEETAH_SIGNAL SENT_AFTER_TIME 91242.260323
91242.259897 DISPLAY_TEXT 202 63 2 sneezes.
91242.509195 CHEETAH_SIGNAL SENT_AFTER_TIME 91242.476965
91242.476521 DISPLAY_TEXT OFF
91243.526372 CHEETAH_SIGNAL SENT_AFTER_TIME 91243.494194
91243.493764 DISPLAY_TEXT 203 64 1 Who
91243.743364 CHEETAH_SIGNAL SENT_AFTER_TIME 91243.711161
91243.710721 DISPLAY_TEXT OFF
91244.059840 CHEETAH_SIGNAL SENT_AFTER_TIME 91244.027538
91244.027108 DISPLAY_TEXT 204 64 2 remains?
91244.276271 CHEETAH_SIGNAL SENT_AFTER_TIME 91244.244037
91244.243584 DISPLAY_TEXT OFF
91245.293518 CHEETAH_SIGNAL SENT_AFTER_TIME 91245.261300
91245.260876 DISPLAY_TEXT 205 65 1 They
91245.509867 CHEETAH_SIGNAL SENT_AFTER_TIME 91245.477618
91245.477189 DISPLAY_TEXT OFF
91245.827037 CHEETAH_SIGNAL SENT_AFTER_TIME 91245.794782
91245.794353 DISPLAY_TEXT 206 65 2 found
91246.042757 CHEETAH_SIGNAL SENT_AFTER_TIME 91246.010682
91246.010335 DISPLAY_TEXT OFF
91246.360177 CHEETAH_SIGNAL SENT_AFTER_TIME 91246.327966
91246.327559 DISPLAY_TEXT 207 65 3 the
91246.576286 CHEETAH_SIGNAL SENT_AFTER_TIME 91246.544110
91246.543761 DISPLAY_TEXT OFF
91246.893782 CHEETAH_SIGNAL SENT_AFTER_TIME 91246.861516
91246.861079 DISPLAY_TEXT 208 65 4 bikes.
91247.110171 CHEETAH_SIGNAL SENT_AFTER_TIME 91247.077962
91247.077533 DISPLAY_TEXT OFF
91248.127612 CHEETAH_SIGNAL SENT_AFTER_TIME 91248.095397
91248.094968 DISPLAY_TEXT 209 66 1 They
91248.343806 CHEETAH_SIGNAL SENT_AFTER_TIME 91248.311552
91248.311123 DISPLAY_TEXT OFF
91248.659909 CHEETAH_SIGNAL SENT_AFTER_TIME 91248.627691
91248.627261 DISPLAY_TEXT 210 66 2 appeared.
91248.877562 CHEETAH_SIGNAL SENT_AFTER_TIME 91248.845350
91248.844909 DISPLAY_TEXT OFF
91249.893712 CHEETAH_SIGNAL SENT_AFTER_TIME 91249.861476
91249.861028 DISPLAY_TEXT 211 67 1 They
91250.110983 CHEETAH_SIGNAL SENT_AFTER_TIME 91250.078728
91250.078286 DISPLAY_TEXT OFF
91250.427124 CHEETAH_SIGNAL SENT_AFTER_TIME 91250.394884
91250.394454 DISPLAY_TEXT 212 67 2 appear.
91250.643660 CHEETAH_SIGNAL SENT_AFTER_TIME 91250.611467
91250.611038 DISPLAY_TEXT OFF
91251.660998 CHEETAH_SIGNAL SENT_AFTER_TIME 91251.628763
91251.628354 DISPLAY_TEXT 213 68 1 He
91251.877144 CHEETAH_SIGNAL SENT_AFTER_TIME 91251.844939
91251.844511 DISPLAY_TEXT OFF
91252.194138 CHEETAH_SIGNAL SENT_AFTER_TIME 91252.161970
91252.161542 DISPLAY_TEXT 214 68 2 crawled.
91252.410643 CHEETAH_SIGNAL SENT_AFTER_TIME 91252.378450
91252.378041 DISPLAY_TEXT OFF
91253.427986 CHEETAH_SIGNAL SENT_AFTER_TIME 91253.395766
91253.395336 DISPLAY_TEXT 215 69 1 The
91253.644216 CHEETAH_SIGNAL SENT_AFTER_TIME 91253.611974
91253.611543 DISPLAY_TEXT OFF
91253.961451 CHEETAH_SIGNAL SENT_AFTER_TIME 91253.929183
91253.928772 DISPLAY_TEXT 216 69 2 boy
91254.177645 CHEETAH_SIGNAL SENT_AFTER_TIME 91254.145363
91254.144922 DISPLAY_TEXT OFF
91254.494928 CHEETAH_SIGNAL SENT_AFTER_TIME 91254.462688
91254.462260 DISPLAY_TEXT 217 69 3 jumped.
91254.711309 CHEETAH_SIGNAL SENT_AFTER_TIME 91254.679031
91254.678600 DISPLAY_TEXT OFF
91255.727926 CHEETAH_SIGNAL SENT_AFTER_TIME 91255.695755
91255.695324 DISPLAY_TEXT 218 70 1 She
91255.945388 CHEETAH_SIGNAL SENT_AFTER_TIME 91255.913137
91255.912707 DISPLAY_TEXT OFF
91256.261407 CHEETAH_SIGNAL SENT_AFTER_TIME 91256.229205
91256.228795 DISPLAY_TEXT 219 70 2 jumps.
91256.478008 CHEETAH_SIGNAL SENT_AFTER_TIME 91256.445816
91256.445387 DISPLAY_TEXT OFF
91257.494827 CHEETAH_SIGNAL SENT_AFTER_TIME 91257.462571
91257.462129 DISPLAY_TEXT 220 71 1 Who
91257.712061 CHEETAH_SIGNAL SENT_AFTER_TIME 91257.679833
91257.679402 DISPLAY_TEXT OFF
91258.028272 CHEETAH_SIGNAL SENT_AFTER_TIME 91257.996022
91257.995593 DISPLAY_TEXT 221 71 2 coughed?
91258.244900 CHEETAH_SIGNAL SENT_AFTER_TIME 91258.212665
91258.212228 DISPLAY_TEXT OFF
91259.262069 CHEETAH_SIGNAL SENT_AFTER_TIME 91259.229792
91259.229351 DISPLAY_TEXT 222 72 1 The
91259.479342 CHEETAH_SIGNAL SENT_AFTER_TIME 91259.447056
91259.446613 DISPLAY_TEXT OFF
91259.795500 CHEETAH_SIGNAL SENT_AFTER_TIME 91259.763246
91259.762792 DISPLAY_TEXT 223 72 2 girls
91260.012576 CHEETAH_SIGNAL SENT_AFTER_TIME 91259.980424
91259.980011 DISPLAY_TEXT OFF
91260.328869 CHEETAH_SIGNAL SENT_AFTER_TIME 91260.296640
91260.296213 DISPLAY_TEXT 224 72 3 found
91260.546163 CHEETAH_SIGNAL SENT_AFTER_TIME 91260.513949
91260.513504 DISPLAY_TEXT OFF
91260.862257 CHEETAH_SIGNAL SENT_AFTER_TIME 91260.830026
91260.829617 DISPLAY_TEXT 225 72 4 the
91261.079544 CHEETAH_SIGNAL SENT_AFTER_TIME 91261.047287
91261.046860 DISPLAY_TEXT OFF
91261.395707 CHEETAH_SIGNAL SENT_AFTER_TIME 91261.363473
91261.363045 DISPLAY_TEXT 226 72 5 bikes.
91261.612188 CHEETAH_SIGNAL SENT_AFTER_TIME 91261.579959
91261.579532 DISPLAY_TEXT OFF
91262.629375 CHEETAH_SIGNAL SENT_AFTER_TIME 91262.597138
91262.596702 DISPLAY_TEXT 227 73 1 She
91262.846664 CHEETAH_SIGNAL SENT_AFTER_TIME 91262.814417
91262.813989 DISPLAY_TEXT OFF
91263.162701 CHEETAH_SIGNAL SENT_AFTER_TIME 91263.130459
91263.130114 DISPLAY_TEXT 228 73 2 heard
91263.379009 CHEETAH_SIGNAL SENT_AFTER_TIME 91263.346751
91263.346319 DISPLAY_TEXT OFF
91263.696531 CHEETAH_SIGNAL SENT_AFTER_TIME 91263.664316
91263.663889 DISPLAY_TEXT 229 73 3 them
91263.912714 CHEETAH_SIGNAL SENT_AFTER_TIME 91263.880459
91263.879981 DISPLAY_TEXT OFF
91264.229929 CHEETAH_SIGNAL SENT_AFTER_TIME 91264.197697
91264.197268 DISPLAY_TEXT 230 73 4 crying.
91264.446541 CHEETAH_SIGNAL SENT_AFTER_TIME 91264.414262
91264.413831 DISPLAY_TEXT OFF
91265.462578 CHEETAH_SIGNAL SENT_AFTER_TIME 91265.430367
91265.429938 DISPLAY_TEXT 231 74 1 She
91265.680011 CHEETAH_SIGNAL SENT_AFTER_TIME 91265.647673
91265.647244 DISPLAY_TEXT OFF
91265.996165 CHEETAH_SIGNAL SENT_AFTER_TIME 91265.963850
91265.963423 DISPLAY_TEXT 232 74 2 eats
91266.213326 CHEETAH_SIGNAL SENT_AFTER_TIME 91266.181093
91266.180663 DISPLAY_TEXT OFF
91266.529489 CHEETAH_SIGNAL SENT_AFTER_TIME 91266.497223
91266.496876 DISPLAY_TEXT 233 74 3 the
91266.746828 CHEETAH_SIGNAL SENT_AFTER_TIME 91266.714620
91266.714194 DISPLAY_TEXT OFF
91267.062824 CHEETAH_SIGNAL SENT_AFTER_TIME 91267.030688
91267.030277 DISPLAY_TEXT 234 74 4 salad.
91267.280664 CHEETAH_SIGNAL SENT_AFTER_TIME 91267.248444
91267.248004 DISPLAY_TEXT OFF
91267.712827 KEY_PRESS l
91267.824758 KEY_PRESS l
91268.296996 CHEETAH_SIGNAL SENT_AFTER_TIME 91268.264648
91268.264210 DISPLAY_TEXT 235 75 1 He
91268.514240 CHEETAH_SIGNAL SENT_AFTER_TIME 91268.481913
91268.481460 DISPLAY_TEXT OFF
91268.830454 CHEETAH_SIGNAL SENT_AFTER_TIME 91268.798145
91268.797704 DISPLAY_TEXT 236 75 2 falls.
91269.047025 CHEETAH_SIGNAL SENT_AFTER_TIME 91269.014696
91269.014242 DISPLAY_TEXT OFF
91270.063519 CHEETAH_SIGNAL SENT_AFTER_TIME 91270.031300
91270.030872 DISPLAY_TEXT 237 76 1 The
91270.280853 CHEETAH_SIGNAL SENT_AFTER_TIME 91270.248618
91270.248186 DISPLAY_TEXT OFF
91270.597032 CHEETAH_SIGNAL SENT_AFTER_TIME 91270.564783
91270.564355 DISPLAY_TEXT 238 76 2 girl
91270.814200 CHEETAH_SIGNAL SENT_AFTER_TIME 91270.781978
91270.781633 DISPLAY_TEXT OFF
91271.130541 CHEETAH_SIGNAL SENT_AFTER_TIME 91271.098245
91271.097812 DISPLAY_TEXT 239 76 3 disappears.
91271.347042 CHEETAH_SIGNAL SENT_AFTER_TIME 91271.314766
91271.314326 DISPLAY_TEXT OFF
91272.364279 CHEETAH_SIGNAL SENT_AFTER_TIME 91272.331947
91272.331598 DISPLAY_TEXT 240 77 1 Who
91272.581497 CHEETAH_SIGNAL SENT_AFTER_TIME 91272.549302
91272.548875 DISPLAY_TEXT OFF
91272.897655 CHEETAH_SIGNAL SENT_AFTER_TIME 91272.865438
91272.865010 DISPLAY_TEXT 241 77 2 heard
91273.113768 CHEETAH_SIGNAL SENT_AFTER_TIME 91273.081530
91273.081184 DISPLAY_TEXT OFF
91273.431214 CHEETAH_SIGNAL SENT_AFTER_TIME 91273.398932
91273.398493 DISPLAY_TEXT 242 77 3 the
91273.647313 CHEETAH_SIGNAL SENT_AFTER_TIME 91273.615087
91273.614659 DISPLAY_TEXT OFF
91273.964544 CHEETAH_SIGNAL SENT_AFTER_TIME 91273.932305
91273.931875 DISPLAY_TEXT 243 77 4 men?
91274.181072 CHEETAH_SIGNAL SENT_AFTER_TIME 91274.148806
91274.148372 DISPLAY_TEXT OFF
91275.197822 CHEETAH_SIGNAL SENT_AFTER_TIME 91275.165513
91275.165086 DISPLAY_TEXT 244 78 1 She
91275.414479 CHEETAH_SIGNAL SENT_AFTER_TIME 91275.382211
91275.381781 DISPLAY_TEXT OFF
91275.731764 CHEETAH_SIGNAL SENT_AFTER_TIME 91275.699481
91275.699052 DISPLAY_TEXT 245 78 2 saw
91275.947855 CHEETAH_SIGNAL SENT_AFTER_TIME 91275.915636
91275.915293 DISPLAY_TEXT OFF
91276.265190 CHEETAH_SIGNAL SENT_AFTER_TIME 91276.232954
91276.232524 DISPLAY_TEXT 246 78 3 that
91276.481292 CHEETAH_SIGNAL SENT_AFTER_TIME 91276.449049
91276.448706 DISPLAY_TEXT OFF
91276.798713 CHEETAH_SIGNAL SENT_AFTER_TIME 91276.766465
91276.766030 DISPLAY_TEXT 247 78 4 he
91277.014823 CHEETAH_SIGNAL SENT_AFTER_TIME 91276.982529
91276.982102 DISPLAY_TEXT OFF
91277.332056 CHEETAH_SIGNAL SENT_AFTER_TIME 91277.299844
91277.299415 DISPLAY_TEXT 248 78 5 crawled.
91277.548684 CHEETAH_SIGNAL SENT_AFTER_TIME 91277.516411
91277.515983 DISPLAY_TEXT OFF
91278.565329 CHEETAH_SIGNAL SENT_AFTER_TIME 91278.533080
91278.532648 DISPLAY_TEXT 249 79 1 The
91278.781366 CHEETAH_SIGNAL SENT_AFTER_TIME 91278.749117
91278.748767 DISPLAY_TEXT OFF
91279.098693 CHEETAH_SIGNAL SENT_AFTER_TIME 91279.066477
91279.066036 DISPLAY_TEXT 250 79 2 boy
91279.314955 CHEETAH_SIGNAL SENT_AFTER_TIME 91279.282605
91279.282164 DISPLAY_TEXT OFF
91279.631589 CHEETAH_SIGNAL SENT_AFTER_TIME 91279.599306
91279.598868 DISPLAY_TEXT 251 79 3 collapses.
91279.849310 CHEETAH_SIGNAL SENT_AFTER_TIME 91279.817038
91279.816593 DISPLAY_TEXT OFF
91280.866115 CHEETAH_SIGNAL SENT_AFTER_TIME 91280.833861
91280.833451 DISPLAY_TEXT 252 80 1 She
91281.082256 CHEETAH_SIGNAL SENT_AFTER_TIME 91281.050021
91281.049592 DISPLAY_TEXT OFF
91281.399512 CHEETAH_SIGNAL SENT_AFTER_TIME 91281.367254
91281.366824 DISPLAY_TEXT 253 80 2 crawls.
91281.616042 CHEETAH_SIGNAL SENT_AFTER_TIME 91281.583760
91281.583332 DISPLAY_TEXT OFF
91282.632243 CHEETAH_SIGNAL SENT_AFTER_TIME 91282.599967
91282.599607 DISPLAY_TEXT 254 81 1 The
91282.849582 CHEETAH_SIGNAL SENT_AFTER_TIME 91282.817327
91282.816894 DISPLAY_TEXT OFF
91283.165599 CHEETAH_SIGNAL SENT_AFTER_TIME 91283.133407
91283.132978 DISPLAY_TEXT 255 81 2 actors
91283.382929 CHEETAH_SIGNAL SENT_AFTER_TIME 91283.350685
91283.350256 DISPLAY_TEXT OFF
91283.699118 CHEETAH_SIGNAL SENT_AFTER_TIME 91283.666878
91283.666430 DISPLAY_TEXT 256 81 3 will
91283.916417 CHEETAH_SIGNAL SENT_AFTER_TIME 91283.884109
91283.883672 DISPLAY_TEXT OFF
91284.232514 CHEETAH_SIGNAL SENT_AFTER_TIME 91284.200279
91284.199833 DISPLAY_TEXT 257 81 4 snore.
91284.450124 CHEETAH_SIGNAL SENT_AFTER_TIME 91284.417852
91284.417429 DISPLAY_TEXT OFF
91285.466553 CHEETAH_SIGNAL SENT_AFTER_TIME 91285.434274
91285.433929 DISPLAY_TEXT 258 82 1 The
91285.682804 CHEETAH_SIGNAL SENT_AFTER_TIME 91285.650517
91285.650085 DISPLAY_TEXT OFF
91286.000082 CHEETAH_SIGNAL SENT_AFTER_TIME 91285.967803
91285.967375 DISPLAY_TEXT 259 82 2 boy
91286.216193 CHEETAH_SIGNAL SENT_AFTER_TIME 91286.183949
91286.183511 DISPLAY_TEXT OFF
91286.533439 CHEETAH_SIGNAL SENT_AFTER_TIME 91286.501216
91286.500787 DISPLAY_TEXT 260 82 3 will
91286.749628 CHEETAH_SIGNAL SENT_AFTER_TIME 91286.717391
91286.716961 DISPLAY_TEXT OFF
91287.066933 CHEETAH_SIGNAL SENT_AFTER_TIME 91287.034630
91287.034201 DISPLAY_TEXT 261 82 4 sing.
91287.283703 CHEETAH_SIGNAL SENT_AFTER_TIME 91287.251421
91287.250995 DISPLAY_TEXT OFF
91288.300414 CHEETAH_SIGNAL SENT_AFTER_TIME 91288.268131
91288.267796 DISPLAY_TEXT 262 83 1 What
91288.516411 CHEETAH_SIGNAL SENT_AFTER_TIME 91288.484208
91288.483777 DISPLAY_TEXT OFF
91288.833742 CHEETAH_SIGNAL SENT_AFTER_TIME 91288.801491
91288.801048 DISPLAY_TEXT 263 83 2 will
91289.050848 CHEETAH_SIGNAL SENT_AFTER_TIME 91289.018567
91289.018196 DISPLAY_TEXT OFF
91289.367082 CHEETAH_SIGNAL SENT_AFTER_TIME 91289.334758
91289.334326 DISPLAY_TEXT 264 83 3 the
91289.584273 CHEETAH_SIGNAL SENT_AFTER_TIME 91289.551934
91289.551560 DISPLAY_TEXT OFF
91289.900445 CHEETAH_SIGNAL SENT_AFTER_TIME 91289.868145
91289.867693 DISPLAY_TEXT 265 83 4 girl
91290.117384 CHEETAH_SIGNAL SENT_AFTER_TIME 91290.085188
91290.084821 DISPLAY_TEXT OFF
91290.433514 CHEETAH_SIGNAL SENT_AFTER_TIME 91290.401252
91290.400912 DISPLAY_TEXT 266 83 5 eat?
91290.650411 CHEETAH_SIGNAL SENT_AFTER_TIME 91290.618078
91290.617701 DISPLAY_TEXT OFF
91291.667626 CHEETAH_SIGNAL SENT_AFTER_TIME 91291.635310
91291.634966 DISPLAY_TEXT 267 84 1 The
91291.883815 CHEETAH_SIGNAL SENT_AFTER_TIME 91291.851534
91291.851096 DISPLAY_TEXT OFF
91292.200886 CHEETAH_SIGNAL SENT_AFTER_TIME 91292.168665
91292.168324 DISPLAY_TEXT 268 84 2 girl
91292.417131 CHEETAH_SIGNAL SENT_AFTER_TIME 91292.384824
91292.384391 DISPLAY_TEXT OFF
91292.734262 CHEETAH_SIGNAL SENT_AFTER_TIME 91292.702018
91292.701649 DISPLAY_TEXT 269 84 3 smiled.
91292.950867 CHEETAH_SIGNAL SENT_AFTER_TIME 91292.918612
91292.918270 DISPLAY_TEXT OFF
91293.967578 CHEETAH_SIGNAL SENT_AFTER_TIME 91293.935305
91293.934966 DISPLAY_TEXT 270 85 1 The
91294.184882 CHEETAH_SIGNAL SENT_AFTER_TIME 91294.152604
91294.152269 DISPLAY_TEXT OFF
91294.501713 CHEETAH_SIGNAL SENT_AFTER_TIME 91294.469443
91294.469096 DISPLAY_TEXT 271 85 2 cook
91294.717821 CHEETAH_SIGNAL SENT_AFTER_TIME 91294.685563
91294.685219 DISPLAY_TEXT OFF
91295.035173 CHEETAH_SIGNAL SENT_AFTER_TIME 91295.002880
91295.002536 DISPLAY_TEXT 272 85 3 prepared
91295.251398 CHEETAH_SIGNAL SENT_AFTER_TIME 91295.219105
91295.218761 DISPLAY_TEXT OFF
91295.567549 CHEETAH_SIGNAL SENT_AFTER_TIME 91295.535282
91295.534855 DISPLAY_TEXT 273 85 4 the
91295.784869 CHEETAH_SIGNAL SENT_AFTER_TIME 91295.752587
91295.752242 DISPLAY_TEXT OFF
91296.101077 CHEETAH_SIGNAL SENT_AFTER_TIME 91296.068847
91296.068437 DISPLAY_TEXT 274 85 5 meal.
91296.318574 CHEETAH_SIGNAL SENT_AFTER_TIME 91296.286407
91296.286059 DISPLAY_TEXT OFF
91297.334473 CHEETAH_SIGNAL SENT_AFTER_TIME 91297.302462
91297.302173 DISPLAY_TEXT 275 86 1 What
91297.552029 CHEETAH_SIGNAL SENT_AFTER_TIME 91297.519833
91297.519487 DISPLAY_TEXT OFF
91297.868226 CHEETAH_SIGNAL SENT_AFTER_TIME 91297.836009
91297.835663 DISPLAY_TEXT 276 86 2 does
91298.085473 CHEETAH_SIGNAL SENT_AFTER_TIME 91298.053324
91298.052980 DISPLAY_TEXT OFF
91298.401789 CHEETAH_SIGNAL SENT_AFTER_TIME 91298.369540
91298.369192 DISPLAY_TEXT 277 86 3 the
91298.618115 CHEETAH_SIGNAL SENT_AFTER_TIME 91298.585879
91298.585545 DISPLAY_TEXT OFF
91298.935294 CHEETAH_SIGNAL SENT_AFTER_TIME 91298.903227
91298.902881 DISPLAY_TEXT 278 86 4 girl
91299.152358 CHEETAH_SIGNAL SENT_AFTER_TIME 91299.120125
91299.119779 DISPLAY_TEXT OFF
91299.468607 CHEETAH_SIGNAL SENT_AFTER_TIME 91299.436289
91299.435943 DISPLAY_TEXT 279 86 5 eat?
91299.685024 CHEETAH_SIGNAL SENT_AFTER_TIME 91299.652754
91299.652410 DISPLAY_TEXT OFF
91300.701867 CHEETAH_SIGNAL SENT_AFTER_TIME 91300.669596
91300.669250 DISPLAY_TEXT 280 87 1 Who
91300.919154 CHEETAH_SIGNAL SENT_AFTER_TIME 91300.886910
91300.886562 DISPLAY_TEXT OFF
91301.235285 CHEETAH_SIGNAL SENT_AFTER_TIME 91301.203100
91301.202753 DISPLAY_TEXT 281 87 2 kicked
91301.452684 CHEETAH_SIGNAL SENT_AFTER_TIME 91301.420446
91301.420096 DISPLAY_TEXT OFF
91301.768814 CHEETAH_SIGNAL SENT_AFTER_TIME 91301.736568
91301.736221 DISPLAY_TEXT 282 87 3 the
91301.986179 CHEETAH_SIGNAL SENT_AFTER_TIME 91301.953918
91301.953566 DISPLAY_TEXT OFF
91302.302416 CHEETAH_SIGNAL SENT_AFTER_TIME 91302.270159
91302.269812 DISPLAY_TEXT 283 87 4 ball?
91302.518967 CHEETAH_SIGNAL SENT_AFTER_TIME 91302.486674
91302.486326 DISPLAY_TEXT OFF
91303.534177 CHEETAH_SIGNAL SENT_AFTER_TIME 91303.502378
91303.502145 DISPLAY_TEXT 284 88 1 He
91303.753050 CHEETAH_SIGNAL SENT_AFTER_TIME 91303.720827
91303.720481 DISPLAY_TEXT OFF
91304.069222 CHEETAH_SIGNAL SENT_AFTER_TIME 91304.036993
91304.036649 DISPLAY_TEXT 285 88 2 collapses.
91304.285787 CHEETAH_SIGNAL SENT_AFTER_TIME 91304.253554
91304.253208 DISPLAY_TEXT OFF
91305.302887 CHEETAH_SIGNAL SENT_AFTER_TIME 91305.270627
91305.270279 DISPLAY_TEXT 286 89 1 He
91305.520087 CHEETAH_SIGNAL SENT_AFTER_TIME 91305.487913
91305.487500 DISPLAY_TEXT OFF
91305.836366 CHEETAH_SIGNAL SENT_AFTER_TIME 91305.804113
91305.803770 DISPLAY_TEXT 287 89 2 hears
91306.052552 CHEETAH_SIGNAL SENT_AFTER_TIME 91306.020324
91306.019976 DISPLAY_TEXT OFF
91306.369885 CHEETAH_SIGNAL SENT_AFTER_TIME 91306.337663
91306.337254 DISPLAY_TEXT 288 89 3 the
91306.586039 CHEETAH_SIGNAL SENT_AFTER_TIME 91306.553807
91306.553461 DISPLAY_TEXT OFF
91306.903399 CHEETAH_SIGNAL SENT_AFTER_TIME 91306.871171
91306.870798 DISPLAY_TEXT 289 89 4 men.
91307.119988 CHEETAH_SIGNAL SENT_AFTER_TIME 91307.087639
91307.087292 DISPLAY_TEXT OFF
91308.137050 CHEETAH_SIGNAL SENT_AFTER_TIME 91308.104726
91308.104289 DISPLAY_TEXT 290 90 1 Whom
91308.353046 CHEETAH_SIGNAL SENT_AFTER_TIME 91308.320810
91308.320464 DISPLAY_TEXT OFF
91308.670270 CHEETAH_SIGNAL SENT_AFTER_TIME 91308.638023
91308.637649 DISPLAY_TEXT 291 90 2 do
91308.886412 CHEETAH_SIGNAL SENT_AFTER_TIME 91308.854175
91308.853826 DISPLAY_TEXT OFF
91309.203799 CHEETAH_SIGNAL SENT_AFTER_TIME 91309.171512
91309.171105 DISPLAY_TEXT 292 90 3 the
91309.419959 CHEETAH_SIGNAL SENT_AFTER_TIME 91309.387618
91309.387278 DISPLAY_TEXT OFF
91309.737224 CHEETAH_SIGNAL SENT_AFTER_TIME 91309.704900
91309.704525 DISPLAY_TEXT 293 90 4 women
91309.953268 CHEETAH_SIGNAL SENT_AFTER_TIME 91309.921065
91309.920718 DISPLAY_TEXT OFF
91310.270552 CHEETAH_SIGNAL SENT_AFTER_TIME 91310.238328
91310.237986 DISPLAY_TEXT 294 90 5 hug?
91310.487072 CHEETAH_SIGNAL SENT_AFTER_TIME 91310.454874
91310.454503 DISPLAY_TEXT OFF
91311.504569 CHEETAH_SIGNAL SENT_AFTER_TIME 91311.472276
91311.471833 DISPLAY_TEXT 295 91 1 The
91311.720303 CHEETAH_SIGNAL SENT_AFTER_TIME 91311.688152
91311.687779 DISPLAY_TEXT OFF
91312.037809 CHEETAH_SIGNAL SENT_AFTER_TIME 91312.005526
91312.005087 DISPLAY_TEXT 296 91 2 girl
91312.253868 CHEETAH_SIGNAL SENT_AFTER_TIME 91312.221610
91312.221237 DISPLAY_TEXT OFF
91312.571265 CHEETAH_SIGNAL SENT_AFTER_TIME 91312.538968
91312.538526 DISPLAY_TEXT 297 91 3 fell.
91312.787415 CHEETAH_SIGNAL SENT_AFTER_TIME 91312.755508
91312.755080 DISPLAY_TEXT OFF
91313.804043 CHEETAH_SIGNAL SENT_AFTER_TIME 91313.771744
91313.771315 DISPLAY_TEXT 298 92 1 She
91314.021278 CHEETAH_SIGNAL SENT_AFTER_TIME 91313.988989
91313.988550 DISPLAY_TEXT OFF
91314.337535 CHEETAH_SIGNAL SENT_AFTER_TIME 91314.305248
91314.304802 DISPLAY_TEXT 299 92 2 blooms.
91314.554080 CHEETAH_SIGNAL SENT_AFTER_TIME 91314.521841
91314.521415 DISPLAY_TEXT OFF
91315.571374 CHEETAH_SIGNAL SENT_AFTER_TIME 91315.539121
91315.538694 DISPLAY_TEXT 300 93 1 Who
91315.788530 CHEETAH_SIGNAL SENT_AFTER_TIME 91315.756186
91315.755736 DISPLAY_TEXT OFF
91316.104598 CHEETAH_SIGNAL SENT_AFTER_TIME 91316.072353
91316.071914 DISPLAY_TEXT 301 93 2 smelled
91316.321855 CHEETAH_SIGNAL SENT_AFTER_TIME 91316.289590
91316.289162 DISPLAY_TEXT OFF
91316.638030 CHEETAH_SIGNAL SENT_AFTER_TIME 91316.605790
91316.605361 DISPLAY_TEXT 302 93 3 the
91316.855156 CHEETAH_SIGNAL SENT_AFTER_TIME 91316.822946
91316.822516 DISPLAY_TEXT OFF
91317.171231 CHEETAH_SIGNAL SENT_AFTER_TIME 91317.139029
91317.138658 DISPLAY_TEXT 303 93 4 flowers?
91317.387802 CHEETAH_SIGNAL SENT_AFTER_TIME 91317.355575
91317.355148 DISPLAY_TEXT OFF
91318.405201 CHEETAH_SIGNAL SENT_AFTER_TIME 91318.372940
91318.372502 DISPLAY_TEXT 304 94 1 She
91318.621291 CHEETAH_SIGNAL SENT_AFTER_TIME 91318.589037
91318.588607 DISPLAY_TEXT OFF
91318.938512 CHEETAH_SIGNAL SENT_AFTER_TIME 91318.906251
91318.905818 DISPLAY_TEXT 305 94 2 kicked
91319.154765 CHEETAH_SIGNAL SENT_AFTER_TIME 91319.122507
91319.122076 DISPLAY_TEXT OFF
91319.471871 CHEETAH_SIGNAL SENT_AFTER_TIME 91319.439571
91319.439133 DISPLAY_TEXT 306 94 3 the
91319.688541 CHEETAH_SIGNAL SENT_AFTER_TIME 91319.656279
91319.655929 DISPLAY_TEXT OFF
91320.004968 CHEETAH_SIGNAL SENT_AFTER_TIME 91319.972589
91319.972146 DISPLAY_TEXT 307 94 4 ball.
91320.221514 CHEETAH_SIGNAL SENT_AFTER_TIME 91320.189266
91320.188825 DISPLAY_TEXT OFF
91321.238510 CHEETAH_SIGNAL SENT_AFTER_TIME 91321.206264
91321.205834 DISPLAY_TEXT 308 95 1 He
91321.455242 CHEETAH_SIGNAL SENT_AFTER_TIME 91321.422943
91321.422503 DISPLAY_TEXT OFF
91321.771818 CHEETAH_SIGNAL SENT_AFTER_TIME 91321.739553
91321.739111 DISPLAY_TEXT 309 95 2 streched.
91321.988607 CHEETAH_SIGNAL SENT_AFTER_TIME 91321.956272
91321.955833 DISPLAY_TEXT OFF
91323.006428 CHEETAH_SIGNAL SENT_AFTER_TIME 91322.974212
91322.973783 DISPLAY_TEXT 310 96 1 The
91323.222461 CHEETAH_SIGNAL SENT_AFTER_TIME 91323.190241
91323.189815 DISPLAY_TEXT OFF
91323.539802 CHEETAH_SIGNAL SENT_AFTER_TIME 91323.507510
91323.507166 DISPLAY_TEXT 311 96 2 girl
91323.756432 CHEETAH_SIGNAL SENT_AFTER_TIME 91323.724182
91323.723750 DISPLAY_TEXT OFF
91324.072604 CHEETAH_SIGNAL SENT_AFTER_TIME 91324.040299
91324.039868 DISPLAY_TEXT 312 96 3 kicked
91324.289834 CHEETAH_SIGNAL SENT_AFTER_TIME 91324.257615
91324.257187 DISPLAY_TEXT OFF
91324.606502 CHEETAH_SIGNAL SENT_AFTER_TIME 91324.574198
91324.573761 DISPLAY_TEXT 313 96 4 the
91324.822561 CHEETAH_SIGNAL SENT_AFTER_TIME 91324.790288
91324.789850 DISPLAY_TEXT OFF
91325.139783 CHEETAH_SIGNAL SENT_AFTER_TIME 91325.107563
91325.107136 DISPLAY_TEXT 314 96 5 ball.
91325.356539 CHEETAH_SIGNAL SENT_AFTER_TIME 91325.324203
91325.323764 DISPLAY_TEXT OFF
91326.373050 CHEETAH_SIGNAL SENT_AFTER_TIME 91326.340785
91326.340353 DISPLAY_TEXT 315 97 1 They
91326.590311 CHEETAH_SIGNAL SENT_AFTER_TIME 91326.558068
91326.557639 DISPLAY_TEXT OFF
91326.906435 CHEETAH_SIGNAL SENT_AFTER_TIME 91326.874223
91326.873794 DISPLAY_TEXT 316 97 2 kissed
91327.123662 CHEETAH_SIGNAL SENT_AFTER_TIME 91327.091441
91327.091010 DISPLAY_TEXT OFF
91327.440025 CHEETAH_SIGNAL SENT_AFTER_TIME 91327.407644
91327.407205 DISPLAY_TEXT 317 97 3 the
91327.657292 CHEETAH_SIGNAL SENT_AFTER_TIME 91327.624929
91327.624491 DISPLAY_TEXT OFF
91327.973285 CHEETAH_SIGNAL SENT_AFTER_TIME 91327.941054
91327.940621 DISPLAY_TEXT 318 97 4 clowns.
91328.189733 CHEETAH_SIGNAL SENT_AFTER_TIME 91328.157474
91328.157089 DISPLAY_TEXT OFF
91329.206455 CHEETAH_SIGNAL SENT_AFTER_TIME 91329.174125
91329.173781 DISPLAY_TEXT 319 98 1 The
91329.423690 CHEETAH_SIGNAL SENT_AFTER_TIME 91329.391440
91329.391031 DISPLAY_TEXT OFF
91329.740531 CHEETAH_SIGNAL SENT_AFTER_TIME 91329.708274
91329.707840 DISPLAY_TEXT 320 98 2 boy
91329.956853 CHEETAH_SIGNAL SENT_AFTER_TIME 91329.924485
91329.924045 DISPLAY_TEXT OFF
91330.274019 CHEETAH_SIGNAL SENT_AFTER_TIME 91330.241710
91330.241269 DISPLAY_TEXT 321 98 3 bloomed.
91330.490480 CHEETAH_SIGNAL SENT_AFTER_TIME 91330.458202
91330.457769 DISPLAY_TEXT OFF
91331.507220 CHEETAH_SIGNAL SENT_AFTER_TIME 91331.475030
91331.474600 DISPLAY_TEXT 322 99 1 They
91331.723518 CHEETAH_SIGNAL SENT_AFTER_TIME 91331.691218
91331.690777 DISPLAY_TEXT OFF
91332.040773 CHEETAH_SIGNAL SENT_AFTER_TIME 91332.008531
91332.008088 DISPLAY_TEXT 323 99 2 cough.
91332.257197 CHEETAH_SIGNAL SENT_AFTER_TIME 91332.225255
91332.224824 DISPLAY_TEXT OFF
91333.274290 CHEETAH_SIGNAL SENT_AFTER_TIME 91333.242029
91333.241600 DISPLAY_TEXT 324 100 1 She
91333.490318 CHEETAH_SIGNAL SENT_AFTER_TIME 91333.458130
91333.457778 DISPLAY_TEXT OFF
91333.807759 CHEETAH_SIGNAL SENT_AFTER_TIME 91333.775491
91333.775062 DISPLAY_TEXT 325 100 2 fell.
91334.024287 CHEETAH_SIGNAL SENT_AFTER_TIME 91333.992014
91333.991607 DISPLAY_TEXT OFF
91335.041149 CHEETAH_SIGNAL SENT_AFTER_TIME 91335.008869
91335.008429 DISPLAY_TEXT 326 101 1 She
91335.258286 CHEETAH_SIGNAL SENT_AFTER_TIME 91335.226034
91335.225604 DISPLAY_TEXT OFF
91335.574320 CHEETAH_SIGNAL SENT_AFTER_TIME 91335.542096
91335.541686 DISPLAY_TEXT 327 101 2 cries.
91335.790957 CHEETAH_SIGNAL SENT_AFTER_TIME 91335.758702
91335.758256 DISPLAY_TEXT OFF
91336.807742 CHEETAH_SIGNAL SENT_AFTER_TIME 91336.775452
91336.775107 DISPLAY_TEXT 328 102 1 We
91337.025128 CHEETAH_SIGNAL SENT_AFTER_TIME 91336.992726
91336.992284 DISPLAY_TEXT OFF
91337.341156 CHEETAH_SIGNAL SENT_AFTER_TIME 91337.308883
91337.308441 DISPLAY_TEXT 329 102 2 heard
91337.558456 CHEETAH_SIGNAL SENT_AFTER_TIME 91337.526155
91337.525716 DISPLAY_TEXT OFF
91337.874561 CHEETAH_SIGNAL SENT_AFTER_TIME 91337.842298
91337.841853 DISPLAY_TEXT 330 102 3 that
91338.091839 CHEETAH_SIGNAL SENT_AFTER_TIME 91338.059611
91338.059180 DISPLAY_TEXT OFF
91338.408075 CHEETAH_SIGNAL SENT_AFTER_TIME 91338.375786
91338.375356 DISPLAY_TEXT 331 102 4 she
91338.625310 CHEETAH_SIGNAL SENT_AFTER_TIME 91338.592980
91338.592570 DISPLAY_TEXT OFF
91338.941384 CHEETAH_SIGNAL SENT_AFTER_TIME 91338.909139
91338.908709 DISPLAY_TEXT 332 102 5 sneezed.
91339.159095 CHEETAH_SIGNAL SENT_AFTER_TIME 91339.126878
91339.126420 DISPLAY_TEXT OFF
91340.175188 CHEETAH_SIGNAL SENT_AFTER_TIME 91340.142926
91340.142496 DISPLAY_TEXT 333 103 1 She
91340.392415 CHEETAH_SIGNAL SENT_AFTER_TIME 91340.360196
91340.359756 DISPLAY_TEXT OFF
91340.708524 CHEETAH_SIGNAL SENT_AFTER_TIME 91340.676241
91340.675813 DISPLAY_TEXT 334 103 2 scratched.
91340.925005 CHEETAH_SIGNAL SENT_AFTER_TIME 91340.892698
91340.892269 DISPLAY_TEXT OFF
91341.942838 CHEETAH_SIGNAL SENT_AFTER_TIME 91341.910548
91341.910119 DISPLAY_TEXT 335 104 1 They
91342.158775 CHEETAH_SIGNAL SENT_AFTER_TIME 91342.126641
91342.126210 DISPLAY_TEXT OFF
91342.476225 CHEETAH_SIGNAL SENT_AFTER_TIME 91342.443899
91342.443456 DISPLAY_TEXT 336 104 2 heared
91342.692250 CHEETAH_SIGNAL SENT_AFTER_TIME 91342.660016
91342.659670 DISPLAY_TEXT OFF
91343.009641 CHEETAH_SIGNAL SENT_AFTER_TIME 91342.977391
91342.976952 DISPLAY_TEXT 337 104 3 that
91343.225684 CHEETAH_SIGNAL SENT_AFTER_TIME 91343.193409
91343.192979 DISPLAY_TEXT OFF
91343.542938 CHEETAH_SIGNAL SENT_AFTER_TIME 91343.510676
91343.510227 DISPLAY_TEXT 338 104 4 she
91343.758934 CHEETAH_SIGNAL SENT_AFTER_TIME 91343.726628
91343.726280 DISPLAY_TEXT OFF
91344.076272 CHEETAH_SIGNAL SENT_AFTER_TIME 91344.043975
91344.043545 DISPLAY_TEXT 339 104 5 laughed.
91344.292647 CHEETAH_SIGNAL SENT_AFTER_TIME 91344.260451
91344.260022 DISPLAY_TEXT OFF
91345.310016 CHEETAH_SIGNAL SENT_AFTER_TIME 91345.277682
91345.277236 DISPLAY_TEXT 340 105 1 The
91345.525923 CHEETAH_SIGNAL SENT_AFTER_TIME 91345.493638
91345.493228 DISPLAY_TEXT OFF
91345.843116 CHEETAH_SIGNAL SENT_AFTER_TIME 91345.810878
91345.810532 DISPLAY_TEXT 341 105 2 boys
91346.059227 CHEETAH_SIGNAL SENT_AFTER_TIME 91346.027021
91346.026590 DISPLAY_TEXT OFF
91346.376470 CHEETAH_SIGNAL SENT_AFTER_TIME 91346.344239
91346.343828 DISPLAY_TEXT 342 105 3 winked.
91346.593121 CHEETAH_SIGNAL SENT_AFTER_TIME 91346.560797
91346.560425 DISPLAY_TEXT OFF
91347.609523 CHEETAH_SIGNAL SENT_AFTER_TIME 91347.577304
91347.576874 DISPLAY_TEXT 343 106 1 They
91347.826806 CHEETAH_SIGNAL SENT_AFTER_TIME 91347.794510
91347.794083 DISPLAY_TEXT OFF
91348.143029 CHEETAH_SIGNAL SENT_AFTER_TIME 91348.110710
91348.110268 DISPLAY_TEXT 344 106 2 vanish.
91348.360669 CHEETAH_SIGNAL SENT_AFTER_TIME 91348.328365
91348.327936 DISPLAY_TEXT OFF
91349.377032 CHEETAH_SIGNAL SENT_AFTER_TIME 91349.344765
91349.344323 DISPLAY_TEXT 345 107 1 They
91349.594338 CHEETAH_SIGNAL SENT_AFTER_TIME 91349.560942
91349.560562 DISPLAY_TEXT OFF
91349.910574 CHEETAH_SIGNAL SENT_AFTER_TIME 91349.878307
91349.877882 DISPLAY_TEXT 346 107 2 were
91350.126834 CHEETAH_SIGNAL SENT_AFTER_TIME 91350.094618
91350.094205 DISPLAY_TEXT OFF
91350.444187 CHEETAH_SIGNAL SENT_AFTER_TIME 91350.411934
91350.411506 DISPLAY_TEXT 347 107 3 loved.
91350.660878 CHEETAH_SIGNAL SENT_AFTER_TIME 91350.628618
91350.628192 DISPLAY_TEXT OFF
91351.677026 CHEETAH_SIGNAL SENT_AFTER_TIME 91351.644723
91351.644315 DISPLAY_TEXT 348 108 1 She
91351.894293 CHEETAH_SIGNAL SENT_AFTER_TIME 91351.862017
91351.861586 DISPLAY_TEXT OFF
91352.210386 CHEETAH_SIGNAL SENT_AFTER_TIME 91352.178177
91352.177753 DISPLAY_TEXT 349 108 2 arrives.
91352.426866 CHEETAH_SIGNAL SENT_AFTER_TIME 91352.394606
91352.394253 DISPLAY_TEXT OFF
91353.443569 CHEETAH_SIGNAL SENT_AFTER_TIME 91353.411344
91353.410912 DISPLAY_TEXT 350 109 1 The
91353.661008 CHEETAH_SIGNAL SENT_AFTER_TIME 91353.628652
91353.628224 DISPLAY_TEXT OFF
91353.977060 CHEETAH_SIGNAL SENT_AFTER_TIME 91353.944735
91353.944323 DISPLAY_TEXT 351 109 2 boy
91354.194291 CHEETAH_SIGNAL SENT_AFTER_TIME 91354.161947
91354.161518 DISPLAY_TEXT OFF
91354.511506 CHEETAH_SIGNAL SENT_AFTER_TIME 91354.479240
91354.478799 DISPLAY_TEXT 352 109 3 was
91354.727691 CHEETAH_SIGNAL SENT_AFTER_TIME 91354.695356
91354.694928 DISPLAY_TEXT OFF
91355.044945 CHEETAH_SIGNAL SENT_AFTER_TIME 91355.012670
91355.012240 DISPLAY_TEXT 353 109 4 pushed.
91355.261477 CHEETAH_SIGNAL SENT_AFTER_TIME 91355.229189
91355.228758 DISPLAY_TEXT OFF
91356.277568 CHEETAH_SIGNAL SENT_AFTER_TIME 91356.245292
91356.244854 DISPLAY_TEXT 354 110 1 The
91356.494846 CHEETAH_SIGNAL SENT_AFTER_TIME 91356.462567
91356.462128 DISPLAY_TEXT OFF
91356.811040 CHEETAH_SIGNAL SENT_AFTER_TIME 91356.778776
91356.778428 DISPLAY_TEXT 355 110 2 cake
91357.028345 CHEETAH_SIGNAL SENT_AFTER_TIME 91356.996101
91356.995673 DISPLAY_TEXT OFF
91357.344593 CHEETAH_SIGNAL SENT_AFTER_TIME 91357.312283
91357.311844 DISPLAY_TEXT 356 110 3 was
91357.440839 KEY_PRESS l
91357.562062 CHEETAH_SIGNAL SENT_AFTER_TIME 91357.529790
91357.529363 DISPLAY_TEXT OFF
91357.552752 KEY_PRESS l
91357.878314 CHEETAH_SIGNAL SENT_AFTER_TIME 91357.846089
91357.845683 DISPLAY_TEXT 357 110 4 overcooked.
91358.094954 CHEETAH_SIGNAL SENT_AFTER_TIME 91358.062740
91358.062299 DISPLAY_TEXT OFF
91359.111396 CHEETAH_SIGNAL SENT_AFTER_TIME 91359.079136
91359.078790 DISPLAY_TEXT 358 111 1 He
91359.328683 CHEETAH_SIGNAL SENT_AFTER_TIME 91359.296442
91359.296000 DISPLAY_TEXT OFF
91359.644928 CHEETAH_SIGNAL SENT_AFTER_TIME 91359.612608
91359.612170 DISPLAY_TEXT 359 111 2 jumped.
91359.862561 CHEETAH_SIGNAL SENT_AFTER_TIME 91359.830338
91359.829912 DISPLAY_TEXT OFF
91360.878343 CHEETAH_SIGNAL SENT_AFTER_TIME 91360.846021
91360.845583 DISPLAY_TEXT 360 112 1 Who
91361.095591 CHEETAH_SIGNAL SENT_AFTER_TIME 91361.063316
91361.062874 DISPLAY_TEXT OFF
91361.411719 CHEETAH_SIGNAL SENT_AFTER_TIME 91361.379487
91361.379059 DISPLAY_TEXT 361 112 2 appeared?
91361.628306 CHEETAH_SIGNAL SENT_AFTER_TIME 91361.596048
91361.595605 DISPLAY_TEXT OFF
91362.646057 CHEETAH_SIGNAL SENT_AFTER_TIME 91362.613820
91362.613389 DISPLAY_TEXT 362 113 1 What
91362.862263 CHEETAH_SIGNAL SENT_AFTER_TIME 91362.829942
91362.829496 DISPLAY_TEXT OFF
91363.179482 CHEETAH_SIGNAL SENT_AFTER_TIME 91363.147247
91363.146803 DISPLAY_TEXT 363 113 2 will
91363.395530 CHEETAH_SIGNAL SENT_AFTER_TIME 91363.363339
91363.362989 DISPLAY_TEXT OFF
91363.713045 CHEETAH_SIGNAL SENT_AFTER_TIME 91363.680688
91363.680256 DISPLAY_TEXT 364 113 3 the
91363.929081 CHEETAH_SIGNAL SENT_AFTER_TIME 91363.896816
91363.896374 DISPLAY_TEXT OFF
91364.246371 CHEETAH_SIGNAL SENT_AFTER_TIME 91364.214094
91364.213653 DISPLAY_TEXT 365 113 4 boy
91364.462431 CHEETAH_SIGNAL SENT_AFTER_TIME 91364.430241
91364.429812 DISPLAY_TEXT OFF
91364.779760 CHEETAH_SIGNAL SENT_AFTER_TIME 91364.747461
91364.747055 DISPLAY_TEXT 366 113 5 smell?
91364.996311 CHEETAH_SIGNAL SENT_AFTER_TIME 91364.964004
91364.963566 DISPLAY_TEXT OFF
91366.012678 CHEETAH_SIGNAL SENT_AFTER_TIME 91365.980406
91365.979962 DISPLAY_TEXT 367 114 1 She
91366.229934 CHEETAH_SIGNAL SENT_AFTER_TIME 91366.197728
91366.197318 DISPLAY_TEXT OFF
91366.546255 CHEETAH_SIGNAL SENT_AFTER_TIME 91366.513979
91366.513548 DISPLAY_TEXT 368 114 2 saw
91366.763517 CHEETAH_SIGNAL SENT_AFTER_TIME 91366.731211
91366.730862 DISPLAY_TEXT OFF
91367.079726 CHEETAH_SIGNAL SENT_AFTER_TIME 91367.047440
91367.047010 DISPLAY_TEXT 369 114 3 him
91367.297066 CHEETAH_SIGNAL SENT_AFTER_TIME 91367.264732
91367.264292 DISPLAY_TEXT OFF
91367.612785 CHEETAH_SIGNAL SENT_AFTER_TIME 91367.580571
91367.580226 DISPLAY_TEXT 370 114 4 coming.
91367.829409 CHEETAH_SIGNAL SENT_AFTER_TIME 91367.797161
91367.796731 DISPLAY_TEXT OFF
91368.846292 CHEETAH_SIGNAL SENT_AFTER_TIME 91368.813991
91368.813562 DISPLAY_TEXT 371 115 1 She
91369.063578 CHEETAH_SIGNAL SENT_AFTER_TIME 91369.031289
91369.030860 DISPLAY_TEXT OFF
91369.379585 CHEETAH_SIGNAL SENT_AFTER_TIME 91369.347248
91369.346841 DISPLAY_TEXT 372 115 2 discovered
91369.596858 CHEETAH_SIGNAL SENT_AFTER_TIME 91369.564608
91369.564179 DISPLAY_TEXT OFF
91369.913091 CHEETAH_SIGNAL SENT_AFTER_TIME 91369.880824
91369.880399 DISPLAY_TEXT 373 115 3 that
91370.130285 CHEETAH_SIGNAL SENT_AFTER_TIME 91370.098032
91370.097684 DISPLAY_TEXT OFF
91370.446510 CHEETAH_SIGNAL SENT_AFTER_TIME 91370.414269
91370.413843 DISPLAY_TEXT 374 115 4 they
91370.663875 CHEETAH_SIGNAL SENT_AFTER_TIME 91370.631594
91370.631169 DISPLAY_TEXT OFF
91370.980035 CHEETAH_SIGNAL SENT_AFTER_TIME 91370.947696
91370.947270 DISPLAY_TEXT 375 115 5 cough.
91371.197639 CHEETAH_SIGNAL SENT_AFTER_TIME 91371.165375
91371.164946 DISPLAY_TEXT OFF
91372.214087 CHEETAH_SIGNAL SENT_AFTER_TIME 91372.181796
91372.181366 DISPLAY_TEXT 376 116 1 Who
91372.430218 CHEETAH_SIGNAL SENT_AFTER_TIME 91372.397913
91372.397484 DISPLAY_TEXT OFF
91372.747636 CHEETAH_SIGNAL SENT_AFTER_TIME 91372.715225
91372.714782 DISPLAY_TEXT 377 116 2 vanished?
91372.964144 CHEETAH_SIGNAL SENT_AFTER_TIME 91372.931902
91372.931469 DISPLAY_TEXT OFF
91373.980244 CHEETAH_SIGNAL SENT_AFTER_TIME 91373.948035
91373.947605 DISPLAY_TEXT 378 117 1 The
91374.197636 CHEETAH_SIGNAL SENT_AFTER_TIME 91374.165318
91374.164880 DISPLAY_TEXT OFF
91374.514878 CHEETAH_SIGNAL SENT_AFTER_TIME 91374.482574
91374.482149 DISPLAY_TEXT 379 117 2 women
91374.731068 CHEETAH_SIGNAL SENT_AFTER_TIME 91374.698705
91374.698272 DISPLAY_TEXT OFF
91375.048400 CHEETAH_SIGNAL SENT_AFTER_TIME 91375.016019
91375.015573 DISPLAY_TEXT 380 117 3 hug
91375.264453 CHEETAH_SIGNAL SENT_AFTER_TIME 91375.232159
91375.231815 DISPLAY_TEXT OFF
91375.580613 CHEETAH_SIGNAL SENT_AFTER_TIME 91375.548346
91375.547919 DISPLAY_TEXT 381 117 4 the
91375.797687 CHEETAH_SIGNAL SENT_AFTER_TIME 91375.765548
91375.765199 DISPLAY_TEXT OFF
91376.114059 CHEETAH_SIGNAL SENT_AFTER_TIME 91376.081791
91376.081360 DISPLAY_TEXT 382 117 5 friend.
91376.330941 CHEETAH_SIGNAL SENT_AFTER_TIME 91376.298652
91376.298209 DISPLAY_TEXT OFF
91377.348115 CHEETAH_SIGNAL SENT_AFTER_TIME 91377.315855
91377.315411 DISPLAY_TEXT 383 118 1 The
91377.564352 CHEETAH_SIGNAL SENT_AFTER_TIME 91377.532029
91377.531592 DISPLAY_TEXT OFF
91377.881517 CHEETAH_SIGNAL SENT_AFTER_TIME 91377.849222
91377.848814 DISPLAY_TEXT 384 118 2 woman
91378.098486 CHEETAH_SIGNAL SENT_AFTER_TIME 91378.066163
91378.065736 DISPLAY_TEXT OFF
91378.414731 CHEETAH_SIGNAL SENT_AFTER_TIME 91378.382351
91378.381913 DISPLAY_TEXT 385 118 3 was
91378.631757 CHEETAH_SIGNAL SENT_AFTER_TIME 91378.599565
91378.599153 DISPLAY_TEXT OFF
91378.947961 CHEETAH_SIGNAL SENT_AFTER_TIME 91378.915697
91378.915272 DISPLAY_TEXT 386 118 4 pinched.
91379.164499 CHEETAH_SIGNAL SENT_AFTER_TIME 91379.132237
91379.131893 DISPLAY_TEXT OFF
91380.181855 CHEETAH_SIGNAL SENT_AFTER_TIME 91380.149550
91380.149123 DISPLAY_TEXT 387 119 1 She
91380.399183 CHEETAH_SIGNAL SENT_AFTER_TIME 91380.366897
91380.366454 DISPLAY_TEXT OFF
91380.715459 CHEETAH_SIGNAL SENT_AFTER_TIME 91380.683090
91380.682651 DISPLAY_TEXT 388 119 2 was
91380.931499 CHEETAH_SIGNAL SENT_AFTER_TIME 91380.899177
91380.898735 DISPLAY_TEXT OFF
91381.248738 CHEETAH_SIGNAL SENT_AFTER_TIME 91381.216461
91381.216018 DISPLAY_TEXT 389 119 3 kicked.
91381.465349 CHEETAH_SIGNAL SENT_AFTER_TIME 91381.433058
91381.432631 DISPLAY_TEXT OFF
91382.481950 CHEETAH_SIGNAL SENT_AFTER_TIME 91382.449644
91382.449297 DISPLAY_TEXT 390 120 1 They
91382.699348 CHEETAH_SIGNAL SENT_AFTER_TIME 91382.667025
91382.666568 DISPLAY_TEXT OFF
91383.015553 CHEETAH_SIGNAL SENT_AFTER_TIME 91382.983233
91382.982807 DISPLAY_TEXT 391 120 2 caught
91383.232765 CHEETAH_SIGNAL SENT_AFTER_TIME 91383.200473
91383.200041 DISPLAY_TEXT OFF
91383.549045 CHEETAH_SIGNAL SENT_AFTER_TIME 91383.516624
91383.516198 DISPLAY_TEXT 392 120 3 him
91383.766234 CHEETAH_SIGNAL SENT_AFTER_TIME 91383.733929
91383.733500 DISPLAY_TEXT OFF
91384.082382 CHEETAH_SIGNAL SENT_AFTER_TIME 91384.050029
91384.049593 DISPLAY_TEXT 393 120 4 stealing.
91384.298950 CHEETAH_SIGNAL SENT_AFTER_TIME 91384.266530
91384.266102 DISPLAY_TEXT OFF
91385.315549 CHEETAH_SIGNAL SENT_AFTER_TIME 91385.283383
91385.282943 DISPLAY_TEXT 394 121 1 What
91385.533069 CHEETAH_SIGNAL SENT_AFTER_TIME 91385.500779
91385.500349 DISPLAY_TEXT OFF
91385.849163 CHEETAH_SIGNAL SENT_AFTER_TIME 91385.816938
91385.816593 DISPLAY_TEXT 395 121 2 did
91386.066579 CHEETAH_SIGNAL SENT_AFTER_TIME 91386.034305
91386.033877 DISPLAY_TEXT OFF
91386.382716 CHEETAH_SIGNAL SENT_AFTER_TIME 91386.350433
91386.349993 DISPLAY_TEXT 396 121 3 the
91386.600038 CHEETAH_SIGNAL SENT_AFTER_TIME 91386.567784
91386.567349 DISPLAY_TEXT OFF
91386.916375 CHEETAH_SIGNAL SENT_AFTER_TIME 91386.884057
91386.883619 DISPLAY_TEXT 397 121 4 girls
91387.133639 CHEETAH_SIGNAL SENT_AFTER_TIME 91387.101273
91387.100835 DISPLAY_TEXT OFF
91387.449763 CHEETAH_SIGNAL SENT_AFTER_TIME 91387.417469
91387.417030 DISPLAY_TEXT 398 121 5 find?
91387.666388 CHEETAH_SIGNAL SENT_AFTER_TIME 91387.634106
91387.633681 DISPLAY_TEXT OFF
91388.682672 CHEETAH_SIGNAL SENT_AFTER_TIME 91388.650458
91388.650028 DISPLAY_TEXT 399 122 1 The
91388.900105 CHEETAH_SIGNAL SENT_AFTER_TIME 91388.867783
91388.867340 DISPLAY_TEXT OFF
91389.216232 CHEETAH_SIGNAL SENT_AFTER_TIME 91389.183921
91389.183491 DISPLAY_TEXT 400 122 2 girl
91389.433463 CHEETAH_SIGNAL SENT_AFTER_TIME 91389.401169
91389.400743 DISPLAY_TEXT OFF
91389.749740 CHEETAH_SIGNAL SENT_AFTER_TIME 91389.717397
91389.716958 DISPLAY_TEXT 401 122 3 crawls.
91389.967187 CHEETAH_SIGNAL SENT_AFTER_TIME 91389.934909
91389.934543 DISPLAY_TEXT OFF
91390.983371 CHEETAH_SIGNAL SENT_AFTER_TIME 91390.951106
91390.950681 DISPLAY_TEXT 402 123 1 Who
91391.200646 CHEETAH_SIGNAL SENT_AFTER_TIME 91391.168353
91391.168010 DISPLAY_TEXT OFF
91391.516836 CHEETAH_SIGNAL SENT_AFTER_TIME 91391.484561
91391.484215 DISPLAY_TEXT 403 123 2 will
91391.734155 CHEETAH_SIGNAL SENT_AFTER_TIME 91391.701861
91391.701490 DISPLAY_TEXT OFF
91392.050426 CHEETAH_SIGNAL SENT_AFTER_TIME 91392.018091
91392.017650 DISPLAY_TEXT 404 123 3 the
91392.267576 CHEETAH_SIGNAL SENT_AFTER_TIME 91392.235262
91392.234918 DISPLAY_TEXT OFF
91392.583854 CHEETAH_SIGNAL SENT_AFTER_TIME 91392.551470
91392.551015 DISPLAY_TEXT 405 123 4 boys
91392.800876 CHEETAH_SIGNAL SENT_AFTER_TIME 91392.768531
91392.768187 DISPLAY_TEXT OFF
91393.117102 CHEETAH_SIGNAL SENT_AFTER_TIME 91393.084792
91393.084352 DISPLAY_TEXT 406 123 5 kiss?
91393.334418 CHEETAH_SIGNAL SENT_AFTER_TIME 91393.302214
91393.301872 DISPLAY_TEXT OFF
91394.350725 CHEETAH_SIGNAL SENT_AFTER_TIME 91394.318411
91394.318069 DISPLAY_TEXT 407 124 1 Who
91394.568002 CHEETAH_SIGNAL SENT_AFTER_TIME 91394.535758
91394.535416 DISPLAY_TEXT OFF
91394.884227 CHEETAH_SIGNAL SENT_AFTER_TIME 91394.851911
91394.851571 DISPLAY_TEXT 408 124 2 disappeared?
91395.100781 CHEETAH_SIGNAL SENT_AFTER_TIME 91395.068470
91395.068128 DISPLAY_TEXT OFF
91396.117349 CHEETAH_SIGNAL SENT_AFTER_TIME 91396.085036
91396.084698 DISPLAY_TEXT 409 125 1 We
91396.334227 CHEETAH_SIGNAL SENT_AFTER_TIME 91396.302178
91396.301883 DISPLAY_TEXT OFF
91396.650660 CHEETAH_SIGNAL SENT_AFTER_TIME 91396.618395
91396.618054 DISPLAY_TEXT 410 125 2 believed
91396.868233 CHEETAH_SIGNAL SENT_AFTER_TIME 91396.836039
91396.835700 DISPLAY_TEXT OFF
91397.184517 CHEETAH_SIGNAL SENT_AFTER_TIME 91397.152207
91397.151865 DISPLAY_TEXT 411 125 3 that
91397.401828 CHEETAH_SIGNAL SENT_AFTER_TIME 91397.369540
91397.369191 DISPLAY_TEXT OFF
91397.718054 CHEETAH_SIGNAL SENT_AFTER_TIME 91397.685764
91397.685418 DISPLAY_TEXT 412 125 4 he
91397.934144 CHEETAH_SIGNAL SENT_AFTER_TIME 91397.901878
91397.901537 DISPLAY_TEXT OFF
91398.251494 CHEETAH_SIGNAL SENT_AFTER_TIME 91398.219219
91398.218878 DISPLAY_TEXT 413 125 5 cried.
91398.468052 CHEETAH_SIGNAL SENT_AFTER_TIME 91398.435774
91398.435430 DISPLAY_TEXT OFF
91399.485301 CHEETAH_SIGNAL SENT_AFTER_TIME 91399.453072
91399.452730 DISPLAY_TEXT 414 126 1 The
91399.701645 CHEETAH_SIGNAL SENT_AFTER_TIME 91399.669259
91399.668918 DISPLAY_TEXT OFF
91400.018601 CHEETAH_SIGNAL SENT_AFTER_TIME 91399.986483
91399.986194 DISPLAY_TEXT 415 126 2 host
91400.235021 CHEETAH_SIGNAL SENT_AFTER_TIME 91400.202703
91400.202360 DISPLAY_TEXT OFF
91400.552313 CHEETAH_SIGNAL SENT_AFTER_TIME 91400.520102
91400.519755 DISPLAY_TEXT 416 126 3 will
91400.768513 CHEETAH_SIGNAL SENT_AFTER_TIME 91400.736317
91400.735971 DISPLAY_TEXT OFF
91401.084764 CHEETAH_SIGNAL SENT_AFTER_TIME 91401.052492
91401.052082 DISPLAY_TEXT 417 126 4 eat.
91401.302391 CHEETAH_SIGNAL SENT_AFTER_TIME 91401.270146
91401.269797 DISPLAY_TEXT OFF
91402.318651 CHEETAH_SIGNAL SENT_AFTER_TIME 91402.286339
91402.285993 DISPLAY_TEXT 418 127 1 The
91402.536000 CHEETAH_SIGNAL SENT_AFTER_TIME 91402.503641
91402.503295 DISPLAY_TEXT OFF
91402.852047 CHEETAH_SIGNAL SENT_AFTER_TIME 91402.819841
91402.819496 DISPLAY_TEXT 419 127 2 woman
91403.069465 CHEETAH_SIGNAL SENT_AFTER_TIME 91403.037181
91403.036835 DISPLAY_TEXT OFF
91403.385661 CHEETAH_SIGNAL SENT_AFTER_TIME 91403.353421
91403.353012 DISPLAY_TEXT 420 127 3 will
91403.601653 CHEETAH_SIGNAL SENT_AFTER_TIME 91403.569407
91403.569041 DISPLAY_TEXT OFF
91403.918951 CHEETAH_SIGNAL SENT_AFTER_TIME 91403.886726
91403.886377 DISPLAY_TEXT 421 127 4 speak.
91404.135056 CHEETAH_SIGNAL SENT_AFTER_TIME 91404.102870
91404.102584 DISPLAY_TEXT OFF
91405.152927 CHEETAH_SIGNAL SENT_AFTER_TIME 91405.120626
91405.120278 DISPLAY_TEXT 422 128 1 Whom
91405.369163 CHEETAH_SIGNAL SENT_AFTER_TIME 91405.336819
91405.336472 DISPLAY_TEXT OFF
91405.686398 CHEETAH_SIGNAL SENT_AFTER_TIME 91405.654141
91405.653794 DISPLAY_TEXT 423 128 2 will
91405.902578 CHEETAH_SIGNAL SENT_AFTER_TIME 91405.870305
91405.869953 DISPLAY_TEXT OFF
91406.219966 CHEETAH_SIGNAL SENT_AFTER_TIME 91406.187661
91406.187317 DISPLAY_TEXT 424 128 3 the
91406.436095 CHEETAH_SIGNAL SENT_AFTER_TIME 91406.403811
91406.403467 DISPLAY_TEXT OFF
91406.753315 CHEETAH_SIGNAL SENT_AFTER_TIME 91406.721098
91406.720722 DISPLAY_TEXT 425 128 4 women
91406.969582 CHEETAH_SIGNAL SENT_AFTER_TIME 91406.937324
91406.936981 DISPLAY_TEXT OFF
91407.285744 CHEETAH_SIGNAL SENT_AFTER_TIME 91407.253495
91407.253151 DISPLAY_TEXT 426 128 5 hug?
91407.503463 CHEETAH_SIGNAL SENT_AFTER_TIME 91407.471237
91407.470807 DISPLAY_TEXT OFF
91408.519592 CHEETAH_SIGNAL SENT_AFTER_TIME 91408.487305
91408.486962 DISPLAY_TEXT 427 129 1 Who
91408.736824 CHEETAH_SIGNAL SENT_AFTER_TIME 91408.704537
91408.704161 DISPLAY_TEXT OFF
91409.053116 CHEETAH_SIGNAL SENT_AFTER_TIME 91409.020850
91409.020503 DISPLAY_TEXT 428 129 2 smiles?
91409.269651 CHEETAH_SIGNAL SENT_AFTER_TIME 91409.237448
91409.237091 DISPLAY_TEXT OFF
91410.287248 CHEETAH_SIGNAL SENT_AFTER_TIME 91410.254997
91410.254626 DISPLAY_TEXT 429 130 1 They
91410.503547 CHEETAH_SIGNAL SENT_AFTER_TIME 91410.471321
91410.470891 DISPLAY_TEXT OFF
91410.819814 CHEETAH_SIGNAL SENT_AFTER_TIME 91410.787532
91410.787185 DISPLAY_TEXT 430 130 2 coughed.
91411.036440 CHEETAH_SIGNAL SENT_AFTER_TIME 91411.004134
91411.003786 DISPLAY_TEXT OFF
91412.053814 CHEETAH_SIGNAL SENT_AFTER_TIME 91412.021559
91412.021132 DISPLAY_TEXT 431 131 1 Who
91412.269965 CHEETAH_SIGNAL SENT_AFTER_TIME 91412.237682
91412.237336 DISPLAY_TEXT OFF
91412.587102 CHEETAH_SIGNAL SENT_AFTER_TIME 91412.554850
91412.554511 DISPLAY_TEXT 432 131 2 cried?
91412.803769 CHEETAH_SIGNAL SENT_AFTER_TIME 91412.771522
91412.771096 DISPLAY_TEXT OFF
91413.821067 CHEETAH_SIGNAL SENT_AFTER_TIME 91413.788777
91413.788351 DISPLAY_TEXT 433 132 1 The
91414.037077 CHEETAH_SIGNAL SENT_AFTER_TIME 91414.004798
91414.004427 DISPLAY_TEXT OFF
91414.354435 CHEETAH_SIGNAL SENT_AFTER_TIME 91414.322138
91414.321713 DISPLAY_TEXT 434 132 2 boys
91414.570507 CHEETAH_SIGNAL SENT_AFTER_TIME 91414.538210
91414.537838 DISPLAY_TEXT OFF
91414.887569 CHEETAH_SIGNAL SENT_AFTER_TIME 91414.855307
91414.854876 DISPLAY_TEXT 435 132 3 kissed
91415.104979 CHEETAH_SIGNAL SENT_AFTER_TIME 91415.072574
91415.072133 DISPLAY_TEXT OFF
91415.420979 CHEETAH_SIGNAL SENT_AFTER_TIME 91415.388709
91415.388270 DISPLAY_TEXT 436 132 4 the
91415.638158 CHEETAH_SIGNAL SENT_AFTER_TIME 91415.605923
91415.605491 DISPLAY_TEXT OFF
91415.954262 CHEETAH_SIGNAL SENT_AFTER_TIME 91415.922003
91415.921659 DISPLAY_TEXT 437 132 5 clowns.
91416.171001 CHEETAH_SIGNAL SENT_AFTER_TIME 91416.138673
91416.138241 DISPLAY_TEXT OFF
91417.187432 CHEETAH_SIGNAL SENT_AFTER_TIME 91417.155131
91417.154700 DISPLAY_TEXT 438 133 1 Who
91417.404549 CHEETAH_SIGNAL SENT_AFTER_TIME 91417.372406
91417.371973 DISPLAY_TEXT OFF
91417.720988 CHEETAH_SIGNAL SENT_AFTER_TIME 91417.688601
91417.688164 DISPLAY_TEXT 439 133 2 found
91417.938032 CHEETAH_SIGNAL SENT_AFTER_TIME 91417.905716
91417.905288 DISPLAY_TEXT OFF
91418.255300 CHEETAH_SIGNAL SENT_AFTER_TIME 91418.222933
91418.222493 DISPLAY_TEXT 440 133 3 the
91418.471352 CHEETAH_SIGNAL SENT_AFTER_TIME 91418.439103
91418.438670 DISPLAY_TEXT OFF
91418.788474 CHEETAH_SIGNAL SENT_AFTER_TIME 91418.756185
91418.755756 DISPLAY_TEXT 441 133 4 bikes?
91419.005077 CHEETAH_SIGNAL SENT_AFTER_TIME 91418.972734
91418.972294 DISPLAY_TEXT OFF
91420.021361 CHEETAH_SIGNAL SENT_AFTER_TIME 91419.989095
91419.988652 DISPLAY_TEXT 442 134 1 Who
91420.238487 CHEETAH_SIGNAL SENT_AFTER_TIME 91420.206224
91420.205786 DISPLAY_TEXT OFF
91420.554625 CHEETAH_SIGNAL SENT_AFTER_TIME 91420.522394
91420.521969 DISPLAY_TEXT 443 134 2 crawled?
91420.771328 CHEETAH_SIGNAL SENT_AFTER_TIME 91420.739032
91420.738606 DISPLAY_TEXT OFF
91421.788586 CHEETAH_SIGNAL SENT_AFTER_TIME 91421.756244
91421.755800 DISPLAY_TEXT 444 135 1 The
91422.005204 CHEETAH_SIGNAL SENT_AFTER_TIME 91421.972904
91421.972473 DISPLAY_TEXT OFF
91422.321888 CHEETAH_SIGNAL SENT_AFTER_TIME 91422.289595
91422.289164 DISPLAY_TEXT 445 135 2 boy
91422.538531 CHEETAH_SIGNAL SENT_AFTER_TIME 91422.506233
91422.505787 DISPLAY_TEXT OFF
91422.855136 CHEETAH_SIGNAL SENT_AFTER_TIME 91422.822907
91422.822479 DISPLAY_TEXT 446 135 3 heard
91423.071841 CHEETAH_SIGNAL SENT_AFTER_TIME 91423.039593
91423.039160 DISPLAY_TEXT OFF
91423.388494 CHEETAH_SIGNAL SENT_AFTER_TIME 91423.356218
91423.355790 DISPLAY_TEXT 447 135 4 the
91423.605203 CHEETAH_SIGNAL SENT_AFTER_TIME 91423.572947
91423.572510 DISPLAY_TEXT OFF
91423.921801 CHEETAH_SIGNAL SENT_AFTER_TIME 91423.889551
91423.889203 DISPLAY_TEXT 448 135 5 men.
91424.138483 CHEETAH_SIGNAL SENT_AFTER_TIME 91424.106186
91424.105758 DISPLAY_TEXT OFF
91425.156267 CHEETAH_SIGNAL SENT_AFTER_TIME 91425.123981
91425.123544 DISPLAY_TEXT 449 136 1 Who
91425.373230 CHEETAH_SIGNAL SENT_AFTER_TIME 91425.340872
91425.340428 DISPLAY_TEXT OFF
91425.689341 CHEETAH_SIGNAL SENT_AFTER_TIME 91425.657015
91425.656587 DISPLAY_TEXT 450 136 2 kissed
91425.906587 CHEETAH_SIGNAL SENT_AFTER_TIME 91425.874312
91425.873874 DISPLAY_TEXT OFF
91426.222738 CHEETAH_SIGNAL SENT_AFTER_TIME 91426.190458
91426.190027 DISPLAY_TEXT 451 136 3 the
91426.438845 CHEETAH_SIGNAL SENT_AFTER_TIME 91426.406587
91426.406155 DISPLAY_TEXT OFF
91426.756163 CHEETAH_SIGNAL SENT_AFTER_TIME 91426.723893
91426.723467 DISPLAY_TEXT 452 136 4 clowns?
91426.973114 CHEETAH_SIGNAL SENT_AFTER_TIME 91426.940815
91426.940382 DISPLAY_TEXT OFF
91427.989846 CHEETAH_SIGNAL SENT_AFTER_TIME 91427.957587
91427.957159 DISPLAY_TEXT 453 137 1 The
91428.206462 CHEETAH_SIGNAL SENT_AFTER_TIME 91428.174169
91428.173740 DISPLAY_TEXT OFF
91428.523153 CHEETAH_SIGNAL SENT_AFTER_TIME 91428.490851
91428.490419 DISPLAY_TEXT 454 137 2 boys
91428.740445 CHEETAH_SIGNAL SENT_AFTER_TIME 91428.708070
91428.707663 DISPLAY_TEXT OFF
91429.056517 CHEETAH_SIGNAL SENT_AFTER_TIME 91429.024249
91429.023822 DISPLAY_TEXT 455 137 3 vanished.
91429.273198 CHEETAH_SIGNAL SENT_AFTER_TIME 91429.240887
91429.240447 DISPLAY_TEXT OFF
91430.289984 CHEETAH_SIGNAL SENT_AFTER_TIME 91430.257639
91430.257295 DISPLAY_TEXT 456 138 1 He
91430.507282 CHEETAH_SIGNAL SENT_AFTER_TIME 91430.474983
91430.474549 DISPLAY_TEXT OFF
91430.823427 CHEETAH_SIGNAL SENT_AFTER_TIME 91430.791158
91430.790728 DISPLAY_TEXT 457 138 2 shaved.
91431.040111 CHEETAH_SIGNAL SENT_AFTER_TIME 91431.007748
91431.007306 DISPLAY_TEXT OFF
91432.056881 CHEETAH_SIGNAL SENT_AFTER_TIME 91432.024568
91432.024108 DISPLAY_TEXT 458 139 1 He
91432.274123 CHEETAH_SIGNAL SENT_AFTER_TIME 91432.241858
91432.241427 DISPLAY_TEXT OFF
91432.590359 CHEETAH_SIGNAL SENT_AFTER_TIME 91432.558037
91432.557598 DISPLAY_TEXT 459 139 2 saw
91432.807542 CHEETAH_SIGNAL SENT_AFTER_TIME 91432.775303
91432.774874 DISPLAY_TEXT OFF
91433.123768 CHEETAH_SIGNAL SENT_AFTER_TIME 91433.091498
91433.091069 DISPLAY_TEXT 460 139 3 her
91433.341069 CHEETAH_SIGNAL SENT_AFTER_TIME 91433.308724
91433.308302 DISPLAY_TEXT OFF
91433.657228 CHEETAH_SIGNAL SENT_AFTER_TIME 91433.624875
91433.624420 DISPLAY_TEXT 461 139 4 winking.
91433.873648 CHEETAH_SIGNAL SENT_AFTER_TIME 91433.841392
91433.840963 DISPLAY_TEXT OFF
91434.891120 CHEETAH_SIGNAL SENT_AFTER_TIME 91434.858900
91434.858470 DISPLAY_TEXT 462 140 1 The
91435.107378 CHEETAH_SIGNAL SENT_AFTER_TIME 91435.075073
91435.074634 DISPLAY_TEXT OFF
91435.424606 CHEETAH_SIGNAL SENT_AFTER_TIME 91435.392366
91435.391926 DISPLAY_TEXT 463 140 2 actors
91435.640715 CHEETAH_SIGNAL SENT_AFTER_TIME 91435.608428
91435.608018 DISPLAY_TEXT OFF
91435.957620 CHEETAH_SIGNAL SENT_AFTER_TIME 91435.925219
91435.924872 DISPLAY_TEXT 464 140 3 were
91436.174972 CHEETAH_SIGNAL SENT_AFTER_TIME 91436.142592
91436.142152 DISPLAY_TEXT OFF
91436.491047 CHEETAH_SIGNAL SENT_AFTER_TIME 91436.458682
91436.458255 DISPLAY_TEXT 465 140 4 scorned.
91436.707347 CHEETAH_SIGNAL SENT_AFTER_TIME 91436.675068
91436.674638 DISPLAY_TEXT OFF
91437.725259 CHEETAH_SIGNAL SENT_AFTER_TIME 91437.692937
91437.692509 DISPLAY_TEXT 466 141 1 Who
91437.941406 CHEETAH_SIGNAL SENT_AFTER_TIME 91437.909053
91437.908624 DISPLAY_TEXT OFF
91438.257496 CHEETAH_SIGNAL SENT_AFTER_TIME 91438.225220
91438.224793 DISPLAY_TEXT 467 141 2 collapsed?
91438.475215 CHEETAH_SIGNAL SENT_AFTER_TIME 91438.442939
91438.442510 DISPLAY_TEXT OFF
91439.491679 CHEETAH_SIGNAL SENT_AFTER_TIME 91439.459603
91439.459258 DISPLAY_TEXT 468 142 1 He
91439.708157 CHEETAH_SIGNAL SENT_AFTER_TIME 91439.675872
91439.675431 DISPLAY_TEXT OFF
91440.025459 CHEETAH_SIGNAL SENT_AFTER_TIME 91439.993145
91439.992707 DISPLAY_TEXT 469 142 2 undressed.
91440.241844 CHEETAH_SIGNAL SENT_AFTER_TIME 91440.209545
91440.209199 DISPLAY_TEXT OFF
91441.258448 CHEETAH_SIGNAL SENT_AFTER_TIME 91441.226150
91441.225721 DISPLAY_TEXT 470 143 1 He
91441.475376 CHEETAH_SIGNAL SENT_AFTER_TIME 91441.443079
91441.442638 DISPLAY_TEXT OFF
91441.791464 CHEETAH_SIGNAL SENT_AFTER_TIME 91441.759140
91441.758730 DISPLAY_TEXT 471 143 2 was
91442.008722 CHEETAH_SIGNAL SENT_AFTER_TIME 91441.976428
91441.975999 DISPLAY_TEXT OFF
91442.325002 CHEETAH_SIGNAL SENT_AFTER_TIME 91442.292609
91442.292169 DISPLAY_TEXT 472 143 3 kissed.
91442.542482 CHEETAH_SIGNAL SENT_AFTER_TIME 91442.510170
91442.509728 DISPLAY_TEXT OFF
91443.559350 CHEETAH_SIGNAL SENT_AFTER_TIME 91443.527045
91443.526597 DISPLAY_TEXT 473 144 1 The
91443.775369 CHEETAH_SIGNAL SENT_AFTER_TIME 91443.743106
91443.742712 DISPLAY_TEXT OFF
91444.092624 CHEETAH_SIGNAL SENT_AFTER_TIME 91444.060371
91444.059944 DISPLAY_TEXT 474 144 2 girls
91444.308768 CHEETAH_SIGNAL SENT_AFTER_TIME 91444.276446
91444.276013 DISPLAY_TEXT OFF
91444.626048 CHEETAH_SIGNAL SENT_AFTER_TIME 91444.593726
91444.593285 DISPLAY_TEXT 475 144 3 arrive.
91444.842502 CHEETAH_SIGNAL SENT_AFTER_TIME 91444.810178
91444.809737 DISPLAY_TEXT OFF
91445.858710 CHEETAH_SIGNAL SENT_AFTER_TIME 91445.826449
91445.826022 DISPLAY_TEXT 476 145 1 He
91446.076106 CHEETAH_SIGNAL SENT_AFTER_TIME 91446.043767
91446.043337 DISPLAY_TEXT OFF
91446.392115 CHEETAH_SIGNAL SENT_AFTER_TIME 91446.359874
91446.359433 DISPLAY_TEXT 477 145 2 smelled
91446.609485 CHEETAH_SIGNAL SENT_AFTER_TIME 91446.577136
91446.576697 DISPLAY_TEXT OFF
91446.925700 CHEETAH_SIGNAL SENT_AFTER_TIME 91446.893342
91446.892895 DISPLAY_TEXT 478 145 3 the
91447.142829 CHEETAH_SIGNAL SENT_AFTER_TIME 91447.110523
91447.110110 DISPLAY_TEXT OFF
91447.460201 CHEETAH_SIGNAL SENT_AFTER_TIME 91447.427834
91447.427395 DISPLAY_TEXT 479 145 4 flowers.
91447.676689 CHEETAH_SIGNAL SENT_AFTER_TIME 91447.644380
91447.643951 DISPLAY_TEXT OFF
91448.693447 CHEETAH_SIGNAL SENT_AFTER_TIME 91448.661129
91448.660797 DISPLAY_TEXT 480 146 1 He
91448.909721 CHEETAH_SIGNAL SENT_AFTER_TIME 91448.877398
91448.876959 DISPLAY_TEXT OFF
91449.226975 CHEETAH_SIGNAL SENT_AFTER_TIME 91449.194708
91449.194268 DISPLAY_TEXT 481 146 2 said
91449.443079 CHEETAH_SIGNAL SENT_AFTER_TIME 91449.410776
91449.410364 DISPLAY_TEXT OFF
91449.760458 CHEETAH_SIGNAL SENT_AFTER_TIME 91449.728097
91449.727654 DISPLAY_TEXT 482 146 3 that
91449.976593 CHEETAH_SIGNAL SENT_AFTER_TIME 91449.944301
91449.943860 DISPLAY_TEXT OFF
91450.293719 CHEETAH_SIGNAL SENT_AFTER_TIME 91450.261473
91450.261128 DISPLAY_TEXT 483 146 4 she
91450.510095 CHEETAH_SIGNAL SENT_AFTER_TIME 91450.477715
91450.477276 DISPLAY_TEXT OFF
91450.827326 CHEETAH_SIGNAL SENT_AFTER_TIME 91450.794966
91450.794539 DISPLAY_TEXT 484 146 5 smiled.
91451.043022 CHEETAH_SIGNAL SENT_AFTER_TIME 91451.010685
91451.010209 DISPLAY_TEXT OFF
91452.060541 CHEETAH_SIGNAL SENT_AFTER_TIME 91452.028184
91452.027753 DISPLAY_TEXT 485 147 1 The
91452.276607 CHEETAH_SIGNAL SENT_AFTER_TIME 91452.244348
91452.243919 DISPLAY_TEXT OFF
91452.593998 CHEETAH_SIGNAL SENT_AFTER_TIME 91452.561636
91452.561204 DISPLAY_TEXT 486 147 2 boys
91452.810037 CHEETAH_SIGNAL SENT_AFTER_TIME 91452.777816
91452.777383 DISPLAY_TEXT OFF
91453.127497 CHEETAH_SIGNAL SENT_AFTER_TIME 91453.095151
91453.094712 DISPLAY_TEXT 487 147 3 tickle
91453.343549 CHEETAH_SIGNAL SENT_AFTER_TIME 91453.311191
91453.310842 DISPLAY_TEXT OFF
91453.660852 CHEETAH_SIGNAL SENT_AFTER_TIME 91453.628534
91453.628098 DISPLAY_TEXT 488 147 4 the
91453.876912 CHEETAH_SIGNAL SENT_AFTER_TIME 91453.844666
91453.844239 DISPLAY_TEXT OFF
91454.194596 CHEETAH_SIGNAL SENT_AFTER_TIME 91454.162290
91454.161862 DISPLAY_TEXT 489 147 5 girl.
91454.411324 CHEETAH_SIGNAL SENT_AFTER_TIME 91454.378976
91454.378547 DISPLAY_TEXT OFF
91455.428116 CHEETAH_SIGNAL SENT_AFTER_TIME 91455.395763
91455.395336 DISPLAY_TEXT 490 148 1 The
91455.644199 CHEETAH_SIGNAL SENT_AFTER_TIME 91455.611905
91455.611465 DISPLAY_TEXT OFF
91455.960290 CHEETAH_SIGNAL SENT_AFTER_TIME 91455.927954
91455.927521 DISPLAY_TEXT 491 148 2 grandpa
91456.177493 CHEETAH_SIGNAL SENT_AFTER_TIME 91456.145230
91456.144801 DISPLAY_TEXT OFF
91456.494754 CHEETAH_SIGNAL SENT_AFTER_TIME 91456.462502
91456.462135 DISPLAY_TEXT 492 148 3 ate
91456.710989 CHEETAH_SIGNAL SENT_AFTER_TIME 91456.678727
91456.678280 DISPLAY_TEXT OFF
91457.028242 CHEETAH_SIGNAL SENT_AFTER_TIME 91456.995931
91456.995554 DISPLAY_TEXT 493 148 4 the
91457.244307 CHEETAH_SIGNAL SENT_AFTER_TIME 91457.212050
91457.211641 DISPLAY_TEXT OFF
91457.561694 CHEETAH_SIGNAL SENT_AFTER_TIME 91457.529375
91457.528934 DISPLAY_TEXT 494 148 5 meal.
91457.778229 CHEETAH_SIGNAL SENT_AFTER_TIME 91457.745934
91457.745506 DISPLAY_TEXT OFF
91458.794678 CHEETAH_SIGNAL SENT_AFTER_TIME 91458.762318
91458.761892 DISPLAY_TEXT 495 149 1 The
91459.011447 CHEETAH_SIGNAL SENT_AFTER_TIME 91458.979109
91458.978668 DISPLAY_TEXT OFF
91459.328726 CHEETAH_SIGNAL SENT_AFTER_TIME 91459.296393
91459.295963 DISPLAY_TEXT 496 149 2 girl
91459.544704 CHEETAH_SIGNAL SENT_AFTER_TIME 91459.512447
91459.512037 DISPLAY_TEXT OFF
91459.862091 CHEETAH_SIGNAL SENT_AFTER_TIME 91459.829797
91459.829368 DISPLAY_TEXT 497 149 3 cries.
91460.078625 CHEETAH_SIGNAL SENT_AFTER_TIME 91460.046415
91460.045983 DISPLAY_TEXT OFF
91461.094771 CHEETAH_SIGNAL SENT_AFTER_TIME 91461.062497
91461.062067 DISPLAY_TEXT 498 150 1 What
91461.312059 CHEETAH_SIGNAL SENT_AFTER_TIME 91461.279735
91461.279391 DISPLAY_TEXT OFF
91461.628353 CHEETAH_SIGNAL SENT_AFTER_TIME 91461.596045
91461.595616 DISPLAY_TEXT 499 150 2 did
91461.845564 CHEETAH_SIGNAL SENT_AFTER_TIME 91461.813264
91461.812855 DISPLAY_TEXT OFF
91462.161866 CHEETAH_SIGNAL SENT_AFTER_TIME 91462.129542
91462.129106 DISPLAY_TEXT 500 150 3 the
91462.379127 CHEETAH_SIGNAL SENT_AFTER_TIME 91462.346824
91462.346394 DISPLAY_TEXT OFF
91462.695703 CHEETAH_SIGNAL SENT_AFTER_TIME 91462.663467
91462.663041 DISPLAY_TEXT 501 150 4 boy
91462.912026 CHEETAH_SIGNAL SENT_AFTER_TIME 91462.879688
91462.879259 DISPLAY_TEXT OFF
91463.229348 CHEETAH_SIGNAL SENT_AFTER_TIME 91463.197021
91463.196595 DISPLAY_TEXT 502 150 5 smell?
91463.445831 CHEETAH_SIGNAL SENT_AFTER_TIME 91463.413544
91463.413114 DISPLAY_TEXT OFF
91464.461940 CHEETAH_SIGNAL SENT_AFTER_TIME 91464.429621
91464.429194 DISPLAY_TEXT 503 151 1 He
91464.679243 CHEETAH_SIGNAL SENT_AFTER_TIME 91464.646864
91464.646518 DISPLAY_TEXT OFF
91464.995442 CHEETAH_SIGNAL SENT_AFTER_TIME 91464.963126
91464.962693 DISPLAY_TEXT 504 151 2 heard
91465.212660 CHEETAH_SIGNAL SENT_AFTER_TIME 91465.180368
91465.179936 DISPLAY_TEXT OFF
91465.528838 CHEETAH_SIGNAL SENT_AFTER_TIME 91465.496474
91465.496038 DISPLAY_TEXT 505 151 3 her
91465.746015 CHEETAH_SIGNAL SENT_AFTER_TIME 91465.713670
91465.713262 DISPLAY_TEXT OFF
91466.062159 CHEETAH_SIGNAL SENT_AFTER_TIME 91466.029839
91466.029398 DISPLAY_TEXT 506 151 4 play.
91466.279814 CHEETAH_SIGNAL SENT_AFTER_TIME 91466.247517
91466.247072 DISPLAY_TEXT OFF
91467.295775 CHEETAH_SIGNAL SENT_AFTER_TIME 91467.263496
91467.263072 DISPLAY_TEXT 507 152 1 She
91467.513056 CHEETAH_SIGNAL SENT_AFTER_TIME 91467.480773
91467.480346 DISPLAY_TEXT OFF
91467.829307 CHEETAH_SIGNAL SENT_AFTER_TIME 91467.796957
91467.796515 DISPLAY_TEXT 508 152 2 dressed.
91468.046512 CHEETAH_SIGNAL SENT_AFTER_TIME 91468.014209
91468.013758 DISPLAY_TEXT OFF
