91495.839610 CHEETAH_SIGNAL SENT_AFTER_TIME 91495.806707
91498.581007 CHEETAH_SIGNAL SENT_AFTER_TIME 91498.549286
91498.650802 CHEETAH_SIGNAL SENT_AFTER_TIME 91498.618641
91498.618126 DISPLAY_INSTRUCTIONS Stimuli/instructions_audio_sentences.png
91523.396306 KEY_PRESS space
91523.429370 CHEETAH_SIGNAL SENT_AFTER_TIME 91523.396575
91523.528194 CHEETAH_SIGNAL SENT_AFTER_TIME 91523.495144
91523.494727 DISPLAY_INSTRUCTIONS OFF
91523.565923 SOUND_ONSET 400 0.200 44100
91523.905152 SOUND_ONSET 300 0.200 44100
91524.543973 SOUND_ONSET 600 0.200 44100
91524.986059 SOUND_ONSET 500 0.200 44100
91525.227420 SOUND_ONSET 700 0.200 44100
91525.619347 SOUND_ONSET 300 0.200 44100
91526.061071 SOUND_ONSET 400 0.200 44100
91526.453180 SOUND_ONSET 300 0.200 44100
91526.717052 CHEETAH_SIGNAL SENT_AFTER_TIME 91526.685308
91526.749226 CHEETAH_SIGNAL SENT_AFTER_TIME 91526.717385
91526.792901 CHEETAH_SIGNAL SENT_AFTER_TIME 91526.760834
91526.760394 DISPLAY_FIXATION
91529.977445 AUDIO_PLAYBACK_ONSET 1.wav
91530.852457 AUDIO_PLAYBACK_DONE 1.wav
91523.392688 KEY_PRESS space
91523.472704 KEY_PRESS space
91531.852457 AUDIO_PLAYBACK_ONSET 2.wav
91533.274319 AUDIO_PLAYBACK_DONE 2.wav
91534.274319 AUDIO_PLAYBACK_ONSET 3.wav
91535.766504 AUDIO_PLAYBACK_DONE 3.wav
91536.766504 AUDIO_PLAYBACK_ONSET 4.wav
91537.823147 AUDIO_PLAYBACK_DONE 4.wav
91538.823147 AUDIO_PLAYBACK_ONSET 5.wav
91540.286033 AUDIO_PLAYBACK_DONE 5.wav
91541.286033 AUDIO_PLAYBACK_ONSET 6.wav
91542.512590 AUDIO_PLAYBACK_DONE 6.wav
91543.512590 AUDIO_PLAYBACK_ONSET 7.wav
91544.606335 AUDIO_PLAYBACK_DONE 7.wav
91545.606335 AUDIO_PLAYBACK_ONSET 8.wav
91546.786024 AUDIO_PLAYBACK_DONE 8.wav
91547.786024 AUDIO_PLAYBACK_ONSET 9.wav
91549.036003 AUDIO_PLAYBACK_DONE 9.wav
91550.036003 AUDIO_PLAYBACK_ONSET 10.wav
91551.160996 AUDIO_PLAYBACK_DONE 10.wav
91549.120827 KEY_PRESS l
91549.264822 KEY_PRESS l
91552.160996 AUDIO_PLAYBACK_ONSET 11.wav
91553.114105 AUDIO_PLAYBACK_DONE 11.wav
91554.114105 AUDIO_PLAYBACK_ONSET 12.wav
91555.520346 AUDIO_PLAYBACK_DONE 12.wav
91556.520346 AUDIO_PLAYBACK_ONSET 13.wav
91558.364088 AUDIO_PLAYBACK_DONE 13.wav
91557.952829 KEY_PRESS l
91558.104813 KEY_PRESS l
91559.364088 AUDIO_PLAYBACK_ONSET 14.wav
91560.707833 AUDIO_PLAYBACK_DONE 14.wav
91561.707833 AUDIO_PLAYBACK_ONSET 15.wav
91562.770353 AUDIO_PLAYBACK_DONE 15.wav
91563.770353 AUDIO_PLAYBACK_ONSET 16.wav
91565.239086 AUDIO_PLAYBACK_DONE 16.wav
91566.239086 AUDIO_PLAYBACK_ONSET 17.wav
91567.239067 AUDIO_PLAYBACK_DONE 17.wav
91568.239067 AUDIO_PLAYBACK_ONSET 18.wav
91569.739046 AUDIO_PLAYBACK_DONE 18.wav
91570.739046 AUDIO_PLAYBACK_ONSET 19.wav
91571.770297 AUDIO_PLAYBACK_DONE 19.wav
91571.064830 KEY_PRESS l
91571.104812 KEY_PRESS l
91571.136813 KEY_PRESS l
91571.256729 KEY_PRESS l
91572.770297 AUDIO_PLAYBACK_ONSET 20.wav
91573.989033 AUDIO_PLAYBACK_DONE 20.wav
91574.989033 AUDIO_PLAYBACK_ONSET 21.wav
91575.957765 AUDIO_PLAYBACK_DONE 21.wav
91576.957765 AUDIO_PLAYBACK_ONSET 22.wav
91578.114026 AUDIO_PLAYBACK_DONE 22.wav
91579.114026 AUDIO_PLAYBACK_ONSET 23.wav
91580.614007 AUDIO_PLAYBACK_DONE 23.wav
91581.614007 AUDIO_PLAYBACK_ONSET 24.wav
91583.207774 AUDIO_PLAYBACK_DONE 24.wav
91584.207774 AUDIO_PLAYBACK_ONSET 25.wav
91585.707753 AUDIO_PLAYBACK_DONE 25.wav
91583.328824 KEY_PRESS l
91583.448820 KEY_PRESS l
91586.707753 AUDIO_PLAYBACK_ONSET 26.wav
91588.067121 AUDIO_PLAYBACK_DONE 26.wav
91589.067121 AUDIO_PLAYBACK_ONSET 27.wav
91590.754610 AUDIO_PLAYBACK_DONE 27.wav
91591.754610 AUDIO_PLAYBACK_ONSET 28.wav
91593.254592 AUDIO_PLAYBACK_DONE 28.wav
91594.254592 AUDIO_PLAYBACK_ONSET 29.wav
91595.754571 AUDIO_PLAYBACK_DONE 29.wav
91596.754571 AUDIO_PLAYBACK_ONSET 30.wav
91598.254555 AUDIO_PLAYBACK_DONE 30.wav
91599.254555 AUDIO_PLAYBACK_ONSET 31.wav
91600.504534 AUDIO_PLAYBACK_DONE 31.wav
91601.504534 AUDIO_PLAYBACK_ONSET 32.wav
91602.738893 AUDIO_PLAYBACK_DONE 32.wav
91603.738893 AUDIO_PLAYBACK_ONSET 33.wav
91604.879509 AUDIO_PLAYBACK_DONE 33.wav
91605.879509 AUDIO_PLAYBACK_ONSET 34.wav
91607.254500 AUDIO_PLAYBACK_DONE 34.wav
91608.254500 AUDIO_PLAYBACK_ONSET 35.wav
91609.817020 AUDIO_PLAYBACK_DONE 35.wav
91610.817020 AUDIO_PLAYBACK_ONSET 36.wav
91612.066999 AUDIO_PLAYBACK_DONE 36.wav
91613.066999 AUDIO_PLAYBACK_ONSET 37.wav
91614.160744 AUDIO_PLAYBACK_DONE 37.wav
91615.160744 AUDIO_PLAYBACK_ONSET 38.wav
91616.442014 AUDIO_PLAYBACK_DONE 38.wav
91617.442014 AUDIO_PLAYBACK_ONSET 39.wav
91619.317008 AUDIO_PLAYBACK_DONE 39.wav
91620.317008 AUDIO_PLAYBACK_ONSET 40.wav
91621.754497 AUDIO_PLAYBACK_DONE 40.wav
91622.754497 AUDIO_PLAYBACK_ONSET 41.wav
91623.981052 AUDIO_PLAYBACK_DONE 41.wav
91624.981052 AUDIO_PLAYBACK_ONSET 42.wav
91626.137292 AUDIO_PLAYBACK_DONE 42.wav
91627.137292 AUDIO_PLAYBACK_ONSET 43.wav
91628.387272 AUDIO_PLAYBACK_DONE 43.wav
91629.387272 AUDIO_PLAYBACK_ONSET 44.wav
91630.574757 AUDIO_PLAYBACK_DONE 44.wav
91631.574757 AUDIO_PLAYBACK_ONSET 45.wav
91632.668504 AUDIO_PLAYBACK_DONE 45.wav
91630.600811 KEY_PRESS l
91630.760813 KEY_PRESS l
91633.668504 AUDIO_PLAYBACK_ONSET 46.wav
91634.731000 AUDIO_PLAYBACK_DONE 46.wav
91635.731000 AUDIO_PLAYBACK_ONSET 47.wav
91636.965354 AUDIO_PLAYBACK_DONE 47.wav
91637.965354 AUDIO_PLAYBACK_ONSET 48.wav
91639.137218 AUDIO_PLAYBACK_DONE 48.wav
91640.137218 AUDIO_PLAYBACK_ONSET 49.wav
91641.402845 AUDIO_PLAYBACK_DONE 49.wav
91642.402845 AUDIO_PLAYBACK_ONSET 50.wav
91643.504389 AUDIO_PLAYBACK_DONE 50.wav
91642.480766 KEY_PRESS l
91642.600856 KEY_PRESS l
91644.504389 AUDIO_PLAYBACK_ONSET 51.wav
91645.848135 AUDIO_PLAYBACK_DONE 51.wav
91646.848135 AUDIO_PLAYBACK_ONSET 52.wav
91648.098113 AUDIO_PLAYBACK_DONE 52.wav
91649.098113 AUDIO_PLAYBACK_ONSET 53.wav
91650.598093 AUDIO_PLAYBACK_DONE 53.wav
91651.598093 AUDIO_PLAYBACK_ONSET 54.wav
91652.848074 AUDIO_PLAYBACK_DONE 54.wav
91653.848074 AUDIO_PLAYBACK_ONSET 55.wav
91655.035558 AUDIO_PLAYBACK_DONE 55.wav
91656.035558 AUDIO_PLAYBACK_ONSET 56.wav
91657.816830 AUDIO_PLAYBACK_DONE 56.wav
91658.816830 AUDIO_PLAYBACK_ONSET 57.wav
91660.051184 AUDIO_PLAYBACK_DONE 57.wav
91659.984815 KEY_PRESS l
91661.051184 AUDIO_PLAYBACK_ONSET 58.wav
91662.277741 AUDIO_PLAYBACK_DONE 58.wav
91660.128813 KEY_PRESS l
91663.277741 AUDIO_PLAYBACK_ONSET 59.wav
91664.582416 AUDIO_PLAYBACK_DONE 59.wav
91665.582416 AUDIO_PLAYBACK_ONSET 60.wav
91667.363667 AUDIO_PLAYBACK_DONE 60.wav
91668.363667 AUDIO_PLAYBACK_ONSET 61.wav
91669.863648 AUDIO_PLAYBACK_DONE 61.wav
91670.863648 AUDIO_PLAYBACK_ONSET 62.wav
91672.332403 AUDIO_PLAYBACK_DONE 62.wav
91673.332403 AUDIO_PLAYBACK_ONSET 63.wav
91674.496463 AUDIO_PLAYBACK_DONE 63.wav
91675.496463 AUDIO_PLAYBACK_ONSET 64.wav
91676.480842 AUDIO_PLAYBACK_DONE 64.wav
91677.480842 AUDIO_PLAYBACK_ONSET 65.wav
91678.855832 AUDIO_PLAYBACK_DONE 65.wav
91679.855832 AUDIO_PLAYBACK_ONSET 66.wav
91681.066766 AUDIO_PLAYBACK_DONE 66.wav
91682.066766 AUDIO_PLAYBACK_ONSET 67.wav
91682.988629 AUDIO_PLAYBACK_DONE 67.wav
91683.988629 AUDIO_PLAYBACK_ONSET 68.wav
91684.965185 AUDIO_PLAYBACK_DONE 68.wav
91685.965185 AUDIO_PLAYBACK_ONSET 69.wav
91687.262057 AUDIO_PLAYBACK_DONE 69.wav
91688.262057 AUDIO_PLAYBACK_ONSET 70.wav
91689.793306 AUDIO_PLAYBACK_DONE 70.wav
91690.793306 AUDIO_PLAYBACK_ONSET 71.wav
91691.793287 AUDIO_PLAYBACK_DONE 71.wav
91692.793287 AUDIO_PLAYBACK_ONSET 72.wav
91694.277663 AUDIO_PLAYBACK_DONE 72.wav
91695.277663 AUDIO_PLAYBACK_ONSET 73.wav
91696.668281 AUDIO_PLAYBACK_DONE 73.wav
91697.668281 AUDIO_PLAYBACK_ONSET 74.wav
91698.855765 AUDIO_PLAYBACK_DONE 74.wav
91699.855765 AUDIO_PLAYBACK_ONSET 75.wav
91700.855745 AUDIO_PLAYBACK_DONE 75.wav
91698.896851 KEY_PRESS l
91699.040813 KEY_PRESS l
91701.855745 AUDIO_PLAYBACK_ONSET 76.wav
91703.168243 AUDIO_PLAYBACK_DONE 76.wav
91704.168243 AUDIO_PLAYBACK_ONSET 77.wav
91705.215115 AUDIO_PLAYBACK_DONE 77.wav
91706.215115 AUDIO_PLAYBACK_ONSET 78.wav
91707.636999 AUDIO_PLAYBACK_DONE 78.wav
91708.636999 AUDIO_PLAYBACK_ONSET 79.wav
91709.949494 AUDIO_PLAYBACK_DONE 79.wav
91710.949494 AUDIO_PLAYBACK_ONSET 80.wav
91712.168227 AUDIO_PLAYBACK_DONE 80.wav
91713.168227 AUDIO_PLAYBACK_ONSET 81.wav
91714.355733 AUDIO_PLAYBACK_DONE 81.wav
91715.355733 AUDIO_PLAYBACK_ONSET 82.wav
91716.636984 AUDIO_PLAYBACK_DONE 82.wav
91717.636984 AUDIO_PLAYBACK_ONSET 83.wav
91719.324467 AUDIO_PLAYBACK_DONE 83.wav
91720.324467 AUDIO_PLAYBACK_ONSET 84.wav
91721.574447 AUDIO_PLAYBACK_DONE 84.wav
91721.408828 KEY_PRESS l
91721.520748 KEY_PRESS l
91722.574447 AUDIO_PLAYBACK_ONSET 85.wav
91723.918213 AUDIO_PLAYBACK_DONE 85.wav
91724.918213 AUDIO_PLAYBACK_ONSET 86.wav
91726.230710 AUDIO_PLAYBACK_DONE 86.wav
91727.230710 AUDIO_PLAYBACK_ONSET 87.wav
91728.340077 AUDIO_PLAYBACK_DONE 87.wav
91729.340077 AUDIO_PLAYBACK_ONSET 88.wav
91730.558811 AUDIO_PLAYBACK_DONE 88.wav
91731.558811 AUDIO_PLAYBACK_ONSET 89.wav
91732.488495 AUDIO_PLAYBACK_DONE 89.wav
91733.488495 AUDIO_PLAYBACK_ONSET 90.wav
91734.879107 AUDIO_PLAYBACK_DONE 90.wav
91735.879107 AUDIO_PLAYBACK_ONSET 91.wav
91736.785346 AUDIO_PLAYBACK_DONE 91.wav
91737.785346 AUDIO_PLAYBACK_ONSET 92.wav
91739.035348 AUDIO_PLAYBACK_DONE 92.wav
91740.035348 AUDIO_PLAYBACK_ONSET 93.wav
91741.550973 AUDIO_PLAYBACK_DONE 93.wav
91742.550973 AUDIO_PLAYBACK_ONSET 94.wav
91743.769707 AUDIO_PLAYBACK_DONE 94.wav
91744.769707 AUDIO_PLAYBACK_ONSET 95.wav
91746.043134 AUDIO_PLAYBACK_DONE 95.wav
91747.043134 AUDIO_PLAYBACK_ONSET 96.wav
91748.394679 AUDIO_PLAYBACK_DONE 96.wav
91749.394679 AUDIO_PLAYBACK_ONSET 97.wav
91751.047040 AUDIO_PLAYBACK_DONE 97.wav
91752.047040 AUDIO_PLAYBACK_ONSET 98.wav
91753.394704 AUDIO_PLAYBACK_DONE 98.wav
91754.394704 AUDIO_PLAYBACK_ONSET 99.wav
91755.488449 AUDIO_PLAYBACK_DONE 99.wav
91756.488449 AUDIO_PLAYBACK_ONSET 100.wav
91757.363437 AUDIO_PLAYBACK_DONE 100.wav
91758.363437 AUDIO_PLAYBACK_ONSET 101.wav
91759.597793 AUDIO_PLAYBACK_DONE 101.wav
91760.597793 AUDIO_PLAYBACK_ONSET 102.wav
91762.191536 AUDIO_PLAYBACK_DONE 102.wav
91763.191536 AUDIO_PLAYBACK_ONSET 103.wav
91764.582150 AUDIO_PLAYBACK_DONE 103.wav
91765.582150 AUDIO_PLAYBACK_ONSET 104.wav
91767.207143 AUDIO_PLAYBACK_DONE 104.wav
91768.207143 AUDIO_PLAYBACK_ONSET 105.wav
91769.421975 AUDIO_PLAYBACK_DONE 105.wav
91770.421975 AUDIO_PLAYBACK_ONSET 106.wav
91771.640708 AUDIO_PLAYBACK_DONE 106.wav
91772.640708 AUDIO_PLAYBACK_ONSET 107.wav
91773.804788 AUDIO_PLAYBACK_DONE 107.wav
91774.804788 AUDIO_PLAYBACK_ONSET 108.wav
91776.289146 AUDIO_PLAYBACK_DONE 108.wav
91777.289146 AUDIO_PLAYBACK_ONSET 109.wav
91778.734476 AUDIO_PLAYBACK_DONE 109.wav
91779.734476 AUDIO_PLAYBACK_ONSET 110.wav
91781.265746 AUDIO_PLAYBACK_DONE 110.wav
91782.265746 AUDIO_PLAYBACK_ONSET 111.wav
91783.546996 AUDIO_PLAYBACK_DONE 111.wav
91781.288836 KEY_PRESS l
91781.480765 KEY_PRESS l
91784.546996 AUDIO_PLAYBACK_ONSET 112.wav
91785.484501 AUDIO_PLAYBACK_DONE 112.wav
91786.484501 AUDIO_PLAYBACK_ONSET 113.wav
91787.703253 AUDIO_PLAYBACK_DONE 113.wav
91788.703253 AUDIO_PLAYBACK_ONSET 114.wav
91789.937611 AUDIO_PLAYBACK_DONE 114.wav
91790.937611 AUDIO_PLAYBACK_ONSET 115.wav
91792.734482 AUDIO_PLAYBACK_DONE 115.wav
91793.734482 AUDIO_PLAYBACK_ONSET 116.wav
91794.796980 AUDIO_PLAYBACK_DONE 116.wav
91795.796980 AUDIO_PLAYBACK_ONSET 117.wav
91797.171969 AUDIO_PLAYBACK_DONE 117.wav
91798.171969 AUDIO_PLAYBACK_ONSET 118.wav
91799.671950 AUDIO_PLAYBACK_DONE 118.wav
91800.671950 AUDIO_PLAYBACK_ONSET 119.wav
91801.828210 AUDIO_PLAYBACK_DONE 119.wav
91802.828210 AUDIO_PLAYBACK_ONSET 120.wav
91804.125083 AUDIO_PLAYBACK_DONE 120.wav
91805.125083 AUDIO_PLAYBACK_ONSET 121.wav
91806.562569 AUDIO_PLAYBACK_DONE 121.wav
91807.562569 AUDIO_PLAYBACK_ONSET 122.wav
91808.750076 AUDIO_PLAYBACK_DONE 122.wav
91809.750076 AUDIO_PLAYBACK_ONSET 123.wav
91811.046947 AUDIO_PLAYBACK_DONE 123.wav
91812.046947 AUDIO_PLAYBACK_ONSET 124.wav
91813.031323 AUDIO_PLAYBACK_DONE 124.wav
91814.031323 AUDIO_PLAYBACK_ONSET 125.wav
91815.156315 AUDIO_PLAYBACK_DONE 125.wav
91816.156315 AUDIO_PLAYBACK_ONSET 126.wav
91817.546952 AUDIO_PLAYBACK_DONE 126.wav
91818.546952 AUDIO_PLAYBACK_ONSET 127.wav
91819.726636 AUDIO_PLAYBACK_DONE 127.wav
91820.726636 AUDIO_PLAYBACK_ONSET 128.wav
91822.039152 AUDIO_PLAYBACK_DONE 128.wav
91823.039152 AUDIO_PLAYBACK_ONSET 129.wav
91824.164141 AUDIO_PLAYBACK_DONE 129.wav
91825.164141 AUDIO_PLAYBACK_ONSET 130.wav
91826.476638 AUDIO_PLAYBACK_DONE 130.wav
91827.476638 AUDIO_PLAYBACK_ONSET 131.wav
91828.351629 AUDIO_PLAYBACK_DONE 131.wav
91829.351629 AUDIO_PLAYBACK_ONSET 132.wav
91830.964894 AUDIO_PLAYBACK_DONE 132.wav
91831.964894 AUDIO_PLAYBACK_ONSET 133.wav
91833.293012 AUDIO_PLAYBACK_DONE 133.wav
91834.293012 AUDIO_PLAYBACK_ONSET 134.wav
91835.082061 AUDIO_PLAYBACK_DONE 134.wav
91836.082061 AUDIO_PLAYBACK_ONSET 135.wav
91837.132856 AUDIO_PLAYBACK_DONE 135.wav
91838.132856 AUDIO_PLAYBACK_ONSET 136.wav
91839.750022 AUDIO_PLAYBACK_DONE 136.wav
91840.750022 AUDIO_PLAYBACK_ONSET 137.wav
91842.171885 AUDIO_PLAYBACK_DONE 137.wav
91843.171885 AUDIO_PLAYBACK_ONSET 138.wav
91844.375015 AUDIO_PLAYBACK_DONE 138.wav
91845.375015 AUDIO_PLAYBACK_ONSET 139.wav
91846.554700 AUDIO_PLAYBACK_DONE 139.wav
91847.554700 AUDIO_PLAYBACK_ONSET 140.wav
91848.835950 AUDIO_PLAYBACK_DONE 140.wav
91849.835950 AUDIO_PLAYBACK_ONSET 141.wav
91850.906244 AUDIO_PLAYBACK_DONE 141.wav
91851.906244 AUDIO_PLAYBACK_ONSET 142.wav
91853.351575 AUDIO_PLAYBACK_DONE 142.wav
91851.928826 KEY_PRESS l
91854.351575 AUDIO_PLAYBACK_ONSET 143.wav
91855.468766 AUDIO_PLAYBACK_DONE 143.wav
91856.468766 AUDIO_PLAYBACK_ONSET 144.wav
91857.781261 AUDIO_PLAYBACK_DONE 144.wav
91856.984819 KEY_PRESS l
91857.112815 KEY_PRESS l
91858.781261 AUDIO_PLAYBACK_ONSET 145.wav
91860.171878 AUDIO_PLAYBACK_DONE 145.wav
91861.171878 AUDIO_PLAYBACK_ONSET 146.wav
91862.546867 AUDIO_PLAYBACK_DONE 146.wav
91860.304715 KEY_PRESS l
91863.546867 AUDIO_PLAYBACK_ONSET 147.wav
91864.898412 AUDIO_PLAYBACK_DONE 147.wav
91865.898412 AUDIO_PLAYBACK_ONSET 148.wav
91867.164061 AUDIO_PLAYBACK_DONE 148.wav
91868.164061 AUDIO_PLAYBACK_ONSET 149.wav
91869.320298 AUDIO_PLAYBACK_DONE 149.wav
91867.216801 KEY_PRESS l
91867.368814 KEY_PRESS l
91870.320298 AUDIO_PLAYBACK_ONSET 150.wav
91871.570296 AUDIO_PLAYBACK_DONE 150.wav
91872.570296 AUDIO_PLAYBACK_ONSET 151.wav
91873.601545 AUDIO_PLAYBACK_DONE 151.wav
91874.601545 AUDIO_PLAYBACK_ONSET 152.wav
91875.664063 AUDIO_PLAYBACK_DONE 152.wav
