1489762473573203 CHEETAH_SIGNAL SENT_AFTER_TIME 92392.276139
1489762476066247 CHEETAH_SIGNAL SENT_AFTER_TIME 92394.770281
1489762476127239 CHEETAH_SIGNAL SENT_AFTER_TIME 92394.830742
1489762476094515 DISPLAY_INSTRUCTIONS Stimuli/instructions_audio_sentences.png
1489762491924134 KEY_PRESS space
1489762491956260 CHEETAH_SIGNAL SENT_AFTER_TIME 92410.660123
1489762492048590 CHEETAH_SIGNAL SENT_AFTER_TIME 92410.751122
1489762492014980 DISPLAY_INSTRUCTIONS OFF
1489762492087227 SOUND_ONSET 400 0.200 44100
1489762492426094 SOUND_ONSET 300 0.200 44100
1489762493068543 SOUND_ONSET 600 0.200 44100
1489762493511266 SOUND_ONSET 500 0.200 44100
1489762493752899 SOUND_ONSET 700 0.200 44100
1489762494144917 SOUND_ONSET 300 0.200 44100
1489762494587096 SOUND_ONSET 400 0.200 44100
1489762494978842 SOUND_ONSET 300 0.200 44100
1489762495243265 CHEETAH_SIGNAL SENT_AFTER_TIME 92413.947135
1489762495275471 CHEETAH_SIGNAL SENT_AFTER_TIME 92413.979316
1489762495331208 CHEETAH_SIGNAL SENT_AFTER_TIME 92414.034764
1489762495298678 DISPLAY_FIXATION
1489762498512472 AUDIO_PLAYBACK_ONSET 8.wav
1489762499692177 AUDIO_PLAYBACK_DONE 8.wav
1489762491920954 KEY_PRESS space
1489762492072940 KEY_PRESS space
1489762500692177 AUDIO_PLAYBACK_ONSET 64.wav
1489762501676556 AUDIO_PLAYBACK_DONE 64.wav
1489762502676556 AUDIO_PLAYBACK_ONSET 134.wav
1489762503465610 AUDIO_PLAYBACK_DONE 134.wav
1489762504465610 AUDIO_PLAYBACK_ONSET 44.wav
1489762505653115 AUDIO_PLAYBACK_DONE 44.wav
1489762505409116 KEY_PRESS l
1489762505625010 KEY_PRESS l
1489762506653115 AUDIO_PLAYBACK_ONSET 46.wav
1489762507715616 AUDIO_PLAYBACK_DONE 46.wav
1489762508715616 AUDIO_PLAYBACK_ONSET 99.wav
1489762509809359 AUDIO_PLAYBACK_DONE 99.wav
1489762510809359 AUDIO_PLAYBACK_ONSET 125.wav
1489762511934352 AUDIO_PLAYBACK_DONE 125.wav
1489762512934352 AUDIO_PLAYBACK_ONSET 139.wav
1489762514114037 AUDIO_PLAYBACK_DONE 139.wav
1489762515114037 AUDIO_PLAYBACK_ONSET 146.wav
1489762516489030 AUDIO_PLAYBACK_DONE 146.wav
1489762517489030 AUDIO_PLAYBACK_ONSET 59.wav
1489762518793726 AUDIO_PLAYBACK_DONE 59.wav
1489762519793726 AUDIO_PLAYBACK_ONSET 121.wav
1489762521231211 AUDIO_PLAYBACK_DONE 121.wav
1489762522231211 AUDIO_PLAYBACK_ONSET 1.wav
1489762523106204 AUDIO_PLAYBACK_DONE 1.wav
1489762524106204 AUDIO_PLAYBACK_ONSET 144.wav
1489762525418699 AUDIO_PLAYBACK_DONE 144.wav
1489762526418699 AUDIO_PLAYBACK_ONSET 60.wav
1489762528199953 AUDIO_PLAYBACK_DONE 60.wav
1489762529199953 AUDIO_PLAYBACK_ONSET 27.wav
1489762530887438 AUDIO_PLAYBACK_DONE 27.wav
1489762531887438 AUDIO_PLAYBACK_ONSET 93.wav
1489762533403063 AUDIO_PLAYBACK_DONE 93.wav
1489762534403063 AUDIO_PLAYBACK_ONSET 122.wav
1489762535590549 AUDIO_PLAYBACK_DONE 122.wav
1489762536590549 AUDIO_PLAYBACK_ONSET 138.wav
1489762537793660 AUDIO_PLAYBACK_DONE 138.wav
1489762538793660 AUDIO_PLAYBACK_ONSET 56.wav
1489762540574911 AUDIO_PLAYBACK_DONE 56.wav
1489762541574911 AUDIO_PLAYBACK_ONSET 128.wav
1489762542887411 AUDIO_PLAYBACK_DONE 128.wav
1489762543887411 AUDIO_PLAYBACK_ONSET 92.wav
1489762545137390 AUDIO_PLAYBACK_DONE 92.wav
1489762546137390 AUDIO_PLAYBACK_ONSET 71.wav
1489762547137392 AUDIO_PLAYBACK_DONE 71.wav
1489762548137392 AUDIO_PLAYBACK_ONSET 6.wav
1489762549363947 AUDIO_PLAYBACK_DONE 6.wav
1489762550363947 AUDIO_PLAYBACK_ONSET 104.wav
1489762551988941 AUDIO_PLAYBACK_DONE 104.wav
1489762552988941 AUDIO_PLAYBACK_ONSET 131.wav
1489762553863933 AUDIO_PLAYBACK_DONE 131.wav
1489762554863933 AUDIO_PLAYBACK_ONSET 12.wav
1489762556270173 AUDIO_PLAYBACK_DONE 12.wav
1489762557270173 AUDIO_PLAYBACK_ONSET 35.wav
1489762558832673 AUDIO_PLAYBACK_DONE 35.wav
1489762559832673 AUDIO_PLAYBACK_ONSET 41.wav
1489762561059230 AUDIO_PLAYBACK_DONE 41.wav
1489762562059230 AUDIO_PLAYBACK_ONSET 148.wav
1489762563324856 AUDIO_PLAYBACK_DONE 148.wav
1489762564324856 AUDIO_PLAYBACK_ONSET 14.wav
1489762565668601 AUDIO_PLAYBACK_DONE 14.wav
1489762563441115 KEY_PRESS l
1489762563593102 KEY_PRESS l
1489762566668601 AUDIO_PLAYBACK_ONSET 25.wav
1489762568168582 AUDIO_PLAYBACK_DONE 25.wav
1489762569168582 AUDIO_PLAYBACK_ONSET 40.wav
1489762570606071 AUDIO_PLAYBACK_DONE 40.wav
1489762571606071 AUDIO_PLAYBACK_ONSET 136.wav
1489762573223240 AUDIO_PLAYBACK_DONE 136.wav
1489762574223240 AUDIO_PLAYBACK_ONSET 73.wav
1489762575613854 AUDIO_PLAYBACK_DONE 73.wav
1489762576613854 AUDIO_PLAYBACK_ONSET 76.wav
1489762577926354 AUDIO_PLAYBACK_DONE 76.wav
1489762578926354 AUDIO_PLAYBACK_ONSET 86.wav
1489762580238852 AUDIO_PLAYBACK_DONE 86.wav
1489762581238852 AUDIO_PLAYBACK_ONSET 57.wav
1489762582473209 AUDIO_PLAYBACK_DONE 57.wav
1489762583473209 AUDIO_PLAYBACK_ONSET 23.wav
1489762584973209 AUDIO_PLAYBACK_DONE 23.wav
1489762585973209 AUDIO_PLAYBACK_ONSET 39.wav
1489762587848201 AUDIO_PLAYBACK_DONE 39.wav
1489762588848201 AUDIO_PLAYBACK_ONSET 52.wav
1489762590098184 AUDIO_PLAYBACK_DONE 52.wav
1489762591098184 AUDIO_PLAYBACK_ONSET 42.wav
1489762592254420 AUDIO_PLAYBACK_DONE 42.wav
1489762593254420 AUDIO_PLAYBACK_ONSET 145.wav
1489762594645035 AUDIO_PLAYBACK_DONE 145.wav
1489762595645035 AUDIO_PLAYBACK_ONSET 109.wav
1489762597090367 AUDIO_PLAYBACK_DONE 109.wav
1489762598090367 AUDIO_PLAYBACK_ONSET 96.wav
1489762599441910 AUDIO_PLAYBACK_DONE 96.wav
1489762600441910 AUDIO_PLAYBACK_ONSET 129.wav
1489762601566904 AUDIO_PLAYBACK_DONE 129.wav
1489762602566904 AUDIO_PLAYBACK_ONSET 33.wav
1489762603707518 AUDIO_PLAYBACK_DONE 33.wav
1489762604707518 AUDIO_PLAYBACK_ONSET 38.wav
1489762605988770 AUDIO_PLAYBACK_DONE 38.wav
1489762606988770 AUDIO_PLAYBACK_ONSET 87.wav
1489762608098139 AUDIO_PLAYBACK_DONE 87.wav
1489762609098139 AUDIO_PLAYBACK_ONSET 108.wav
1489762610582497 AUDIO_PLAYBACK_DONE 108.wav
1489762611582497 AUDIO_PLAYBACK_ONSET 80.wav
1489762612801253 AUDIO_PLAYBACK_DONE 80.wav
1489762613801253 AUDIO_PLAYBACK_ONSET 48.wav
1489762614973115 AUDIO_PLAYBACK_DONE 48.wav
1489762615973115 AUDIO_PLAYBACK_ONSET 7.wav
1489762617066860 AUDIO_PLAYBACK_DONE 7.wav
1489762618066860 AUDIO_PLAYBACK_ONSET 28.wav
1489762619566839 AUDIO_PLAYBACK_DONE 28.wav
1489762620566839 AUDIO_PLAYBACK_ONSET 13.wav
1489762622410582 AUDIO_PLAYBACK_DONE 13.wav
1489762621945114 KEY_PRESS l
1489762622097135 KEY_PRESS l
1489762623410582 AUDIO_PLAYBACK_ONSET 94.wav
1489762624629338 AUDIO_PLAYBACK_DONE 94.wav
1489762625629338 AUDIO_PLAYBACK_ONSET 142.wav
1489762627074647 AUDIO_PLAYBACK_DONE 142.wav
1489762628074647 AUDIO_PLAYBACK_ONSET 135.wav
1489762629125422 AUDIO_PLAYBACK_DONE 135.wav
1489762630125422 AUDIO_PLAYBACK_ONSET 79.wav
1489762631437917 AUDIO_PLAYBACK_DONE 79.wav
1489762632437917 AUDIO_PLAYBACK_ONSET 78.wav
1489762633859780 AUDIO_PLAYBACK_DONE 78.wav
1489762634859780 AUDIO_PLAYBACK_ONSET 111.wav
1489762636141053 AUDIO_PLAYBACK_DONE 111.wav
1489762637141053 AUDIO_PLAYBACK_ONSET 91.wav
1489762638047291 AUDIO_PLAYBACK_DONE 91.wav
1489762639047291 AUDIO_PLAYBACK_ONSET 150.wav
1489762640297292 AUDIO_PLAYBACK_DONE 150.wav
1489762641297292 AUDIO_PLAYBACK_ONSET 2.wav
1489762642719153 AUDIO_PLAYBACK_DONE 2.wav
1489762643719153 AUDIO_PLAYBACK_ONSET 117.wav
1489762645094148 AUDIO_PLAYBACK_DONE 117.wav
1489762646094148 AUDIO_PLAYBACK_ONSET 120.wav
1489762647391019 AUDIO_PLAYBACK_DONE 120.wav
1489762648391019 AUDIO_PLAYBACK_ONSET 83.wav
1489762650078506 AUDIO_PLAYBACK_DONE 83.wav
1489762651078506 AUDIO_PLAYBACK_ONSET 147.wav
1489762652430053 AUDIO_PLAYBACK_DONE 147.wav
1489762653430053 AUDIO_PLAYBACK_ONSET 30.wav
1489762654930031 AUDIO_PLAYBACK_DONE 30.wav
1489762655930031 AUDIO_PLAYBACK_ONSET 112.wav
1489762656867517 AUDIO_PLAYBACK_DONE 112.wav
1489762657867517 AUDIO_PLAYBACK_ONSET 61.wav
1489762659367495 AUDIO_PLAYBACK_DONE 61.wav
1489762660367495 AUDIO_PLAYBACK_ONSET 116.wav
1489762661429990 AUDIO_PLAYBACK_DONE 116.wav
1489762662429990 AUDIO_PLAYBACK_ONSET 102.wav
1489762664023757 AUDIO_PLAYBACK_DONE 102.wav
1489762665023757 AUDIO_PLAYBACK_ONSET 15.wav
1489762666086253 AUDIO_PLAYBACK_DONE 15.wav
1489762667086253 AUDIO_PLAYBACK_ONSET 72.wav
1489762668570612 AUDIO_PLAYBACK_DONE 72.wav
1489762669570612 AUDIO_PLAYBACK_ONSET 110.wav
1489762671101861 AUDIO_PLAYBACK_DONE 110.wav
1489762672101861 AUDIO_PLAYBACK_ONSET 49.wav
1489762673367488 AUDIO_PLAYBACK_DONE 49.wav
1489762671113114 KEY_PRESS l
1489762671257112 KEY_PRESS l
1489762674367488 AUDIO_PLAYBACK_ONSET 32.wav
1489762675601866 AUDIO_PLAYBACK_DONE 32.wav
1489762676601866 AUDIO_PLAYBACK_ONSET 137.wav
1489762678023729 AUDIO_PLAYBACK_DONE 137.wav
1489762679023729 AUDIO_PLAYBACK_ONSET 65.wav
1489762680398720 AUDIO_PLAYBACK_DONE 65.wav
1489762681398720 AUDIO_PLAYBACK_ONSET 126.wav
1489762682789333 AUDIO_PLAYBACK_DONE 126.wav
1489762683789333 AUDIO_PLAYBACK_ONSET 4.wav
1489762684845957 AUDIO_PLAYBACK_DONE 4.wav
1489762685845957 AUDIO_PLAYBACK_ONSET 3.wav
1489762687338138 AUDIO_PLAYBACK_DONE 3.wav
1489762686841114 KEY_PRESS l
1489762686977108 KEY_PRESS l
1489762688338138 AUDIO_PLAYBACK_ONSET 24.wav
1489762689931881 AUDIO_PLAYBACK_DONE 24.wav
1489762690931881 AUDIO_PLAYBACK_ONSET 29.wav
1489762692431883 AUDIO_PLAYBACK_DONE 29.wav
1489762690217102 KEY_PRESS l
1489762690345101 KEY_PRESS l
1489762693431883 AUDIO_PLAYBACK_ONSET 114.wav
1489762694666239 AUDIO_PLAYBACK_DONE 114.wav
1489762695666239 AUDIO_PLAYBACK_ONSET 22.wav
1489762696822478 AUDIO_PLAYBACK_DONE 22.wav
1489762697822478 AUDIO_PLAYBACK_ONSET 17.wav
1489762698822479 AUDIO_PLAYBACK_DONE 17.wav
1489762699822479 AUDIO_PLAYBACK_ONSET 37.wav
1489762700916222 AUDIO_PLAYBACK_DONE 37.wav
1489762701916222 AUDIO_PLAYBACK_ONSET 19.wav
1489762702947494 AUDIO_PLAYBACK_DONE 19.wav
1489762703947494 AUDIO_PLAYBACK_ONSET 88.wav
1489762705166227 AUDIO_PLAYBACK_DONE 88.wav
1489762706166227 AUDIO_PLAYBACK_ONSET 143.wav
1489762707283416 AUDIO_PLAYBACK_DONE 143.wav
1489762708283416 AUDIO_PLAYBACK_ONSET 98.wav
1489762709631059 AUDIO_PLAYBACK_DONE 98.wav
1489762710631059 AUDIO_PLAYBACK_ONSET 124.wav
1489762711615416 AUDIO_PLAYBACK_DONE 124.wav
1489762712615416 AUDIO_PLAYBACK_ONSET 36.wav
1489762713865396 AUDIO_PLAYBACK_DONE 36.wav
1489762714865396 AUDIO_PLAYBACK_ONSET 53.wav
1489762716365376 AUDIO_PLAYBACK_DONE 53.wav
1489762717365376 AUDIO_PLAYBACK_ONSET 18.wav
1489762718865378 AUDIO_PLAYBACK_DONE 18.wav
1489762719865378 AUDIO_PLAYBACK_ONSET 34.wav
1489762721240367 AUDIO_PLAYBACK_DONE 34.wav
1489762719201171 KEY_PRESS l
1489762719425144 KEY_PRESS l
1489762719761104 KEY_PRESS l
1489762720313102 KEY_PRESS l
1489762720753101 KEY_PRESS l
1489762721097006 KEY_PRESS l
1489762722240367 AUDIO_PLAYBACK_ONSET 84.wav
1489762723490369 AUDIO_PLAYBACK_DONE 84.wav
1489762724490369 AUDIO_PLAYBACK_ONSET 127.wav
1489762725670053 AUDIO_PLAYBACK_DONE 127.wav
1489762726670053 AUDIO_PLAYBACK_ONSET 152.wav
1489762727732551 AUDIO_PLAYBACK_DONE 152.wav
1489762728732551 AUDIO_PLAYBACK_ONSET 20.wav
1489762729951281 AUDIO_PLAYBACK_DONE 20.wav
1489762730951281 AUDIO_PLAYBACK_ONSET 82.wav
1489762732232531 AUDIO_PLAYBACK_DONE 82.wav
1489762733232531 AUDIO_PLAYBACK_ONSET 119.wav
1489762734388791 AUDIO_PLAYBACK_DONE 119.wav
1489762735388791 AUDIO_PLAYBACK_ONSET 70.wav
1489762736920040 AUDIO_PLAYBACK_DONE 70.wav
1489762737920040 AUDIO_PLAYBACK_ONSET 58.wav
1489762739146597 AUDIO_PLAYBACK_DONE 58.wav
1489762740146597 AUDIO_PLAYBACK_ONSET 11.wav
1489762741099726 AUDIO_PLAYBACK_DONE 11.wav
1489762742099726 AUDIO_PLAYBACK_ONSET 105.wav
1489762743314579 AUDIO_PLAYBACK_DONE 105.wav
1489762744314579 AUDIO_PLAYBACK_ONSET 10.wav
1489762745439568 AUDIO_PLAYBACK_DONE 10.wav
1489762746439568 AUDIO_PLAYBACK_ONSET 118.wav
1489762747939548 AUDIO_PLAYBACK_DONE 118.wav
1489762748939548 AUDIO_PLAYBACK_ONSET 100.wav
1489762749814561 AUDIO_PLAYBACK_DONE 100.wav
1489762750814561 AUDIO_PLAYBACK_ONSET 97.wav
1489762752466899 AUDIO_PLAYBACK_DONE 97.wav
1489762753466899 AUDIO_PLAYBACK_ONSET 123.wav
1489762754763774 AUDIO_PLAYBACK_DONE 123.wav
1489762755763774 AUDIO_PLAYBACK_ONSET 31.wav
1489762757013751 AUDIO_PLAYBACK_DONE 31.wav
1489762758013751 AUDIO_PLAYBACK_ONSET 89.wav
1489762758943436 AUDIO_PLAYBACK_DONE 89.wav
1489762759943436 AUDIO_PLAYBACK_ONSET 16.wav
1489762761412189 AUDIO_PLAYBACK_DONE 16.wav
1489762762412189 AUDIO_PLAYBACK_ONSET 130.wav
1489762763724687 AUDIO_PLAYBACK_DONE 130.wav
1489762764724687 AUDIO_PLAYBACK_ONSET 5.wav
1489762766187571 AUDIO_PLAYBACK_DONE 5.wav
1489762767187571 AUDIO_PLAYBACK_ONSET 95.wav
1489762768460995 AUDIO_PLAYBACK_DONE 95.wav
1489762769460995 AUDIO_PLAYBACK_ONSET 74.wav
1489762770648481 AUDIO_PLAYBACK_DONE 74.wav
1489762771648481 AUDIO_PLAYBACK_ONSET 107.wav
1489762772812564 AUDIO_PLAYBACK_DONE 107.wav
1489762773812564 AUDIO_PLAYBACK_ONSET 103.wav
1489762775203177 AUDIO_PLAYBACK_DONE 103.wav
1489762776203177 AUDIO_PLAYBACK_ONSET 68.wav
1489762777179734 AUDIO_PLAYBACK_DONE 68.wav
1489762778179734 AUDIO_PLAYBACK_ONSET 62.wav
1489762779648465 AUDIO_PLAYBACK_DONE 62.wav
1489762780648465 AUDIO_PLAYBACK_ONSET 90.wav
1489762782039082 AUDIO_PLAYBACK_DONE 90.wav
1489762783039082 AUDIO_PLAYBACK_ONSET 21.wav
1489762784007812 AUDIO_PLAYBACK_DONE 21.wav
1489762785007812 AUDIO_PLAYBACK_ONSET 66.wav
1489762786218744 AUDIO_PLAYBACK_DONE 66.wav
1489762787218744 AUDIO_PLAYBACK_ONSET 50.wav
1489762788320310 AUDIO_PLAYBACK_DONE 50.wav
1489762789320310 AUDIO_PLAYBACK_ONSET 81.wav
1489762790507795 AUDIO_PLAYBACK_DONE 81.wav
1489762791507795 AUDIO_PLAYBACK_ONSET 69.wav
1489762792804666 AUDIO_PLAYBACK_DONE 69.wav
1489762793804666 AUDIO_PLAYBACK_ONSET 132.wav
1489762795417932 AUDIO_PLAYBACK_DONE 132.wav
1489762796417932 AUDIO_PLAYBACK_ONSET 77.wav
1489762797464805 AUDIO_PLAYBACK_DONE 77.wav
1489762798464805 AUDIO_PLAYBACK_ONSET 51.wav
1489762799808568 AUDIO_PLAYBACK_DONE 51.wav
1489762800808568 AUDIO_PLAYBACK_ONSET 26.wav
1489762802167937 AUDIO_PLAYBACK_DONE 26.wav
1489762803167937 AUDIO_PLAYBACK_ONSET 67.wav
1489762804089799 AUDIO_PLAYBACK_DONE 67.wav
1489762805089799 AUDIO_PLAYBACK_ONSET 101.wav
1489762806324155 AUDIO_PLAYBACK_DONE 101.wav
1489762807324155 AUDIO_PLAYBACK_ONSET 133.wav
1489762808652277 AUDIO_PLAYBACK_DONE 133.wav
1489762809652277 AUDIO_PLAYBACK_ONSET 106.wav
1489762810871008 AUDIO_PLAYBACK_DONE 106.wav
1489762811871008 AUDIO_PLAYBACK_ONSET 75.wav
1489762812870988 AUDIO_PLAYBACK_DONE 75.wav
1489762813870988 AUDIO_PLAYBACK_ONSET 140.wav
1489762815152237 AUDIO_PLAYBACK_DONE 140.wav
1489762816152237 AUDIO_PLAYBACK_ONSET 54.wav
1489762817402216 AUDIO_PLAYBACK_DONE 54.wav
1489762818402216 AUDIO_PLAYBACK_ONSET 85.wav
1489762819745957 AUDIO_PLAYBACK_DONE 85.wav
1489762820745957 AUDIO_PLAYBACK_ONSET 115.wav
1489762822542831 AUDIO_PLAYBACK_DONE 115.wav
1489762819961114 KEY_PRESS l
1489762820105102 KEY_PRESS l
1489762823542831 AUDIO_PLAYBACK_ONSET 9.wav
1489762824792833 AUDIO_PLAYBACK_DONE 9.wav
1489762825792833 AUDIO_PLAYBACK_ONSET 43.wav
1489762827042811 AUDIO_PLAYBACK_DONE 43.wav
1489762825153106 KEY_PRESS l
1489762825353094 KEY_PRESS l
1489762828042811 AUDIO_PLAYBACK_ONSET 151.wav
1489762829074062 AUDIO_PLAYBACK_DONE 151.wav
1489762830074062 AUDIO_PLAYBACK_ONSET 45.wav
1489762831167803 AUDIO_PLAYBACK_DONE 45.wav
1489762832167803 AUDIO_PLAYBACK_ONSET 47.wav
1489762833402159 AUDIO_PLAYBACK_DONE 47.wav
1489762834402159 AUDIO_PLAYBACK_ONSET 141.wav
1489762835472477 AUDIO_PLAYBACK_DONE 141.wav
1489762836472477 AUDIO_PLAYBACK_ONSET 55.wav
1489762837659961 AUDIO_PLAYBACK_DONE 55.wav
1489762838659961 AUDIO_PLAYBACK_ONSET 149.wav
1489762839816222 AUDIO_PLAYBACK_DONE 149.wav
1489762840816222 AUDIO_PLAYBACK_ONSET 113.wav
1489762842034953 AUDIO_PLAYBACK_DONE 113.wav
1489762843034953 AUDIO_PLAYBACK_ONSET 63.wav
1489762844199016 AUDIO_PLAYBACK_DONE 63.wav

