1489763364431420 CHEETAH_SIGNAL SENT_AFTER_TIME 93283.135713
1489763366911323 CHEETAH_SIGNAL SENT_AFTER_TIME 93285.615246
1489763366971333 CHEETAH_SIGNAL SENT_AFTER_TIME 93285.674894
1489763366938669 DISPLAY_INSTRUCTIONS Stimuli/instructions_audio_sentences.png
1489763382860330 KEY_PRESS space
1489763382893431 CHEETAH_SIGNAL SENT_AFTER_TIME 93301.596316
1489763382993679 CHEETAH_SIGNAL SENT_AFTER_TIME 93301.697207
1489763382961069 DISPLAY_INSTRUCTIONS OFF
1489763383031490 SOUND_ONSET 400 0.200 44100
1489763383368089 SOUND_ONSET 300 0.200 44100
1489763384011082 SOUND_ONSET 600 0.200 44100
1489763384453259 SOUND_ONSET 500 0.200 44100
1489763384694710 SOUND_ONSET 700 0.200 44100
1489763385086547 SOUND_ONSET 300 0.200 44100
1489763385528545 SOUND_ONSET 400 0.200 44100
1489763385920382 SOUND_ONSET 300 0.200 44100
1489763386184368 CHEETAH_SIGNAL SENT_AFTER_TIME 93304.888234
1489763386216637 CHEETAH_SIGNAL SENT_AFTER_TIME 93304.920472
1489763386260460 CHEETAH_SIGNAL SENT_AFTER_TIME 93304.964102
1489763386227915 DISPLAY_FIXATION
1489763389441886 AUDIO_PLAYBACK_ONSET 44.wav
1489763390629392 AUDIO_PLAYBACK_DONE 44.wav
1489763382856979 KEY_PRESS space
1489763382968983 KEY_PRESS space
1489763391629392 AUDIO_PLAYBACK_ONSET 125.wav
1489763392754407 AUDIO_PLAYBACK_DONE 125.wav
1489763391001119 KEY_PRESS l
1489763391097114 KEY_PRESS l
1489763393754407 AUDIO_PLAYBACK_ONSET 86.wav
1489763395066929 AUDIO_PLAYBACK_DONE 86.wav
1489763396066929 AUDIO_PLAYBACK_ONSET 9.wav
1489763397316907 AUDIO_PLAYBACK_DONE 9.wav
1489763395920979 KEY_PRESS l
1489763396041095 KEY_PRESS l
1489763397273104 KEY_PRESS l
1489763398316907 AUDIO_PLAYBACK_ONSET 41.wav
1489763399543466 AUDIO_PLAYBACK_DONE 41.wav
1489763397417080 KEY_PRESS l
1489763400543466 AUDIO_PLAYBACK_ONSET 109.wav
1489763401988774 AUDIO_PLAYBACK_DONE 109.wav
1489763402988774 AUDIO_PLAYBACK_ONSET 34.wav
1489763404363768 AUDIO_PLAYBACK_DONE 34.wav
1489763405363768 AUDIO_PLAYBACK_ONSET 53.wav
1489763406863749 AUDIO_PLAYBACK_DONE 53.wav
1489763407863749 AUDIO_PLAYBACK_ONSET 15.wav
1489763408926245 AUDIO_PLAYBACK_DONE 15.wav
1489763409926245 AUDIO_PLAYBACK_ONSET 106.wav
1489763411144981 AUDIO_PLAYBACK_DONE 106.wav
1489763412144981 AUDIO_PLAYBACK_ONSET 130.wav
1489763413457477 AUDIO_PLAYBACK_DONE 130.wav
1489763414457477 AUDIO_PLAYBACK_ONSET 123.wav
1489763415754352 AUDIO_PLAYBACK_DONE 123.wav
1489763416754352 AUDIO_PLAYBACK_ONSET 28.wav
1489763418254330 AUDIO_PLAYBACK_DONE 28.wav
1489763419254330 AUDIO_PLAYBACK_ONSET 21.wav
1489763420223065 AUDIO_PLAYBACK_DONE 21.wav
1489763421223065 AUDIO_PLAYBACK_ONSET 147.wav
1489763422574611 AUDIO_PLAYBACK_DONE 147.wav
1489763423574611 AUDIO_PLAYBACK_ONSET 78.wav
1489763424996473 AUDIO_PLAYBACK_DONE 78.wav
1489763425996473 AUDIO_PLAYBACK_ONSET 51.wav
1489763427340221 AUDIO_PLAYBACK_DONE 51.wav
1489763428340221 AUDIO_PLAYBACK_ONSET 116.wav
1489763429402716 AUDIO_PLAYBACK_DONE 116.wav
1489763430402716 AUDIO_PLAYBACK_ONSET 138.wav
1489763431605827 AUDIO_PLAYBACK_DONE 138.wav
1489763432605827 AUDIO_PLAYBACK_ONSET 60.wav
1489763434387079 AUDIO_PLAYBACK_DONE 60.wav
1489763435387079 AUDIO_PLAYBACK_ONSET 33.wav
1489763436527693 AUDIO_PLAYBACK_DONE 33.wav
1489763437527693 AUDIO_PLAYBACK_ONSET 47.wav
1489763438762052 AUDIO_PLAYBACK_DONE 47.wav
1489763439762052 AUDIO_PLAYBACK_ONSET 152.wav
1489763440824547 AUDIO_PLAYBACK_DONE 152.wav
1489763441824547 AUDIO_PLAYBACK_ONSET 82.wav
1489763443105798 AUDIO_PLAYBACK_DONE 82.wav
1489763441089114 KEY_PRESS l
1489763441393110 KEY_PRESS l
1489763444105798 AUDIO_PLAYBACK_ONSET 22.wav
1489763445262037 AUDIO_PLAYBACK_DONE 22.wav
1489763446262037 AUDIO_PLAYBACK_ONSET 52.wav
1489763447512016 AUDIO_PLAYBACK_DONE 52.wav
1489763448512016 AUDIO_PLAYBACK_ONSET 73.wav
1489763449902634 AUDIO_PLAYBACK_DONE 73.wav
1489763450902634 AUDIO_PLAYBACK_ONSET 115.wav
1489763452699510 AUDIO_PLAYBACK_DONE 115.wav
1489763453699510 AUDIO_PLAYBACK_ONSET 89.wav
1489763454629196 AUDIO_PLAYBACK_DONE 89.wav
1489763455629196 AUDIO_PLAYBACK_ONSET 18.wav
1489763457129174 AUDIO_PLAYBACK_DONE 18.wav
1489763457009126 KEY_PRESS l
1489763457089110 KEY_PRESS l
1489763458129174 AUDIO_PLAYBACK_ONSET 57.wav
1489763459363531 AUDIO_PLAYBACK_DONE 57.wav
1489763459281077 KEY_PRESS l
1489763460363531 AUDIO_PLAYBACK_ONSET 101.wav
1489763461597889 AUDIO_PLAYBACK_DONE 101.wav
1489763459393100 KEY_PRESS l
1489763462597889 AUDIO_PLAYBACK_ONSET 12.wav
1489763464004128 AUDIO_PLAYBACK_DONE 12.wav
1489763465004128 AUDIO_PLAYBACK_ONSET 124.wav
1489763465988487 AUDIO_PLAYBACK_DONE 124.wav
1489763466988487 AUDIO_PLAYBACK_ONSET 10.wav
1489763468113477 AUDIO_PLAYBACK_DONE 10.wav
1489763469113477 AUDIO_PLAYBACK_ONSET 40.wav
1489763470550964 AUDIO_PLAYBACK_DONE 40.wav
1489763471550964 AUDIO_PLAYBACK_ONSET 128.wav
1489763472863485 AUDIO_PLAYBACK_DONE 128.wav
1489763473863485 AUDIO_PLAYBACK_ONSET 32.wav
1489763475097842 AUDIO_PLAYBACK_DONE 32.wav
1489763476097842 AUDIO_PLAYBACK_ONSET 121.wav
1489763477535348 AUDIO_PLAYBACK_DONE 121.wav
1489763478535348 AUDIO_PLAYBACK_ONSET 16.wav
1489763480004080 AUDIO_PLAYBACK_DONE 16.wav
1489763481004080 AUDIO_PLAYBACK_ONSET 58.wav
1489763482230637 AUDIO_PLAYBACK_DONE 58.wav
1489763483230637 AUDIO_PLAYBACK_ONSET 104.wav
1489763484855653 AUDIO_PLAYBACK_DONE 104.wav
1489763485855653 AUDIO_PLAYBACK_ONSET 27.wav
1489763487543140 AUDIO_PLAYBACK_DONE 27.wav
1489763488543140 AUDIO_PLAYBACK_ONSET 49.wav
1489763489808766 AUDIO_PLAYBACK_DONE 49.wav
1489763490808766 AUDIO_PLAYBACK_ONSET 88.wav
1489763492027499 AUDIO_PLAYBACK_DONE 88.wav
1489763490161115 KEY_PRESS l
1489763490265101 KEY_PRESS l
1489763493027499 AUDIO_PLAYBACK_ONSET 13.wav
1489763494871243 AUDIO_PLAYBACK_DONE 13.wav
1489763494425108 KEY_PRESS l
1489763494593102 KEY_PRESS l
1489763495871243 AUDIO_PLAYBACK_ONSET 102.wav
1489763497465010 AUDIO_PLAYBACK_DONE 102.wav
1489763498465010 AUDIO_PLAYBACK_ONSET 45.wav
1489763499558755 AUDIO_PLAYBACK_DONE 45.wav
1489763500558755 AUDIO_PLAYBACK_ONSET 71.wav
1489763501558737 AUDIO_PLAYBACK_DONE 71.wav
1489763502558737 AUDIO_PLAYBACK_ONSET 137.wav
1489763503980598 AUDIO_PLAYBACK_DONE 137.wav
1489763504980598 AUDIO_PLAYBACK_ONSET 66.wav
1489763506191532 AUDIO_PLAYBACK_DONE 66.wav
1489763507191532 AUDIO_PLAYBACK_ONSET 105.wav
1489763508406365 AUDIO_PLAYBACK_DONE 105.wav
1489763509406365 AUDIO_PLAYBACK_ONSET 2.wav
1489763510828227 AUDIO_PLAYBACK_DONE 2.wav
1489763511828227 AUDIO_PLAYBACK_ONSET 90.wav
1489763513218844 AUDIO_PLAYBACK_DONE 90.wav
1489763514218844 AUDIO_PLAYBACK_ONSET 74.wav
1489763515406328 AUDIO_PLAYBACK_DONE 74.wav
1489763516406328 AUDIO_PLAYBACK_ONSET 31.wav
1489763517656309 AUDIO_PLAYBACK_DONE 31.wav
1489763518656309 AUDIO_PLAYBACK_ONSET 141.wav
1489763519726605 AUDIO_PLAYBACK_DONE 141.wav
1489763520726605 AUDIO_PLAYBACK_ONSET 25.wav
1489763522226587 AUDIO_PLAYBACK_DONE 25.wav
1489763523226587 AUDIO_PLAYBACK_ONSET 3.wav
1489763524718769 AUDIO_PLAYBACK_DONE 3.wav
1489763524401123 KEY_PRESS l
1489763524553103 KEY_PRESS l
1489763525718769 AUDIO_PLAYBACK_ONSET 37.wav
1489763526812510 AUDIO_PLAYBACK_DONE 37.wav
1489763527812510 AUDIO_PLAYBACK_ONSET 62.wav
1489763529281244 AUDIO_PLAYBACK_DONE 62.wav
1489763530281244 AUDIO_PLAYBACK_ONSET 20.wav
1489763531499999 AUDIO_PLAYBACK_DONE 20.wav
1489763532499999 AUDIO_PLAYBACK_ONSET 7.wav
1489763533593742 AUDIO_PLAYBACK_DONE 7.wav
1489763534593742 AUDIO_PLAYBACK_ONSET 85.wav
1489763535937487 AUDIO_PLAYBACK_DONE 85.wav
1489763535833113 KEY_PRESS l
1489763536937487 AUDIO_PLAYBACK_ONSET 65.wav
1489763538312479 AUDIO_PLAYBACK_DONE 65.wav
1489763536001105 KEY_PRESS l
1489763539312479 AUDIO_PLAYBACK_ONSET 81.wav
1489763540499987 AUDIO_PLAYBACK_DONE 81.wav
1489763541499987 AUDIO_PLAYBACK_ONSET 26.wav
1489763542859352 AUDIO_PLAYBACK_DONE 26.wav
1489763543859352 AUDIO_PLAYBACK_ONSET 56.wav
1489763545640603 AUDIO_PLAYBACK_DONE 56.wav
1489763546640603 AUDIO_PLAYBACK_ONSET 150.wav
1489763547890585 AUDIO_PLAYBACK_DONE 150.wav
1489763548890585 AUDIO_PLAYBACK_ONSET 117.wav
1489763550265575 AUDIO_PLAYBACK_DONE 117.wav
1489763551265575 AUDIO_PLAYBACK_ONSET 23.wav
1489763552765555 AUDIO_PLAYBACK_DONE 23.wav
1489763553765555 AUDIO_PLAYBACK_ONSET 96.wav
1489763555117120 AUDIO_PLAYBACK_DONE 96.wav
1489763556117120 AUDIO_PLAYBACK_ONSET 76.wav
1489763557429618 AUDIO_PLAYBACK_DONE 76.wav
1489763558429618 AUDIO_PLAYBACK_ONSET 80.wav
1489763559648351 AUDIO_PLAYBACK_DONE 80.wav
1489763560648351 AUDIO_PLAYBACK_ONSET 54.wav
1489763561898331 AUDIO_PLAYBACK_DONE 54.wav
1489763562898331 AUDIO_PLAYBACK_ONSET 72.wav
1489763564382709 AUDIO_PLAYBACK_DONE 72.wav
1489763565382709 AUDIO_PLAYBACK_ONSET 4.wav
1489763566439330 AUDIO_PLAYBACK_DONE 4.wav
1489763567439330 AUDIO_PLAYBACK_ONSET 132.wav
1489763569052599 AUDIO_PLAYBACK_DONE 132.wav
1489763570052599 AUDIO_PLAYBACK_ONSET 98.wav
1489763571400245 AUDIO_PLAYBACK_DONE 98.wav
1489763572400245 AUDIO_PLAYBACK_ONSET 64.wav
1489763573384621 AUDIO_PLAYBACK_DONE 64.wav
1489763574384621 AUDIO_PLAYBACK_ONSET 50.wav
1489763575486167 AUDIO_PLAYBACK_DONE 50.wav
1489763576486167 AUDIO_PLAYBACK_ONSET 94.wav
1489763577704900 AUDIO_PLAYBACK_DONE 94.wav
1489763578704900 AUDIO_PLAYBACK_ONSET 14.wav
1489763580048666 AUDIO_PLAYBACK_DONE 14.wav
1489763581048666 AUDIO_PLAYBACK_ONSET 48.wav
1489763582220527 AUDIO_PLAYBACK_DONE 48.wav
1489763583220527 AUDIO_PLAYBACK_ONSET 119.wav
1489763584376767 AUDIO_PLAYBACK_DONE 119.wav
1489763585376767 AUDIO_PLAYBACK_ONSET 75.wav
1489763586376744 AUDIO_PLAYBACK_DONE 75.wav
1489763587376744 AUDIO_PLAYBACK_ONSET 8.wav
1489763588556429 AUDIO_PLAYBACK_DONE 8.wav
1489763589556429 AUDIO_PLAYBACK_ONSET 67.wav
1489763590478313 AUDIO_PLAYBACK_DONE 67.wav
1489763591478313 AUDIO_PLAYBACK_ONSET 112.wav
1489763592415796 AUDIO_PLAYBACK_DONE 112.wav
1489763593415796 AUDIO_PLAYBACK_ONSET 108.wav
1489763594900153 AUDIO_PLAYBACK_DONE 108.wav
1489763595900153 AUDIO_PLAYBACK_ONSET 91.wav
1489763596806390 AUDIO_PLAYBACK_DONE 91.wav
1489763597806390 AUDIO_PLAYBACK_ONSET 133.wav
1489763599134512 AUDIO_PLAYBACK_DONE 133.wav
1489763600134512 AUDIO_PLAYBACK_ONSET 17.wav
1489763601134491 AUDIO_PLAYBACK_DONE 17.wav
1489763602134491 AUDIO_PLAYBACK_ONSET 68.wav
1489763603111069 AUDIO_PLAYBACK_DONE 68.wav
1489763604111069 AUDIO_PLAYBACK_ONSET 97.wav
1489763605763407 AUDIO_PLAYBACK_DONE 97.wav
1489763606763407 AUDIO_PLAYBACK_ONSET 114.wav
1489763607997761 AUDIO_PLAYBACK_DONE 114.wav
1489763608997761 AUDIO_PLAYBACK_ONSET 142.wav
1489763610443072 AUDIO_PLAYBACK_DONE 142.wav
1489763611443072 AUDIO_PLAYBACK_ONSET 87.wav
1489763612552438 AUDIO_PLAYBACK_DONE 87.wav
1489763613552438 AUDIO_PLAYBACK_ONSET 144.wav
1489763614864956 AUDIO_PLAYBACK_DONE 144.wav
1489763615864956 AUDIO_PLAYBACK_ONSET 148.wav
1489763617130580 AUDIO_PLAYBACK_DONE 148.wav
1489763618130580 AUDIO_PLAYBACK_ONSET 69.wav
1489763619427455 AUDIO_PLAYBACK_DONE 69.wav
1489763617449082 KEY_PRESS l
1489763617633104 KEY_PRESS l
1489763620427455 AUDIO_PLAYBACK_ONSET 111.wav
1489763621708727 AUDIO_PLAYBACK_DONE 111.wav
1489763622708727 AUDIO_PLAYBACK_ONSET 113.wav
1489763623927458 AUDIO_PLAYBACK_DONE 113.wav
1489763624927458 AUDIO_PLAYBACK_ONSET 118.wav
1489763626427440 AUDIO_PLAYBACK_DONE 118.wav
1489763627427440 AUDIO_PLAYBACK_ONSET 120.wav
1489763628724311 AUDIO_PLAYBACK_DONE 120.wav
1489763629724311 AUDIO_PLAYBACK_ONSET 36.wav
1489763630974292 AUDIO_PLAYBACK_DONE 36.wav
1489763631974292 AUDIO_PLAYBACK_ONSET 145.wav
1489763633364927 AUDIO_PLAYBACK_DONE 145.wav
1489763634364927 AUDIO_PLAYBACK_ONSET 134.wav
1489763635153978 AUDIO_PLAYBACK_DONE 134.wav
1489763636153978 AUDIO_PLAYBACK_ONSET 143.wav
1489763637271166 AUDIO_PLAYBACK_DONE 143.wav
1489763638271166 AUDIO_PLAYBACK_ONSET 42.wav
1489763639427404 AUDIO_PLAYBACK_DONE 42.wav
1489763640427404 AUDIO_PLAYBACK_ONSET 126.wav
1489763641818041 AUDIO_PLAYBACK_DONE 126.wav
1489763641537090 KEY_PRESS l
1489763641689116 KEY_PRESS l
1489763642818041 AUDIO_PLAYBACK_ONSET 38.wav
1489763644099288 AUDIO_PLAYBACK_DONE 38.wav
1489763645099288 AUDIO_PLAYBACK_ONSET 103.wav
1489763646489905 AUDIO_PLAYBACK_DONE 103.wav
1489763647489905 AUDIO_PLAYBACK_ONSET 43.wav
1489763648739904 AUDIO_PLAYBACK_DONE 43.wav
1489763649739904 AUDIO_PLAYBACK_ONSET 35.wav
1489763651302400 AUDIO_PLAYBACK_DONE 35.wav
1489763652302400 AUDIO_PLAYBACK_ONSET 93.wav
1489763653818024 AUDIO_PLAYBACK_DONE 93.wav
1489763654818024 AUDIO_PLAYBACK_ONSET 146.wav
1489763656193014 AUDIO_PLAYBACK_DONE 146.wav
1489763657193014 AUDIO_PLAYBACK_ONSET 110.wav
1489763658724263 AUDIO_PLAYBACK_DONE 110.wav
1489763658689015 KEY_PRESS l
1489763659724263 AUDIO_PLAYBACK_ONSET 46.wav
1489763660786761 AUDIO_PLAYBACK_DONE 46.wav
1489763658809102 KEY_PRESS l
1489763661786761 AUDIO_PLAYBACK_ONSET 136.wav
1489763663403928 AUDIO_PLAYBACK_DONE 136.wav
1489763664403928 AUDIO_PLAYBACK_ONSET 95.wav
1489763665677377 AUDIO_PLAYBACK_DONE 95.wav
1489763666677377 AUDIO_PLAYBACK_ONSET 151.wav
1489763667708624 AUDIO_PLAYBACK_DONE 151.wav
1489763668708624 AUDIO_PLAYBACK_ONSET 30.wav
1489763670208605 AUDIO_PLAYBACK_DONE 30.wav
1489763671208605 AUDIO_PLAYBACK_ONSET 122.wav
1489763672396088 AUDIO_PLAYBACK_DONE 122.wav
1489763673396088 AUDIO_PLAYBACK_ONSET 77.wav
1489763674442963 AUDIO_PLAYBACK_DONE 77.wav
1489763675442963 AUDIO_PLAYBACK_ONSET 139.wav
1489763676622645 AUDIO_PLAYBACK_DONE 139.wav
1489763677622645 AUDIO_PLAYBACK_ONSET 55.wav
1489763678810130 AUDIO_PLAYBACK_DONE 55.wav
1489763679810130 AUDIO_PLAYBACK_ONSET 107.wav
1489763680974213 AUDIO_PLAYBACK_DONE 107.wav
1489763681974213 AUDIO_PLAYBACK_ONSET 39.wav
1489763683849204 AUDIO_PLAYBACK_DONE 39.wav
1489763684849204 AUDIO_PLAYBACK_ONSET 127.wav
1489763686028888 AUDIO_PLAYBACK_DONE 127.wav
1489763687028888 AUDIO_PLAYBACK_ONSET 149.wav
1489763688185127 AUDIO_PLAYBACK_DONE 149.wav
1489763689185127 AUDIO_PLAYBACK_ONSET 140.wav
1489763690466374 AUDIO_PLAYBACK_DONE 140.wav
1489763691466374 AUDIO_PLAYBACK_ONSET 6.wav
1489763692692929 AUDIO_PLAYBACK_DONE 6.wav
1489763693692929 AUDIO_PLAYBACK_ONSET 131.wav
1489763694567919 AUDIO_PLAYBACK_DONE 131.wav
1489763695567919 AUDIO_PLAYBACK_ONSET 84.wav
1489763696817922 AUDIO_PLAYBACK_DONE 84.wav
1489763697817922 AUDIO_PLAYBACK_ONSET 5.wav
1489763699280803 AUDIO_PLAYBACK_DONE 5.wav
1489763700280803 AUDIO_PLAYBACK_ONSET 24.wav
1489763701874548 AUDIO_PLAYBACK_DONE 24.wav
1489763701513137 KEY_PRESS l
1489763701697103 KEY_PRESS l
1489763702874548 AUDIO_PLAYBACK_ONSET 61.wav
1489763704374550 AUDIO_PLAYBACK_DONE 61.wav
1489763705374550 AUDIO_PLAYBACK_ONSET 1.wav
1489763706249538 AUDIO_PLAYBACK_DONE 1.wav
1489763707249538 AUDIO_PLAYBACK_ONSET 92.wav
1489763708499519 AUDIO_PLAYBACK_DONE 92.wav
1489763709499519 AUDIO_PLAYBACK_ONSET 99.wav
1489763710593283 AUDIO_PLAYBACK_DONE 99.wav
1489763711593283 AUDIO_PLAYBACK_ONSET 135.wav
1489763712644076 AUDIO_PLAYBACK_DONE 135.wav
1489763713644076 AUDIO_PLAYBACK_ONSET 70.wav
1489763715175323 AUDIO_PLAYBACK_DONE 70.wav
1489763716175323 AUDIO_PLAYBACK_ONSET 83.wav
1489763717862809 AUDIO_PLAYBACK_DONE 83.wav
1489763718862809 AUDIO_PLAYBACK_ONSET 63.wav
1489763720026893 AUDIO_PLAYBACK_DONE 63.wav
1489763718057085 KEY_PRESS l
1489763718169059 KEY_PRESS l
1489763721026893 AUDIO_PLAYBACK_ONSET 29.wav
1489763722526871 AUDIO_PLAYBACK_DONE 29.wav
1489763723526871 AUDIO_PLAYBACK_ONSET 129.wav
1489763724651863 AUDIO_PLAYBACK_DONE 129.wav
1489763725651863 AUDIO_PLAYBACK_ONSET 100.wav
1489763726526850 AUDIO_PLAYBACK_DONE 100.wav
1489763727526850 AUDIO_PLAYBACK_ONSET 79.wav
1489763728839347 AUDIO_PLAYBACK_DONE 79.wav
1489763729839347 AUDIO_PLAYBACK_ONSET 11.wav
1489763730792475 AUDIO_PLAYBACK_DONE 11.wav
1489763731792475 AUDIO_PLAYBACK_ONSET 19.wav
1489763732823724 AUDIO_PLAYBACK_DONE 19.wav
1489763733823724 AUDIO_PLAYBACK_ONSET 59.wav
1489763735128397 AUDIO_PLAYBACK_DONE 59.wav
