1489761577103897 CHEETAH_SIGNAL SENT_AFTER_TIME 91495.806707
1489761579845294 CHEETAH_SIGNAL SENT_AFTER_TIME 91498.549286
1489761579915089 CHEETAH_SIGNAL SENT_AFTER_TIME 91498.618641
1489761579882413 DISPLAY_INSTRUCTIONS Stimuli/instructions_audio_sentences.png
1489761604660593 KEY_PRESS space
1489761604693657 CHEETAH_SIGNAL SENT_AFTER_TIME 91523.396575
1489761604792481 CHEETAH_SIGNAL SENT_AFTER_TIME 91523.495144
1489761604759014 DISPLAY_INSTRUCTIONS OFF
1489761604830210 SOUND_ONSET 400 0.200 44100
1489761605169439 SOUND_ONSET 300 0.200 44100
1489761605808260 SOUND_ONSET 600 0.200 44100
1489761606250346 SOUND_ONSET 500 0.200 44100
1489761606491707 SOUND_ONSET 700 0.200 44100
1489761606883634 SOUND_ONSET 300 0.200 44100
1489761607325358 SOUND_ONSET 400 0.200 44100
1489761607717467 SOUND_ONSET 300 0.200 44100
1489761607981339 CHEETAH_SIGNAL SENT_AFTER_TIME 91526.685308
1489761608013513 CHEETAH_SIGNAL SENT_AFTER_TIME 91526.717385
1489761608057188 CHEETAH_SIGNAL SENT_AFTER_TIME 91526.760834
1489761608024681 DISPLAY_FIXATION
1489761611241732 AUDIO_PLAYBACK_ONSET 1.wav
1489761612116744 AUDIO_PLAYBACK_DONE 1.wav
1489761604656975 KEY_PRESS space
1489761604736991 KEY_PRESS space
1489761613116744 AUDIO_PLAYBACK_ONSET 2.wav
1489761614538606 AUDIO_PLAYBACK_DONE 2.wav
1489761615538606 AUDIO_PLAYBACK_ONSET 3.wav
1489761617030791 AUDIO_PLAYBACK_DONE 3.wav
1489761618030791 AUDIO_PLAYBACK_ONSET 4.wav
1489761619087434 AUDIO_PLAYBACK_DONE 4.wav
1489761620087434 AUDIO_PLAYBACK_ONSET 5.wav
1489761621550320 AUDIO_PLAYBACK_DONE 5.wav
1489761622550320 AUDIO_PLAYBACK_ONSET 6.wav
1489761623776877 AUDIO_PLAYBACK_DONE 6.wav
1489761624776877 AUDIO_PLAYBACK_ONSET 7.wav
1489761625870622 AUDIO_PLAYBACK_DONE 7.wav
1489761626870622 AUDIO_PLAYBACK_ONSET 8.wav
1489761628050311 AUDIO_PLAYBACK_DONE 8.wav
1489761629050311 AUDIO_PLAYBACK_ONSET 9.wav
1489761630300290 AUDIO_PLAYBACK_DONE 9.wav
1489761631300290 AUDIO_PLAYBACK_ONSET 10.wav
1489761632425283 AUDIO_PLAYBACK_DONE 10.wav
1489761630385114 KEY_PRESS l
1489761630529109 KEY_PRESS l
1489761633425283 AUDIO_PLAYBACK_ONSET 11.wav
1489761634378392 AUDIO_PLAYBACK_DONE 11.wav
1489761635378392 AUDIO_PLAYBACK_ONSET 12.wav
1489761636784633 AUDIO_PLAYBACK_DONE 12.wav
1489761637784633 AUDIO_PLAYBACK_ONSET 13.wav
1489761639628375 AUDIO_PLAYBACK_DONE 13.wav
1489761639217116 KEY_PRESS l
1489761639369100 KEY_PRESS l
1489761640628375 AUDIO_PLAYBACK_ONSET 14.wav
1489761641972120 AUDIO_PLAYBACK_DONE 14.wav
1489761642972120 AUDIO_PLAYBACK_ONSET 15.wav
1489761644034640 AUDIO_PLAYBACK_DONE 15.wav
1489761645034640 AUDIO_PLAYBACK_ONSET 16.wav
1489761646503373 AUDIO_PLAYBACK_DONE 16.wav
1489761647503373 AUDIO_PLAYBACK_ONSET 17.wav
1489761648503354 AUDIO_PLAYBACK_DONE 17.wav
1489761649503354 AUDIO_PLAYBACK_ONSET 18.wav
1489761651003333 AUDIO_PLAYBACK_DONE 18.wav
1489761652003333 AUDIO_PLAYBACK_ONSET 19.wav
1489761653034584 AUDIO_PLAYBACK_DONE 19.wav
1489761652329117 KEY_PRESS l
1489761652369099 KEY_PRESS l
1489761652401100 KEY_PRESS l
1489761652521016 KEY_PRESS l
1489761654034584 AUDIO_PLAYBACK_ONSET 20.wav
1489761655253320 AUDIO_PLAYBACK_DONE 20.wav
1489761656253320 AUDIO_PLAYBACK_ONSET 21.wav
1489761657222052 AUDIO_PLAYBACK_DONE 21.wav
1489761658222052 AUDIO_PLAYBACK_ONSET 22.wav
1489761659378313 AUDIO_PLAYBACK_DONE 22.wav
1489761660378313 AUDIO_PLAYBACK_ONSET 23.wav
1489761661878294 AUDIO_PLAYBACK_DONE 23.wav
1489761662878294 AUDIO_PLAYBACK_ONSET 24.wav
1489761664472061 AUDIO_PLAYBACK_DONE 24.wav
1489761665472061 AUDIO_PLAYBACK_ONSET 25.wav
1489761666972040 AUDIO_PLAYBACK_DONE 25.wav
1489761664593111 KEY_PRESS l
1489761664713107 KEY_PRESS l
1489761667972040 AUDIO_PLAYBACK_ONSET 26.wav
1489761669331408 AUDIO_PLAYBACK_DONE 26.wav
1489761670331408 AUDIO_PLAYBACK_ONSET 27.wav
1489761672018897 AUDIO_PLAYBACK_DONE 27.wav
1489761673018897 AUDIO_PLAYBACK_ONSET 28.wav
1489761674518879 AUDIO_PLAYBACK_DONE 28.wav
1489761675518879 AUDIO_PLAYBACK_ONSET 29.wav
1489761677018858 AUDIO_PLAYBACK_DONE 29.wav
1489761678018858 AUDIO_PLAYBACK_ONSET 30.wav
1489761679518842 AUDIO_PLAYBACK_DONE 30.wav
1489761680518842 AUDIO_PLAYBACK_ONSET 31.wav
1489761681768821 AUDIO_PLAYBACK_DONE 31.wav
1489761682768821 AUDIO_PLAYBACK_ONSET 32.wav
1489761684003180 AUDIO_PLAYBACK_DONE 32.wav
1489761685003180 AUDIO_PLAYBACK_ONSET 33.wav
1489761686143796 AUDIO_PLAYBACK_DONE 33.wav
1489761687143796 AUDIO_PLAYBACK_ONSET 34.wav
1489761688518787 AUDIO_PLAYBACK_DONE 34.wav
1489761689518787 AUDIO_PLAYBACK_ONSET 35.wav
1489761691081307 AUDIO_PLAYBACK_DONE 35.wav
1489761692081307 AUDIO_PLAYBACK_ONSET 36.wav
1489761693331286 AUDIO_PLAYBACK_DONE 36.wav
1489761694331286 AUDIO_PLAYBACK_ONSET 37.wav
1489761695425031 AUDIO_PLAYBACK_DONE 37.wav
1489761696425031 AUDIO_PLAYBACK_ONSET 38.wav
1489761697706301 AUDIO_PLAYBACK_DONE 38.wav
1489761698706301 AUDIO_PLAYBACK_ONSET 39.wav
1489761700581295 AUDIO_PLAYBACK_DONE 39.wav
1489761701581295 AUDIO_PLAYBACK_ONSET 40.wav
1489761703018784 AUDIO_PLAYBACK_DONE 40.wav
1489761704018784 AUDIO_PLAYBACK_ONSET 41.wav
1489761705245339 AUDIO_PLAYBACK_DONE 41.wav
1489761706245339 AUDIO_PLAYBACK_ONSET 42.wav
1489761707401579 AUDIO_PLAYBACK_DONE 42.wav
1489761708401579 AUDIO_PLAYBACK_ONSET 43.wav
1489761709651559 AUDIO_PLAYBACK_DONE 43.wav
1489761710651559 AUDIO_PLAYBACK_ONSET 44.wav
1489761711839044 AUDIO_PLAYBACK_DONE 44.wav
1489761712839044 AUDIO_PLAYBACK_ONSET 45.wav
1489761713932791 AUDIO_PLAYBACK_DONE 45.wav
1489761711865098 KEY_PRESS l
1489761712025100 KEY_PRESS l
1489761714932791 AUDIO_PLAYBACK_ONSET 46.wav
1489761715995287 AUDIO_PLAYBACK_DONE 46.wav
1489761716995287 AUDIO_PLAYBACK_ONSET 47.wav
1489761718229641 AUDIO_PLAYBACK_DONE 47.wav
1489761719229641 AUDIO_PLAYBACK_ONSET 48.wav
1489761720401505 AUDIO_PLAYBACK_DONE 48.wav
1489761721401505 AUDIO_PLAYBACK_ONSET 49.wav
1489761722667132 AUDIO_PLAYBACK_DONE 49.wav
1489761723667132 AUDIO_PLAYBACK_ONSET 50.wav
1489761724768676 AUDIO_PLAYBACK_DONE 50.wav
1489761723745053 KEY_PRESS l
1489761723865143 KEY_PRESS l
1489761725768676 AUDIO_PLAYBACK_ONSET 51.wav
1489761727112422 AUDIO_PLAYBACK_DONE 51.wav
1489761728112422 AUDIO_PLAYBACK_ONSET 52.wav
1489761729362400 AUDIO_PLAYBACK_DONE 52.wav
1489761730362400 AUDIO_PLAYBACK_ONSET 53.wav
1489761731862380 AUDIO_PLAYBACK_DONE 53.wav
1489761732862380 AUDIO_PLAYBACK_ONSET 54.wav
1489761734112361 AUDIO_PLAYBACK_DONE 54.wav
1489761735112361 AUDIO_PLAYBACK_ONSET 55.wav
1489761736299845 AUDIO_PLAYBACK_DONE 55.wav
1489761737299845 AUDIO_PLAYBACK_ONSET 56.wav
1489761739081117 AUDIO_PLAYBACK_DONE 56.wav
1489761740081117 AUDIO_PLAYBACK_ONSET 57.wav
1489761741315471 AUDIO_PLAYBACK_DONE 57.wav
1489761741249102 KEY_PRESS l
1489761742315471 AUDIO_PLAYBACK_ONSET 58.wav
1489761743542028 AUDIO_PLAYBACK_DONE 58.wav
1489761741393100 KEY_PRESS l
1489761744542028 AUDIO_PLAYBACK_ONSET 59.wav
1489761745846703 AUDIO_PLAYBACK_DONE 59.wav
1489761746846703 AUDIO_PLAYBACK_ONSET 60.wav
1489761748627954 AUDIO_PLAYBACK_DONE 60.wav
1489761749627954 AUDIO_PLAYBACK_ONSET 61.wav
1489761751127935 AUDIO_PLAYBACK_DONE 61.wav
1489761752127935 AUDIO_PLAYBACK_ONSET 62.wav
1489761753596690 AUDIO_PLAYBACK_DONE 62.wav
1489761754596690 AUDIO_PLAYBACK_ONSET 63.wav
1489761755760750 AUDIO_PLAYBACK_DONE 63.wav
1489761756760750 AUDIO_PLAYBACK_ONSET 64.wav
1489761757745129 AUDIO_PLAYBACK_DONE 64.wav
1489761758745129 AUDIO_PLAYBACK_ONSET 65.wav
1489761760120119 AUDIO_PLAYBACK_DONE 65.wav
1489761761120119 AUDIO_PLAYBACK_ONSET 66.wav
1489761762331053 AUDIO_PLAYBACK_DONE 66.wav
1489761763331053 AUDIO_PLAYBACK_ONSET 67.wav
1489761764252916 AUDIO_PLAYBACK_DONE 67.wav
1489761765252916 AUDIO_PLAYBACK_ONSET 68.wav
1489761766229472 AUDIO_PLAYBACK_DONE 68.wav
1489761767229472 AUDIO_PLAYBACK_ONSET 69.wav
1489761768526344 AUDIO_PLAYBACK_DONE 69.wav
1489761769526344 AUDIO_PLAYBACK_ONSET 70.wav
1489761771057593 AUDIO_PLAYBACK_DONE 70.wav
1489761772057593 AUDIO_PLAYBACK_ONSET 71.wav
1489761773057574 AUDIO_PLAYBACK_DONE 71.wav
1489761774057574 AUDIO_PLAYBACK_ONSET 72.wav
1489761775541950 AUDIO_PLAYBACK_DONE 72.wav
1489761776541950 AUDIO_PLAYBACK_ONSET 73.wav
1489761777932568 AUDIO_PLAYBACK_DONE 73.wav
1489761778932568 AUDIO_PLAYBACK_ONSET 74.wav
1489761780120052 AUDIO_PLAYBACK_DONE 74.wav
1489761781120052 AUDIO_PLAYBACK_ONSET 75.wav
1489761782120032 AUDIO_PLAYBACK_DONE 75.wav
1489761780161138 KEY_PRESS l
1489761780305100 KEY_PRESS l
1489761783120032 AUDIO_PLAYBACK_ONSET 76.wav
1489761784432530 AUDIO_PLAYBACK_DONE 76.wav
1489761785432530 AUDIO_PLAYBACK_ONSET 77.wav
1489761786479402 AUDIO_PLAYBACK_DONE 77.wav
1489761787479402 AUDIO_PLAYBACK_ONSET 78.wav
1489761788901286 AUDIO_PLAYBACK_DONE 78.wav
1489761789901286 AUDIO_PLAYBACK_ONSET 79.wav
1489761791213781 AUDIO_PLAYBACK_DONE 79.wav
1489761792213781 AUDIO_PLAYBACK_ONSET 80.wav
1489761793432514 AUDIO_PLAYBACK_DONE 80.wav
1489761794432514 AUDIO_PLAYBACK_ONSET 81.wav
1489761795620020 AUDIO_PLAYBACK_DONE 81.wav
1489761796620020 AUDIO_PLAYBACK_ONSET 82.wav
1489761797901271 AUDIO_PLAYBACK_DONE 82.wav
1489761798901271 AUDIO_PLAYBACK_ONSET 83.wav
1489761800588754 AUDIO_PLAYBACK_DONE 83.wav
1489761801588754 AUDIO_PLAYBACK_ONSET 84.wav
1489761802838734 AUDIO_PLAYBACK_DONE 84.wav
1489761802673115 KEY_PRESS l
1489761802785035 KEY_PRESS l
1489761803838734 AUDIO_PLAYBACK_ONSET 85.wav
1489761805182500 AUDIO_PLAYBACK_DONE 85.wav
1489761806182500 AUDIO_PLAYBACK_ONSET 86.wav
1489761807494997 AUDIO_PLAYBACK_DONE 86.wav
1489761808494997 AUDIO_PLAYBACK_ONSET 87.wav
1489761809604364 AUDIO_PLAYBACK_DONE 87.wav
1489761810604364 AUDIO_PLAYBACK_ONSET 88.wav
1489761811823098 AUDIO_PLAYBACK_DONE 88.wav
1489761812823098 AUDIO_PLAYBACK_ONSET 89.wav
1489761813752782 AUDIO_PLAYBACK_DONE 89.wav
1489761814752782 AUDIO_PLAYBACK_ONSET 90.wav
1489761816143394 AUDIO_PLAYBACK_DONE 90.wav
1489761817143394 AUDIO_PLAYBACK_ONSET 91.wav
1489761818049633 AUDIO_PLAYBACK_DONE 91.wav
1489761819049633 AUDIO_PLAYBACK_ONSET 92.wav
1489761820299635 AUDIO_PLAYBACK_DONE 92.wav
1489761821299635 AUDIO_PLAYBACK_ONSET 93.wav
1489761822815260 AUDIO_PLAYBACK_DONE 93.wav
1489761823815260 AUDIO_PLAYBACK_ONSET 94.wav
1489761825033994 AUDIO_PLAYBACK_DONE 94.wav
1489761826033994 AUDIO_PLAYBACK_ONSET 95.wav
1489761827307421 AUDIO_PLAYBACK_DONE 95.wav
1489761828307421 AUDIO_PLAYBACK_ONSET 96.wav
1489761829658966 AUDIO_PLAYBACK_DONE 96.wav
1489761830658966 AUDIO_PLAYBACK_ONSET 97.wav
1489761832311327 AUDIO_PLAYBACK_DONE 97.wav
1489761833311327 AUDIO_PLAYBACK_ONSET 98.wav
1489761834658991 AUDIO_PLAYBACK_DONE 98.wav
1489761835658991 AUDIO_PLAYBACK_ONSET 99.wav
1489761836752736 AUDIO_PLAYBACK_DONE 99.wav
1489761837752736 AUDIO_PLAYBACK_ONSET 100.wav
1489761838627724 AUDIO_PLAYBACK_DONE 100.wav
1489761839627724 AUDIO_PLAYBACK_ONSET 101.wav
1489761840862080 AUDIO_PLAYBACK_DONE 101.wav
1489761841862080 AUDIO_PLAYBACK_ONSET 102.wav
1489761843455823 AUDIO_PLAYBACK_DONE 102.wav
1489761844455823 AUDIO_PLAYBACK_ONSET 103.wav
1489761845846437 AUDIO_PLAYBACK_DONE 103.wav
1489761846846437 AUDIO_PLAYBACK_ONSET 104.wav
1489761848471430 AUDIO_PLAYBACK_DONE 104.wav
1489761849471430 AUDIO_PLAYBACK_ONSET 105.wav
1489761850686262 AUDIO_PLAYBACK_DONE 105.wav
1489761851686262 AUDIO_PLAYBACK_ONSET 106.wav
1489761852904995 AUDIO_PLAYBACK_DONE 106.wav
1489761853904995 AUDIO_PLAYBACK_ONSET 107.wav
1489761855069075 AUDIO_PLAYBACK_DONE 107.wav
1489761856069075 AUDIO_PLAYBACK_ONSET 108.wav
1489761857553433 AUDIO_PLAYBACK_DONE 108.wav
1489761858553433 AUDIO_PLAYBACK_ONSET 109.wav
1489761859998763 AUDIO_PLAYBACK_DONE 109.wav
1489761860998763 AUDIO_PLAYBACK_ONSET 110.wav
1489761862530033 AUDIO_PLAYBACK_DONE 110.wav
1489761863530033 AUDIO_PLAYBACK_ONSET 111.wav
1489761864811283 AUDIO_PLAYBACK_DONE 111.wav
1489761862553123 KEY_PRESS l
1489761862745052 KEY_PRESS l
1489761865811283 AUDIO_PLAYBACK_ONSET 112.wav
1489761866748788 AUDIO_PLAYBACK_DONE 112.wav
1489761867748788 AUDIO_PLAYBACK_ONSET 113.wav
1489761868967540 AUDIO_PLAYBACK_DONE 113.wav
1489761869967540 AUDIO_PLAYBACK_ONSET 114.wav
1489761871201898 AUDIO_PLAYBACK_DONE 114.wav
1489761872201898 AUDIO_PLAYBACK_ONSET 115.wav
1489761873998769 AUDIO_PLAYBACK_DONE 115.wav
1489761874998769 AUDIO_PLAYBACK_ONSET 116.wav
1489761876061267 AUDIO_PLAYBACK_DONE 116.wav
1489761877061267 AUDIO_PLAYBACK_ONSET 117.wav
1489761878436256 AUDIO_PLAYBACK_DONE 117.wav
1489761879436256 AUDIO_PLAYBACK_ONSET 118.wav
1489761880936237 AUDIO_PLAYBACK_DONE 118.wav
1489761881936237 AUDIO_PLAYBACK_ONSET 119.wav
1489761883092497 AUDIO_PLAYBACK_DONE 119.wav
1489761884092497 AUDIO_PLAYBACK_ONSET 120.wav
1489761885389370 AUDIO_PLAYBACK_DONE 120.wav
1489761886389370 AUDIO_PLAYBACK_ONSET 121.wav
1489761887826856 AUDIO_PLAYBACK_DONE 121.wav
1489761888826856 AUDIO_PLAYBACK_ONSET 122.wav
1489761890014363 AUDIO_PLAYBACK_DONE 122.wav
1489761891014363 AUDIO_PLAYBACK_ONSET 123.wav
1489761892311234 AUDIO_PLAYBACK_DONE 123.wav
1489761893311234 AUDIO_PLAYBACK_ONSET 124.wav
1489761894295610 AUDIO_PLAYBACK_DONE 124.wav
1489761895295610 AUDIO_PLAYBACK_ONSET 125.wav
1489761896420602 AUDIO_PLAYBACK_DONE 125.wav
1489761897420602 AUDIO_PLAYBACK_ONSET 126.wav
1489761898811239 AUDIO_PLAYBACK_DONE 126.wav
1489761899811239 AUDIO_PLAYBACK_ONSET 127.wav
1489761900990923 AUDIO_PLAYBACK_DONE 127.wav
1489761901990923 AUDIO_PLAYBACK_ONSET 128.wav
1489761903303439 AUDIO_PLAYBACK_DONE 128.wav
1489761904303439 AUDIO_PLAYBACK_ONSET 129.wav
1489761905428428 AUDIO_PLAYBACK_DONE 129.wav
1489761906428428 AUDIO_PLAYBACK_ONSET 130.wav
1489761907740925 AUDIO_PLAYBACK_DONE 130.wav
1489761908740925 AUDIO_PLAYBACK_ONSET 131.wav
1489761909615916 AUDIO_PLAYBACK_DONE 131.wav
1489761910615916 AUDIO_PLAYBACK_ONSET 132.wav
1489761912229181 AUDIO_PLAYBACK_DONE 132.wav
1489761913229181 AUDIO_PLAYBACK_ONSET 133.wav
1489761914557299 AUDIO_PLAYBACK_DONE 133.wav
1489761915557299 AUDIO_PLAYBACK_ONSET 134.wav
1489761916346348 AUDIO_PLAYBACK_DONE 134.wav
1489761917346348 AUDIO_PLAYBACK_ONSET 135.wav
1489761918397143 AUDIO_PLAYBACK_DONE 135.wav
1489761919397143 AUDIO_PLAYBACK_ONSET 136.wav
1489761921014309 AUDIO_PLAYBACK_DONE 136.wav
1489761922014309 AUDIO_PLAYBACK_ONSET 137.wav
1489761923436172 AUDIO_PLAYBACK_DONE 137.wav
1489761924436172 AUDIO_PLAYBACK_ONSET 138.wav
1489761925639302 AUDIO_PLAYBACK_DONE 138.wav
1489761926639302 AUDIO_PLAYBACK_ONSET 139.wav
1489761927818987 AUDIO_PLAYBACK_DONE 139.wav
1489761928818987 AUDIO_PLAYBACK_ONSET 140.wav
1489761930100237 AUDIO_PLAYBACK_DONE 140.wav
1489761931100237 AUDIO_PLAYBACK_ONSET 141.wav
1489761932170531 AUDIO_PLAYBACK_DONE 141.wav
1489761933170531 AUDIO_PLAYBACK_ONSET 142.wav
1489761934615862 AUDIO_PLAYBACK_DONE 142.wav
1489761933193113 KEY_PRESS l
1489761935615862 AUDIO_PLAYBACK_ONSET 143.wav
1489761936733053 AUDIO_PLAYBACK_DONE 143.wav
1489761937733053 AUDIO_PLAYBACK_ONSET 144.wav
1489761939045548 AUDIO_PLAYBACK_DONE 144.wav
1489761938249106 KEY_PRESS l
1489761938377102 KEY_PRESS l
1489761940045548 AUDIO_PLAYBACK_ONSET 145.wav
1489761941436165 AUDIO_PLAYBACK_DONE 145.wav
1489761942436165 AUDIO_PLAYBACK_ONSET 146.wav
1489761943811154 AUDIO_PLAYBACK_DONE 146.wav
1489761941569002 KEY_PRESS l
1489761944811154 AUDIO_PLAYBACK_ONSET 147.wav
1489761946162699 AUDIO_PLAYBACK_DONE 147.wav
1489761947162699 AUDIO_PLAYBACK_ONSET 148.wav
1489761948428348 AUDIO_PLAYBACK_DONE 148.wav
1489761949428348 AUDIO_PLAYBACK_ONSET 149.wav
1489761950584585 AUDIO_PLAYBACK_DONE 149.wav
1489761948481088 KEY_PRESS l
1489761948633101 KEY_PRESS l
1489761951584585 AUDIO_PLAYBACK_ONSET 150.wav
1489761952834583 AUDIO_PLAYBACK_DONE 150.wav
1489761953834583 AUDIO_PLAYBACK_ONSET 151.wav
1489761954865832 AUDIO_PLAYBACK_DONE 151.wav
1489761955865832 AUDIO_PLAYBACK_ONSET 152.wav
1489761956928350 AUDIO_PLAYBACK_DONE 152.wav

