259289.891086 CHEETAH_SIGNAL SENT_AFTER_TIME 259289.890311
259295.330098 CHEETAH_SIGNAL SENT_AFTER_TIME 259295.326896
259295.486846 CHEETAH_SIGNAL SENT_AFTER_TIME 259295.486338
259295.484899 DISPLAY_INSTRUCTIONS Stimuli/instructions_sentences.png
259374.740047 KEY_PRESS space
259374.742289 CHEETAH_SIGNAL SENT_AFTER_TIME 259374.741797
259374.834666 CHEETAH_SIGNAL SENT_AFTER_TIME 259374.834192
259374.829208 DISPLAY_INSTRUCTIONS OFF
259374.893514 CHEETAH_SIGNAL SENT_AFTER_TIME 259374.893041
259374.926020 CHEETAH_SIGNAL SENT_AFTER_TIME 259374.925655
259375.060058 CHEETAH_SIGNAL SENT_AFTER_TIME 259375.059599
259375.058840 DISPLAY_FIXATION
259374.735487 KEY_PRESS space
259374.863498 KEY_PRESS space
259380.265750 CHEETAH_SIGNAL SENT_AFTER_TIME 259380.265212
259380.264437 DISPLAY_TEXT 1 1 1 He
259380.480366 CHEETAH_SIGNAL SENT_AFTER_TIME 259380.479886
259380.479137 DISPLAY_TEXT OFF
259380.794683 CHEETAH_SIGNAL SENT_AFTER_TIME 259380.794193
259380.793177 DISPLAY_TEXT 2 1 2 smiles.
259381.017618 CHEETAH_SIGNAL SENT_AFTER_TIME 259381.017137
259381.016395 DISPLAY_TEXT OFF
259382.049278 CHEETAH_SIGNAL SENT_AFTER_TIME 259382.048776
259382.047783 DISPLAY_TEXT 3 2 1 Who
259382.263229 CHEETAH_SIGNAL SENT_AFTER_TIME 259382.262792
259382.262121 DISPLAY_TEXT OFF
259382.582401 CHEETAH_SIGNAL SENT_AFTER_TIME 259382.581897
259382.581216 DISPLAY_TEXT 4 2 2 hugs
259382.795754 CHEETAH_SIGNAL SENT_AFTER_TIME 259382.795245
259382.794515 DISPLAY_TEXT OFF
259383.115186 CHEETAH_SIGNAL SENT_AFTER_TIME 259383.114678
259383.113548 DISPLAY_TEXT 5 2 3 the
259383.333736 CHEETAH_SIGNAL SENT_AFTER_TIME 259383.333230
259383.332134 DISPLAY_TEXT OFF
259383.650036 CHEETAH_SIGNAL SENT_AFTER_TIME 259383.649517
259383.648867 DISPLAY_TEXT 6 2 4 friend?
259383.866149 CHEETAH_SIGNAL SENT_AFTER_TIME 259383.865641
259383.864994 DISPLAY_TEXT OFF
259384.882742 CHEETAH_SIGNAL SENT_AFTER_TIME 259384.882210
259384.881413 DISPLAY_TEXT 7 3 1 They
259385.099454 CHEETAH_SIGNAL SENT_AFTER_TIME 259385.098979
259385.098447 DISPLAY_TEXT OFF
259385.415929 CHEETAH_SIGNAL SENT_AFTER_TIME 259385.415390
259385.414771 DISPLAY_TEXT 8 3 2 ate
259385.632290 CHEETAH_SIGNAL SENT_AFTER_TIME 259385.631748
259385.631138 DISPLAY_TEXT OFF
259385.949570 CHEETAH_SIGNAL SENT_AFTER_TIME 259385.949018
259385.948414 DISPLAY_TEXT 9 3 3 the
259386.165748 CHEETAH_SIGNAL SENT_AFTER_TIME 259386.165219
259386.164609 DISPLAY_TEXT OFF
259386.483259 CHEETAH_SIGNAL SENT_AFTER_TIME 259386.482749
259386.482137 DISPLAY_TEXT 10 3 4 grapes
259386.699714 CHEETAH_SIGNAL SENT_AFTER_TIME 259386.699216
259386.698613 DISPLAY_TEXT OFF
259387.015901 CHEETAH_SIGNAL SENT_AFTER_TIME 259387.015373
259387.014766 DISPLAY_TEXT 11 3 5 together.
259387.071535 KEY_PRESS l
259387.215497 KEY_PRESS l
259387.233474 CHEETAH_SIGNAL SENT_AFTER_TIME 259387.232966
259387.232345 DISPLAY_TEXT OFF
259388.249613 CHEETAH_SIGNAL SENT_AFTER_TIME 259388.249086
259388.248482 DISPLAY_TEXT 12 4 1 He
259388.465557 CHEETAH_SIGNAL SENT_AFTER_TIME 259388.465017
259388.464409 DISPLAY_TEXT OFF
259388.782822 CHEETAH_SIGNAL SENT_AFTER_TIME 259388.782307
259388.781695 DISPLAY_TEXT 13 4 2 showered.
259389.000188 CHEETAH_SIGNAL SENT_AFTER_TIME 259388.999678
259388.999073 DISPLAY_TEXT OFF
259390.016256 CHEETAH_SIGNAL SENT_AFTER_TIME 259390.015744
259390.015138 DISPLAY_TEXT 14 5 1 We
259390.233807 CHEETAH_SIGNAL SENT_AFTER_TIME 259390.233297
259390.232688 DISPLAY_TEXT OFF
259390.549809 CHEETAH_SIGNAL SENT_AFTER_TIME 259390.549315
259390.548684 DISPLAY_TEXT 15 5 2 guessed
259390.765831 CHEETAH_SIGNAL SENT_AFTER_TIME 259390.765315
259390.764709 DISPLAY_TEXT OFF
259391.082896 CHEETAH_SIGNAL SENT_AFTER_TIME 259391.082374
259391.081756 DISPLAY_TEXT 16 5 3 that
259391.300277 CHEETAH_SIGNAL SENT_AFTER_TIME 259391.299782
259391.299173 DISPLAY_TEXT OFF
259391.615791 CHEETAH_SIGNAL SENT_AFTER_TIME 259391.615297
259391.614767 DISPLAY_TEXT 17 5 4 they
259391.833251 CHEETAH_SIGNAL SENT_AFTER_TIME 259391.832727
259391.832064 DISPLAY_TEXT OFF
259392.150175 CHEETAH_SIGNAL SENT_AFTER_TIME 259392.149644
259392.148956 DISPLAY_TEXT 18 5 5 wink.
259392.367380 CHEETAH_SIGNAL SENT_AFTER_TIME 259392.366870
259392.366262 DISPLAY_TEXT OFF
259393.383518 CHEETAH_SIGNAL SENT_AFTER_TIME 259393.383010
259393.382390 DISPLAY_TEXT 19 6 1 Whom
259393.600623 CHEETAH_SIGNAL SENT_AFTER_TIME 259393.600079
259393.599455 DISPLAY_TEXT OFF
259393.916472 CHEETAH_SIGNAL SENT_AFTER_TIME 259393.915964
259393.915365 DISPLAY_TEXT 20 6 2 did
259394.133822 CHEETAH_SIGNAL SENT_AFTER_TIME 259394.133309
259394.132700 DISPLAY_TEXT OFF
259394.450617 CHEETAH_SIGNAL SENT_AFTER_TIME 259394.450132
259394.449526 DISPLAY_TEXT 21 6 3 the
259394.666612 CHEETAH_SIGNAL SENT_AFTER_TIME 259394.666138
259394.665508 DISPLAY_TEXT OFF
259394.983800 CHEETAH_SIGNAL SENT_AFTER_TIME 259394.983298
259394.982669 DISPLAY_TEXT 22 6 4 boy
259395.200044 CHEETAH_SIGNAL SENT_AFTER_TIME 259395.199533
259395.198911 DISPLAY_TEXT OFF
259395.517037 CHEETAH_SIGNAL SENT_AFTER_TIME 259395.516523
259395.515918 DISPLAY_TEXT 23 6 5 hear?
259395.734273 CHEETAH_SIGNAL SENT_AFTER_TIME 259395.733764
259395.733155 DISPLAY_TEXT OFF
259396.750337 CHEETAH_SIGNAL SENT_AFTER_TIME 259396.749824
259396.749140 DISPLAY_TEXT 24 7 1 He
259396.967187 CHEETAH_SIGNAL SENT_AFTER_TIME 259396.966676
259396.966068 DISPLAY_TEXT OFF
259397.284559 CHEETAH_SIGNAL SENT_AFTER_TIME 259397.284030
259397.283431 DISPLAY_TEXT 25 7 2 arrived.
259397.500789 CHEETAH_SIGNAL SENT_AFTER_TIME 259397.500280
259397.499667 DISPLAY_TEXT OFF
259398.517963 CHEETAH_SIGNAL SENT_AFTER_TIME 259398.517443
259398.516833 DISPLAY_TEXT 26 8 1 He
259398.734037 CHEETAH_SIGNAL SENT_AFTER_TIME 259398.733529
259398.732906 DISPLAY_TEXT OFF
259399.051249 CHEETAH_SIGNAL SENT_AFTER_TIME 259399.050756
259399.050150 DISPLAY_TEXT 27 8 2 will
259399.268125 CHEETAH_SIGNAL SENT_AFTER_TIME 259399.267617
259399.267004 DISPLAY_TEXT OFF
259399.580511 CHEETAH_SIGNAL SENT_AFTER_TIME 259399.580116
259399.579671 DISPLAY_TEXT 28 8 3 sneeze.
259399.801306 CHEETAH_SIGNAL SENT_AFTER_TIME 259399.800778
259399.800152 DISPLAY_TEXT OFF
259400.813702 CHEETAH_SIGNAL SENT_AFTER_TIME 259400.813290
259400.812841 DISPLAY_TEXT 29 9 1 They
259401.029932 CHEETAH_SIGNAL SENT_AFTER_TIME 259401.029521
259401.029101 DISPLAY_TEXT OFF
259401.351757 CHEETAH_SIGNAL SENT_AFTER_TIME 259401.351245
259401.350640 DISPLAY_TEXT 30 9 2 will
259401.567947 CHEETAH_SIGNAL SENT_AFTER_TIME 259401.567435
259401.566755 DISPLAY_TEXT OFF
259401.885082 CHEETAH_SIGNAL SENT_AFTER_TIME 259401.884580
259401.883973 DISPLAY_TEXT 31 9 3 drink.
259402.101647 CHEETAH_SIGNAL SENT_AFTER_TIME 259402.101113
259402.100488 DISPLAY_TEXT OFF
259402.351617 KEY_PRESS l
259402.503503 KEY_PRESS l
259403.115344 CHEETAH_SIGNAL SENT_AFTER_TIME 259403.114877
259403.114348 DISPLAY_TEXT 32 10 1 They
259403.335060 CHEETAH_SIGNAL SENT_AFTER_TIME 259403.334551
259403.333941 DISPLAY_TEXT OFF
259403.652232 CHEETAH_SIGNAL SENT_AFTER_TIME 259403.651715
259403.651101 DISPLAY_TEXT 33 10 2 wink.
259403.868375 CHEETAH_SIGNAL SENT_AFTER_TIME 259403.867853
259403.867195 DISPLAY_TEXT OFF
259404.885569 CHEETAH_SIGNAL SENT_AFTER_TIME 259404.885031
259404.884415 DISPLAY_TEXT 34 11 1 He
259405.101846 CHEETAH_SIGNAL SENT_AFTER_TIME 259405.101334
259405.100720 DISPLAY_TEXT OFF
259405.419152 CHEETAH_SIGNAL SENT_AFTER_TIME 259405.418639
259405.417982 DISPLAY_TEXT 35 11 2 will
259405.636250 CHEETAH_SIGNAL SENT_AFTER_TIME 259405.635701
259405.634078 DISPLAY_TEXT OFF
259405.952336 CHEETAH_SIGNAL SENT_AFTER_TIME 259405.951825
259405.951222 DISPLAY_TEXT 36 11 3 drive.
259406.169698 CHEETAH_SIGNAL SENT_AFTER_TIME 259406.169156
259406.168540 DISPLAY_TEXT OFF
259407.185818 CHEETAH_SIGNAL SENT_AFTER_TIME 259407.185308
259407.184694 DISPLAY_TEXT 37 12 1 Who
259407.401927 CHEETAH_SIGNAL SENT_AFTER_TIME 259407.401401
259407.400789 DISPLAY_TEXT OFF
259407.719270 CHEETAH_SIGNAL SENT_AFTER_TIME 259407.718762
259407.718140 DISPLAY_TEXT 38 12 2 jumped?
259407.935668 CHEETAH_SIGNAL SENT_AFTER_TIME 259407.935222
259407.934733 DISPLAY_TEXT OFF
259408.952779 CHEETAH_SIGNAL SENT_AFTER_TIME 259408.952316
259408.951780 DISPLAY_TEXT 39 13 1 She
259409.168972 CHEETAH_SIGNAL SENT_AFTER_TIME 259409.168441
259409.167811 DISPLAY_TEXT OFF
259409.486283 CHEETAH_SIGNAL SENT_AFTER_TIME 259409.485777
259409.485168 DISPLAY_TEXT 40 13 2 sliced
259409.703505 CHEETAH_SIGNAL SENT_AFTER_TIME 259409.702991
259409.702363 DISPLAY_TEXT OFF
259410.019549 CHEETAH_SIGNAL SENT_AFTER_TIME 259410.019033
259410.018410 DISPLAY_TEXT 41 13 3 the
259410.237009 CHEETAH_SIGNAL SENT_AFTER_TIME 259410.236498
259410.235889 DISPLAY_TEXT OFF
259410.319491 KEY_PRESS l
259410.503583 KEY_PRESS l
259410.553344 CHEETAH_SIGNAL SENT_AFTER_TIME 259410.552826
259410.552218 DISPLAY_TEXT 42 13 4 mushrooms.
259410.769332 CHEETAH_SIGNAL SENT_AFTER_TIME 259410.768827
259410.768215 DISPLAY_TEXT OFF
259411.175668 KEY_PRESS l
259411.343630 KEY_PRESS l
259411.787748 CHEETAH_SIGNAL SENT_AFTER_TIME 259411.787211
259411.786603 DISPLAY_TEXT 43 14 1 The
259412.004002 CHEETAH_SIGNAL SENT_AFTER_TIME 259412.003490
259412.002877 DISPLAY_TEXT OFF
259412.320085 CHEETAH_SIGNAL SENT_AFTER_TIME 259412.319576
259412.318967 DISPLAY_TEXT 44 14 2 boy
259412.536269 CHEETAH_SIGNAL SENT_AFTER_TIME 259412.535761
259412.535150 DISPLAY_TEXT OFF
259412.853395 CHEETAH_SIGNAL SENT_AFTER_TIME 259412.852920
259412.852309 DISPLAY_TEXT 45 14 3 remains.
259413.064412 CHEETAH_SIGNAL SENT_AFTER_TIME 259413.064001
259413.063565 DISPLAY_TEXT OFF
259414.087298 CHEETAH_SIGNAL SENT_AFTER_TIME 259414.086786
259414.086095 DISPLAY_TEXT 46 15 1 He
259414.303359 CHEETAH_SIGNAL SENT_AFTER_TIME 259414.302848
259414.302239 DISPLAY_TEXT OFF
259414.621037 CHEETAH_SIGNAL SENT_AFTER_TIME 259414.620518
259414.619516 DISPLAY_TEXT 47 15 2 remains.
259414.836615 CHEETAH_SIGNAL SENT_AFTER_TIME 259414.836126
259414.835512 DISPLAY_TEXT OFF
259415.853847 CHEETAH_SIGNAL SENT_AFTER_TIME 259415.853341
259415.852734 DISPLAY_TEXT 48 16 1 What
259416.071144 CHEETAH_SIGNAL SENT_AFTER_TIME 259416.070634
259416.070019 DISPLAY_TEXT OFF
259416.387302 CHEETAH_SIGNAL SENT_AFTER_TIME 259416.386782
259416.386115 DISPLAY_TEXT 49 16 2 will
259416.604576 CHEETAH_SIGNAL SENT_AFTER_TIME 259416.604034
259416.603416 DISPLAY_TEXT OFF
259416.920578 CHEETAH_SIGNAL SENT_AFTER_TIME 259416.920063
259416.919451 DISPLAY_TEXT 50 16 3 the
259417.137970 CHEETAH_SIGNAL SENT_AFTER_TIME 259417.137461
259417.136852 DISPLAY_TEXT OFF
259417.453886 CHEETAH_SIGNAL SENT_AFTER_TIME 259417.453375
259417.452708 DISPLAY_TEXT 51 16 4 girls
259417.671346 CHEETAH_SIGNAL SENT_AFTER_TIME 259417.670832
259417.670217 DISPLAY_TEXT OFF
259417.982818 CHEETAH_SIGNAL SENT_AFTER_TIME 259417.982351
259417.981808 DISPLAY_TEXT 52 16 5 find?
259418.204406 CHEETAH_SIGNAL SENT_AFTER_TIME 259418.203888
259418.203242 DISPLAY_TEXT OFF
259419.221740 CHEETAH_SIGNAL SENT_AFTER_TIME 259419.221234
259419.220627 DISPLAY_TEXT 53 17 1 He
259419.437745 CHEETAH_SIGNAL SENT_AFTER_TIME 259419.437188
259419.436558 DISPLAY_TEXT OFF
259419.754662 CHEETAH_SIGNAL SENT_AFTER_TIME 259419.754168
259419.753560 DISPLAY_TEXT 54 17 2 was
259419.970766 CHEETAH_SIGNAL SENT_AFTER_TIME 259419.970238
259419.969629 DISPLAY_TEXT OFF
259420.287969 CHEETAH_SIGNAL SENT_AFTER_TIME 259420.287443
259420.286835 DISPLAY_TEXT 55 17 3 hugged.
259420.504919 CHEETAH_SIGNAL SENT_AFTER_TIME 259420.504412
259420.503796 DISPLAY_TEXT OFF
259421.520973 CHEETAH_SIGNAL SENT_AFTER_TIME 259421.520458
259421.519854 DISPLAY_TEXT 56 18 1 The
259421.738221 CHEETAH_SIGNAL SENT_AFTER_TIME 259421.737700
259421.737093 DISPLAY_TEXT OFF
259422.050924 CHEETAH_SIGNAL SENT_AFTER_TIME 259422.050450
259422.049899 DISPLAY_TEXT 57 18 2 chef
259422.271632 CHEETAH_SIGNAL SENT_AFTER_TIME 259422.271097
259422.270489 DISPLAY_TEXT OFF
259422.588909 CHEETAH_SIGNAL SENT_AFTER_TIME 259422.588405
259422.587757 DISPLAY_TEXT 58 18 3 served
259422.655537 KEY_PRESS l
259422.783533 KEY_PRESS l
259422.805014 CHEETAH_SIGNAL SENT_AFTER_TIME 259422.804493
259422.803762 DISPLAY_TEXT OFF
259423.122229 CHEETAH_SIGNAL SENT_AFTER_TIME 259423.121752
259423.121136 DISPLAY_TEXT 59 18 4 the
259423.338625 CHEETAH_SIGNAL SENT_AFTER_TIME 259423.338128
259423.337459 DISPLAY_TEXT OFF
259423.654558 CHEETAH_SIGNAL SENT_AFTER_TIME 259423.654017
259423.653335 DISPLAY_TEXT 60 18 5 cake.
259423.871712 CHEETAH_SIGNAL SENT_AFTER_TIME 259423.871182
259423.870559 DISPLAY_TEXT OFF
259424.103634 KEY_PRESS l
259424.247627 KEY_PRESS l
259424.889285 CHEETAH_SIGNAL SENT_AFTER_TIME 259424.888779
259424.888174 DISPLAY_TEXT 61 19 1 Who
259425.105411 CHEETAH_SIGNAL SENT_AFTER_TIME 259425.104887
259425.104281 DISPLAY_TEXT OFF
259425.422625 CHEETAH_SIGNAL SENT_AFTER_TIME 259425.422129
259425.421522 DISPLAY_TEXT 62 19 2 laughs?
259425.638578 CHEETAH_SIGNAL SENT_AFTER_TIME 259425.638066
259425.637457 DISPLAY_TEXT OFF
259426.655689 CHEETAH_SIGNAL SENT_AFTER_TIME 259426.655168
259426.654558 DISPLAY_TEXT 63 20 1 She
259426.872949 CHEETAH_SIGNAL SENT_AFTER_TIME 259426.872425
259426.871769 DISPLAY_TEXT OFF
259427.189168 CHEETAH_SIGNAL SENT_AFTER_TIME 259427.188654
259427.187922 DISPLAY_TEXT 64 20 2 sneezed.
259427.406433 CHEETAH_SIGNAL SENT_AFTER_TIME 259427.405931
259427.405322 DISPLAY_TEXT OFF
259428.422569 CHEETAH_SIGNAL SENT_AFTER_TIME 259428.422016
259428.421413 DISPLAY_TEXT 65 21 1 Who
259428.638611 CHEETAH_SIGNAL SENT_AFTER_TIME 259428.638077
259428.637469 DISPLAY_TEXT OFF
259428.955824 CHEETAH_SIGNAL SENT_AFTER_TIME 259428.955314
259428.954709 DISPLAY_TEXT 66 21 2 winks?
259429.172892 CHEETAH_SIGNAL SENT_AFTER_TIME 259429.172381
259429.171773 DISPLAY_TEXT OFF
259430.190281 CHEETAH_SIGNAL SENT_AFTER_TIME 259430.189773
259430.189173 DISPLAY_TEXT 67 22 1 They
259430.406508 CHEETAH_SIGNAL SENT_AFTER_TIME 259430.406003
259430.405389 DISPLAY_TEXT OFF
259430.722493 CHEETAH_SIGNAL SENT_AFTER_TIME 259430.721996
259430.721390 DISPLAY_TEXT 68 22 2 vanished.
259430.939747 CHEETAH_SIGNAL SENT_AFTER_TIME 259430.939242
259430.938613 DISPLAY_TEXT OFF
259431.955953 CHEETAH_SIGNAL SENT_AFTER_TIME 259431.955455
259431.954840 DISPLAY_TEXT 69 23 1 They
259432.173388 CHEETAH_SIGNAL SENT_AFTER_TIME 259432.172881
259432.172227 DISPLAY_TEXT OFF
259432.489506 CHEETAH_SIGNAL SENT_AFTER_TIME 259432.489004
259432.488394 DISPLAY_TEXT 70 23 2 saw
259432.707126 CHEETAH_SIGNAL SENT_AFTER_TIME 259432.706627
259432.706013 DISPLAY_TEXT OFF
259433.023490 CHEETAH_SIGNAL SENT_AFTER_TIME 259433.022977
259433.022303 DISPLAY_TEXT 71 23 3 him
259433.239744 CHEETAH_SIGNAL SENT_AFTER_TIME 259433.239241
259433.238610 DISPLAY_TEXT OFF
259433.557071 CHEETAH_SIGNAL SENT_AFTER_TIME 259433.556562
259433.555895 DISPLAY_TEXT 72 23 4 dance.
259433.773181 CHEETAH_SIGNAL SENT_AFTER_TIME 259433.772679
259433.772044 DISPLAY_TEXT OFF
259434.789782 CHEETAH_SIGNAL SENT_AFTER_TIME 259434.789273
259434.788589 DISPLAY_TEXT 73 24 1 The
259435.007163 CHEETAH_SIGNAL SENT_AFTER_TIME 259435.006660
259435.006052 DISPLAY_TEXT OFF
259435.323560 CHEETAH_SIGNAL SENT_AFTER_TIME 259435.323035
259435.322330 DISPLAY_TEXT 74 24 2 sandwich
259435.541105 CHEETAH_SIGNAL SENT_AFTER_TIME 259435.540607
259435.540003 DISPLAY_TEXT OFF
259435.831592 KEY_PRESS l
259435.851298 CHEETAH_SIGNAL SENT_AFTER_TIME 259435.850890
259435.850474 DISPLAY_TEXT 75 24 3 is
259435.983592 KEY_PRESS l
259436.073495 CHEETAH_SIGNAL SENT_AFTER_TIME 259436.072997
259436.072365 DISPLAY_TEXT OFF
259436.390806 CHEETAH_SIGNAL SENT_AFTER_TIME 259436.390302
259436.389696 DISPLAY_TEXT 76 24 4 healthy.
259436.606805 CHEETAH_SIGNAL SENT_AFTER_TIME 259436.606309
259436.605680 DISPLAY_TEXT OFF
259437.624028 CHEETAH_SIGNAL SENT_AFTER_TIME 259437.623530
259437.622855 DISPLAY_TEXT 77 25 1 They
259437.840331 CHEETAH_SIGNAL SENT_AFTER_TIME 259437.839831
259437.839212 DISPLAY_TEXT OFF
259438.157574 CHEETAH_SIGNAL SENT_AFTER_TIME 259438.157051
259438.156454 DISPLAY_TEXT 78 25 2 hug
259438.368898 CHEETAH_SIGNAL SENT_AFTER_TIME 259438.368498
259438.368097 DISPLAY_TEXT OFF
259438.685757 CHEETAH_SIGNAL SENT_AFTER_TIME 259438.685329
259438.684888 DISPLAY_TEXT 79 25 3 the
259438.902302 CHEETAH_SIGNAL SENT_AFTER_TIME 259438.901875
259438.901438 DISPLAY_TEXT OFF
259439.224995 CHEETAH_SIGNAL SENT_AFTER_TIME 259439.224498
259439.223824 DISPLAY_TEXT 80 25 4 friend.
259439.440994 CHEETAH_SIGNAL SENT_AFTER_TIME 259439.440490
259439.439892 DISPLAY_TEXT OFF
259440.458937 CHEETAH_SIGNAL SENT_AFTER_TIME 259440.458427
259440.457824 DISPLAY_TEXT 81 26 1 Whom
259440.674148 CHEETAH_SIGNAL SENT_AFTER_TIME 259440.673652
259440.672995 DISPLAY_TEXT OFF
259440.991392 CHEETAH_SIGNAL SENT_AFTER_TIME 259440.990893
259440.990241 DISPLAY_TEXT 82 26 2 will
259441.207573 CHEETAH_SIGNAL SENT_AFTER_TIME 259441.207076
259441.206450 DISPLAY_TEXT OFF
259441.524579 CHEETAH_SIGNAL SENT_AFTER_TIME 259441.524087
259441.523484 DISPLAY_TEXT 83 26 3 the
259441.741972 CHEETAH_SIGNAL SENT_AFTER_TIME 259441.741471
259441.740869 DISPLAY_TEXT OFF
259442.057959 CHEETAH_SIGNAL SENT_AFTER_TIME 259442.057461
259442.056767 DISPLAY_TEXT 84 26 4 boy
259442.275348 CHEETAH_SIGNAL SENT_AFTER_TIME 259442.274847
259442.274246 DISPLAY_TEXT OFF
259442.591391 CHEETAH_SIGNAL SENT_AFTER_TIME 259442.590903
259442.590304 DISPLAY_TEXT 85 26 5 tickle?
259442.808670 CHEETAH_SIGNAL SENT_AFTER_TIME 259442.808171
259442.807570 DISPLAY_TEXT OFF
259443.824729 CHEETAH_SIGNAL SENT_AFTER_TIME 259443.824223
259443.823670 DISPLAY_TEXT 86 27 1 Who
259444.041989 CHEETAH_SIGNAL SENT_AFTER_TIME 259444.041488
259444.040888 DISPLAY_TEXT OFF
259444.359214 CHEETAH_SIGNAL SENT_AFTER_TIME 259444.358715
259444.358111 DISPLAY_TEXT 87 27 2 did
259444.575432 CHEETAH_SIGNAL SENT_AFTER_TIME 259444.574934
259444.574325 DISPLAY_TEXT OFF
259444.891479 CHEETAH_SIGNAL SENT_AFTER_TIME 259444.890982
259444.890381 DISPLAY_TEXT 88 27 3 the
259445.108880 CHEETAH_SIGNAL SENT_AFTER_TIME 259445.108368
259445.107755 DISPLAY_TEXT OFF
259445.424755 CHEETAH_SIGNAL SENT_AFTER_TIME 259445.424255
259445.423640 DISPLAY_TEXT 89 27 4 boys
259445.642040 CHEETAH_SIGNAL SENT_AFTER_TIME 259445.641551
259445.640867 DISPLAY_TEXT OFF
259445.959087 CHEETAH_SIGNAL SENT_AFTER_TIME 259445.958580
259445.957979 DISPLAY_TEXT 90 27 5 kiss?
259446.175165 CHEETAH_SIGNAL SENT_AFTER_TIME 259446.174665
259446.174060 DISPLAY_TEXT OFF
259447.191639 CHEETAH_SIGNAL SENT_AFTER_TIME 259447.191195
259447.190666 DISPLAY_TEXT 91 28 1 The
259447.409036 CHEETAH_SIGNAL SENT_AFTER_TIME 259447.408549
259447.407938 DISPLAY_TEXT OFF
259447.726361 CHEETAH_SIGNAL SENT_AFTER_TIME 259447.725882
259447.725291 DISPLAY_TEXT 92 28 2 host
259447.942513 CHEETAH_SIGNAL SENT_AFTER_TIME 259447.942057
259447.941434 DISPLAY_TEXT OFF
259448.259859 CHEETAH_SIGNAL SENT_AFTER_TIME 259448.259367
259448.258767 DISPLAY_TEXT 93 28 3 was
259448.475879 CHEETAH_SIGNAL SENT_AFTER_TIME 259448.475379
259448.474776 DISPLAY_TEXT OFF
259448.792891 CHEETAH_SIGNAL SENT_AFTER_TIME 259448.792396
259448.791797 DISPLAY_TEXT 94 28 4 warned.
259449.008947 CHEETAH_SIGNAL SENT_AFTER_TIME 259449.008444
259449.007841 DISPLAY_TEXT OFF
259450.026148 CHEETAH_SIGNAL SENT_AFTER_TIME 259450.025662
259450.025062 DISPLAY_TEXT 95 29 1 He
259450.242424 CHEETAH_SIGNAL SENT_AFTER_TIME 259450.241926
259450.241322 DISPLAY_TEXT OFF
259450.559509 CHEETAH_SIGNAL SENT_AFTER_TIME 259450.559012
259450.558368 DISPLAY_TEXT 96 29 2 bloomed.
259450.776560 CHEETAH_SIGNAL SENT_AFTER_TIME 259450.776029
259450.775427 DISPLAY_TEXT OFF
259451.792804 CHEETAH_SIGNAL SENT_AFTER_TIME 259451.792302
259451.791619 DISPLAY_TEXT 97 30 1 Whom
259452.010047 CHEETAH_SIGNAL SENT_AFTER_TIME 259452.009543
259452.008947 DISPLAY_TEXT OFF
259452.326244 CHEETAH_SIGNAL SENT_AFTER_TIME 259452.325743
259452.325090 DISPLAY_TEXT 98 30 2 will
259452.543552 CHEETAH_SIGNAL SENT_AFTER_TIME 259452.543032
259452.542315 DISPLAY_TEXT OFF
259452.860614 CHEETAH_SIGNAL SENT_AFTER_TIME 259452.860129
259452.859524 DISPLAY_TEXT 99 30 3 the
259453.076830 CHEETAH_SIGNAL SENT_AFTER_TIME 259453.076320
259453.075720 DISPLAY_TEXT OFF
259453.392877 CHEETAH_SIGNAL SENT_AFTER_TIME 259453.392379
259453.391773 DISPLAY_TEXT 100 30 4 boy
259453.610186 CHEETAH_SIGNAL SENT_AFTER_TIME 259453.609674
259453.609074 DISPLAY_TEXT OFF
259453.927414 CHEETAH_SIGNAL SENT_AFTER_TIME 259453.926917
259453.926322 DISPLAY_TEXT 101 30 5 hear?
259454.143383 CHEETAH_SIGNAL SENT_AFTER_TIME 259454.142887
259454.142292 DISPLAY_TEXT OFF
259455.160502 CHEETAH_SIGNAL SENT_AFTER_TIME 259455.160000
259455.159371 DISPLAY_TEXT 102 31 1 She
259455.376765 CHEETAH_SIGNAL SENT_AFTER_TIME 259455.376266
259455.375667 DISPLAY_TEXT OFF
259455.693735 CHEETAH_SIGNAL SENT_AFTER_TIME 259455.693238
259455.692642 DISPLAY_TEXT 103 31 2 washed.
259455.911095 CHEETAH_SIGNAL SENT_AFTER_TIME 259455.910596
259455.909995 DISPLAY_TEXT OFF
259456.927070 CHEETAH_SIGNAL SENT_AFTER_TIME 259456.926571
259456.925970 DISPLAY_TEXT 104 32 1 The
259457.144470 CHEETAH_SIGNAL SENT_AFTER_TIME 259457.143973
259457.143374 DISPLAY_TEXT OFF
259457.460756 CHEETAH_SIGNAL SENT_AFTER_TIME 259457.460230
259457.459636 DISPLAY_TEXT 105 32 2 girls
259457.678236 CHEETAH_SIGNAL SENT_AFTER_TIME 259457.677741
259457.677137 DISPLAY_TEXT OFF
259457.994261 CHEETAH_SIGNAL SENT_AFTER_TIME 259457.993759
259457.993157 DISPLAY_TEXT 106 32 3 appear.
259458.210395 CHEETAH_SIGNAL SENT_AFTER_TIME 259458.209896
259458.209244 DISPLAY_TEXT OFF
259459.227477 CHEETAH_SIGNAL SENT_AFTER_TIME 259459.226978
259459.226379 DISPLAY_TEXT 107 33 1 Who
259459.445035 CHEETAH_SIGNAL SENT_AFTER_TIME 259459.444534
259459.443819 DISPLAY_TEXT OFF
259459.760912 CHEETAH_SIGNAL SENT_AFTER_TIME 259459.760414
259459.759812 DISPLAY_TEXT 108 33 2 falls?
259459.978524 CHEETAH_SIGNAL SENT_AFTER_TIME 259459.978003
259459.977317 DISPLAY_TEXT OFF
259460.994504 CHEETAH_SIGNAL SENT_AFTER_TIME 259460.993998
259460.993397 DISPLAY_TEXT 109 34 1 The
259461.211638 CHEETAH_SIGNAL SENT_AFTER_TIME 259461.211196
259461.210655 DISPLAY_TEXT OFF
259461.527506 CHEETAH_SIGNAL SENT_AFTER_TIME 259461.527007
259461.526406 DISPLAY_TEXT 110 34 2 boy
259461.744742 CHEETAH_SIGNAL SENT_AFTER_TIME 259461.744279
259461.743678 DISPLAY_TEXT OFF
259462.062001 CHEETAH_SIGNAL SENT_AFTER_TIME 259462.061502
259462.060903 DISPLAY_TEXT 111 34 3 laughs.
259462.278096 CHEETAH_SIGNAL SENT_AFTER_TIME 259462.277615
259462.276958 DISPLAY_TEXT OFF
259463.295172 CHEETAH_SIGNAL SENT_AFTER_TIME 259463.294665
259463.294067 DISPLAY_TEXT 112 35 1 She
259463.511359 CHEETAH_SIGNAL SENT_AFTER_TIME 259463.510858
259463.510255 DISPLAY_TEXT OFF
259463.828511 CHEETAH_SIGNAL SENT_AFTER_TIME 259463.827999
259463.827398 DISPLAY_TEXT 113 35 2 disappears.
259464.044648 CHEETAH_SIGNAL SENT_AFTER_TIME 259464.044163
259464.043563 DISPLAY_TEXT OFF
259465.061826 CHEETAH_SIGNAL SENT_AFTER_TIME 259465.061319
259465.060715 DISPLAY_TEXT 114 36 1 She
259465.277975 CHEETAH_SIGNAL SENT_AFTER_TIME 259465.277485
259465.276881 DISPLAY_TEXT OFF
259465.595388 CHEETAH_SIGNAL SENT_AFTER_TIME 259465.594891
259465.594287 DISPLAY_TEXT 115 36 2 laughed.
259465.811557 CHEETAH_SIGNAL SENT_AFTER_TIME 259465.811060
259465.810400 DISPLAY_TEXT OFF
259466.828994 CHEETAH_SIGNAL SENT_AFTER_TIME 259466.828491
259466.827861 DISPLAY_TEXT 116 37 1 Who
259467.045280 CHEETAH_SIGNAL SENT_AFTER_TIME 259467.044779
259467.044028 DISPLAY_TEXT OFF
259467.362288 CHEETAH_SIGNAL SENT_AFTER_TIME 259467.361776
259467.361170 DISPLAY_TEXT 117 37 2 blooms?
259467.579563 CHEETAH_SIGNAL SENT_AFTER_TIME 259467.579037
259467.578441 DISPLAY_TEXT OFF
259468.595821 CHEETAH_SIGNAL SENT_AFTER_TIME 259468.595313
259468.594721 DISPLAY_TEXT 118 38 1 Who
259468.812876 CHEETAH_SIGNAL SENT_AFTER_TIME 259468.812390
259468.811793 DISPLAY_TEXT OFF
259469.128871 CHEETAH_SIGNAL SENT_AFTER_TIME 259469.128361
259469.127689 DISPLAY_TEXT 119 38 2 sneezes?
259469.346064 CHEETAH_SIGNAL SENT_AFTER_TIME 259469.345566
259469.344968 DISPLAY_TEXT OFF
259470.363256 CHEETAH_SIGNAL SENT_AFTER_TIME 259470.362757
259470.362166 DISPLAY_TEXT 120 39 1 She
259470.579468 CHEETAH_SIGNAL SENT_AFTER_TIME 259470.578969
259470.578370 DISPLAY_TEXT OFF
259470.895553 CHEETAH_SIGNAL SENT_AFTER_TIME 259470.895070
259470.894472 DISPLAY_TEXT 121 39 2 excercised.
259471.112774 CHEETAH_SIGNAL SENT_AFTER_TIME 259471.112258
259471.111665 DISPLAY_TEXT OFF
259472.125517 CHEETAH_SIGNAL SENT_AFTER_TIME 259472.125065
259472.124533 DISPLAY_TEXT 122 40 1 He
259472.346235 CHEETAH_SIGNAL SENT_AFTER_TIME 259472.345737
259472.345142 DISPLAY_TEXT OFF
259472.663330 CHEETAH_SIGNAL SENT_AFTER_TIME 259472.662824
259472.662232 DISPLAY_TEXT 123 40 2 cried.
259472.879308 CHEETAH_SIGNAL SENT_AFTER_TIME 259472.878799
259472.878210 DISPLAY_TEXT OFF
259473.896189 CHEETAH_SIGNAL SENT_AFTER_TIME 259473.895691
259473.895088 DISPLAY_TEXT 124 41 1 The
259474.113709 CHEETAH_SIGNAL SENT_AFTER_TIME 259474.113202
259474.112441 DISPLAY_TEXT OFF
259474.430756 CHEETAH_SIGNAL SENT_AFTER_TIME 259474.430218
259474.428545 DISPLAY_TEXT 125 41 2 boy
259474.647085 CHEETAH_SIGNAL SENT_AFTER_TIME 259474.646585
259474.645988 DISPLAY_TEXT OFF
259474.963235 CHEETAH_SIGNAL SENT_AFTER_TIME 259474.962740
259474.962067 DISPLAY_TEXT 126 41 3 sneezes.
259475.180387 CHEETAH_SIGNAL SENT_AFTER_TIME 259475.179886
259475.179273 DISPLAY_TEXT OFF
259476.196616 CHEETAH_SIGNAL SENT_AFTER_TIME 259476.196097
259476.195497 DISPLAY_TEXT 127 42 1 They
259476.413951 CHEETAH_SIGNAL SENT_AFTER_TIME 259476.413427
259476.412800 DISPLAY_TEXT OFF
259476.729859 CHEETAH_SIGNAL SENT_AFTER_TIME 259476.729352
259476.728754 DISPLAY_TEXT 128 42 2 winked.
259476.947251 CHEETAH_SIGNAL SENT_AFTER_TIME 259476.946752
259476.946152 DISPLAY_TEXT OFF
259477.964614 CHEETAH_SIGNAL SENT_AFTER_TIME 259477.964146
259477.963552 DISPLAY_TEXT 129 43 1 She
259478.181102 CHEETAH_SIGNAL SENT_AFTER_TIME 259478.180604
259478.179979 DISPLAY_TEXT OFF
259478.497239 CHEETAH_SIGNAL SENT_AFTER_TIME 259478.496737
259478.496056 DISPLAY_TEXT 130 43 2 remained.
259478.714569 CHEETAH_SIGNAL SENT_AFTER_TIME 259478.714039
259478.713439 DISPLAY_TEXT OFF
259479.730840 CHEETAH_SIGNAL SENT_AFTER_TIME 259479.730421
259479.729871 DISPLAY_TEXT 131 44 1 The
259479.947512 CHEETAH_SIGNAL SENT_AFTER_TIME 259479.947000
259479.946400 DISPLAY_TEXT OFF
259480.264406 CHEETAH_SIGNAL SENT_AFTER_TIME 259480.263909
259480.263246 DISPLAY_TEXT 132 44 2 salad
259480.480693 CHEETAH_SIGNAL SENT_AFTER_TIME 259480.480186
259480.479578 DISPLAY_TEXT OFF
259480.798000 CHEETAH_SIGNAL SENT_AFTER_TIME 259480.797421
259480.796821 DISPLAY_TEXT 133 44 3 is
259480.831621 KEY_PRESS l
259481.014414 CHEETAH_SIGNAL SENT_AFTER_TIME 259481.013909
259481.013192 DISPLAY_TEXT OFF
259481.031579 KEY_PRESS l
259481.332023 CHEETAH_SIGNAL SENT_AFTER_TIME 259481.331525
259481.330840 DISPLAY_TEXT 134 44 4 tasty.
259481.547840 CHEETAH_SIGNAL SENT_AFTER_TIME 259481.547335
259481.546735 DISPLAY_TEXT OFF
259482.564903 CHEETAH_SIGNAL SENT_AFTER_TIME 259482.564393
259482.563794 DISPLAY_TEXT 135 45 1 Whom
259482.781120 CHEETAH_SIGNAL SENT_AFTER_TIME 259482.780619
259482.780008 DISPLAY_TEXT OFF
259483.098461 CHEETAH_SIGNAL SENT_AFTER_TIME 259483.097963
259483.097364 DISPLAY_TEXT 136 45 2 does
259483.314495 CHEETAH_SIGNAL SENT_AFTER_TIME 259483.314000
259483.313398 DISPLAY_TEXT OFF
259483.631616 CHEETAH_SIGNAL SENT_AFTER_TIME 259483.631118
259483.630520 DISPLAY_TEXT 137 45 3 the
259483.848633 CHEETAH_SIGNAL SENT_AFTER_TIME 259483.847951
259483.847342 DISPLAY_TEXT OFF
259484.164374 CHEETAH_SIGNAL SENT_AFTER_TIME 259484.163884
259484.163283 DISPLAY_TEXT 138 45 4 boy
259484.381745 CHEETAH_SIGNAL SENT_AFTER_TIME 259484.381210
259484.380509 DISPLAY_TEXT OFF
259484.699149 CHEETAH_SIGNAL SENT_AFTER_TIME 259484.698650
259484.698051 DISPLAY_TEXT 139 45 5 tickle?
259484.915480 CHEETAH_SIGNAL SENT_AFTER_TIME 259484.914980
259484.914379 DISPLAY_TEXT OFF
259485.931613 CHEETAH_SIGNAL SENT_AFTER_TIME 259485.931149
259485.930535 DISPLAY_TEXT 140 46 1 They
259486.149218 CHEETAH_SIGNAL SENT_AFTER_TIME 259486.148720
259486.148129 DISPLAY_TEXT OFF
259486.465073 CHEETAH_SIGNAL SENT_AFTER_TIME 259486.464548
259486.463956 DISPLAY_TEXT 141 46 2 tickle
259486.682228 CHEETAH_SIGNAL SENT_AFTER_TIME 259486.681737
259486.681137 DISPLAY_TEXT OFF
259486.999114 CHEETAH_SIGNAL SENT_AFTER_TIME 259486.998613
259486.998019 DISPLAY_TEXT 142 46 3 the
259487.215074 CHEETAH_SIGNAL SENT_AFTER_TIME 259487.214581
259487.213992 DISPLAY_TEXT OFF
259487.532264 CHEETAH_SIGNAL SENT_AFTER_TIME 259487.531772
259487.531124 DISPLAY_TEXT 143 46 4 girl.
259487.748467 CHEETAH_SIGNAL SENT_AFTER_TIME 259487.747976
259487.747369 DISPLAY_TEXT OFF
259488.765521 CHEETAH_SIGNAL SENT_AFTER_TIME 259488.765028
259488.764430 DISPLAY_TEXT 144 47 1 She
259488.982920 CHEETAH_SIGNAL SENT_AFTER_TIME 259488.982427
259488.981823 DISPLAY_TEXT OFF
259489.298883 CHEETAH_SIGNAL SENT_AFTER_TIME 259489.298391
259489.297787 DISPLAY_TEXT 145 47 2 will
259489.515294 CHEETAH_SIGNAL SENT_AFTER_TIME 259489.514864
259489.514388 DISPLAY_TEXT OFF
259489.832386 CHEETAH_SIGNAL SENT_AFTER_TIME 259489.831898
259489.831305 DISPLAY_TEXT 146 47 3 sleep.
259490.048857 CHEETAH_SIGNAL SENT_AFTER_TIME 259490.048367
259490.047869 DISPLAY_TEXT OFF
259491.066653 CHEETAH_SIGNAL SENT_AFTER_TIME 259491.066131
259491.065185 DISPLAY_TEXT 147 48 1 She
259491.282496 CHEETAH_SIGNAL SENT_AFTER_TIME 259491.282027
259491.281383 DISPLAY_TEXT OFF
259491.599696 CHEETAH_SIGNAL SENT_AFTER_TIME 259491.599198
259491.598596 DISPLAY_TEXT 148 48 2 collapsed.
259491.815647 CHEETAH_SIGNAL SENT_AFTER_TIME 259491.815161
259491.814513 DISPLAY_TEXT OFF
259492.832575 CHEETAH_SIGNAL SENT_AFTER_TIME 259492.832070
259492.831477 DISPLAY_TEXT 149 49 1 The
259493.048980 CHEETAH_SIGNAL SENT_AFTER_TIME 259493.048519
259493.047986 DISPLAY_TEXT OFF
259493.366368 CHEETAH_SIGNAL SENT_AFTER_TIME 259493.365865
259493.365189 DISPLAY_TEXT 150 49 2 girl
259493.583620 CHEETAH_SIGNAL SENT_AFTER_TIME 259493.583144
259493.582550 DISPLAY_TEXT OFF
259493.900185 CHEETAH_SIGNAL SENT_AFTER_TIME 259493.899691
259493.899101 DISPLAY_TEXT 151 49 3 ate
259494.116331 CHEETAH_SIGNAL SENT_AFTER_TIME 259494.115838
259494.115239 DISPLAY_TEXT OFF
259494.433035 CHEETAH_SIGNAL SENT_AFTER_TIME 259494.432537
259494.431931 DISPLAY_TEXT 152 49 4 the
259494.647955 CHEETAH_SIGNAL SENT_AFTER_TIME 259494.647535
259494.647115 DISPLAY_TEXT OFF
259494.639610 KEY_PRESS l
259494.839636 KEY_PRESS l
259494.965703 CHEETAH_SIGNAL SENT_AFTER_TIME 259494.965217
259494.964624 DISPLAY_TEXT 153 49 5 salad.
259495.184019 CHEETAH_SIGNAL SENT_AFTER_TIME 259495.183527
259495.182933 DISPLAY_TEXT OFF
259495.535629 KEY_PRESS l
259495.679679 KEY_PRESS l
259496.194545 CHEETAH_SIGNAL SENT_AFTER_TIME 259496.194113
259496.193683 DISPLAY_TEXT 154 50 1 What
259496.411149 CHEETAH_SIGNAL SENT_AFTER_TIME 259496.410768
259496.410338 DISPLAY_TEXT OFF
259496.733966 CHEETAH_SIGNAL SENT_AFTER_TIME 259496.733531
259496.732911 DISPLAY_TEXT 155 50 2 did
259496.950048 CHEETAH_SIGNAL SENT_AFTER_TIME 259496.949555
259496.948887 DISPLAY_TEXT OFF
259497.267072 CHEETAH_SIGNAL SENT_AFTER_TIME 259497.266578
259497.265987 DISPLAY_TEXT 156 50 3 the
259497.483252 CHEETAH_SIGNAL SENT_AFTER_TIME 259497.482771
259497.482136 DISPLAY_TEXT OFF
259497.800396 CHEETAH_SIGNAL SENT_AFTER_TIME 259497.799901
259497.799307 DISPLAY_TEXT 157 50 4 girl
259498.017858 CHEETAH_SIGNAL SENT_AFTER_TIME 259498.017362
259498.016765 DISPLAY_TEXT OFF
259498.334052 CHEETAH_SIGNAL SENT_AFTER_TIME 259498.333560
259498.332966 DISPLAY_TEXT 158 50 5 kick?
259498.550075 CHEETAH_SIGNAL SENT_AFTER_TIME 259498.549572
259498.548975 DISPLAY_TEXT OFF
259499.567349 CHEETAH_SIGNAL SENT_AFTER_TIME 259499.566858
259499.566241 DISPLAY_TEXT 159 51 1 She
259499.784913 CHEETAH_SIGNAL SENT_AFTER_TIME 259499.784420
259499.783822 DISPLAY_TEXT OFF
259500.101269 CHEETAH_SIGNAL SENT_AFTER_TIME 259500.100769
259500.100172 DISPLAY_TEXT 160 51 2 smelled
259500.317410 CHEETAH_SIGNAL SENT_AFTER_TIME 259500.316917
259500.316320 DISPLAY_TEXT OFF
259500.633979 CHEETAH_SIGNAL SENT_AFTER_TIME 259500.633482
259500.632886 DISPLAY_TEXT 161 51 3 it
259500.851336 CHEETAH_SIGNAL SENT_AFTER_TIME 259500.850843
259500.850252 DISPLAY_TEXT OFF
259501.168019 CHEETAH_SIGNAL SENT_AFTER_TIME 259501.167525
259501.166929 DISPLAY_TEXT 162 51 4 burn.
259501.384026 CHEETAH_SIGNAL SENT_AFTER_TIME 259501.383534
259501.382856 DISPLAY_TEXT OFF
259502.401158 CHEETAH_SIGNAL SENT_AFTER_TIME 259502.400647
259502.400029 DISPLAY_TEXT 163 52 1 He
259502.618447 CHEETAH_SIGNAL SENT_AFTER_TIME 259502.617950
259502.617356 DISPLAY_TEXT OFF
259502.934310 CHEETAH_SIGNAL SENT_AFTER_TIME 259502.933806
259502.933097 DISPLAY_TEXT 164 52 2 disappeared.
259503.151274 CHEETAH_SIGNAL SENT_AFTER_TIME 259503.150777
259503.150018 DISPLAY_TEXT OFF
259504.167947 CHEETAH_SIGNAL SENT_AFTER_TIME 259504.167451
259504.166849 DISPLAY_TEXT 165 53 1 They
259504.385583 CHEETAH_SIGNAL SENT_AFTER_TIME 259504.385085
259504.384479 DISPLAY_TEXT OFF
259504.701856 CHEETAH_SIGNAL SENT_AFTER_TIME 259504.701345
259504.700730 DISPLAY_TEXT 166 53 2 heard
259504.918833 CHEETAH_SIGNAL SENT_AFTER_TIME 259504.918337
259504.917736 DISPLAY_TEXT OFF
259505.234909 CHEETAH_SIGNAL SENT_AFTER_TIME 259505.234418
259505.233820 DISPLAY_TEXT 167 53 3 her
259505.451313 CHEETAH_SIGNAL SENT_AFTER_TIME 259505.450819
259505.450225 DISPLAY_TEXT OFF
259505.768851 CHEETAH_SIGNAL SENT_AFTER_TIME 259505.768352
259505.767678 DISPLAY_TEXT 168 53 4 coughing.
259505.985071 CHEETAH_SIGNAL SENT_AFTER_TIME 259505.984575
259505.983978 DISPLAY_TEXT OFF
259507.002557 CHEETAH_SIGNAL SENT_AFTER_TIME 259507.002038
259507.001443 DISPLAY_TEXT 169 54 1 She
259507.218935 CHEETAH_SIGNAL SENT_AFTER_TIME 259507.218439
259507.217841 DISPLAY_TEXT OFF
259507.535018 CHEETAH_SIGNAL SENT_AFTER_TIME 259507.534531
259507.533916 DISPLAY_TEXT 170 54 2 smiled.
259507.752435 CHEETAH_SIGNAL SENT_AFTER_TIME 259507.751933
259507.751334 DISPLAY_TEXT OFF
259508.768621 CHEETAH_SIGNAL SENT_AFTER_TIME 259508.768140
259508.767540 DISPLAY_TEXT 171 55 1 The
259508.986331 CHEETAH_SIGNAL SENT_AFTER_TIME 259508.985842
259508.985240 DISPLAY_TEXT OFF
259509.302370 CHEETAH_SIGNAL SENT_AFTER_TIME 259509.301859
259509.301192 DISPLAY_TEXT 172 55 2 girls
259509.518703 CHEETAH_SIGNAL SENT_AFTER_TIME 259509.518204
259509.517607 DISPLAY_TEXT OFF
259509.835847 CHEETAH_SIGNAL SENT_AFTER_TIME 259509.835350
259509.834759 DISPLAY_TEXT 173 55 3 cough.
259510.052003 CHEETAH_SIGNAL SENT_AFTER_TIME 259510.051504
259510.050895 DISPLAY_TEXT OFF
259511.068808 CHEETAH_SIGNAL SENT_AFTER_TIME 259511.068324
259511.067762 DISPLAY_TEXT 174 56 1 We
259511.285888 CHEETAH_SIGNAL SENT_AFTER_TIME 259511.285452
259511.284844 DISPLAY_TEXT OFF
259511.602356 CHEETAH_SIGNAL SENT_AFTER_TIME 259511.601865
259511.601255 DISPLAY_TEXT 175 56 2 revealed
259511.819516 CHEETAH_SIGNAL SENT_AFTER_TIME 259511.819022
259511.818424 DISPLAY_TEXT OFF
259512.135756 CHEETAH_SIGNAL SENT_AFTER_TIME 259512.135265
259512.134671 DISPLAY_TEXT 176 56 3 that
259512.352661 CHEETAH_SIGNAL SENT_AFTER_TIME 259512.352177
259512.351582 DISPLAY_TEXT OFF
259512.669621 CHEETAH_SIGNAL SENT_AFTER_TIME 259512.669102
259512.668497 DISPLAY_TEXT 177 56 4 she
259512.886084 CHEETAH_SIGNAL SENT_AFTER_TIME 259512.885593
259512.884992 DISPLAY_TEXT OFF
259513.202746 CHEETAH_SIGNAL SENT_AFTER_TIME 259513.202211
259513.201561 DISPLAY_TEXT 178 56 5 jumps.
259513.419653 CHEETAH_SIGNAL SENT_AFTER_TIME 259513.419127
259513.418529 DISPLAY_TEXT OFF
259514.437186 CHEETAH_SIGNAL SENT_AFTER_TIME 259514.436684
259514.436004 DISPLAY_TEXT 179 57 1 Who
259514.653401 CHEETAH_SIGNAL SENT_AFTER_TIME 259514.652901
259514.652305 DISPLAY_TEXT OFF
259514.969614 CHEETAH_SIGNAL SENT_AFTER_TIME 259514.969095
259514.968466 DISPLAY_TEXT 180 57 2 eats
259515.186937 CHEETAH_SIGNAL SENT_AFTER_TIME 259515.186456
259515.185789 DISPLAY_TEXT OFF
259515.503131 CHEETAH_SIGNAL SENT_AFTER_TIME 259515.502630
259515.502021 DISPLAY_TEXT 181 57 3 the
259515.567557 KEY_PRESS l
259515.719609 CHEETAH_SIGNAL SENT_AFTER_TIME 259515.719111
259515.718508 DISPLAY_TEXT OFF
259515.791610 KEY_PRESS l
259516.037091 CHEETAH_SIGNAL SENT_AFTER_TIME 259516.036633
259516.036041 DISPLAY_TEXT 182 57 4 salad?
259516.253462 CHEETAH_SIGNAL SENT_AFTER_TIME 259516.252964
259516.252376 DISPLAY_TEXT OFF
259516.575642 KEY_PRESS l
259516.711607 KEY_PRESS l
259517.270418 CHEETAH_SIGNAL SENT_AFTER_TIME 259517.269915
259517.269281 DISPLAY_TEXT 183 58 1 He
259517.486613 CHEETAH_SIGNAL SENT_AFTER_TIME 259517.486133
259517.485549 DISPLAY_TEXT OFF
259517.803892 CHEETAH_SIGNAL SENT_AFTER_TIME 259517.803393
259517.802792 DISPLAY_TEXT 184 58 2 laughs.
259518.020081 CHEETAH_SIGNAL SENT_AFTER_TIME 259518.019576
259518.018936 DISPLAY_TEXT OFF
259519.037564 CHEETAH_SIGNAL SENT_AFTER_TIME 259519.037047
259519.036439 DISPLAY_TEXT 185 59 1 Who
259519.253956 CHEETAH_SIGNAL SENT_AFTER_TIME 259519.253462
259519.252872 DISPLAY_TEXT OFF
259519.571342 CHEETAH_SIGNAL SENT_AFTER_TIME 259519.570841
259519.570257 DISPLAY_TEXT 186 59 2 arrives?
259519.787581 CHEETAH_SIGNAL SENT_AFTER_TIME 259519.787073
259519.786491 DISPLAY_TEXT OFF
259520.803937 CHEETAH_SIGNAL SENT_AFTER_TIME 259520.803448
259520.802816 DISPLAY_TEXT 187 60 1 The
259521.022238 CHEETAH_SIGNAL SENT_AFTER_TIME 259521.021742
259521.021154 DISPLAY_TEXT OFF
259521.338281 CHEETAH_SIGNAL SENT_AFTER_TIME 259521.337783
259521.337202 DISPLAY_TEXT 188 60 2 boy
259521.554604 CHEETAH_SIGNAL SENT_AFTER_TIME 259521.554099
259521.553497 DISPLAY_TEXT OFF
259521.870860 CHEETAH_SIGNAL SENT_AFTER_TIME 259521.870364
259521.869771 DISPLAY_TEXT 189 60 3 smelled
259522.088520 CHEETAH_SIGNAL SENT_AFTER_TIME 259522.088020
259522.087432 DISPLAY_TEXT OFF
259522.405276 CHEETAH_SIGNAL SENT_AFTER_TIME 259522.404768
259522.404055 DISPLAY_TEXT 190 60 4 the
259522.621742 CHEETAH_SIGNAL SENT_AFTER_TIME 259522.621246
259522.620607 DISPLAY_TEXT OFF
259522.938000 CHEETAH_SIGNAL SENT_AFTER_TIME 259522.937506
259522.936807 DISPLAY_TEXT 191 60 5 flowers.
259523.154094 CHEETAH_SIGNAL SENT_AFTER_TIME 259523.153592
259523.153009 DISPLAY_TEXT OFF
259524.171982 CHEETAH_SIGNAL SENT_AFTER_TIME 259524.171486
259524.170765 DISPLAY_TEXT 192 61 1 Who
259524.388046 CHEETAH_SIGNAL SENT_AFTER_TIME 259524.387550
259524.386937 DISPLAY_TEXT OFF
259524.705096 CHEETAH_SIGNAL SENT_AFTER_TIME 259524.704605
259524.703895 DISPLAY_TEXT 193 61 2 tickles
259524.921286 CHEETAH_SIGNAL SENT_AFTER_TIME 259524.920786
259524.920204 DISPLAY_TEXT OFF
259525.237881 CHEETAH_SIGNAL SENT_AFTER_TIME 259525.237410
259525.236626 DISPLAY_TEXT 194 61 3 the
259525.454618 CHEETAH_SIGNAL SENT_AFTER_TIME 259525.454140
259525.453544 DISPLAY_TEXT OFF
259525.772510 CHEETAH_SIGNAL SENT_AFTER_TIME 259525.772019
259525.771317 DISPLAY_TEXT 195 61 4 girl?
259525.988618 CHEETAH_SIGNAL SENT_AFTER_TIME 259525.988147
259525.987564 DISPLAY_TEXT OFF
259527.005045 CHEETAH_SIGNAL SENT_AFTER_TIME 259527.004555
259527.003772 DISPLAY_TEXT 196 62 1 What
259527.222282 CHEETAH_SIGNAL SENT_AFTER_TIME 259527.221786
259527.221201 DISPLAY_TEXT OFF
259527.538469 CHEETAH_SIGNAL SENT_AFTER_TIME 259527.537979
259527.537289 DISPLAY_TEXT 197 62 2 will
259527.754919 CHEETAH_SIGNAL SENT_AFTER_TIME 259527.754420
259527.753840 DISPLAY_TEXT OFF
259528.072181 CHEETAH_SIGNAL SENT_AFTER_TIME 259528.071690
259528.071113 DISPLAY_TEXT 198 62 3 the
259528.289150 CHEETAH_SIGNAL SENT_AFTER_TIME 259528.288654
259528.288075 DISPLAY_TEXT OFF
259528.605035 CHEETAH_SIGNAL SENT_AFTER_TIME 259528.604536
259528.603955 DISPLAY_TEXT 199 62 4 girl
259528.822984 CHEETAH_SIGNAL SENT_AFTER_TIME 259528.822487
259528.821893 DISPLAY_TEXT OFF
259529.139291 CHEETAH_SIGNAL SENT_AFTER_TIME 259529.138796
259529.138218 DISPLAY_TEXT 200 62 5 kick?
259529.355352 CHEETAH_SIGNAL SENT_AFTER_TIME 259529.354856
259529.354279 DISPLAY_TEXT OFF
259530.372960 CHEETAH_SIGNAL SENT_AFTER_TIME 259530.372463
259530.371886 DISPLAY_TEXT 201 63 1 He
259530.589299 CHEETAH_SIGNAL SENT_AFTER_TIME 259530.588795
259530.588214 DISPLAY_TEXT OFF
259530.901390 CHEETAH_SIGNAL SENT_AFTER_TIME 259530.900963
259530.900497 DISPLAY_TEXT 202 63 2 sneezes.
259531.122053 CHEETAH_SIGNAL SENT_AFTER_TIME 259531.121560
259531.120978 DISPLAY_TEXT OFF
259532.140002 CHEETAH_SIGNAL SENT_AFTER_TIME 259532.139498
259532.138814 DISPLAY_TEXT 203 64 1 Who
259532.356107 CHEETAH_SIGNAL SENT_AFTER_TIME 259532.355611
259532.355028 DISPLAY_TEXT OFF
259532.673451 CHEETAH_SIGNAL SENT_AFTER_TIME 259532.672946
259532.672364 DISPLAY_TEXT 204 64 2 remains?
259532.889653 CHEETAH_SIGNAL SENT_AFTER_TIME 259532.889162
259532.888577 DISPLAY_TEXT OFF
259533.906985 CHEETAH_SIGNAL SENT_AFTER_TIME 259533.906489
259533.905908 DISPLAY_TEXT 205 65 1 They
259534.123254 CHEETAH_SIGNAL SENT_AFTER_TIME 259534.122758
259534.122113 DISPLAY_TEXT OFF
259534.440370 CHEETAH_SIGNAL SENT_AFTER_TIME 259534.439871
259534.439289 DISPLAY_TEXT 206 65 2 found
259534.656612 CHEETAH_SIGNAL SENT_AFTER_TIME 259534.656101
259534.655516 DISPLAY_TEXT OFF
259534.974108 CHEETAH_SIGNAL SENT_AFTER_TIME 259534.973609
259534.973014 DISPLAY_TEXT 207 65 3 the
259535.190020 CHEETAH_SIGNAL SENT_AFTER_TIME 259535.189528
259535.188943 DISPLAY_TEXT OFF
259535.507202 CHEETAH_SIGNAL SENT_AFTER_TIME 259535.506708
259535.506128 DISPLAY_TEXT 208 65 4 bikes.
259535.723147 CHEETAH_SIGNAL SENT_AFTER_TIME 259535.722635
259535.722060 DISPLAY_TEXT OFF
259536.741007 CHEETAH_SIGNAL SENT_AFTER_TIME 259536.740509
259536.739928 DISPLAY_TEXT 209 66 1 They
259536.957508 CHEETAH_SIGNAL SENT_AFTER_TIME 259536.956999
259536.956413 DISPLAY_TEXT OFF
259537.273781 CHEETAH_SIGNAL SENT_AFTER_TIME 259537.273280
259537.272694 DISPLAY_TEXT 210 66 2 appeared.
259537.489889 CHEETAH_SIGNAL SENT_AFTER_TIME 259537.489395
259537.488811 DISPLAY_TEXT OFF
259538.506195 CHEETAH_SIGNAL SENT_AFTER_TIME 259538.505699
259538.505111 DISPLAY_TEXT 211 67 1 They
259538.724282 CHEETAH_SIGNAL SENT_AFTER_TIME 259538.723785
259538.723202 DISPLAY_TEXT OFF
259539.040502 CHEETAH_SIGNAL SENT_AFTER_TIME 259539.040005
259539.039343 DISPLAY_TEXT 212 67 2 appear.
259539.257756 CHEETAH_SIGNAL SENT_AFTER_TIME 259539.257229
259539.256647 DISPLAY_TEXT OFF
259540.273993 CHEETAH_SIGNAL SENT_AFTER_TIME 259540.273506
259540.272822 DISPLAY_TEXT 213 68 1 He
259540.491339 CHEETAH_SIGNAL SENT_AFTER_TIME 259540.490845
259540.490259 DISPLAY_TEXT OFF
259540.807307 CHEETAH_SIGNAL SENT_AFTER_TIME 259540.806807
259540.806227 DISPLAY_TEXT 214 68 2 crawled.
259541.025612 CHEETAH_SIGNAL SENT_AFTER_TIME 259541.025117
259541.023481 DISPLAY_TEXT OFF
259542.040789 CHEETAH_SIGNAL SENT_AFTER_TIME 259542.040291
259542.039707 DISPLAY_TEXT 215 69 1 The
259542.258313 CHEETAH_SIGNAL SENT_AFTER_TIME 259542.257812
259542.257228 DISPLAY_TEXT OFF
259542.574202 CHEETAH_SIGNAL SENT_AFTER_TIME 259542.573703
259542.573122 DISPLAY_TEXT 216 69 2 boy
259542.791613 CHEETAH_SIGNAL SENT_AFTER_TIME 259542.791154
259542.790564 DISPLAY_TEXT OFF
259543.107739 CHEETAH_SIGNAL SENT_AFTER_TIME 259543.107221
259543.106637 DISPLAY_TEXT 217 69 3 jumped.
259543.325006 CHEETAH_SIGNAL SENT_AFTER_TIME 259543.324505
259543.323840 DISPLAY_TEXT OFF
259544.341059 CHEETAH_SIGNAL SENT_AFTER_TIME 259544.340561
259544.339978 DISPLAY_TEXT 218 70 1 She
259544.557573 CHEETAH_SIGNAL SENT_AFTER_TIME 259544.557049
259544.556469 DISPLAY_TEXT OFF
259544.875171 CHEETAH_SIGNAL SENT_AFTER_TIME 259544.874671
259544.874094 DISPLAY_TEXT 219 70 2 jumps.
259545.091485 CHEETAH_SIGNAL SENT_AFTER_TIME 259545.090975
259545.090376 DISPLAY_TEXT OFF
259546.107965 CHEETAH_SIGNAL SENT_AFTER_TIME 259546.107496
259546.106973 DISPLAY_TEXT 220 71 1 Who
259546.324559 CHEETAH_SIGNAL SENT_AFTER_TIME 259546.324061
259546.323459 DISPLAY_TEXT OFF
259546.641932 CHEETAH_SIGNAL SENT_AFTER_TIME 259546.641435
259546.640852 DISPLAY_TEXT 221 71 2 coughed?
259546.859275 CHEETAH_SIGNAL SENT_AFTER_TIME 259546.858782
259546.858185 DISPLAY_TEXT OFF
259547.875291 CHEETAH_SIGNAL SENT_AFTER_TIME 259547.874793
259547.874211 DISPLAY_TEXT 222 72 1 The
259548.092754 CHEETAH_SIGNAL SENT_AFTER_TIME 259548.092253
259548.091669 DISPLAY_TEXT OFF
259548.408766 CHEETAH_SIGNAL SENT_AFTER_TIME 259548.408272
259548.407611 DISPLAY_TEXT 223 72 2 girls
259548.626288 CHEETAH_SIGNAL SENT_AFTER_TIME 259548.625792
259548.625211 DISPLAY_TEXT OFF
259548.942374 CHEETAH_SIGNAL SENT_AFTER_TIME 259548.941874
259548.941291 DISPLAY_TEXT 224 72 3 found
259549.158621 CHEETAH_SIGNAL SENT_AFTER_TIME 259549.158141
259549.157559 DISPLAY_TEXT OFF
259549.475790 CHEETAH_SIGNAL SENT_AFTER_TIME 259549.475299
259549.474711 DISPLAY_TEXT 225 72 4 the
259549.692187 CHEETAH_SIGNAL SENT_AFTER_TIME 259549.691672
259549.691084 DISPLAY_TEXT OFF
259550.009340 CHEETAH_SIGNAL SENT_AFTER_TIME 259550.008847
259550.008261 DISPLAY_TEXT 226 72 5 bikes.
259550.225298 CHEETAH_SIGNAL SENT_AFTER_TIME 259550.224794
259550.224213 DISPLAY_TEXT OFF
259551.242752 CHEETAH_SIGNAL SENT_AFTER_TIME 259551.242257
259551.241552 DISPLAY_TEXT 227 73 1 She
259551.458785 CHEETAH_SIGNAL SENT_AFTER_TIME 259551.458292
259551.457712 DISPLAY_TEXT OFF
259551.775916 CHEETAH_SIGNAL SENT_AFTER_TIME 259551.775401
259551.774816 DISPLAY_TEXT 228 73 2 heard
259551.992082 CHEETAH_SIGNAL SENT_AFTER_TIME 259551.991589
259551.990997 DISPLAY_TEXT OFF
259552.309622 CHEETAH_SIGNAL SENT_AFTER_TIME 259552.309119
259552.308537 DISPLAY_TEXT 229 73 3 them
259552.525712 CHEETAH_SIGNAL SENT_AFTER_TIME 259552.525205
259552.524630 DISPLAY_TEXT OFF
259552.843046 CHEETAH_SIGNAL SENT_AFTER_TIME 259552.842539
259552.841841 DISPLAY_TEXT 230 73 4 crying.
259553.058919 CHEETAH_SIGNAL SENT_AFTER_TIME 259553.058418
259553.057837 DISPLAY_TEXT OFF
259554.076314 CHEETAH_SIGNAL SENT_AFTER_TIME 259554.075817
259554.075148 DISPLAY_TEXT 231 74 1 She
259554.293143 CHEETAH_SIGNAL SENT_AFTER_TIME 259554.292647
259554.292066 DISPLAY_TEXT OFF
259554.610410 CHEETAH_SIGNAL SENT_AFTER_TIME 259554.609919
259554.609339 DISPLAY_TEXT 232 74 2 eats
259554.826571 CHEETAH_SIGNAL SENT_AFTER_TIME 259554.826063
259554.825483 DISPLAY_TEXT OFF
259555.143814 CHEETAH_SIGNAL SENT_AFTER_TIME 259555.143330
259555.142751 DISPLAY_TEXT 233 74 3 the
259555.159512 KEY_PRESS l
259555.327625 KEY_PRESS l
259555.359751 CHEETAH_SIGNAL SENT_AFTER_TIME 259555.359238
259555.358660 DISPLAY_TEXT OFF
259555.676886 CHEETAH_SIGNAL SENT_AFTER_TIME 259555.676391
259555.675817 DISPLAY_TEXT 234 74 4 salad.
259555.892945 CHEETAH_SIGNAL SENT_AFTER_TIME 259555.892446
259555.891865 DISPLAY_TEXT OFF
259555.975651 KEY_PRESS l
259556.143630 KEY_PRESS l
259556.910527 CHEETAH_SIGNAL SENT_AFTER_TIME 259556.910047
259556.909536 DISPLAY_TEXT 235 75 1 He
259557.126482 CHEETAH_SIGNAL SENT_AFTER_TIME 259557.125976
259557.125388 DISPLAY_TEXT OFF
259557.444001 CHEETAH_SIGNAL SENT_AFTER_TIME 259557.443501
259557.442919 DISPLAY_TEXT 236 75 2 falls.
259557.659950 CHEETAH_SIGNAL SENT_AFTER_TIME 259557.659452
259557.658871 DISPLAY_TEXT OFF
259558.677099 CHEETAH_SIGNAL SENT_AFTER_TIME 259558.676605
259558.676026 DISPLAY_TEXT 237 76 1 The
259558.893323 CHEETAH_SIGNAL SENT_AFTER_TIME 259558.892827
259558.892170 DISPLAY_TEXT OFF
259559.210178 CHEETAH_SIGNAL SENT_AFTER_TIME 259559.209683
259559.208989 DISPLAY_TEXT 238 76 2 girl
259559.427434 CHEETAH_SIGNAL SENT_AFTER_TIME 259559.426929
259559.426289 DISPLAY_TEXT OFF
259559.743703 CHEETAH_SIGNAL SENT_AFTER_TIME 259559.743200
259559.742503 DISPLAY_TEXT 239 76 3 disappears.
259559.961022 CHEETAH_SIGNAL SENT_AFTER_TIME 259559.960530
259559.959852 DISPLAY_TEXT OFF
259560.978066 CHEETAH_SIGNAL SENT_AFTER_TIME 259560.977562
259560.976890 DISPLAY_TEXT 240 77 1 Who
259561.194149 CHEETAH_SIGNAL SENT_AFTER_TIME 259561.193645
259561.193051 DISPLAY_TEXT OFF
259561.511374 CHEETAH_SIGNAL SENT_AFTER_TIME 259561.510879
259561.510243 DISPLAY_TEXT 241 77 2 heard
259561.728042 CHEETAH_SIGNAL SENT_AFTER_TIME 259561.727543
259561.726964 DISPLAY_TEXT OFF
259562.044038 CHEETAH_SIGNAL SENT_AFTER_TIME 259562.043540
259562.042965 DISPLAY_TEXT 242 77 3 the
259562.261155 CHEETAH_SIGNAL SENT_AFTER_TIME 259562.260663
259562.260081 DISPLAY_TEXT OFF
259562.577166 CHEETAH_SIGNAL SENT_AFTER_TIME 259562.576610
259562.576029 DISPLAY_TEXT 243 77 4 men?
259562.794242 CHEETAH_SIGNAL SENT_AFTER_TIME 259562.793743
259562.793157 DISPLAY_TEXT OFF
259563.811466 CHEETAH_SIGNAL SENT_AFTER_TIME 259563.810965
259563.810373 DISPLAY_TEXT 244 78 1 She
259564.027570 CHEETAH_SIGNAL SENT_AFTER_TIME 259564.027029
259564.026447 DISPLAY_TEXT OFF
259564.339715 CHEETAH_SIGNAL SENT_AFTER_TIME 259564.339294
259564.338866 DISPLAY_TEXT 245 78 2 saw
259564.561522 CHEETAH_SIGNAL SENT_AFTER_TIME 259564.561031
259564.560450 DISPLAY_TEXT OFF
259564.877567 CHEETAH_SIGNAL SENT_AFTER_TIME 259564.877076
259564.876495 DISPLAY_TEXT 246 78 3 that
259565.094844 CHEETAH_SIGNAL SENT_AFTER_TIME 259565.094345
259565.093723 DISPLAY_TEXT OFF
259565.412362 CHEETAH_SIGNAL SENT_AFTER_TIME 259565.411859
259565.411127 DISPLAY_TEXT 247 78 4 he
259565.628215 CHEETAH_SIGNAL SENT_AFTER_TIME 259565.627711
259565.627100 DISPLAY_TEXT OFF
259565.945478 CHEETAH_SIGNAL SENT_AFTER_TIME 259565.944984
259565.944408 DISPLAY_TEXT 248 78 5 crawled.
259566.161444 CHEETAH_SIGNAL SENT_AFTER_TIME 259566.160974
259566.160401 DISPLAY_TEXT OFF
259567.178738 CHEETAH_SIGNAL SENT_AFTER_TIME 259567.178250
259567.177671 DISPLAY_TEXT 249 79 1 The
259567.394948 CHEETAH_SIGNAL SENT_AFTER_TIME 259567.394450
259567.393868 DISPLAY_TEXT OFF
259567.712127 CHEETAH_SIGNAL SENT_AFTER_TIME 259567.711634
259567.711000 DISPLAY_TEXT 250 79 2 boy
259567.928252 CHEETAH_SIGNAL SENT_AFTER_TIME 259567.927762
259567.927185 DISPLAY_TEXT OFF
259568.245579 CHEETAH_SIGNAL SENT_AFTER_TIME 259568.245051
259568.244476 DISPLAY_TEXT 251 79 3 collapses.
259568.461570 CHEETAH_SIGNAL SENT_AFTER_TIME 259568.461040
259568.460461 DISPLAY_TEXT OFF
259569.478953 CHEETAH_SIGNAL SENT_AFTER_TIME 259569.478444
259569.477770 DISPLAY_TEXT 252 80 1 She
259569.694998 CHEETAH_SIGNAL SENT_AFTER_TIME 259569.694489
259569.693895 DISPLAY_TEXT OFF
259570.012386 CHEETAH_SIGNAL SENT_AFTER_TIME 259570.011887
259570.011310 DISPLAY_TEXT 253 80 2 crawls.
259570.229746 CHEETAH_SIGNAL SENT_AFTER_TIME 259570.229228
259570.228539 DISPLAY_TEXT OFF
259571.245750 CHEETAH_SIGNAL SENT_AFTER_TIME 259571.245218
259571.244639 DISPLAY_TEXT 254 81 1 The
259571.463171 CHEETAH_SIGNAL SENT_AFTER_TIME 259571.462672
259571.462092 DISPLAY_TEXT OFF
259571.779524 CHEETAH_SIGNAL SENT_AFTER_TIME 259571.779025
259571.778450 DISPLAY_TEXT 255 81 2 actors
259571.995614 CHEETAH_SIGNAL SENT_AFTER_TIME 259571.995106
259571.994525 DISPLAY_TEXT OFF
259572.312845 CHEETAH_SIGNAL SENT_AFTER_TIME 259572.312357
259572.311681 DISPLAY_TEXT 256 81 3 will
259572.529094 CHEETAH_SIGNAL SENT_AFTER_TIME 259572.528604
259572.528027 DISPLAY_TEXT OFF
259572.846263 CHEETAH_SIGNAL SENT_AFTER_TIME 259572.845766
259572.845074 DISPLAY_TEXT 257 81 4 snore.
259573.063452 CHEETAH_SIGNAL SENT_AFTER_TIME 259573.062963
259573.062372 DISPLAY_TEXT OFF
259574.079572 CHEETAH_SIGNAL SENT_AFTER_TIME 259574.079068
259574.078397 DISPLAY_TEXT 258 82 1 The
259574.294990 CHEETAH_SIGNAL SENT_AFTER_TIME 259574.294534
259574.294014 DISPLAY_TEXT OFF
259574.613488 CHEETAH_SIGNAL SENT_AFTER_TIME 259574.612997
259574.612317 DISPLAY_TEXT 259 82 2 boy
259574.829579 CHEETAH_SIGNAL SENT_AFTER_TIME 259574.829094
259574.828495 DISPLAY_TEXT OFF
259575.146704 CHEETAH_SIGNAL SENT_AFTER_TIME 259575.146212
259575.145636 DISPLAY_TEXT 260 82 3 will
259575.362755 CHEETAH_SIGNAL SENT_AFTER_TIME 259575.362261
259575.361683 DISPLAY_TEXT OFF
259575.679193 CHEETAH_SIGNAL SENT_AFTER_TIME 259575.678680
259575.678099 DISPLAY_TEXT 261 82 4 sing.
259575.896449 CHEETAH_SIGNAL SENT_AFTER_TIME 259575.895936
259575.895359 DISPLAY_TEXT OFF
259576.913740 CHEETAH_SIGNAL SENT_AFTER_TIME 259576.913215
259576.912547 DISPLAY_TEXT 262 83 1 What
259577.129809 CHEETAH_SIGNAL SENT_AFTER_TIME 259577.129311
259577.128733 DISPLAY_TEXT OFF
259577.446385 CHEETAH_SIGNAL SENT_AFTER_TIME 259577.445887
259577.445296 DISPLAY_TEXT 263 83 2 will
259577.663778 CHEETAH_SIGNAL SENT_AFTER_TIME 259577.663269
259577.662689 DISPLAY_TEXT OFF
259577.979744 CHEETAH_SIGNAL SENT_AFTER_TIME 259577.979240
259577.978660 DISPLAY_TEXT 264 83 3 the
259578.196303 CHEETAH_SIGNAL SENT_AFTER_TIME 259578.195806
259578.195225 DISPLAY_TEXT OFF
259578.513465 CHEETAH_SIGNAL SENT_AFTER_TIME 259578.512973
259578.512397 DISPLAY_TEXT 265 83 4 girl
259578.730809 CHEETAH_SIGNAL SENT_AFTER_TIME 259578.730310
259578.729733 DISPLAY_TEXT OFF
259579.046752 CHEETAH_SIGNAL SENT_AFTER_TIME 259579.046215
259579.045636 DISPLAY_TEXT 266 83 5 eat?
259579.263810 CHEETAH_SIGNAL SENT_AFTER_TIME 259579.263312
259579.262732 DISPLAY_TEXT OFF
259579.559581 KEY_PRESS l
259579.775640 KEY_PRESS l
259580.281376 CHEETAH_SIGNAL SENT_AFTER_TIME 259580.280879
259580.280303 DISPLAY_TEXT 267 84 1 The
259580.497260 CHEETAH_SIGNAL SENT_AFTER_TIME 259580.496762
259580.496185 DISPLAY_TEXT OFF
259580.810316 CHEETAH_SIGNAL SENT_AFTER_TIME 259580.809865
259580.809344 DISPLAY_TEXT 268 84 2 girl
259581.031752 CHEETAH_SIGNAL SENT_AFTER_TIME 259581.031264
259581.030646 DISPLAY_TEXT OFF
259581.348012 CHEETAH_SIGNAL SENT_AFTER_TIME 259581.347503
259581.346924 DISPLAY_TEXT 269 84 3 smiled.
259581.563955 CHEETAH_SIGNAL SENT_AFTER_TIME 259581.563459
259581.562882 DISPLAY_TEXT OFF
259582.581097 CHEETAH_SIGNAL SENT_AFTER_TIME 259582.580606
259582.580026 DISPLAY_TEXT 270 85 1 The
259582.797274 CHEETAH_SIGNAL SENT_AFTER_TIME 259582.796781
259582.796202 DISPLAY_TEXT OFF
259583.114401 CHEETAH_SIGNAL SENT_AFTER_TIME 259583.113908
259583.113332 DISPLAY_TEXT 271 85 2 cook
259583.330613 CHEETAH_SIGNAL SENT_AFTER_TIME 259583.330109
259583.329529 DISPLAY_TEXT OFF
259583.647872 CHEETAH_SIGNAL SENT_AFTER_TIME 259583.647385
259583.646695 DISPLAY_TEXT 272 85 3 prepared
259583.631633 KEY_PRESS l
259583.799628 KEY_PRESS l
259583.864314 CHEETAH_SIGNAL SENT_AFTER_TIME 259583.863814
259583.863230 DISPLAY_TEXT OFF
259584.181577 CHEETAH_SIGNAL SENT_AFTER_TIME 259584.181094
259584.180499 DISPLAY_TEXT 273 85 4 the
259584.397744 CHEETAH_SIGNAL SENT_AFTER_TIME 259584.397247
259584.396665 DISPLAY_TEXT OFF
259584.714933 CHEETAH_SIGNAL SENT_AFTER_TIME 259584.714434
259584.713852 DISPLAY_TEXT 274 85 5 meal.
259584.932055 CHEETAH_SIGNAL SENT_AFTER_TIME 259584.931563
259584.930982 DISPLAY_TEXT OFF
259585.151501 KEY_PRESS l
259585.327493 KEY_PRESS l
259585.948256 CHEETAH_SIGNAL SENT_AFTER_TIME 259585.947772
259585.947182 DISPLAY_TEXT 275 86 1 What
259586.165009 CHEETAH_SIGNAL SENT_AFTER_TIME 259586.164512
259586.163931 DISPLAY_TEXT OFF
259586.481517 CHEETAH_SIGNAL SENT_AFTER_TIME 259586.481030
259586.480436 DISPLAY_TEXT 276 86 2 does
259586.699290 CHEETAH_SIGNAL SENT_AFTER_TIME 259586.698797
259586.698100 DISPLAY_TEXT OFF
259587.015338 CHEETAH_SIGNAL SENT_AFTER_TIME 259587.014841
259587.014150 DISPLAY_TEXT 277 86 3 the
259587.231301 CHEETAH_SIGNAL SENT_AFTER_TIME 259587.230811
259587.230230 DISPLAY_TEXT OFF
259587.548274 CHEETAH_SIGNAL SENT_AFTER_TIME 259587.547784
259587.547214 DISPLAY_TEXT 278 86 4 girl
259587.765619 CHEETAH_SIGNAL SENT_AFTER_TIME 259587.765118
259587.764536 DISPLAY_TEXT OFF
259588.081652 CHEETAH_SIGNAL SENT_AFTER_TIME 259588.081162
259588.080577 DISPLAY_TEXT 279 86 5 eat?
259588.298744 CHEETAH_SIGNAL SENT_AFTER_TIME 259588.298255
259588.297647 DISPLAY_TEXT OFF
259588.471627 KEY_PRESS l
259588.655555 KEY_PRESS l
259589.314826 CHEETAH_SIGNAL SENT_AFTER_TIME 259589.314324
259589.313683 DISPLAY_TEXT 280 87 1 Who
259589.531740 CHEETAH_SIGNAL SENT_AFTER_TIME 259589.531243
259589.530657 DISPLAY_TEXT OFF
259589.848843 CHEETAH_SIGNAL SENT_AFTER_TIME 259589.848341
259589.847760 DISPLAY_TEXT 281 87 2 kicked
259590.066266 CHEETAH_SIGNAL SENT_AFTER_TIME 259590.065778
259590.065201 DISPLAY_TEXT OFF
259590.382378 CHEETAH_SIGNAL SENT_AFTER_TIME 259590.381885
259590.381299 DISPLAY_TEXT 282 87 3 the
259590.597717 CHEETAH_SIGNAL SENT_AFTER_TIME 259590.597292
259590.596799 DISPLAY_TEXT OFF
259590.916059 CHEETAH_SIGNAL SENT_AFTER_TIME 259590.915560
259590.914983 DISPLAY_TEXT 283 87 4 ball?
259591.132029 CHEETAH_SIGNAL SENT_AFTER_TIME 259591.131541
259591.130959 DISPLAY_TEXT OFF
259592.149383 CHEETAH_SIGNAL SENT_AFTER_TIME 259592.148896
259592.148325 DISPLAY_TEXT 284 88 1 He
259592.365360 CHEETAH_SIGNAL SENT_AFTER_TIME 259592.364866
259592.364272 DISPLAY_TEXT OFF
259592.682439 CHEETAH_SIGNAL SENT_AFTER_TIME 259592.681940
259592.681324 DISPLAY_TEXT 285 88 2 collapses.
259592.899477 CHEETAH_SIGNAL SENT_AFTER_TIME 259592.898988
259592.898408 DISPLAY_TEXT OFF
259593.916746 CHEETAH_SIGNAL SENT_AFTER_TIME 259593.916254
259593.915677 DISPLAY_TEXT 286 89 1 He
259594.132810 CHEETAH_SIGNAL SENT_AFTER_TIME 259594.132316
259594.131733 DISPLAY_TEXT OFF
259594.449942 CHEETAH_SIGNAL SENT_AFTER_TIME 259594.449444
259594.448865 DISPLAY_TEXT 287 89 2 hears
259594.665960 CHEETAH_SIGNAL SENT_AFTER_TIME 259594.665474
259594.664851 DISPLAY_TEXT OFF
259594.982941 CHEETAH_SIGNAL SENT_AFTER_TIME 259594.982445
259594.981858 DISPLAY_TEXT 288 89 3 the
259595.199881 CHEETAH_SIGNAL SENT_AFTER_TIME 259595.199384
259595.198801 DISPLAY_TEXT OFF
259595.516857 CHEETAH_SIGNAL SENT_AFTER_TIME 259595.516371
259595.515771 DISPLAY_TEXT 289 89 4 men.
259595.732809 CHEETAH_SIGNAL SENT_AFTER_TIME 259595.732319
259595.731680 DISPLAY_TEXT OFF
259596.750037 CHEETAH_SIGNAL SENT_AFTER_TIME 259596.749536
259596.748956 DISPLAY_TEXT 290 90 1 Whom
259596.966212 CHEETAH_SIGNAL SENT_AFTER_TIME 259596.965710
259596.965014 DISPLAY_TEXT OFF
259597.283392 CHEETAH_SIGNAL SENT_AFTER_TIME 259597.282907
259597.282314 DISPLAY_TEXT 291 90 2 do
259597.499479 CHEETAH_SIGNAL SENT_AFTER_TIME 259597.498982
259597.498403 DISPLAY_TEXT OFF
259597.816951 CHEETAH_SIGNAL SENT_AFTER_TIME 259597.816459
259597.815786 DISPLAY_TEXT 292 90 3 the
259598.032842 CHEETAH_SIGNAL SENT_AFTER_TIME 259598.032349
259598.031773 DISPLAY_TEXT OFF
259598.350046 CHEETAH_SIGNAL SENT_AFTER_TIME 259598.349554
259598.348981 DISPLAY_TEXT 293 90 4 women
259598.567448 CHEETAH_SIGNAL SENT_AFTER_TIME 259598.566960
259598.566379 DISPLAY_TEXT OFF
259598.883489 CHEETAH_SIGNAL SENT_AFTER_TIME 259598.883005
259598.882342 DISPLAY_TEXT 294 90 5 hug?
259599.100578 CHEETAH_SIGNAL SENT_AFTER_TIME 259599.100093
259599.099511 DISPLAY_TEXT OFF
259600.116619 CHEETAH_SIGNAL SENT_AFTER_TIME 259600.116114
259600.115537 DISPLAY_TEXT 295 91 1 The
259600.333280 CHEETAH_SIGNAL SENT_AFTER_TIME 259600.332790
259600.332211 DISPLAY_TEXT OFF
259600.650469 CHEETAH_SIGNAL SENT_AFTER_TIME 259600.649997
259600.649359 DISPLAY_TEXT 296 91 2 girl
259600.867753 CHEETAH_SIGNAL SENT_AFTER_TIME 259600.867266
259600.866674 DISPLAY_TEXT OFF
259601.183701 CHEETAH_SIGNAL SENT_AFTER_TIME 259601.183192
259601.182601 DISPLAY_TEXT 297 91 3 fell.
259601.400612 CHEETAH_SIGNAL SENT_AFTER_TIME 259601.400115
259601.399541 DISPLAY_TEXT OFF
259602.417981 CHEETAH_SIGNAL SENT_AFTER_TIME 259602.417482
259602.416823 DISPLAY_TEXT 298 92 1 She
259602.633934 CHEETAH_SIGNAL SENT_AFTER_TIME 259602.633437
259602.632844 DISPLAY_TEXT OFF
259602.951098 CHEETAH_SIGNAL SENT_AFTER_TIME 259602.950604
259602.949950 DISPLAY_TEXT 299 92 2 blooms.
259603.168200 CHEETAH_SIGNAL SENT_AFTER_TIME 259603.167706
259603.167129 DISPLAY_TEXT OFF
259604.184068 CHEETAH_SIGNAL SENT_AFTER_TIME 259604.183573
259604.182995 DISPLAY_TEXT 300 93 1 Who
259604.401292 CHEETAH_SIGNAL SENT_AFTER_TIME 259604.400798
259604.400221 DISPLAY_TEXT OFF
259604.718571 CHEETAH_SIGNAL SENT_AFTER_TIME 259604.718046
259604.717464 DISPLAY_TEXT 301 93 2 smelled
259604.934580 CHEETAH_SIGNAL SENT_AFTER_TIME 259604.934093
259604.933512 DISPLAY_TEXT OFF
259605.250872 CHEETAH_SIGNAL SENT_AFTER_TIME 259605.250377
259605.249797 DISPLAY_TEXT 302 93 3 the
259605.468093 CHEETAH_SIGNAL SENT_AFTER_TIME 259605.467588
259605.467002 DISPLAY_TEXT OFF
259605.785343 CHEETAH_SIGNAL SENT_AFTER_TIME 259605.784856
259605.784278 DISPLAY_TEXT 303 93 4 flowers?
259606.000926 CHEETAH_SIGNAL SENT_AFTER_TIME 259606.000434
259605.999855 DISPLAY_TEXT OFF
259607.018175 CHEETAH_SIGNAL SENT_AFTER_TIME 259607.017675
259607.017101 DISPLAY_TEXT 304 94 1 She
259607.236521 CHEETAH_SIGNAL SENT_AFTER_TIME 259607.235991
259607.234398 DISPLAY_TEXT OFF
259607.551230 CHEETAH_SIGNAL SENT_AFTER_TIME 259607.550747
259607.550167 DISPLAY_TEXT 305 94 2 kicked
259607.768254 CHEETAH_SIGNAL SENT_AFTER_TIME 259607.767755
259607.767174 DISPLAY_TEXT OFF
259608.085363 CHEETAH_SIGNAL SENT_AFTER_TIME 259608.084870
259608.084288 DISPLAY_TEXT 306 94 3 the
259608.301907 CHEETAH_SIGNAL SENT_AFTER_TIME 259608.301408
259608.300828 DISPLAY_TEXT OFF
259608.619139 CHEETAH_SIGNAL SENT_AFTER_TIME 259608.618647
259608.618067 DISPLAY_TEXT 307 94 4 ball.
259608.835150 CHEETAH_SIGNAL SENT_AFTER_TIME 259608.834654
259608.834079 DISPLAY_TEXT OFF
259609.852243 CHEETAH_SIGNAL SENT_AFTER_TIME 259609.851747
259609.851168 DISPLAY_TEXT 308 95 1 He
259610.068288 CHEETAH_SIGNAL SENT_AFTER_TIME 259610.067794
259610.067214 DISPLAY_TEXT OFF
259610.385616 CHEETAH_SIGNAL SENT_AFTER_TIME 259610.385105
259610.384443 DISPLAY_TEXT 309 95 2 streched.
259610.602744 CHEETAH_SIGNAL SENT_AFTER_TIME 259610.602214
259610.601627 DISPLAY_TEXT OFF
259611.618615 CHEETAH_SIGNAL SENT_AFTER_TIME 259611.618116
259611.617533 DISPLAY_TEXT 310 96 1 The
259611.835807 CHEETAH_SIGNAL SENT_AFTER_TIME 259611.835302
259611.834696 DISPLAY_TEXT OFF
259612.153079 CHEETAH_SIGNAL SENT_AFTER_TIME 259612.152586
259612.151921 DISPLAY_TEXT 311 96 2 girl
259612.365032 CHEETAH_SIGNAL SENT_AFTER_TIME 259612.364560
259612.364057 DISPLAY_TEXT OFF
259612.685663 CHEETAH_SIGNAL SENT_AFTER_TIME 259612.685181
259612.684605 DISPLAY_TEXT 312 96 3 kicked
259612.902939 CHEETAH_SIGNAL SENT_AFTER_TIME 259612.902438
259612.901861 DISPLAY_TEXT OFF
259613.218800 CHEETAH_SIGNAL SENT_AFTER_TIME 259613.218308
259613.217727 DISPLAY_TEXT 313 96 4 the
259613.436088 CHEETAH_SIGNAL SENT_AFTER_TIME 259613.435654
259613.435138 DISPLAY_TEXT OFF
259613.753200 CHEETAH_SIGNAL SENT_AFTER_TIME 259613.752690
259613.752115 DISPLAY_TEXT 314 96 5 ball.
259613.969043 CHEETAH_SIGNAL SENT_AFTER_TIME 259613.968555
259613.967980 DISPLAY_TEXT OFF
259614.986184 CHEETAH_SIGNAL SENT_AFTER_TIME 259614.985696
259614.985092 DISPLAY_TEXT 315 97 1 They
259615.203270 CHEETAH_SIGNAL SENT_AFTER_TIME 259615.202773
259615.202197 DISPLAY_TEXT OFF
259615.519156 CHEETAH_SIGNAL SENT_AFTER_TIME 259615.518671
259615.518094 DISPLAY_TEXT 316 97 2 kissed
259615.736417 CHEETAH_SIGNAL SENT_AFTER_TIME 259615.735920
259615.735329 DISPLAY_TEXT OFF
259616.053822 CHEETAH_SIGNAL SENT_AFTER_TIME 259616.053323
259616.052649 DISPLAY_TEXT 317 97 3 the
259616.269741 CHEETAH_SIGNAL SENT_AFTER_TIME 259616.269225
259616.268654 DISPLAY_TEXT OFF
259616.586951 CHEETAH_SIGNAL SENT_AFTER_TIME 259616.586454
259616.585831 DISPLAY_TEXT 318 97 4 clowns.
259616.802758 CHEETAH_SIGNAL SENT_AFTER_TIME 259616.802266
259616.801691 DISPLAY_TEXT OFF
259617.819853 CHEETAH_SIGNAL SENT_AFTER_TIME 259617.819362
259617.818768 DISPLAY_TEXT 319 98 1 The
259618.036982 CHEETAH_SIGNAL SENT_AFTER_TIME 259618.036488
259618.035909 DISPLAY_TEXT OFF
259618.354237 CHEETAH_SIGNAL SENT_AFTER_TIME 259618.353741
259618.353165 DISPLAY_TEXT 320 98 2 boy
259618.570410 CHEETAH_SIGNAL SENT_AFTER_TIME 259618.569916
259618.569336 DISPLAY_TEXT OFF
259618.882596 CHEETAH_SIGNAL SENT_AFTER_TIME 259618.882141
259618.881637 DISPLAY_TEXT 321 98 3 bloomed.
259619.104009 CHEETAH_SIGNAL SENT_AFTER_TIME 259619.103519
259619.102940 DISPLAY_TEXT OFF
259620.120523 CHEETAH_SIGNAL SENT_AFTER_TIME 259620.120029
259620.119456 DISPLAY_TEXT 322 99 1 They
259620.336555 CHEETAH_SIGNAL SENT_AFTER_TIME 259620.336039
259620.335462 DISPLAY_TEXT OFF
259620.653613 CHEETAH_SIGNAL SENT_AFTER_TIME 259620.653153
259620.652577 DISPLAY_TEXT 323 99 2 cough.
259620.870624 CHEETAH_SIGNAL SENT_AFTER_TIME 259620.870149
259620.869562 DISPLAY_TEXT OFF
259621.887844 CHEETAH_SIGNAL SENT_AFTER_TIME 259621.887346
259621.886772 DISPLAY_TEXT 324 100 1 She
259622.103857 CHEETAH_SIGNAL SENT_AFTER_TIME 259622.103362
259622.102763 DISPLAY_TEXT OFF
259622.420912 CHEETAH_SIGNAL SENT_AFTER_TIME 259622.420420
259622.419790 DISPLAY_TEXT 325 100 2 fell.
259622.636825 CHEETAH_SIGNAL SENT_AFTER_TIME 259622.636314
259622.635738 DISPLAY_TEXT OFF
259623.653980 CHEETAH_SIGNAL SENT_AFTER_TIME 259623.653490
259623.652905 DISPLAY_TEXT 326 101 1 She
259623.871155 CHEETAH_SIGNAL SENT_AFTER_TIME 259623.870658
259623.870075 DISPLAY_TEXT OFF
259624.187058 CHEETAH_SIGNAL SENT_AFTER_TIME 259624.186571
259624.185991 DISPLAY_TEXT 327 101 2 cries.
259624.404199 CHEETAH_SIGNAL SENT_AFTER_TIME 259624.403713
259624.403133 DISPLAY_TEXT OFF
259625.421328 CHEETAH_SIGNAL SENT_AFTER_TIME 259625.420823
259625.420249 DISPLAY_TEXT 328 102 1 We
259625.638229 CHEETAH_SIGNAL SENT_AFTER_TIME 259625.637730
259625.637154 DISPLAY_TEXT OFF
259625.954178 CHEETAH_SIGNAL SENT_AFTER_TIME 259625.953688
259625.953113 DISPLAY_TEXT 329 102 2 heard
259626.171388 CHEETAH_SIGNAL SENT_AFTER_TIME 259626.170895
259626.170317 DISPLAY_TEXT OFF
259626.483784 CHEETAH_SIGNAL SENT_AFTER_TIME 259626.483369
259626.482928 DISPLAY_TEXT 330 102 3 that
259626.704375 CHEETAH_SIGNAL SENT_AFTER_TIME 259626.703877
259626.703299 DISPLAY_TEXT OFF
259627.022352 CHEETAH_SIGNAL SENT_AFTER_TIME 259627.021864
259627.021214 DISPLAY_TEXT 331 102 4 she
259627.238405 CHEETAH_SIGNAL SENT_AFTER_TIME 259627.237913
259627.237261 DISPLAY_TEXT OFF
259627.555485 CHEETAH_SIGNAL SENT_AFTER_TIME 259627.554988
259627.554411 DISPLAY_TEXT 332 102 5 sneezed.
259627.771575 CHEETAH_SIGNAL SENT_AFTER_TIME 259627.771054
259627.770477 DISPLAY_TEXT OFF
259628.788648 CHEETAH_SIGNAL SENT_AFTER_TIME 259628.788173
259628.787593 DISPLAY_TEXT 333 103 1 She
259629.004571 CHEETAH_SIGNAL SENT_AFTER_TIME 259629.004041
259629.003464 DISPLAY_TEXT OFF
259629.321659 CHEETAH_SIGNAL SENT_AFTER_TIME 259629.321130
259629.320556 DISPLAY_TEXT 334 103 2 scratched.
259629.539245 CHEETAH_SIGNAL SENT_AFTER_TIME 259629.538752
259629.538172 DISPLAY_TEXT OFF
259630.555170 CHEETAH_SIGNAL SENT_AFTER_TIME 259630.554683
259630.554105 DISPLAY_TEXT 335 104 1 They
259630.772448 CHEETAH_SIGNAL SENT_AFTER_TIME 259630.771962
259630.771336 DISPLAY_TEXT OFF
259631.088408 CHEETAH_SIGNAL SENT_AFTER_TIME 259631.087919
259631.087285 DISPLAY_TEXT 336 104 2 heared
259631.305770 CHEETAH_SIGNAL SENT_AFTER_TIME 259631.305273
259631.304691 DISPLAY_TEXT OFF
259631.621801 CHEETAH_SIGNAL SENT_AFTER_TIME 259631.621301
259631.620726 DISPLAY_TEXT 337 104 3 that
259631.838938 CHEETAH_SIGNAL SENT_AFTER_TIME 259631.838443
259631.837864 DISPLAY_TEXT OFF
259632.156214 CHEETAH_SIGNAL SENT_AFTER_TIME 259632.155716
259632.155042 DISPLAY_TEXT 338 104 4 she
259632.372257 CHEETAH_SIGNAL SENT_AFTER_TIME 259632.371765
259632.371185 DISPLAY_TEXT OFF
259632.689703 CHEETAH_SIGNAL SENT_AFTER_TIME 259632.689199
259632.688610 DISPLAY_TEXT 339 104 5 laughed.
259632.905619 CHEETAH_SIGNAL SENT_AFTER_TIME 259632.905112
259632.904534 DISPLAY_TEXT OFF
259633.922753 CHEETAH_SIGNAL SENT_AFTER_TIME 259633.922260
259633.921681 DISPLAY_TEXT 340 105 1 The
259634.138891 CHEETAH_SIGNAL SENT_AFTER_TIME 259634.138401
259634.137820 DISPLAY_TEXT OFF
259634.455967 CHEETAH_SIGNAL SENT_AFTER_TIME 259634.455468
259634.454890 DISPLAY_TEXT 341 105 2 boys
259634.673068 CHEETAH_SIGNAL SENT_AFTER_TIME 259634.672580
259634.672004 DISPLAY_TEXT OFF
259634.989070 CHEETAH_SIGNAL SENT_AFTER_TIME 259634.988584
259634.988008 DISPLAY_TEXT 342 105 3 winked.
259635.206151 CHEETAH_SIGNAL SENT_AFTER_TIME 259635.205650
259635.205061 DISPLAY_TEXT OFF
259636.223444 CHEETAH_SIGNAL SENT_AFTER_TIME 259636.222950
259636.222276 DISPLAY_TEXT 343 106 1 They
259636.439470 CHEETAH_SIGNAL SENT_AFTER_TIME 259636.438974
259636.438394 DISPLAY_TEXT OFF
259636.756617 CHEETAH_SIGNAL SENT_AFTER_TIME 259636.756117
259636.755533 DISPLAY_TEXT 344 106 2 vanish.
259636.973747 CHEETAH_SIGNAL SENT_AFTER_TIME 259636.973238
259636.972660 DISPLAY_TEXT OFF
259637.989751 CHEETAH_SIGNAL SENT_AFTER_TIME 259637.989252
259637.988675 DISPLAY_TEXT 345 107 1 They
259638.206964 CHEETAH_SIGNAL SENT_AFTER_TIME 259638.206474
259638.205897 DISPLAY_TEXT OFF
259638.522879 CHEETAH_SIGNAL SENT_AFTER_TIME 259638.522402
259638.521800 DISPLAY_TEXT 346 107 2 were
259638.740844 CHEETAH_SIGNAL SENT_AFTER_TIME 259638.740359
259638.739782 DISPLAY_TEXT OFF
259639.056802 CHEETAH_SIGNAL SENT_AFTER_TIME 259639.056307
259639.055727 DISPLAY_TEXT 347 107 3 loved.
259639.269068 CHEETAH_SIGNAL SENT_AFTER_TIME 259639.268632
259639.268049 DISPLAY_TEXT OFF
259640.290771 CHEETAH_SIGNAL SENT_AFTER_TIME 259640.290275
259640.289699 DISPLAY_TEXT 348 108 1 She
259640.506824 CHEETAH_SIGNAL SENT_AFTER_TIME 259640.506334
259640.505746 DISPLAY_TEXT OFF
259640.824136 CHEETAH_SIGNAL SENT_AFTER_TIME 259640.823637
259640.822961 DISPLAY_TEXT 349 108 2 arrives.
259641.041745 CHEETAH_SIGNAL SENT_AFTER_TIME 259641.041234
259641.040554 DISPLAY_TEXT OFF
259642.057911 CHEETAH_SIGNAL SENT_AFTER_TIME 259642.057419
259642.056841 DISPLAY_TEXT 350 109 1 The
259642.274037 CHEETAH_SIGNAL SENT_AFTER_TIME 259642.273548
259642.272972 DISPLAY_TEXT OFF
259642.591365 CHEETAH_SIGNAL SENT_AFTER_TIME 259642.590861
259642.590289 DISPLAY_TEXT 351 109 2 boy
259642.803492 CHEETAH_SIGNAL SENT_AFTER_TIME 259642.803048
259642.802552 DISPLAY_TEXT OFF
259643.124831 CHEETAH_SIGNAL SENT_AFTER_TIME 259643.124328
259643.123732 DISPLAY_TEXT 352 109 3 was
259643.340908 CHEETAH_SIGNAL SENT_AFTER_TIME 259643.340420
259643.339828 DISPLAY_TEXT OFF
259643.658150 CHEETAH_SIGNAL SENT_AFTER_TIME 259643.657658
259643.657078 DISPLAY_TEXT 353 109 4 pushed.
259643.874013 CHEETAH_SIGNAL SENT_AFTER_TIME 259643.873523
259643.872932 DISPLAY_TEXT OFF
259644.891616 CHEETAH_SIGNAL SENT_AFTER_TIME 259644.891159
259644.890583 DISPLAY_TEXT 354 110 1 The
259645.107812 CHEETAH_SIGNAL SENT_AFTER_TIME 259645.107320
259645.106738 DISPLAY_TEXT OFF
259645.425202 CHEETAH_SIGNAL SENT_AFTER_TIME 259645.424699
259645.423997 DISPLAY_TEXT 355 110 2 cake
259645.641171 CHEETAH_SIGNAL SENT_AFTER_TIME 259645.640680
259645.640103 DISPLAY_TEXT OFF
259645.958154 CHEETAH_SIGNAL SENT_AFTER_TIME 259645.957659
259645.957082 DISPLAY_TEXT 356 110 3 was
259646.174271 CHEETAH_SIGNAL SENT_AFTER_TIME 259646.173776
259646.173118 DISPLAY_TEXT OFF
259646.175476 KEY_PRESS l
259646.375622 KEY_PRESS l
259646.491466 CHEETAH_SIGNAL SENT_AFTER_TIME 259646.490968
259646.490315 DISPLAY_TEXT 357 110 4 overcooked.
259646.708749 CHEETAH_SIGNAL SENT_AFTER_TIME 259646.708239
259646.707655 DISPLAY_TEXT OFF
259647.159756 KEY_PRESS l
259647.335626 KEY_PRESS l
259647.724983 CHEETAH_SIGNAL SENT_AFTER_TIME 259647.724486
259647.723907 DISPLAY_TEXT 358 111 1 He
259647.942061 CHEETAH_SIGNAL SENT_AFTER_TIME 259647.941577
259647.940989 DISPLAY_TEXT OFF
259648.258017 CHEETAH_SIGNAL SENT_AFTER_TIME 259648.257527
259648.256947 DISPLAY_TEXT 359 111 2 jumped.
259648.475109 CHEETAH_SIGNAL SENT_AFTER_TIME 259648.474609
259648.474028 DISPLAY_TEXT OFF
259649.491653 CHEETAH_SIGNAL SENT_AFTER_TIME 259649.491168
259649.490593 DISPLAY_TEXT 360 112 1 Who
259649.708744 CHEETAH_SIGNAL SENT_AFTER_TIME 259649.708226
259649.707631 DISPLAY_TEXT OFF
259650.025614 CHEETAH_SIGNAL SENT_AFTER_TIME 259650.025102
259650.024446 DISPLAY_TEXT 361 112 2 appeared?
259650.242752 CHEETAH_SIGNAL SENT_AFTER_TIME 259650.242225
259650.241645 DISPLAY_TEXT OFF
259651.259421 CHEETAH_SIGNAL SENT_AFTER_TIME 259651.258925
259651.258346 DISPLAY_TEXT 362 113 1 What
259651.475696 CHEETAH_SIGNAL SENT_AFTER_TIME 259651.475188
259651.474613 DISPLAY_TEXT OFF
259651.792861 CHEETAH_SIGNAL SENT_AFTER_TIME 259651.792378
259651.791770 DISPLAY_TEXT 363 113 2 will
259652.008772 CHEETAH_SIGNAL SENT_AFTER_TIME 259652.008297
259652.007694 DISPLAY_TEXT OFF
259652.325836 CHEETAH_SIGNAL SENT_AFTER_TIME 259652.325343
259652.324766 DISPLAY_TEXT 364 113 3 the
259652.541803 CHEETAH_SIGNAL SENT_AFTER_TIME 259652.541304
259652.540710 DISPLAY_TEXT OFF
259652.858798 CHEETAH_SIGNAL SENT_AFTER_TIME 259652.858303
259652.857721 DISPLAY_TEXT 365 113 4 boy
259653.075699 CHEETAH_SIGNAL SENT_AFTER_TIME 259653.075224
259653.074625 DISPLAY_TEXT OFF
259653.392909 CHEETAH_SIGNAL SENT_AFTER_TIME 259653.392443
259653.391851 DISPLAY_TEXT 366 113 5 smell?
259653.609026 CHEETAH_SIGNAL SENT_AFTER_TIME 259653.608540
259653.607963 DISPLAY_TEXT OFF
259654.626152 CHEETAH_SIGNAL SENT_AFTER_TIME 259654.625661
259654.625082 DISPLAY_TEXT 367 114 1 She
259654.842800 CHEETAH_SIGNAL SENT_AFTER_TIME 259654.842305
259654.841725 DISPLAY_TEXT OFF
259655.159649 CHEETAH_SIGNAL SENT_AFTER_TIME 259655.159132
259655.158533 DISPLAY_TEXT 368 114 2 saw
259655.375581 CHEETAH_SIGNAL SENT_AFTER_TIME 259655.375092
259655.374511 DISPLAY_TEXT OFF
259655.692818 CHEETAH_SIGNAL SENT_AFTER_TIME 259655.692336
259655.691743 DISPLAY_TEXT 369 114 3 him
259655.909981 CHEETAH_SIGNAL SENT_AFTER_TIME 259655.909496
259655.908906 DISPLAY_TEXT OFF
259656.226100 CHEETAH_SIGNAL SENT_AFTER_TIME 259656.225601
259656.225021 DISPLAY_TEXT 370 114 4 coming.
259656.443257 CHEETAH_SIGNAL SENT_AFTER_TIME 259656.442759
259656.442180 DISPLAY_TEXT OFF
259657.459470 CHEETAH_SIGNAL SENT_AFTER_TIME 259657.458977
259657.458302 DISPLAY_TEXT 371 115 1 She
259657.676743 CHEETAH_SIGNAL SENT_AFTER_TIME 259657.676228
259657.675603 DISPLAY_TEXT OFF
259657.991518 CHEETAH_SIGNAL SENT_AFTER_TIME 259657.991085
259657.990623 DISPLAY_TEXT 372 115 2 discovered
259658.209986 CHEETAH_SIGNAL SENT_AFTER_TIME 259658.209489
259658.208913 DISPLAY_TEXT OFF
259658.526574 CHEETAH_SIGNAL SENT_AFTER_TIME 259658.526083
259658.525508 DISPLAY_TEXT 373 115 3 that
259658.743795 CHEETAH_SIGNAL SENT_AFTER_TIME 259658.743304
259658.742728 DISPLAY_TEXT OFF
259659.059653 CHEETAH_SIGNAL SENT_AFTER_TIME 259659.059135
259659.058557 DISPLAY_TEXT 374 115 4 they
259659.276850 CHEETAH_SIGNAL SENT_AFTER_TIME 259659.276368
259659.275788 DISPLAY_TEXT OFF
259659.592793 CHEETAH_SIGNAL SENT_AFTER_TIME 259659.592296
259659.591721 DISPLAY_TEXT 375 115 5 cough.
259659.810736 CHEETAH_SIGNAL SENT_AFTER_TIME 259659.810224
259659.809627 DISPLAY_TEXT OFF
259660.826582 CHEETAH_SIGNAL SENT_AFTER_TIME 259660.826089
259660.825508 DISPLAY_TEXT 376 116 1 Who
259661.043925 CHEETAH_SIGNAL SENT_AFTER_TIME 259661.043433
259661.042856 DISPLAY_TEXT OFF
259661.359882 CHEETAH_SIGNAL SENT_AFTER_TIME 259661.359396
259661.358819 DISPLAY_TEXT 377 116 2 vanished?
259661.577070 CHEETAH_SIGNAL SENT_AFTER_TIME 259661.576565
259661.575979 DISPLAY_TEXT OFF
259662.593041 CHEETAH_SIGNAL SENT_AFTER_TIME 259662.592543
259662.591985 DISPLAY_TEXT 378 117 1 The
259662.810189 CHEETAH_SIGNAL SENT_AFTER_TIME 259662.809690
259662.809095 DISPLAY_TEXT OFF
259663.127379 CHEETAH_SIGNAL SENT_AFTER_TIME 259663.126888
259663.126319 DISPLAY_TEXT 379 117 2 women
259663.343460 CHEETAH_SIGNAL SENT_AFTER_TIME 259663.342968
259663.342387 DISPLAY_TEXT OFF
259663.660617 CHEETAH_SIGNAL SENT_AFTER_TIME 259663.660107
259663.659528 DISPLAY_TEXT 380 117 3 hug
259663.877886 CHEETAH_SIGNAL SENT_AFTER_TIME 259663.877395
259663.876805 DISPLAY_TEXT OFF
259664.193962 CHEETAH_SIGNAL SENT_AFTER_TIME 259664.193483
259664.192909 DISPLAY_TEXT 381 117 4 the
259664.411221 CHEETAH_SIGNAL SENT_AFTER_TIME 259664.410732
259664.410154 DISPLAY_TEXT OFF
259664.727329 CHEETAH_SIGNAL SENT_AFTER_TIME 259664.726855
259664.726282 DISPLAY_TEXT 382 117 5 friend.
259664.943770 CHEETAH_SIGNAL SENT_AFTER_TIME 259664.943287
259664.942709 DISPLAY_TEXT OFF
259665.960737 CHEETAH_SIGNAL SENT_AFTER_TIME 259665.960250
259665.959668 DISPLAY_TEXT 383 118 1 The
259666.178122 CHEETAH_SIGNAL SENT_AFTER_TIME 259666.177626
259666.177046 DISPLAY_TEXT OFF
259666.494307 CHEETAH_SIGNAL SENT_AFTER_TIME 259666.493801
259666.493116 DISPLAY_TEXT 384 118 2 woman
259666.711349 CHEETAH_SIGNAL SENT_AFTER_TIME 259666.710862
259666.710268 DISPLAY_TEXT OFF
259667.027810 CHEETAH_SIGNAL SENT_AFTER_TIME 259667.027324
259667.026746 DISPLAY_TEXT 385 118 3 was
259667.244829 CHEETAH_SIGNAL SENT_AFTER_TIME 259667.244349
259667.243744 DISPLAY_TEXT OFF
259667.562022 CHEETAH_SIGNAL SENT_AFTER_TIME 259667.561533
259667.560939 DISPLAY_TEXT 386 118 4 pinched.
259667.778040 CHEETAH_SIGNAL SENT_AFTER_TIME 259667.777548
259667.776887 DISPLAY_TEXT OFF
259668.792007 CHEETAH_SIGNAL SENT_AFTER_TIME 259668.791586
259668.791060 DISPLAY_TEXT 387 119 1 She
259669.011698 CHEETAH_SIGNAL SENT_AFTER_TIME 259669.011211
259669.010631 DISPLAY_TEXT OFF
259669.328965 CHEETAH_SIGNAL SENT_AFTER_TIME 259669.328467
259669.327835 DISPLAY_TEXT 388 119 2 was
259669.544745 CHEETAH_SIGNAL SENT_AFTER_TIME 259669.544220
259669.543621 DISPLAY_TEXT OFF
259669.861497 CHEETAH_SIGNAL SENT_AFTER_TIME 259669.861000
259669.860423 DISPLAY_TEXT 389 119 3 kicked.
259670.078757 CHEETAH_SIGNAL SENT_AFTER_TIME 259670.078112
259670.077516 DISPLAY_TEXT OFF
259671.095509 CHEETAH_SIGNAL SENT_AFTER_TIME 259671.095016
259671.094439 DISPLAY_TEXT 390 120 1 They
259671.312749 CHEETAH_SIGNAL SENT_AFTER_TIME 259671.312248
259671.311667 DISPLAY_TEXT OFF
259671.628612 CHEETAH_SIGNAL SENT_AFTER_TIME 259671.628147
259671.627571 DISPLAY_TEXT 391 120 2 caught
259671.845807 CHEETAH_SIGNAL SENT_AFTER_TIME 259671.845308
259671.844725 DISPLAY_TEXT OFF
259672.161736 CHEETAH_SIGNAL SENT_AFTER_TIME 259672.161247
259672.160666 DISPLAY_TEXT 392 120 3 him
259672.378890 CHEETAH_SIGNAL SENT_AFTER_TIME 259672.378391
259672.377814 DISPLAY_TEXT OFF
259672.696198 CHEETAH_SIGNAL SENT_AFTER_TIME 259672.695738
259672.695219 DISPLAY_TEXT 393 120 4 stealing.
259672.912559 CHEETAH_SIGNAL SENT_AFTER_TIME 259672.912049
259672.911377 DISPLAY_TEXT OFF
259673.929742 CHEETAH_SIGNAL SENT_AFTER_TIME 259673.929245
259673.928670 DISPLAY_TEXT 394 121 1 What
259674.146984 CHEETAH_SIGNAL SENT_AFTER_TIME 259674.146454
259674.144831 DISPLAY_TEXT OFF
259674.462333 CHEETAH_SIGNAL SENT_AFTER_TIME 259674.461839
259674.461264 DISPLAY_TEXT 395 121 2 did
259674.679434 CHEETAH_SIGNAL SENT_AFTER_TIME 259674.678935
259674.678355 DISPLAY_TEXT OFF
259674.996617 CHEETAH_SIGNAL SENT_AFTER_TIME 259674.996159
259674.995581 DISPLAY_TEXT 396 121 3 the
259675.212615 CHEETAH_SIGNAL SENT_AFTER_TIME 259675.212141
259675.211526 DISPLAY_TEXT OFF
259675.529650 CHEETAH_SIGNAL SENT_AFTER_TIME 259675.529127
259675.528513 DISPLAY_TEXT 397 121 4 girls
259675.745661 CHEETAH_SIGNAL SENT_AFTER_TIME 259675.745162
259675.744584 DISPLAY_TEXT OFF
259676.062703 CHEETAH_SIGNAL SENT_AFTER_TIME 259676.062193
259676.061619 DISPLAY_TEXT 398 121 5 find?
259676.279995 CHEETAH_SIGNAL SENT_AFTER_TIME 259676.279500
259676.278830 DISPLAY_TEXT OFF
259677.296071 CHEETAH_SIGNAL SENT_AFTER_TIME 259677.295577
259677.294917 DISPLAY_TEXT 399 122 1 The
259677.513261 CHEETAH_SIGNAL SENT_AFTER_TIME 259677.512764
259677.512130 DISPLAY_TEXT OFF
259677.829433 CHEETAH_SIGNAL SENT_AFTER_TIME 259677.828948
259677.828377 DISPLAY_TEXT 400 122 2 girl
259678.046609 CHEETAH_SIGNAL SENT_AFTER_TIME 259678.046160
259678.045572 DISPLAY_TEXT OFF
259678.362698 CHEETAH_SIGNAL SENT_AFTER_TIME 259678.362203
259678.361627 DISPLAY_TEXT 401 122 3 crawls.
259678.579805 CHEETAH_SIGNAL SENT_AFTER_TIME 259678.579309
259678.578736 DISPLAY_TEXT OFF
259679.596235 CHEETAH_SIGNAL SENT_AFTER_TIME 259679.595824
259679.595349 DISPLAY_TEXT 402 123 1 Who
259679.813460 CHEETAH_SIGNAL SENT_AFTER_TIME 259679.812977
259679.812403 DISPLAY_TEXT OFF
259680.130841 CHEETAH_SIGNAL SENT_AFTER_TIME 259680.130349
259680.129772 DISPLAY_TEXT 403 123 2 will
259680.346847 CHEETAH_SIGNAL SENT_AFTER_TIME 259680.346350
259680.345772 DISPLAY_TEXT OFF
259680.663993 CHEETAH_SIGNAL SENT_AFTER_TIME 259680.663507
259680.662900 DISPLAY_TEXT 404 123 3 the
259680.880427 CHEETAH_SIGNAL SENT_AFTER_TIME 259680.879954
259680.879361 DISPLAY_TEXT OFF
259681.197653 CHEETAH_SIGNAL SENT_AFTER_TIME 259681.197128
259681.196551 DISPLAY_TEXT 405 123 4 boys
259681.413602 CHEETAH_SIGNAL SENT_AFTER_TIME 259681.413049
259681.412471 DISPLAY_TEXT OFF
259681.730984 CHEETAH_SIGNAL SENT_AFTER_TIME 259681.730490
259681.729911 DISPLAY_TEXT 406 123 5 kiss?
259681.946942 CHEETAH_SIGNAL SENT_AFTER_TIME 259681.946445
259681.945866 DISPLAY_TEXT OFF
259682.964174 CHEETAH_SIGNAL SENT_AFTER_TIME 259682.963682
259682.963082 DISPLAY_TEXT 407 124 1 Who
259683.180199 CHEETAH_SIGNAL SENT_AFTER_TIME 259683.179707
259683.179129 DISPLAY_TEXT OFF
259683.497361 CHEETAH_SIGNAL SENT_AFTER_TIME 259683.496869
259683.496294 DISPLAY_TEXT 408 124 2 disappeared?
259683.713577 CHEETAH_SIGNAL SENT_AFTER_TIME 259683.713092
259683.712515 DISPLAY_TEXT OFF
259684.730829 CHEETAH_SIGNAL SENT_AFTER_TIME 259684.730337
259684.729758 DISPLAY_TEXT 409 125 1 We
259684.947858 CHEETAH_SIGNAL SENT_AFTER_TIME 259684.947421
259684.946841 DISPLAY_TEXT OFF
259685.264875 CHEETAH_SIGNAL SENT_AFTER_TIME 259685.264377
259685.263797 DISPLAY_TEXT 410 125 2 believed
259685.480941 CHEETAH_SIGNAL SENT_AFTER_TIME 259685.480446
259685.479870 DISPLAY_TEXT OFF
259685.797648 CHEETAH_SIGNAL SENT_AFTER_TIME 259685.797138
259685.796551 DISPLAY_TEXT 411 125 3 that
259686.014841 CHEETAH_SIGNAL SENT_AFTER_TIME 259686.014347
259686.013766 DISPLAY_TEXT OFF
259686.330740 CHEETAH_SIGNAL SENT_AFTER_TIME 259686.330285
259686.329707 DISPLAY_TEXT 412 125 4 he
259686.547745 CHEETAH_SIGNAL SENT_AFTER_TIME 259686.547230
259686.546626 DISPLAY_TEXT OFF
259686.864818 CHEETAH_SIGNAL SENT_AFTER_TIME 259686.864339
259686.863738 DISPLAY_TEXT 413 125 5 cried.
259687.081015 CHEETAH_SIGNAL SENT_AFTER_TIME 259687.080515
259687.079939 DISPLAY_TEXT OFF
259688.098085 CHEETAH_SIGNAL SENT_AFTER_TIME 259688.097599
259688.097009 DISPLAY_TEXT 414 126 1 The
259688.315092 CHEETAH_SIGNAL SENT_AFTER_TIME 259688.314595
259688.314014 DISPLAY_TEXT OFF
259688.631278 CHEETAH_SIGNAL SENT_AFTER_TIME 259688.630773
259688.630098 DISPLAY_TEXT 415 126 2 host
259688.848319 CHEETAH_SIGNAL SENT_AFTER_TIME 259688.847840
259688.847248 DISPLAY_TEXT OFF
259689.164952 CHEETAH_SIGNAL SENT_AFTER_TIME 259689.164460
259689.163882 DISPLAY_TEXT 416 126 3 will
259689.382182 CHEETAH_SIGNAL SENT_AFTER_TIME 259689.381691
259689.381113 DISPLAY_TEXT OFF
259689.698238 CHEETAH_SIGNAL SENT_AFTER_TIME 259689.697747
259689.697114 DISPLAY_TEXT 417 126 4 eat.
259689.915253 CHEETAH_SIGNAL SENT_AFTER_TIME 259689.914771
259689.914192 DISPLAY_TEXT OFF
259690.431697 KEY_PRESS l
259690.719641 KEY_PRESS l
259690.931496 CHEETAH_SIGNAL SENT_AFTER_TIME 259690.931007
259690.930430 DISPLAY_TEXT 418 127 1 The
259691.148611 CHEETAH_SIGNAL SENT_AFTER_TIME 259691.148139
259691.147555 DISPLAY_TEXT OFF
259691.465572 CHEETAH_SIGNAL SENT_AFTER_TIME 259691.465062
259691.464491 DISPLAY_TEXT 419 127 2 woman
259691.681480 CHEETAH_SIGNAL SENT_AFTER_TIME 259691.681001
259691.680427 DISPLAY_TEXT OFF
259691.998634 CHEETAH_SIGNAL SENT_AFTER_TIME 259691.998136
259691.997561 DISPLAY_TEXT 420 127 3 will
259692.215745 CHEETAH_SIGNAL SENT_AFTER_TIME 259692.215229
259692.214568 DISPLAY_TEXT OFF
259692.531684 CHEETAH_SIGNAL SENT_AFTER_TIME 259692.531201
259692.530627 DISPLAY_TEXT 421 127 4 speak.
259692.748740 CHEETAH_SIGNAL SENT_AFTER_TIME 259692.748240
259692.747634 DISPLAY_TEXT OFF
259693.765846 CHEETAH_SIGNAL SENT_AFTER_TIME 259693.765353
259693.764776 DISPLAY_TEXT 422 128 1 Whom
259693.981745 CHEETAH_SIGNAL SENT_AFTER_TIME 259693.981232
259693.980650 DISPLAY_TEXT OFF
259694.299223 CHEETAH_SIGNAL SENT_AFTER_TIME 259694.298749
259694.298175 DISPLAY_TEXT 423 128 2 will
259694.516457 CHEETAH_SIGNAL SENT_AFTER_TIME 259694.515951
259694.515371 DISPLAY_TEXT OFF
259694.832535 CHEETAH_SIGNAL SENT_AFTER_TIME 259694.832024
259694.831449 DISPLAY_TEXT 424 128 3 the
259695.049613 CHEETAH_SIGNAL SENT_AFTER_TIME 259695.049156
259695.048578 DISPLAY_TEXT OFF
259695.365603 CHEETAH_SIGNAL SENT_AFTER_TIME 259695.365108
259695.364535 DISPLAY_TEXT 425 128 4 women
259695.582743 CHEETAH_SIGNAL SENT_AFTER_TIME 259695.582234
259695.581641 DISPLAY_TEXT OFF
259695.899737 CHEETAH_SIGNAL SENT_AFTER_TIME 259695.899246
259695.898662 DISPLAY_TEXT 426 128 5 hug?
259696.115615 CHEETAH_SIGNAL SENT_AFTER_TIME 259696.115155
259696.114577 DISPLAY_TEXT OFF
259697.132747 CHEETAH_SIGNAL SENT_AFTER_TIME 259697.132233
259697.131653 DISPLAY_TEXT 427 129 1 Who
259697.349798 CHEETAH_SIGNAL SENT_AFTER_TIME 259697.349308
259697.348729 DISPLAY_TEXT OFF
259697.666657 CHEETAH_SIGNAL SENT_AFTER_TIME 259697.666174
259697.665599 DISPLAY_TEXT 428 129 2 smiles?
259697.882809 CHEETAH_SIGNAL SENT_AFTER_TIME 259697.882316
259697.881684 DISPLAY_TEXT OFF
259698.899874 CHEETAH_SIGNAL SENT_AFTER_TIME 259698.899378
259698.898797 DISPLAY_TEXT 429 130 1 They
259699.116397 CHEETAH_SIGNAL SENT_AFTER_TIME 259699.115897
259699.115236 DISPLAY_TEXT OFF
259699.433557 CHEETAH_SIGNAL SENT_AFTER_TIME 259699.433038
259699.432359 DISPLAY_TEXT 430 130 2 coughed.
259699.650406 CHEETAH_SIGNAL SENT_AFTER_TIME 259699.649918
259699.649342 DISPLAY_TEXT OFF
259700.666550 CHEETAH_SIGNAL SENT_AFTER_TIME 259700.666056
259700.665446 DISPLAY_TEXT 431 131 1 Who
259700.884230 CHEETAH_SIGNAL SENT_AFTER_TIME 259700.883752
259700.883172 DISPLAY_TEXT OFF
259701.201817 CHEETAH_SIGNAL SENT_AFTER_TIME 259701.201293
259701.200634 DISPLAY_TEXT 432 131 2 cried?
259701.416913 CHEETAH_SIGNAL SENT_AFTER_TIME 259701.416419
259701.415843 DISPLAY_TEXT OFF
259702.434025 CHEETAH_SIGNAL SENT_AFTER_TIME 259702.433538
259702.432960 DISPLAY_TEXT 433 132 1 The
259702.651176 CHEETAH_SIGNAL SENT_AFTER_TIME 259702.650701
259702.650107 DISPLAY_TEXT OFF
259702.967118 CHEETAH_SIGNAL SENT_AFTER_TIME 259702.966627
259702.966050 DISPLAY_TEXT 434 132 2 boys
259703.184259 CHEETAH_SIGNAL SENT_AFTER_TIME 259703.183772
259703.183195 DISPLAY_TEXT OFF
259703.500300 CHEETAH_SIGNAL SENT_AFTER_TIME 259703.499809
259703.499235 DISPLAY_TEXT 435 132 3 kissed
259703.717572 CHEETAH_SIGNAL SENT_AFTER_TIME 259703.717082
259703.716417 DISPLAY_TEXT OFF
259704.033747 CHEETAH_SIGNAL SENT_AFTER_TIME 259704.033236
259704.032663 DISPLAY_TEXT 436 132 4 the
259704.250828 CHEETAH_SIGNAL SENT_AFTER_TIME 259704.250352
259704.249735 DISPLAY_TEXT OFF
259704.568006 CHEETAH_SIGNAL SENT_AFTER_TIME 259704.567511
259704.566932 DISPLAY_TEXT 437 132 5 clowns.
259704.784506 CHEETAH_SIGNAL SENT_AFTER_TIME 259704.784015
259704.783434 DISPLAY_TEXT OFF
259705.801625 CHEETAH_SIGNAL SENT_AFTER_TIME 259705.801119
259705.800525 DISPLAY_TEXT 438 133 1 Who
259706.017504 CHEETAH_SIGNAL SENT_AFTER_TIME 259706.017020
259706.016440 DISPLAY_TEXT OFF
259706.334690 CHEETAH_SIGNAL SENT_AFTER_TIME 259706.334208
259706.333620 DISPLAY_TEXT 439 133 2 found
259706.550695 CHEETAH_SIGNAL SENT_AFTER_TIME 259706.550219
259706.549601 DISPLAY_TEXT OFF
259706.867875 CHEETAH_SIGNAL SENT_AFTER_TIME 259706.867375
259706.866799 DISPLAY_TEXT 440 133 3 the
259707.084941 CHEETAH_SIGNAL SENT_AFTER_TIME 259707.084456
259707.083874 DISPLAY_TEXT OFF
259707.401928 CHEETAH_SIGNAL SENT_AFTER_TIME 259707.401451
259707.400874 DISPLAY_TEXT 441 133 4 bikes?
259707.617977 CHEETAH_SIGNAL SENT_AFTER_TIME 259707.617489
259707.616913 DISPLAY_TEXT OFF
259708.635022 CHEETAH_SIGNAL SENT_AFTER_TIME 259708.634530
259708.633936 DISPLAY_TEXT 442 134 1 Who
259708.849613 CHEETAH_SIGNAL SENT_AFTER_TIME 259708.849211
259708.848702 DISPLAY_TEXT OFF
259709.164964 CHEETAH_SIGNAL SENT_AFTER_TIME 259709.164533
259709.164033 DISPLAY_TEXT 443 134 2 crawled?
259709.385595 CHEETAH_SIGNAL SENT_AFTER_TIME 259709.385050
259709.384474 DISPLAY_TEXT OFF
259710.402262 CHEETAH_SIGNAL SENT_AFTER_TIME 259710.401778
259710.401189 DISPLAY_TEXT 444 135 1 The
259710.618503 CHEETAH_SIGNAL SENT_AFTER_TIME 259710.618015
259710.617426 DISPLAY_TEXT OFF
259710.935762 CHEETAH_SIGNAL SENT_AFTER_TIME 259710.935267
259710.934692 DISPLAY_TEXT 445 135 2 boy
259711.151748 CHEETAH_SIGNAL SENT_AFTER_TIME 259711.151259
259711.150671 DISPLAY_TEXT OFF
259711.468791 CHEETAH_SIGNAL SENT_AFTER_TIME 259711.468305
259711.467729 DISPLAY_TEXT 446 135 3 heard
259711.681139 CHEETAH_SIGNAL SENT_AFTER_TIME 259711.680681
259711.680145 DISPLAY_TEXT OFF
259712.001418 CHEETAH_SIGNAL SENT_AFTER_TIME 259712.000939
259712.000363 DISPLAY_TEXT 447 135 4 the
259712.218756 CHEETAH_SIGNAL SENT_AFTER_TIME 259712.218271
259712.217567 DISPLAY_TEXT OFF
259712.535761 CHEETAH_SIGNAL SENT_AFTER_TIME 259712.535269
259712.534693 DISPLAY_TEXT 448 135 5 men.
259712.751692 CHEETAH_SIGNAL SENT_AFTER_TIME 259712.751192
259712.750603 DISPLAY_TEXT OFF
259713.768858 CHEETAH_SIGNAL SENT_AFTER_TIME 259713.768381
259713.767788 DISPLAY_TEXT 449 136 1 Who
259713.986455 CHEETAH_SIGNAL SENT_AFTER_TIME 259713.985965
259713.985399 DISPLAY_TEXT OFF
259714.301384 CHEETAH_SIGNAL SENT_AFTER_TIME 259714.300950
259714.300485 DISPLAY_TEXT 450 136 2 kissed
259714.519759 CHEETAH_SIGNAL SENT_AFTER_TIME 259714.519278
259714.518701 DISPLAY_TEXT OFF
259714.835832 CHEETAH_SIGNAL SENT_AFTER_TIME 259714.835330
259714.834667 DISPLAY_TEXT 451 136 3 the
259715.052899 CHEETAH_SIGNAL SENT_AFTER_TIME 259715.052408
259715.051723 DISPLAY_TEXT OFF
259715.369096 CHEETAH_SIGNAL SENT_AFTER_TIME 259715.368599
259715.367895 DISPLAY_TEXT 452 136 4 clowns?
259715.586156 CHEETAH_SIGNAL SENT_AFTER_TIME 259715.585665
259715.585074 DISPLAY_TEXT OFF
259716.602657 CHEETAH_SIGNAL SENT_AFTER_TIME 259716.602185
259716.601608 DISPLAY_TEXT 453 137 1 The
259716.819349 CHEETAH_SIGNAL SENT_AFTER_TIME 259716.818855
259716.818276 DISPLAY_TEXT OFF
259717.136468 CHEETAH_SIGNAL SENT_AFTER_TIME 259717.135980
259717.135405 DISPLAY_TEXT 454 137 2 boys
259717.352615 CHEETAH_SIGNAL SENT_AFTER_TIME 259717.352142
259717.351568 DISPLAY_TEXT OFF
259717.669929 CHEETAH_SIGNAL SENT_AFTER_TIME 259717.669438
259717.668863 DISPLAY_TEXT 455 137 3 vanished.
259717.886747 CHEETAH_SIGNAL SENT_AFTER_TIME 259717.886247
259717.885676 DISPLAY_TEXT OFF
259718.902993 CHEETAH_SIGNAL SENT_AFTER_TIME 259718.902516
259718.901924 DISPLAY_TEXT 456 138 1 He
259719.115909 CHEETAH_SIGNAL SENT_AFTER_TIME 259719.115463
259719.114931 DISPLAY_TEXT OFF
259719.437140 CHEETAH_SIGNAL SENT_AFTER_TIME 259719.436646
259719.436068 DISPLAY_TEXT 457 138 2 shaved.
259719.653217 CHEETAH_SIGNAL SENT_AFTER_TIME 259719.652723
259719.652131 DISPLAY_TEXT OFF
259720.669892 CHEETAH_SIGNAL SENT_AFTER_TIME 259720.669405
259720.668834 DISPLAY_TEXT 458 139 1 He
259720.887328 CHEETAH_SIGNAL SENT_AFTER_TIME 259720.886830
259720.886252 DISPLAY_TEXT OFF
259721.203183 CHEETAH_SIGNAL SENT_AFTER_TIME 259721.202694
259721.202116 DISPLAY_TEXT 459 139 2 saw
259721.420368 CHEETAH_SIGNAL SENT_AFTER_TIME 259721.419881
259721.419283 DISPLAY_TEXT OFF
259721.737612 CHEETAH_SIGNAL SENT_AFTER_TIME 259721.737143
259721.736568 DISPLAY_TEXT 460 139 3 her
259721.953850 CHEETAH_SIGNAL SENT_AFTER_TIME 259721.953380
259721.952792 DISPLAY_TEXT OFF
259722.270836 CHEETAH_SIGNAL SENT_AFTER_TIME 259722.270360
259722.269749 DISPLAY_TEXT 461 139 4 winking.
259722.487077 CHEETAH_SIGNAL SENT_AFTER_TIME 259722.486584
259722.486009 DISPLAY_TEXT OFF
259723.503701 CHEETAH_SIGNAL SENT_AFTER_TIME 259723.503190
259723.502618 DISPLAY_TEXT 462 140 1 The
259723.720805 CHEETAH_SIGNAL SENT_AFTER_TIME 259723.720308
259723.719727 DISPLAY_TEXT OFF
259724.036759 CHEETAH_SIGNAL SENT_AFTER_TIME 259724.036268
259724.035693 DISPLAY_TEXT 463 140 2 actors
259724.253892 CHEETAH_SIGNAL SENT_AFTER_TIME 259724.253408
259724.252829 DISPLAY_TEXT OFF
259724.571077 CHEETAH_SIGNAL SENT_AFTER_TIME 259724.570573
259724.569996 DISPLAY_TEXT 464 140 3 were
259724.787130 CHEETAH_SIGNAL SENT_AFTER_TIME 259724.786640
259724.786061 DISPLAY_TEXT OFF
259725.104231 CHEETAH_SIGNAL SENT_AFTER_TIME 259725.103715
259725.103142 DISPLAY_TEXT 465 140 4 scorned.
259725.321405 CHEETAH_SIGNAL SENT_AFTER_TIME 259725.320908
259725.320314 DISPLAY_TEXT OFF
259726.337797 CHEETAH_SIGNAL SENT_AFTER_TIME 259726.337316
259726.336739 DISPLAY_TEXT 466 141 1 Who
259726.554409 CHEETAH_SIGNAL SENT_AFTER_TIME 259726.553922
259726.553345 DISPLAY_TEXT OFF
259726.871882 CHEETAH_SIGNAL SENT_AFTER_TIME 259726.871385
259726.870808 DISPLAY_TEXT 467 141 2 collapsed?
259727.087616 CHEETAH_SIGNAL SENT_AFTER_TIME 259727.087117
259727.086542 DISPLAY_TEXT OFF
259728.104616 CHEETAH_SIGNAL SENT_AFTER_TIME 259728.104157
259728.103580 DISPLAY_TEXT 468 142 1 He
259728.322053 CHEETAH_SIGNAL SENT_AFTER_TIME 259728.321573
259728.320982 DISPLAY_TEXT OFF
259728.638896 CHEETAH_SIGNAL SENT_AFTER_TIME 259728.638403
259728.637826 DISPLAY_TEXT 469 142 2 undressed.
259728.854924 CHEETAH_SIGNAL SENT_AFTER_TIME 259728.854425
259728.853848 DISPLAY_TEXT OFF
259729.872121 CHEETAH_SIGNAL SENT_AFTER_TIME 259729.871625
259729.871051 DISPLAY_TEXT 470 143 1 He
259730.088890 CHEETAH_SIGNAL SENT_AFTER_TIME 259730.088380
259730.087798 DISPLAY_TEXT OFF
259730.404745 CHEETAH_SIGNAL SENT_AFTER_TIME 259730.404237
259730.403661 DISPLAY_TEXT 471 143 2 was
259730.621703 CHEETAH_SIGNAL SENT_AFTER_TIME 259730.621207
259730.620613 DISPLAY_TEXT OFF
259730.939011 CHEETAH_SIGNAL SENT_AFTER_TIME 259730.938536
259730.937936 DISPLAY_TEXT 472 143 3 kissed.
259731.154897 CHEETAH_SIGNAL SENT_AFTER_TIME 259731.154419
259731.153822 DISPLAY_TEXT OFF
259732.171973 CHEETAH_SIGNAL SENT_AFTER_TIME 259732.171476
259732.170896 DISPLAY_TEXT 473 144 1 The
259732.389338 CHEETAH_SIGNAL SENT_AFTER_TIME 259732.388837
259732.388165 DISPLAY_TEXT OFF
259732.705523 CHEETAH_SIGNAL SENT_AFTER_TIME 259732.705038
259732.704464 DISPLAY_TEXT 474 144 2 girls
259732.921653 CHEETAH_SIGNAL SENT_AFTER_TIME 259732.921193
259732.920616 DISPLAY_TEXT OFF
259733.238699 CHEETAH_SIGNAL SENT_AFTER_TIME 259733.238194
259733.237599 DISPLAY_TEXT 475 144 3 arrive.
259733.455895 CHEETAH_SIGNAL SENT_AFTER_TIME 259733.455402
259733.454822 DISPLAY_TEXT OFF
259734.471852 CHEETAH_SIGNAL SENT_AFTER_TIME 259734.471365
259734.470784 DISPLAY_TEXT 476 145 1 He
259734.689008 CHEETAH_SIGNAL SENT_AFTER_TIME 259734.688507
259734.687904 DISPLAY_TEXT OFF
259735.006054 CHEETAH_SIGNAL SENT_AFTER_TIME 259735.005575
259735.004989 DISPLAY_TEXT 477 145 2 smelled
259735.222047 CHEETAH_SIGNAL SENT_AFTER_TIME 259735.221551
259735.220973 DISPLAY_TEXT OFF
259735.539192 CHEETAH_SIGNAL SENT_AFTER_TIME 259735.538704
259735.538127 DISPLAY_TEXT 478 145 3 the
259735.756586 CHEETAH_SIGNAL SENT_AFTER_TIME 259735.756077
259735.755497 DISPLAY_TEXT OFF
259736.072604 CHEETAH_SIGNAL SENT_AFTER_TIME 259736.072105
259736.071525 DISPLAY_TEXT 479 145 4 flowers.
259736.289086 CHEETAH_SIGNAL SENT_AFTER_TIME 259736.288635
259736.288138 DISPLAY_TEXT OFF
259737.306895 CHEETAH_SIGNAL SENT_AFTER_TIME 259737.306401
259737.305824 DISPLAY_TEXT 480 146 1 He
259737.522794 CHEETAH_SIGNAL SENT_AFTER_TIME 259737.522291
259737.521715 DISPLAY_TEXT OFF
259737.839750 CHEETAH_SIGNAL SENT_AFTER_TIME 259737.839221
259737.838642 DISPLAY_TEXT 481 146 2 said
259738.055614 CHEETAH_SIGNAL SENT_AFTER_TIME 259738.055118
259738.054532 DISPLAY_TEXT OFF
259738.373098 CHEETAH_SIGNAL SENT_AFTER_TIME 259738.372617
259738.372024 DISPLAY_TEXT 482 146 3 that
259738.590346 CHEETAH_SIGNAL SENT_AFTER_TIME 259738.589848
259738.589254 DISPLAY_TEXT OFF
259738.906296 CHEETAH_SIGNAL SENT_AFTER_TIME 259738.905810
259738.905233 DISPLAY_TEXT 483 146 4 she
259739.123523 CHEETAH_SIGNAL SENT_AFTER_TIME 259739.123024
259739.122351 DISPLAY_TEXT OFF
259739.439669 CHEETAH_SIGNAL SENT_AFTER_TIME 259739.439192
259739.438618 DISPLAY_TEXT 484 146 5 smiled.
259739.658155 CHEETAH_SIGNAL SENT_AFTER_TIME 259739.657622
259739.655964 DISPLAY_TEXT OFF
259740.673749 CHEETAH_SIGNAL SENT_AFTER_TIME 259740.673256
259740.672598 DISPLAY_TEXT 485 147 1 The
259740.889929 CHEETAH_SIGNAL SENT_AFTER_TIME 259740.889437
259740.888859 DISPLAY_TEXT OFF
259741.207026 CHEETAH_SIGNAL SENT_AFTER_TIME 259741.206550
259741.205957 DISPLAY_TEXT 486 147 2 boys
259741.423412 CHEETAH_SIGNAL SENT_AFTER_TIME 259741.422910
259741.422332 DISPLAY_TEXT OFF
259741.740584 CHEETAH_SIGNAL SENT_AFTER_TIME 259741.740057
259741.739480 DISPLAY_TEXT 487 147 3 tickle
259741.957073 CHEETAH_SIGNAL SENT_AFTER_TIME 259741.956576
259741.955997 DISPLAY_TEXT OFF
259742.274341 CHEETAH_SIGNAL SENT_AFTER_TIME 259742.273858
259742.273272 DISPLAY_TEXT 488 147 4 the
259742.490313 CHEETAH_SIGNAL SENT_AFTER_TIME 259742.489820
259742.489242 DISPLAY_TEXT OFF
259742.806902 CHEETAH_SIGNAL SENT_AFTER_TIME 259742.806405
259742.805828 DISPLAY_TEXT 489 147 5 girl.
259743.023755 CHEETAH_SIGNAL SENT_AFTER_TIME 259743.023267
259743.022697 DISPLAY_TEXT OFF
259744.040979 CHEETAH_SIGNAL SENT_AFTER_TIME 259744.040478
259744.039874 DISPLAY_TEXT 490 148 1 The
259744.257074 CHEETAH_SIGNAL SENT_AFTER_TIME 259744.256581
259744.256002 DISPLAY_TEXT OFF
259744.573613 CHEETAH_SIGNAL SENT_AFTER_TIME 259744.573116
259744.572544 DISPLAY_TEXT 491 148 2 grandpa
259744.790787 CHEETAH_SIGNAL SENT_AFTER_TIME 259744.790285
259744.789706 DISPLAY_TEXT OFF
259745.107447 CHEETAH_SIGNAL SENT_AFTER_TIME 259745.106950
259745.106321 DISPLAY_TEXT 492 148 3 ate
259745.324833 CHEETAH_SIGNAL SENT_AFTER_TIME 259745.324333
259745.323752 DISPLAY_TEXT OFF
259745.636993 CHEETAH_SIGNAL SENT_AFTER_TIME 259745.636603
259745.636182 DISPLAY_TEXT 493 148 4 the
259745.857511 CHEETAH_SIGNAL SENT_AFTER_TIME 259745.857031
259745.856458 DISPLAY_TEXT OFF
259745.887670 KEY_PRESS l
259746.047625 KEY_PRESS l
259746.174449 CHEETAH_SIGNAL SENT_AFTER_TIME 259746.173964
259746.173360 DISPLAY_TEXT 494 148 5 meal.
259746.390575 CHEETAH_SIGNAL SENT_AFTER_TIME 259746.390077
259746.389501 DISPLAY_TEXT OFF
259746.759751 KEY_PRESS l
259746.903754 KEY_PRESS l
259747.408045 CHEETAH_SIGNAL SENT_AFTER_TIME 259747.407560
259747.406847 DISPLAY_TEXT 495 149 1 The
259747.619230 CHEETAH_SIGNAL SENT_AFTER_TIME 259747.618846
259747.618444 DISPLAY_TEXT OFF
259747.935992 CHEETAH_SIGNAL SENT_AFTER_TIME 259747.935620
259747.935136 DISPLAY_TEXT 496 149 2 girl
259748.151952 CHEETAH_SIGNAL SENT_AFTER_TIME 259748.151572
259748.151147 DISPLAY_TEXT OFF
259748.469848 CHEETAH_SIGNAL SENT_AFTER_TIME 259748.469476
259748.468973 DISPLAY_TEXT 497 149 3 cries.
259748.686434 CHEETAH_SIGNAL SENT_AFTER_TIME 259748.686053
259748.685610 DISPLAY_TEXT OFF
259749.702814 CHEETAH_SIGNAL SENT_AFTER_TIME 259749.702390
259749.701904 DISPLAY_TEXT 498 150 1 What
259749.919562 CHEETAH_SIGNAL SENT_AFTER_TIME 259749.919155
259749.918629 DISPLAY_TEXT OFF
259750.242176 CHEETAH_SIGNAL SENT_AFTER_TIME 259750.241705
259750.241138 DISPLAY_TEXT 499 150 2 did
259750.458334 CHEETAH_SIGNAL SENT_AFTER_TIME 259750.457847
259750.457276 DISPLAY_TEXT OFF
259750.775441 CHEETAH_SIGNAL SENT_AFTER_TIME 259750.774949
259750.774389 DISPLAY_TEXT 500 150 3 the
259750.991452 CHEETAH_SIGNAL SENT_AFTER_TIME 259750.990962
259750.990398 DISPLAY_TEXT OFF
259751.308166 CHEETAH_SIGNAL SENT_AFTER_TIME 259751.307711
259751.307233 DISPLAY_TEXT 501 150 4 boy
259751.525229 CHEETAH_SIGNAL SENT_AFTER_TIME 259751.524734
259751.524155 DISPLAY_TEXT OFF
259751.837496 CHEETAH_SIGNAL SENT_AFTER_TIME 259751.837111
259751.836638 DISPLAY_TEXT 502 150 5 smell?
259752.058619 CHEETAH_SIGNAL SENT_AFTER_TIME 259752.058121
259752.057553 DISPLAY_TEXT OFF
259753.076024 CHEETAH_SIGNAL SENT_AFTER_TIME 259753.075544
259753.074971 DISPLAY_TEXT 503 151 1 He
259753.292397 CHEETAH_SIGNAL SENT_AFTER_TIME 259753.291915
259753.291256 DISPLAY_TEXT OFF
259753.604406 CHEETAH_SIGNAL SENT_AFTER_TIME 259753.603960
259753.603469 DISPLAY_TEXT 504 151 2 heard
259753.825838 CHEETAH_SIGNAL SENT_AFTER_TIME 259753.825351
259753.824761 DISPLAY_TEXT OFF
259754.141807 CHEETAH_SIGNAL SENT_AFTER_TIME 259754.141310
259754.140745 DISPLAY_TEXT 505 151 3 her
259754.359056 CHEETAH_SIGNAL SENT_AFTER_TIME 259754.358552
259754.357984 DISPLAY_TEXT OFF
259754.676269 CHEETAH_SIGNAL SENT_AFTER_TIME 259754.675777
259754.675212 DISPLAY_TEXT 506 151 4 play.
259754.888836 CHEETAH_SIGNAL SENT_AFTER_TIME 259754.888392
259754.887876 DISPLAY_TEXT OFF
259755.909411 CHEETAH_SIGNAL SENT_AFTER_TIME 259755.908914
259755.908343 DISPLAY_TEXT 507 152 1 She
259756.126669 CHEETAH_SIGNAL SENT_AFTER_TIME 259756.126180
259756.125613 DISPLAY_TEXT OFF
259756.442698 CHEETAH_SIGNAL SENT_AFTER_TIME 259756.442201
259756.441633 DISPLAY_TEXT 508 152 2 dressed.
259756.659961 CHEETAH_SIGNAL SENT_AFTER_TIME 259756.659462
259756.658879 DISPLAY_TEXT OFF
