259289891086 CHEETAH_SIGNAL SENT_AFTER_TIME 259289.890311
259295330098 CHEETAH_SIGNAL SENT_AFTER_TIME 259295.326896
259295486846 CHEETAH_SIGNAL SENT_AFTER_TIME 259295.486338
259295484899 DISPLAY_INSTRUCTIONS Stimuli/instructions_sentences.png
259374740047 KEY_PRESS space
259374742289 CHEETAH_SIGNAL SENT_AFTER_TIME 259374.741797
259374834666 CHEETAH_SIGNAL SENT_AFTER_TIME 259374.834192
259374829208 DISPLAY_INSTRUCTIONS OFF
259374893514 CHEETAH_SIGNAL SENT_AFTER_TIME 259374.893041
259374926020 CHEETAH_SIGNAL SENT_AFTER_TIME 259374.925655
259375060058 CHEETAH_SIGNAL SENT_AFTER_TIME 259375.059599
259375058840 DISPLAY_FIXATION
 259374735487 KEY_PRESS space
259374863498 KEY_PRESS space
259380265750 CHEETAH_SIGNAL SENT_AFTER_TIME 259380.265212
259380264437 DISPLAY_TEXT 1 1 1 He
259380480366 CHEETAH_SIGNAL SENT_AFTER_TIME 259380.479886
259380479137 DISPLAY_TEXT OFF
259380794683 CHEETAH_SIGNAL SENT_AFTER_TIME 259380.794193
259380793177 DISPLAY_TEXT 2 1 2 smiles.
259381017618 CHEETAH_SIGNAL SENT_AFTER_TIME 259381.017137
259381016395 DISPLAY_TEXT OFF
259382049278 CHEETAH_SIGNAL SENT_AFTER_TIME 259382.048776
259382047783 DISPLAY_TEXT 3 2 1 Who
259382263229 CHEETAH_SIGNAL SENT_AFTER_TIME 259382.262792
259382262121 DISPLAY_TEXT OFF
259382582401 CHEETAH_SIGNAL SENT_AFTER_TIME 259382.581897
259382581216 DISPLAY_TEXT 4 2 2 hugs
259382795754 CHEETAH_SIGNAL SENT_AFTER_TIME 259382.795245
259382794515 DISPLAY_TEXT OFF
259383115186 CHEETAH_SIGNAL SENT_AFTER_TIME 259383.114678
259383113548 DISPLAY_TEXT 5 2 3 the
259383333736 CHEETAH_SIGNAL SENT_AFTER_TIME 259383.333230
259383332134 DISPLAY_TEXT OFF
259383650036 CHEETAH_SIGNAL SENT_AFTER_TIME 259383.649517
259383648867 DISPLAY_TEXT 6 2 4 friend?
259383866149 CHEETAH_SIGNAL SENT_AFTER_TIME 259383.865641
259383864994 DISPLAY_TEXT OFF
259384882742 CHEETAH_SIGNAL SENT_AFTER_TIME 259384.882210
259384881413 DISPLAY_TEXT 7 3 1 They
259385099454 CHEETAH_SIGNAL SENT_AFTER_TIME 259385.098979
259385098447 DISPLAY_TEXT OFF
259385415929 CHEETAH_SIGNAL SENT_AFTER_TIME 259385.415390
259385414771 DISPLAY_TEXT 8 3 2 ate
259385632290 CHEETAH_SIGNAL SENT_AFTER_TIME 259385.631748
259385631138 DISPLAY_TEXT OFF
259385949570 CHEETAH_SIGNAL SENT_AFTER_TIME 259385.949018
259385948414 DISPLAY_TEXT 9 3 3 the
259386165748 CHEETAH_SIGNAL SENT_AFTER_TIME 259386.165219
259386164609 DISPLAY_TEXT OFF
259386483259 CHEETAH_SIGNAL SENT_AFTER_TIME 259386.482749
259386482137 DISPLAY_TEXT 10 3 4 grapes
259386699714 CHEETAH_SIGNAL SENT_AFTER_TIME 259386.699216
259386698613 DISPLAY_TEXT OFF
259387015901 CHEETAH_SIGNAL SENT_AFTER_TIME 259387.015373
259387014766 DISPLAY_TEXT 11 3 5 together.
259387071535 KEY_PRESS l
259387215497 KEY_PRESS l
259387233474 CHEETAH_SIGNAL SENT_AFTER_TIME 259387.232966
259387232345 DISPLAY_TEXT OFF
259388249613 CHEETAH_SIGNAL SENT_AFTER_TIME 259388.249086
259388248482 DISPLAY_TEXT 12 4 1 He
259388465557 CHEETAH_SIGNAL SENT_AFTER_TIME 259388.465017
259388464409 DISPLAY_TEXT OFF
259388782822 CHEETAH_SIGNAL SENT_AFTER_TIME 259388.782307
259388781695 DISPLAY_TEXT 13 4 2 showered.
259389000188 CHEETAH_SIGNAL SENT_AFTER_TIME 259388.999678
259388999073 DISPLAY_TEXT OFF
259390016256 CHEETAH_SIGNAL SENT_AFTER_TIME 259390.015744
259390015138 DISPLAY_TEXT 14 5 1 We
259390233807 CHEETAH_SIGNAL SENT_AFTER_TIME 259390.233297
259390232688 DISPLAY_TEXT OFF
259390549809 CHEETAH_SIGNAL SENT_AFTER_TIME 259390.549315
259390548684 DISPLAY_TEXT 15 5 2 guessed
259390765831 CHEETAH_SIGNAL SENT_AFTER_TIME 259390.765315
259390764709 DISPLAY_TEXT OFF
259391082896 CHEETAH_SIGNAL SENT_AFTER_TIME 259391.082374
259391081756 DISPLAY_TEXT 16 5 3 that
259391300277 CHEETAH_SIGNAL SENT_AFTER_TIME 259391.299782
259391299173 DISPLAY_TEXT OFF
259391615791 CHEETAH_SIGNAL SENT_AFTER_TIME 259391.615297
259391614767 DISPLAY_TEXT 17 5 4 they
259391833251 CHEETAH_SIGNAL SENT_AFTER_TIME 259391.832727
259391832064 DISPLAY_TEXT OFF
259392150175 CHEETAH_SIGNAL SENT_AFTER_TIME 259392.149644
259392148956 DISPLAY_TEXT 18 5 5 wink.
259392367380 CHEETAH_SIGNAL SENT_AFTER_TIME 259392.366870
259392366262 DISPLAY_TEXT OFF
259393383518 CHEETAH_SIGNAL SENT_AFTER_TIME 259393.383010
259393382390 DISPLAY_TEXT 19 6 1 Whom
259393600623 CHEETAH_SIGNAL SENT_AFTER_TIME 259393.600079
259393599455 DISPLAY_TEXT OFF
259393916472 CHEETAH_SIGNAL SENT_AFTER_TIME 259393.915964
259393915365 DISPLAY_TEXT 20 6 2 did
259394133822 CHEETAH_SIGNAL SENT_AFTER_TIME 259394.133309
259394132700 DISPLAY_TEXT OFF
259394450617 CHEETAH_SIGNAL SENT_AFTER_TIME 259394.450132
259394449526 DISPLAY_TEXT 21 6 3 the
259394666612 CHEETAH_SIGNAL SENT_AFTER_TIME 259394.666138
259394665508 DISPLAY_TEXT OFF
259394983800 CHEETAH_SIGNAL SENT_AFTER_TIME 259394.983298
259394982669 DISPLAY_TEXT 22 6 4 boy
259395200044 CHEETAH_SIGNAL SENT_AFTER_TIME 259395.199533
259395198911 DISPLAY_TEXT OFF
259395517037 CHEETAH_SIGNAL SENT_AFTER_TIME 259395.516523
259395515918 DISPLAY_TEXT 23 6 5 hear?
259395734273 CHEETAH_SIGNAL SENT_AFTER_TIME 259395.733764
259395733155 DISPLAY_TEXT OFF
259396750337 CHEETAH_SIGNAL SENT_AFTER_TIME 259396.749824
259396749140 DISPLAY_TEXT 24 7 1 He
259396967187 CHEETAH_SIGNAL SENT_AFTER_TIME 259396.966676
259396966068 DISPLAY_TEXT OFF
259397284559 CHEETAH_SIGNAL SENT_AFTER_TIME 259397.284030
259397283431 DISPLAY_TEXT 25 7 2 arrived.
259397500789 CHEETAH_SIGNAL SENT_AFTER_TIME 259397.500280
259397499667 DISPLAY_TEXT OFF
259398517963 CHEETAH_SIGNAL SENT_AFTER_TIME 259398.517443
259398516833 DISPLAY_TEXT 26 8 1 He
259398734037 CHEETAH_SIGNAL SENT_AFTER_TIME 259398.733529
259398732906 DISPLAY_TEXT OFF
259399051249 CHEETAH_SIGNAL SENT_AFTER_TIME 259399.050756
259399050150 DISPLAY_TEXT 27 8 2 will
259399268125 CHEETAH_SIGNAL SENT_AFTER_TIME 259399.267617
259399267004 DISPLAY_TEXT OFF
259399580511 CHEETAH_SIGNAL SENT_AFTER_TIME 259399.580116
259399579671 DISPLAY_TEXT 28 8 3 sneeze.
259399801306 CHEETAH_SIGNAL SENT_AFTER_TIME 259399.800778
259399800152 DISPLAY_TEXT OFF
259400813702 CHEETAH_SIGNAL SENT_AFTER_TIME 259400.813290
259400812841 DISPLAY_TEXT 29 9 1 They
259401029932 CHEETAH_SIGNAL SENT_AFTER_TIME 259401.029521
259401029101 DISPLAY_TEXT OFF
259401351757 CHEETAH_SIGNAL SENT_AFTER_TIME 259401.351245
259401350640 DISPLAY_TEXT 30 9 2 will
259401567947 CHEETAH_SIGNAL SENT_AFTER_TIME 259401.567435
259401566755 DISPLAY_TEXT OFF
259401885082 CHEETAH_SIGNAL SENT_AFTER_TIME 259401.884580
259401883973 DISPLAY_TEXT 31 9 3 drink.
259402101647 CHEETAH_SIGNAL SENT_AFTER_TIME 259402.101113
259402100488 DISPLAY_TEXT OFF
259402351617 KEY_PRESS l
259402503503 KEY_PRESS l
259403115344 CHEETAH_SIGNAL SENT_AFTER_TIME 259403.114877
259403114348 DISPLAY_TEXT 32 10 1 They
259403335060 CHEETAH_SIGNAL SENT_AFTER_TIME 259403.334551
259403333941 DISPLAY_TEXT OFF
259403652232 CHEETAH_SIGNAL SENT_AFTER_TIME 259403.651715
259403651101 DISPLAY_TEXT 33 10 2 wink.
259403868375 CHEETAH_SIGNAL SENT_AFTER_TIME 259403.867853
259403867195 DISPLAY_TEXT OFF
259404885569 CHEETAH_SIGNAL SENT_AFTER_TIME 259404.885031
259404884415 DISPLAY_TEXT 34 11 1 He
259405101846 CHEETAH_SIGNAL SENT_AFTER_TIME 259405.101334
259405100720 DISPLAY_TEXT OFF
259405419152 CHEETAH_SIGNAL SENT_AFTER_TIME 259405.418639
259405417982 DISPLAY_TEXT 35 11 2 will
259405636250 CHEETAH_SIGNAL SENT_AFTER_TIME 259405.635701
259405634078 DISPLAY_TEXT OFF
259405952336 CHEETAH_SIGNAL SENT_AFTER_TIME 259405.951825
259405951222 DISPLAY_TEXT 36 11 3 drive.
259406169698 CHEETAH_SIGNAL SENT_AFTER_TIME 259406.169156
259406168540 DISPLAY_TEXT OFF
259407185818 CHEETAH_SIGNAL SENT_AFTER_TIME 259407.185308
259407184694 DISPLAY_TEXT 37 12 1 Who
259407401927 CHEETAH_SIGNAL SENT_AFTER_TIME 259407.401401
259407400789 DISPLAY_TEXT OFF
259407719270 CHEETAH_SIGNAL SENT_AFTER_TIME 259407.718762
259407718140 DISPLAY_TEXT 38 12 2 jumped?
259407935668 CHEETAH_SIGNAL SENT_AFTER_TIME 259407.935222
259407934733 DISPLAY_TEXT OFF
259408952779 CHEETAH_SIGNAL SENT_AFTER_TIME 259408.952316
259408951780 DISPLAY_TEXT 39 13 1 She
259409168972 CHEETAH_SIGNAL SENT_AFTER_TIME 259409.168441
259409167811 DISPLAY_TEXT OFF
259409486283 CHEETAH_SIGNAL SENT_AFTER_TIME 259409.485777
259409485168 DISPLAY_TEXT 40 13 2 sliced
259409703505 CHEETAH_SIGNAL SENT_AFTER_TIME 259409.702991
259409702363 DISPLAY_TEXT OFF
259410019549 CHEETAH_SIGNAL SENT_AFTER_TIME 259410.019033
259410018410 DISPLAY_TEXT 41 13 3 the
259410237009 CHEETAH_SIGNAL SENT_AFTER_TIME 259410.236498
259410235889 DISPLAY_TEXT OFF
259410319491 KEY_PRESS l
259410503583 KEY_PRESS l
259410553344 CHEETAH_SIGNAL SENT_AFTER_TIME 259410.552826
259410552218 DISPLAY_TEXT 42 13 4 mushrooms.
259410769332 CHEETAH_SIGNAL SENT_AFTER_TIME 259410.768827
259410768215 DISPLAY_TEXT OFF
259411175668 KEY_PRESS l
259411343630 KEY_PRESS l
259411787748 CHEETAH_SIGNAL SENT_AFTER_TIME 259411.787211
259411786603 DISPLAY_TEXT 43 14 1 The
259412004002 CHEETAH_SIGNAL SENT_AFTER_TIME 259412.003490
259412002877 DISPLAY_TEXT OFF
259412320085 CHEETAH_SIGNAL SENT_AFTER_TIME 259412.319576
259412318967 DISPLAY_TEXT 44 14 2 boy
259412536269 CHEETAH_SIGNAL SENT_AFTER_TIME 259412.535761
259412535150 DISPLAY_TEXT OFF
259412853395 CHEETAH_SIGNAL SENT_AFTER_TIME 259412.852920
259412852309 DISPLAY_TEXT 45 14 3 remains.
259413064412 CHEETAH_SIGNAL SENT_AFTER_TIME 259413.064001
259413063565 DISPLAY_TEXT OFF
259414087298 CHEETAH_SIGNAL SENT_AFTER_TIME 259414.086786
259414086095 DISPLAY_TEXT 46 15 1 He
259414303359 CHEETAH_SIGNAL SENT_AFTER_TIME 259414.302848
259414302239 DISPLAY_TEXT OFF
259414621037 CHEETAH_SIGNAL SENT_AFTER_TIME 259414.620518
259414619516 DISPLAY_TEXT 47 15 2 remains.
259414836615 CHEETAH_SIGNAL SENT_AFTER_TIME 259414.836126
259414835512 DISPLAY_TEXT OFF
259415853847 CHEETAH_SIGNAL SENT_AFTER_TIME 259415.853341
259415852734 DISPLAY_TEXT 48 16 1 What
259416071144 CHEETAH_SIGNAL SENT_AFTER_TIME 259416.070634
259416070019 DISPLAY_TEXT OFF
259416387302 CHEETAH_SIGNAL SENT_AFTER_TIME 259416.386782
259416386115 DISPLAY_TEXT 49 16 2 will
259416604576 CHEETAH_SIGNAL SENT_AFTER_TIME 259416.604034
259416603416 DISPLAY_TEXT OFF
259416920578 CHEETAH_SIGNAL SENT_AFTER_TIME 259416.920063
259416919451 DISPLAY_TEXT 50 16 3 the
259417137970 CHEETAH_SIGNAL SENT_AFTER_TIME 259417.137461
259417136852 DISPLAY_TEXT OFF
259417453886 CHEETAH_SIGNAL SENT_AFTER_TIME 259417.453375
259417452708 DISPLAY_TEXT 51 16 4 girls
259417671346 CHEETAH_SIGNAL SENT_AFTER_TIME 259417.670832
259417670217 DISPLAY_TEXT OFF
259417982818 CHEETAH_SIGNAL SENT_AFTER_TIME 259417.982351
259417981808 DISPLAY_TEXT 52 16 5 find?
259418204406 CHEETAH_SIGNAL SENT_AFTER_TIME 259418.203888
259418203242 DISPLAY_TEXT OFF
259419221740 CHEETAH_SIGNAL SENT_AFTER_TIME 259419.221234
259419220627 DISPLAY_TEXT 53 17 1 He
259419437745 CHEETAH_SIGNAL SENT_AFTER_TIME 259419.437188
259419436558 DISPLAY_TEXT OFF
259419754662 CHEETAH_SIGNAL SENT_AFTER_TIME 259419.754168
259419753560 DISPLAY_TEXT 54 17 2 was
259419970766 CHEETAH_SIGNAL SENT_AFTER_TIME 259419.970238
259419969629 DISPLAY_TEXT OFF
259420287969 CHEETAH_SIGNAL SENT_AFTER_TIME 259420.287443
259420286835 DISPLAY_TEXT 55 17 3 hugged.
259420504919 CHEETAH_SIGNAL SENT_AFTER_TIME 259420.504412
259420503796 DISPLAY_TEXT OFF
259421520973 CHEETAH_SIGNAL SENT_AFTER_TIME 259421.520458
259421519854 DISPLAY_TEXT 56 18 1 The
259421738221 CHEETAH_SIGNAL SENT_AFTER_TIME 259421.737700
259421737093 DISPLAY_TEXT OFF
259422050924 CHEETAH_SIGNAL SENT_AFTER_TIME 259422.050450
259422049899 DISPLAY_TEXT 57 18 2 chef
259422271632 CHEETAH_SIGNAL SENT_AFTER_TIME 259422.271097
259422270489 DISPLAY_TEXT OFF
259422588909 CHEETAH_SIGNAL SENT_AFTER_TIME 259422.588405
259422587757 DISPLAY_TEXT 58 18 3 served
259422655537 KEY_PRESS l
259422783533 KEY_PRESS l
259422805014 CHEETAH_SIGNAL SENT_AFTER_TIME 259422.804493
259422803762 DISPLAY_TEXT OFF
259423122229 CHEETAH_SIGNAL SENT_AFTER_TIME 259423.121752
259423121136 DISPLAY_TEXT 59 18 4 the
259423338625 CHEETAH_SIGNAL SENT_AFTER_TIME 259423.338128
259423337459 DISPLAY_TEXT OFF
259423654558 CHEETAH_SIGNAL SENT_AFTER_TIME 259423.654017
259423653335 DISPLAY_TEXT 60 18 5 cake.
259423871712 CHEETAH_SIGNAL SENT_AFTER_TIME 259423.871182
259423870559 DISPLAY_TEXT OFF
259424103634 KEY_PRESS l
259424247627 KEY_PRESS l
259424889285 CHEETAH_SIGNAL SENT_AFTER_TIME 259424.888779
259424888174 DISPLAY_TEXT 61 19 1 Who
259425105411 CHEETAH_SIGNAL SENT_AFTER_TIME 259425.104887
259425104281 DISPLAY_TEXT OFF
259425422625 CHEETAH_SIGNAL SENT_AFTER_TIME 259425.422129
259425421522 DISPLAY_TEXT 62 19 2 laughs?
259425638578 CHEETAH_SIGNAL SENT_AFTER_TIME 259425.638066
259425637457 DISPLAY_TEXT OFF
259426655689 CHEETAH_SIGNAL SENT_AFTER_TIME 259426.655168
259426654558 DISPLAY_TEXT 63 20 1 She
259426872949 CHEETAH_SIGNAL SENT_AFTER_TIME 259426.872425
259426871769 DISPLAY_TEXT OFF
259427189168 CHEETAH_SIGNAL SENT_AFTER_TIME 259427.188654
259427187922 DISPLAY_TEXT 64 20 2 sneezed.
259427406433 CHEETAH_SIGNAL SENT_AFTER_TIME 259427.405931
259427405322 DISPLAY_TEXT OFF
259428422569 CHEETAH_SIGNAL SENT_AFTER_TIME 259428.422016
259428421413 DISPLAY_TEXT 65 21 1 Who
259428638611 CHEETAH_SIGNAL SENT_AFTER_TIME 259428.638077
259428637469 DISPLAY_TEXT OFF
259428955824 CHEETAH_SIGNAL SENT_AFTER_TIME 259428.955314
259428954709 DISPLAY_TEXT 66 21 2 winks?
259429172892 CHEETAH_SIGNAL SENT_AFTER_TIME 259429.172381
259429171773 DISPLAY_TEXT OFF
259430190281 CHEETAH_SIGNAL SENT_AFTER_TIME 259430.189773
259430189173 DISPLAY_TEXT 67 22 1 They
259430406508 CHEETAH_SIGNAL SENT_AFTER_TIME 259430.406003
259430405389 DISPLAY_TEXT OFF
259430722493 CHEETAH_SIGNAL SENT_AFTER_TIME 259430.721996
259430721390 DISPLAY_TEXT 68 22 2 vanished.
259430939747 CHEETAH_SIGNAL SENT_AFTER_TIME 259430.939242
259430938613 DISPLAY_TEXT OFF
259431955953 CHEETAH_SIGNAL SENT_AFTER_TIME 259431.955455
259431954840 DISPLAY_TEXT 69 23 1 They
259432173388 CHEETAH_SIGNAL SENT_AFTER_TIME 259432.172881
259432172227 DISPLAY_TEXT OFF
259432489506 CHEETAH_SIGNAL SENT_AFTER_TIME 259432.489004
259432488394 DISPLAY_TEXT 70 23 2 saw
259432707126 CHEETAH_SIGNAL SENT_AFTER_TIME 259432.706627
259432706013 DISPLAY_TEXT OFF
259433023490 CHEETAH_SIGNAL SENT_AFTER_TIME 259433.022977
259433022303 DISPLAY_TEXT 71 23 3 him
259433239744 CHEETAH_SIGNAL SENT_AFTER_TIME 259433.239241
259433238610 DISPLAY_TEXT OFF
259433557071 CHEETAH_SIGNAL SENT_AFTER_TIME 259433.556562
259433555895 DISPLAY_TEXT 72 23 4 dance.
259433773181 CHEETAH_SIGNAL SENT_AFTER_TIME 259433.772679
259433772044 DISPLAY_TEXT OFF
259434789782 CHEETAH_SIGNAL SENT_AFTER_TIME 259434.789273
259434788589 DISPLAY_TEXT 73 24 1 The
259435007163 CHEETAH_SIGNAL SENT_AFTER_TIME 259435.006660
259435006052 DISPLAY_TEXT OFF
259435323560 CHEETAH_SIGNAL SENT_AFTER_TIME 259435.323035
259435322330 DISPLAY_TEXT 74 24 2 sandwich
259435541105 CHEETAH_SIGNAL SENT_AFTER_TIME 259435.540607
259435540003 DISPLAY_TEXT OFF
259435831592 KEY_PRESS l
259435851298 CHEETAH_SIGNAL SENT_AFTER_TIME 259435.850890
259435850474 DISPLAY_TEXT 75 24 3 is
259435983592 KEY_PRESS l
259436073495 CHEETAH_SIGNAL SENT_AFTER_TIME 259436.072997
259436072365 DISPLAY_TEXT OFF
259436390806 CHEETAH_SIGNAL SENT_AFTER_TIME 259436.390302
259436389696 DISPLAY_TEXT 76 24 4 healthy.
259436606805 CHEETAH_SIGNAL SENT_AFTER_TIME 259436.606309
259436605680 DISPLAY_TEXT OFF
259437624028 CHEETAH_SIGNAL SENT_AFTER_TIME 259437.623530
259437622855 DISPLAY_TEXT 77 25 1 They
259437840331 CHEETAH_SIGNAL SENT_AFTER_TIME 259437.839831
259437839212 DISPLAY_TEXT OFF
259438157574 CHEETAH_SIGNAL SENT_AFTER_TIME 259438.157051
259438156454 DISPLAY_TEXT 78 25 2 hug
259438368898 CHEETAH_SIGNAL SENT_AFTER_TIME 259438.368498
259438368097 DISPLAY_TEXT OFF
259438685757 CHEETAH_SIGNAL SENT_AFTER_TIME 259438.685329
259438684888 DISPLAY_TEXT 79 25 3 the
259438902302 CHEETAH_SIGNAL SENT_AFTER_TIME 259438.901875
259438901438 DISPLAY_TEXT OFF
259439224995 CHEETAH_SIGNAL SENT_AFTER_TIME 259439.224498
259439223824 DISPLAY_TEXT 80 25 4 friend.
259439440994 CHEETAH_SIGNAL SENT_AFTER_TIME 259439.440490
259439439892 DISPLAY_TEXT OFF
259440458937 CHEETAH_SIGNAL SENT_AFTER_TIME 259440.458427
259440457824 DISPLAY_TEXT 81 26 1 Whom
259440674148 CHEETAH_SIGNAL SENT_AFTER_TIME 259440.673652
259440672995 DISPLAY_TEXT OFF
259440991392 CHEETAH_SIGNAL SENT_AFTER_TIME 259440.990893
259440990241 DISPLAY_TEXT 82 26 2 will
259441207573 CHEETAH_SIGNAL SENT_AFTER_TIME 259441.207076
259441206450 DISPLAY_TEXT OFF
259441524579 CHEETAH_SIGNAL SENT_AFTER_TIME 259441.524087
259441523484 DISPLAY_TEXT 83 26 3 the
259441741972 CHEETAH_SIGNAL SENT_AFTER_TIME 259441.741471
259441740869 DISPLAY_TEXT OFF
259442057959 CHEETAH_SIGNAL SENT_AFTER_TIME 259442.057461
259442056767 DISPLAY_TEXT 84 26 4 boy
259442275348 CHEETAH_SIGNAL SENT_AFTER_TIME 259442.274847
259442274246 DISPLAY_TEXT OFF
259442591391 CHEETAH_SIGNAL SENT_AFTER_TIME 259442.590903
259442590304 DISPLAY_TEXT 85 26 5 tickle?
259442808670 CHEETAH_SIGNAL SENT_AFTER_TIME 259442.808171
259442807570 DISPLAY_TEXT OFF
259443824729 CHEETAH_SIGNAL SENT_AFTER_TIME 259443.824223
259443823670 DISPLAY_TEXT 86 27 1 Who
259444041989 CHEETAH_SIGNAL SENT_AFTER_TIME 259444.041488
259444040888 DISPLAY_TEXT OFF
259444359214 CHEETAH_SIGNAL SENT_AFTER_TIME 259444.358715
259444358111 DISPLAY_TEXT 87 27 2 did
259444575432 CHEETAH_SIGNAL SENT_AFTER_TIME 259444.574934
259444574325 DISPLAY_TEXT OFF
259444891479 CHEETAH_SIGNAL SENT_AFTER_TIME 259444.890982
259444890381 DISPLAY_TEXT 88 27 3 the
259445108880 CHEETAH_SIGNAL SENT_AFTER_TIME 259445.108368
259445107755 DISPLAY_TEXT OFF
259445424755 CHEETAH_SIGNAL SENT_AFTER_TIME 259445.424255
259445423640 DISPLAY_TEXT 89 27 4 boys
259445642040 CHEETAH_SIGNAL SENT_AFTER_TIME 259445.641551
259445640867 DISPLAY_TEXT OFF
259445959087 CHEETAH_SIGNAL SENT_AFTER_TIME 259445.958580
259445957979 DISPLAY_TEXT 90 27 5 kiss?
259446175165 CHEETAH_SIGNAL SENT_AFTER_TIME 259446.174665
259446174060 DISPLAY_TEXT OFF
259447191639 CHEETAH_SIGNAL SENT_AFTER_TIME 259447.191195
259447190666 DISPLAY_TEXT 91 28 1 The
259447409036 CHEETAH_SIGNAL SENT_AFTER_TIME 259447.408549
259447407938 DISPLAY_TEXT OFF
259447726361 CHEETAH_SIGNAL SENT_AFTER_TIME 259447.725882
259447725291 DISPLAY_TEXT 92 28 2 host
259447942513 CHEETAH_SIGNAL SENT_AFTER_TIME 259447.942057
259447941434 DISPLAY_TEXT OFF
259448259859 CHEETAH_SIGNAL SENT_AFTER_TIME 259448.259367
259448258767 DISPLAY_TEXT 93 28 3 was
259448475879 CHEETAH_SIGNAL SENT_AFTER_TIME 259448.475379
259448474776 DISPLAY_TEXT OFF
259448792891 CHEETAH_SIGNAL SENT_AFTER_TIME 259448.792396
259448791797 DISPLAY_TEXT 94 28 4 warned.
259449008947 CHEETAH_SIGNAL SENT_AFTER_TIME 259449.008444
259449007841 DISPLAY_TEXT OFF
259450026148 CHEETAH_SIGNAL SENT_AFTER_TIME 259450.025662
259450025062 DISPLAY_TEXT 95 29 1 He
259450242424 CHEETAH_SIGNAL SENT_AFTER_TIME 259450.241926
259450241322 DISPLAY_TEXT OFF
259450559509 CHEETAH_SIGNAL SENT_AFTER_TIME 259450.559012
259450558368 DISPLAY_TEXT 96 29 2 bloomed.
259450776560 CHEETAH_SIGNAL SENT_AFTER_TIME 259450.776029
259450775427 DISPLAY_TEXT OFF
259451792804 CHEETAH_SIGNAL SENT_AFTER_TIME 259451.792302
259451791619 DISPLAY_TEXT 97 30 1 Whom
259452010047 CHEETAH_SIGNAL SENT_AFTER_TIME 259452.009543
259452008947 DISPLAY_TEXT OFF
259452326244 CHEETAH_SIGNAL SENT_AFTER_TIME 259452.325743
259452325090 DISPLAY_TEXT 98 30 2 will
259452543552 CHEETAH_SIGNAL SENT_AFTER_TIME 259452.543032
259452542315 DISPLAY_TEXT OFF
259452860614 CHEETAH_SIGNAL SENT_AFTER_TIME 259452.860129
259452859524 DISPLAY_TEXT 99 30 3 the
259453076830 CHEETAH_SIGNAL SENT_AFTER_TIME 259453.076320
259453075720 DISPLAY_TEXT OFF
259453392877 CHEETAH_SIGNAL SENT_AFTER_TIME 259453.392379
259453391773 DISPLAY_TEXT 100 30 4 boy
259453610186 CHEETAH_SIGNAL SENT_AFTER_TIME 259453.609674
259453609074 DISPLAY_TEXT OFF
259453927414 CHEETAH_SIGNAL SENT_AFTER_TIME 259453.926917
259453926322 DISPLAY_TEXT 101 30 5 hear?
259454143383 CHEETAH_SIGNAL SENT_AFTER_TIME 259454.142887
259454142292 DISPLAY_TEXT OFF
259455160502 CHEETAH_SIGNAL SENT_AFTER_TIME 259455.160000
259455159371 DISPLAY_TEXT 102 31 1 She
259455376765 CHEETAH_SIGNAL SENT_AFTER_TIME 259455.376266
259455375667 DISPLAY_TEXT OFF
259455693735 CHEETAH_SIGNAL SENT_AFTER_TIME 259455.693238
259455692642 DISPLAY_TEXT 103 31 2 washed.
259455911095 CHEETAH_SIGNAL SENT_AFTER_TIME 259455.910596
259455909995 DISPLAY_TEXT OFF
259456927070 CHEETAH_SIGNAL SENT_AFTER_TIME 259456.926571
259456925970 DISPLAY_TEXT 104 32 1 The
259457144470 CHEETAH_SIGNAL SENT_AFTER_TIME 259457.143973
259457143374 DISPLAY_TEXT OFF
259457460756 CHEETAH_SIGNAL SENT_AFTER_TIME 259457.460230
259457459636 DISPLAY_TEXT 105 32 2 girls
259457678236 CHEETAH_SIGNAL SENT_AFTER_TIME 259457.677741
259457677137 DISPLAY_TEXT OFF
259457994261 CHEETAH_SIGNAL SENT_AFTER_TIME 259457.993759
259457993157 DISPLAY_TEXT 106 32 3 appear.
259458210395 CHEETAH_SIGNAL SENT_AFTER_TIME 259458.209896
259458209244 DISPLAY_TEXT OFF
259459227477 CHEETAH_SIGNAL SENT_AFTER_TIME 259459.226978
259459226379 DISPLAY_TEXT 107 33 1 Who
259459445035 CHEETAH_SIGNAL SENT_AFTER_TIME 259459.444534
259459443819 DISPLAY_TEXT OFF
259459760912 CHEETAH_SIGNAL SENT_AFTER_TIME 259459.760414
259459759812 DISPLAY_TEXT 108 33 2 falls?
259459978524 CHEETAH_SIGNAL SENT_AFTER_TIME 259459.978003
259459977317 DISPLAY_TEXT OFF
259460994504 CHEETAH_SIGNAL SENT_AFTER_TIME 259460.993998
259460993397 DISPLAY_TEXT 109 34 1 The
259461211638 CHEETAH_SIGNAL SENT_AFTER_TIME 259461.211196
259461210655 DISPLAY_TEXT OFF
259461527506 CHEETAH_SIGNAL SENT_AFTER_TIME 259461.527007
259461526406 DISPLAY_TEXT 110 34 2 boy
259461744742 CHEETAH_SIGNAL SENT_AFTER_TIME 259461.744279
259461743678 DISPLAY_TEXT OFF
259462062001 CHEETAH_SIGNAL SENT_AFTER_TIME 259462.061502
259462060903 DISPLAY_TEXT 111 34 3 laughs.
259462278096 CHEETAH_SIGNAL SENT_AFTER_TIME 259462.277615
259462276958 DISPLAY_TEXT OFF
259463295172 CHEETAH_SIGNAL SENT_AFTER_TIME 259463.294665
259463294067 DISPLAY_TEXT 112 35 1 She
259463511359 CHEETAH_SIGNAL SENT_AFTER_TIME 259463.510858
259463510255 DISPLAY_TEXT OFF
259463828511 CHEETAH_SIGNAL SENT_AFTER_TIME 259463.827999
259463827398 DISPLAY_TEXT 113 35 2 disappears.
259464044648 CHEETAH_SIGNAL SENT_AFTER_TIME 259464.044163
259464043563 DISPLAY_TEXT OFF
259465061826 CHEETAH_SIGNAL SENT_AFTER_TIME 259465.061319
259465060715 DISPLAY_TEXT 114 36 1 She
259465277975 CHEETAH_SIGNAL SENT_AFTER_TIME 259465.277485
259465276881 DISPLAY_TEXT OFF
259465595388 CHEETAH_SIGNAL SENT_AFTER_TIME 259465.594891
259465594287 DISPLAY_TEXT 115 36 2 laughed.
259465811557 CHEETAH_SIGNAL SENT_AFTER_TIME 259465.811060
259465810400 DISPLAY_TEXT OFF
259466828994 CHEETAH_SIGNAL SENT_AFTER_TIME 259466.828491
259466827861 DISPLAY_TEXT 116 37 1 Who
259467045280 CHEETAH_SIGNAL SENT_AFTER_TIME 259467.044779
259467044028 DISPLAY_TEXT OFF
259467362288 CHEETAH_SIGNAL SENT_AFTER_TIME 259467.361776
259467361170 DISPLAY_TEXT 117 37 2 blooms?
259467579563 CHEETAH_SIGNAL SENT_AFTER_TIME 259467.579037
259467578441 DISPLAY_TEXT OFF
259468595821 CHEETAH_SIGNAL SENT_AFTER_TIME 259468.595313
259468594721 DISPLAY_TEXT 118 38 1 Who
259468812876 CHEETAH_SIGNAL SENT_AFTER_TIME 259468.812390
259468811793 DISPLAY_TEXT OFF
259469128871 CHEETAH_SIGNAL SENT_AFTER_TIME 259469.128361
259469127689 DISPLAY_TEXT 119 38 2 sneezes?
259469346064 CHEETAH_SIGNAL SENT_AFTER_TIME 259469.345566
259469344968 DISPLAY_TEXT OFF
259470363256 CHEETAH_SIGNAL SENT_AFTER_TIME 259470.362757
259470362166 DISPLAY_TEXT 120 39 1 She
259470579468 CHEETAH_SIGNAL SENT_AFTER_TIME 259470.578969
259470578370 DISPLAY_TEXT OFF
259470895553 CHEETAH_SIGNAL SENT_AFTER_TIME 259470.895070
259470894472 DISPLAY_TEXT 121 39 2 excercised.
259471112774 CHEETAH_SIGNAL SENT_AFTER_TIME 259471.112258
259471111665 DISPLAY_TEXT OFF
259472125517 CHEETAH_SIGNAL SENT_AFTER_TIME 259472.125065
259472124533 DISPLAY_TEXT 122 40 1 He
259472346235 CHEETAH_SIGNAL SENT_AFTER_TIME 259472.345737
259472345142 DISPLAY_TEXT OFF
259472663330 CHEETAH_SIGNAL SENT_AFTER_TIME 259472.662824
259472662232 DISPLAY_TEXT 123 40 2 cried.
259472879308 CHEETAH_SIGNAL SENT_AFTER_TIME 259472.878799
259472878210 DISPLAY_TEXT OFF
259473896189 CHEETAH_SIGNAL SENT_AFTER_TIME 259473.895691
259473895088 DISPLAY_TEXT 124 41 1 The
259474113709 CHEETAH_SIGNAL SENT_AFTER_TIME 259474.113202
259474112441 DISPLAY_TEXT OFF
259474430756 CHEETAH_SIGNAL SENT_AFTER_TIME 259474.430218
259474428545 DISPLAY_TEXT 125 41 2 boy
259474647085 CHEETAH_SIGNAL SENT_AFTER_TIME 259474.646585
259474645988 DISPLAY_TEXT OFF
259474963235 CHEETAH_SIGNAL SENT_AFTER_TIME 259474.962740
259474962067 DISPLAY_TEXT 126 41 3 sneezes.
259475180387 CHEETAH_SIGNAL SENT_AFTER_TIME 259475.179886
259475179273 DISPLAY_TEXT OFF
259476196616 CHEETAH_SIGNAL SENT_AFTER_TIME 259476.196097
259476195497 DISPLAY_TEXT 127 42 1 They
259476413951 CHEETAH_SIGNAL SENT_AFTER_TIME 259476.413427
259476412800 DISPLAY_TEXT OFF
259476729859 CHEETAH_SIGNAL SENT_AFTER_TIME 259476.729352
259476728754 DISPLAY_TEXT 128 42 2 winked.
259476947251 CHEETAH_SIGNAL SENT_AFTER_TIME 259476.946752
259476946152 DISPLAY_TEXT OFF
259477964614 CHEETAH_SIGNAL SENT_AFTER_TIME 259477.964146
259477963552 DISPLAY_TEXT 129 43 1 She
259478181102 CHEETAH_SIGNAL SENT_AFTER_TIME 259478.180604
259478179979 DISPLAY_TEXT OFF
259478497239 CHEETAH_SIGNAL SENT_AFTER_TIME 259478.496737
259478496056 DISPLAY_TEXT 130 43 2 remained.
259478714569 CHEETAH_SIGNAL SENT_AFTER_TIME 259478.714039
259478713439 DISPLAY_TEXT OFF
259479730840 CHEETAH_SIGNAL SENT_AFTER_TIME 259479.730421
259479729871 DISPLAY_TEXT 131 44 1 The
259479947512 CHEETAH_SIGNAL SENT_AFTER_TIME 259479.947000
259479946400 DISPLAY_TEXT OFF
259480264406 CHEETAH_SIGNAL SENT_AFTER_TIME 259480.263909
259480263246 DISPLAY_TEXT 132 44 2 salad
259480480693 CHEETAH_SIGNAL SENT_AFTER_TIME 259480.480186
259480479578 DISPLAY_TEXT OFF
259480798000 CHEETAH_SIGNAL SENT_AFTER_TIME 259480.797421
259480796821 DISPLAY_TEXT 133 44 3 is
259480831621 KEY_PRESS l
259481014414 CHEETAH_SIGNAL SENT_AFTER_TIME 259481.013909
259481013192 DISPLAY_TEXT OFF
259481031579 KEY_PRESS l
259481332023 CHEETAH_SIGNAL SENT_AFTER_TIME 259481.331525
259481330840 DISPLAY_TEXT 134 44 4 tasty.
259481547840 CHEETAH_SIGNAL SENT_AFTER_TIME 259481.547335
259481546735 DISPLAY_TEXT OFF
259482564903 CHEETAH_SIGNAL SENT_AFTER_TIME 259482.564393
259482563794 DISPLAY_TEXT 135 45 1 Whom
259482781120 CHEETAH_SIGNAL SENT_AFTER_TIME 259482.780619
259482780008 DISPLAY_TEXT OFF
259483098461 CHEETAH_SIGNAL SENT_AFTER_TIME 259483.097963
259483097364 DISPLAY_TEXT 136 45 2 does
259483314495 CHEETAH_SIGNAL SENT_AFTER_TIME 259483.314000
259483313398 DISPLAY_TEXT OFF
259483631616 CHEETAH_SIGNAL SENT_AFTER_TIME 259483.631118
259483630520 DISPLAY_TEXT 137 45 3 the
259483848633 CHEETAH_SIGNAL SENT_AFTER_TIME 259483.847951
259483847342 DISPLAY_TEXT OFF
259484164374 CHEETAH_SIGNAL SENT_AFTER_TIME 259484.163884
259484163283 DISPLAY_TEXT 138 45 4 boy
259484381745 CHEETAH_SIGNAL SENT_AFTER_TIME 259484.381210
259484380509 DISPLAY_TEXT OFF
259484699149 CHEETAH_SIGNAL SENT_AFTER_TIME 259484.698650
259484698051 DISPLAY_TEXT 139 45 5 tickle?
259484915480 CHEETAH_SIGNAL SENT_AFTER_TIME 259484.914980
259484914379 DISPLAY_TEXT OFF
259485931613 CHEETAH_SIGNAL SENT_AFTER_TIME 259485.931149
259485930535 DISPLAY_TEXT 140 46 1 They
259486149218 CHEETAH_SIGNAL SENT_AFTER_TIME 259486.148720
259486148129 DISPLAY_TEXT OFF
259486465073 CHEETAH_SIGNAL SENT_AFTER_TIME 259486.464548
259486463956 DISPLAY_TEXT 141 46 2 tickle
259486682228 CHEETAH_SIGNAL SENT_AFTER_TIME 259486.681737
259486681137 DISPLAY_TEXT OFF
259486999114 CHEETAH_SIGNAL SENT_AFTER_TIME 259486.998613
259486998019 DISPLAY_TEXT 142 46 3 the
259487215074 CHEETAH_SIGNAL SENT_AFTER_TIME 259487.214581
259487213992 DISPLAY_TEXT OFF
259487532264 CHEETAH_SIGNAL SENT_AFTER_TIME 259487.531772
259487531124 DISPLAY_TEXT 143 46 4 girl.
259487748467 CHEETAH_SIGNAL SENT_AFTER_TIME 259487.747976
259487747369 DISPLAY_TEXT OFF
259488765521 CHEETAH_SIGNAL SENT_AFTER_TIME 259488.765028
259488764430 DISPLAY_TEXT 144 47 1 She
259488982920 CHEETAH_SIGNAL SENT_AFTER_TIME 259488.982427
259488981823 DISPLAY_TEXT OFF
259489298883 CHEETAH_SIGNAL SENT_AFTER_TIME 259489.298391
259489297787 DISPLAY_TEXT 145 47 2 will
259489515294 CHEETAH_SIGNAL SENT_AFTER_TIME 259489.514864
259489514388 DISPLAY_TEXT OFF
259489832386 CHEETAH_SIGNAL SENT_AFTER_TIME 259489.831898
259489831305 DISPLAY_TEXT 146 47 3 sleep.
259490048857 CHEETAH_SIGNAL SENT_AFTER_TIME 259490.048367
259490047869 DISPLAY_TEXT OFF
259491066653 CHEETAH_SIGNAL SENT_AFTER_TIME 259491.066131
259491065185 DISPLAY_TEXT 147 48 1 She
259491282496 CHEETAH_SIGNAL SENT_AFTER_TIME 259491.282027
259491281383 DISPLAY_TEXT OFF
259491599696 CHEETAH_SIGNAL SENT_AFTER_TIME 259491.599198
259491598596 DISPLAY_TEXT 148 48 2 collapsed.
259491815647 CHEETAH_SIGNAL SENT_AFTER_TIME 259491.815161
259491814513 DISPLAY_TEXT OFF
259492832575 CHEETAH_SIGNAL SENT_AFTER_TIME 259492.832070
259492831477 DISPLAY_TEXT 149 49 1 The
259493048980 CHEETAH_SIGNAL SENT_AFTER_TIME 259493.048519
259493047986 DISPLAY_TEXT OFF
259493366368 CHEETAH_SIGNAL SENT_AFTER_TIME 259493.365865
259493365189 DISPLAY_TEXT 150 49 2 girl
259493583620 CHEETAH_SIGNAL SENT_AFTER_TIME 259493.583144
259493582550 DISPLAY_TEXT OFF
259493900185 CHEETAH_SIGNAL SENT_AFTER_TIME 259493.899691
259493899101 DISPLAY_TEXT 151 49 3 ate
259494116331 CHEETAH_SIGNAL SENT_AFTER_TIME 259494.115838
259494115239 DISPLAY_TEXT OFF
259494433035 CHEETAH_SIGNAL SENT_AFTER_TIME 259494.432537
259494431931 DISPLAY_TEXT 152 49 4 the
259494647955 CHEETAH_SIGNAL SENT_AFTER_TIME 259494.647535
259494647115 DISPLAY_TEXT OFF
259494639610 KEY_PRESS l
259494839636 KEY_PRESS l
259494965703 CHEETAH_SIGNAL SENT_AFTER_TIME 259494.965217
259494964624 DISPLAY_TEXT 153 49 5 salad.
259495184019 CHEETAH_SIGNAL SENT_AFTER_TIME 259495.183527
259495182933 DISPLAY_TEXT OFF
259495535629 KEY_PRESS l
259495679679 KEY_PRESS l
259496194545 CHEETAH_SIGNAL SENT_AFTER_TIME 259496.194113
259496193683 DISPLAY_TEXT 154 50 1 What
259496411149 CHEETAH_SIGNAL SENT_AFTER_TIME 259496.410768
259496410338 DISPLAY_TEXT OFF
259496733966 CHEETAH_SIGNAL SENT_AFTER_TIME 259496.733531
259496732911 DISPLAY_TEXT 155 50 2 did
259496950048 CHEETAH_SIGNAL SENT_AFTER_TIME 259496.949555
259496948887 DISPLAY_TEXT OFF
259497267072 CHEETAH_SIGNAL SENT_AFTER_TIME 259497.266578
259497265987 DISPLAY_TEXT 156 50 3 the
259497483252 CHEETAH_SIGNAL SENT_AFTER_TIME 259497.482771
259497482136 DISPLAY_TEXT OFF
259497800396 CHEETAH_SIGNAL SENT_AFTER_TIME 259497.799901
259497799307 DISPLAY_TEXT 157 50 4 girl
259498017858 CHEETAH_SIGNAL SENT_AFTER_TIME 259498.017362
259498016765 DISPLAY_TEXT OFF
259498334052 CHEETAH_SIGNAL SENT_AFTER_TIME 259498.333560
259498332966 DISPLAY_TEXT 158 50 5 kick?
259498550075 CHEETAH_SIGNAL SENT_AFTER_TIME 259498.549572
259498548975 DISPLAY_TEXT OFF
259499567349 CHEETAH_SIGNAL SENT_AFTER_TIME 259499.566858
259499566241 DISPLAY_TEXT 159 51 1 She
259499784913 CHEETAH_SIGNAL SENT_AFTER_TIME 259499.784420
259499783822 DISPLAY_TEXT OFF
259500101269 CHEETAH_SIGNAL SENT_AFTER_TIME 259500.100769
259500100172 DISPLAY_TEXT 160 51 2 smelled
259500317410 CHEETAH_SIGNAL SENT_AFTER_TIME 259500.316917
259500316320 DISPLAY_TEXT OFF
259500633979 CHEETAH_SIGNAL SENT_AFTER_TIME 259500.633482
259500632886 DISPLAY_TEXT 161 51 3 it
259500851336 CHEETAH_SIGNAL SENT_AFTER_TIME 259500.850843
259500850252 DISPLAY_TEXT OFF
259501168019 CHEETAH_SIGNAL SENT_AFTER_TIME 259501.167525
259501166929 DISPLAY_TEXT 162 51 4 burn.
259501384026 CHEETAH_SIGNAL SENT_AFTER_TIME 259501.383534
259501382856 DISPLAY_TEXT OFF
259502401158 CHEETAH_SIGNAL SENT_AFTER_TIME 259502.400647
259502400029 DISPLAY_TEXT 163 52 1 He
259502618447 CHEETAH_SIGNAL SENT_AFTER_TIME 259502.617950
259502617356 DISPLAY_TEXT OFF
259502934310 CHEETAH_SIGNAL SENT_AFTER_TIME 259502.933806
259502933097 DISPLAY_TEXT 164 52 2 disappeared.
259503151274 CHEETAH_SIGNAL SENT_AFTER_TIME 259503.150777
259503150018 DISPLAY_TEXT OFF
259504167947 CHEETAH_SIGNAL SENT_AFTER_TIME 259504.167451
259504166849 DISPLAY_TEXT 165 53 1 They
259504385583 CHEETAH_SIGNAL SENT_AFTER_TIME 259504.385085
259504384479 DISPLAY_TEXT OFF
259504701856 CHEETAH_SIGNAL SENT_AFTER_TIME 259504.701345
259504700730 DISPLAY_TEXT 166 53 2 heard
259504918833 CHEETAH_SIGNAL SENT_AFTER_TIME 259504.918337
259504917736 DISPLAY_TEXT OFF
259505234909 CHEETAH_SIGNAL SENT_AFTER_TIME 259505.234418
259505233820 DISPLAY_TEXT 167 53 3 her
259505451313 CHEETAH_SIGNAL SENT_AFTER_TIME 259505.450819
259505450225 DISPLAY_TEXT OFF
259505768851 CHEETAH_SIGNAL SENT_AFTER_TIME 259505.768352
259505767678 DISPLAY_TEXT 168 53 4 coughing.
259505985071 CHEETAH_SIGNAL SENT_AFTER_TIME 259505.984575
259505983978 DISPLAY_TEXT OFF
259507002557 CHEETAH_SIGNAL SENT_AFTER_TIME 259507.002038
259507001443 DISPLAY_TEXT 169 54 1 She
259507218935 CHEETAH_SIGNAL SENT_AFTER_TIME 259507.218439
259507217841 DISPLAY_TEXT OFF
259507535018 CHEETAH_SIGNAL SENT_AFTER_TIME 259507.534531
259507533916 DISPLAY_TEXT 170 54 2 smiled.
259507752435 CHEETAH_SIGNAL SENT_AFTER_TIME 259507.751933
259507751334 DISPLAY_TEXT OFF
259508768621 CHEETAH_SIGNAL SENT_AFTER_TIME 259508.768140
259508767540 DISPLAY_TEXT 171 55 1 The
259508986331 CHEETAH_SIGNAL SENT_AFTER_TIME 259508.985842
259508985240 DISPLAY_TEXT OFF
259509302370 CHEETAH_SIGNAL SENT_AFTER_TIME 259509.301859
259509301192 DISPLAY_TEXT 172 55 2 girls
259509518703 CHEETAH_SIGNAL SENT_AFTER_TIME 259509.518204
259509517607 DISPLAY_TEXT OFF
259509835847 CHEETAH_SIGNAL SENT_AFTER_TIME 259509.835350
259509834759 DISPLAY_TEXT 173 55 3 cough.
259510052003 CHEETAH_SIGNAL SENT_AFTER_TIME 259510.051504
259510050895 DISPLAY_TEXT OFF
259511068808 CHEETAH_SIGNAL SENT_AFTER_TIME 259511.068324
259511067762 DISPLAY_TEXT 174 56 1 We
259511285888 CHEETAH_SIGNAL SENT_AFTER_TIME 259511.285452
259511284844 DISPLAY_TEXT OFF
259511602356 CHEETAH_SIGNAL SENT_AFTER_TIME 259511.601865
259511601255 DISPLAY_TEXT 175 56 2 revealed
259511819516 CHEETAH_SIGNAL SENT_AFTER_TIME 259511.819022
259511818424 DISPLAY_TEXT OFF
259512135756 CHEETAH_SIGNAL SENT_AFTER_TIME 259512.135265
259512134671 DISPLAY_TEXT 176 56 3 that
259512352661 CHEETAH_SIGNAL SENT_AFTER_TIME 259512.352177
259512351582 DISPLAY_TEXT OFF
259512669621 CHEETAH_SIGNAL SENT_AFTER_TIME 259512.669102
259512668497 DISPLAY_TEXT 177 56 4 she
259512886084 CHEETAH_SIGNAL SENT_AFTER_TIME 259512.885593
259512884992 DISPLAY_TEXT OFF
259513202746 CHEETAH_SIGNAL SENT_AFTER_TIME 259513.202211
259513201561 DISPLAY_TEXT 178 56 5 jumps.
259513419653 CHEETAH_SIGNAL SENT_AFTER_TIME 259513.419127
259513418529 DISPLAY_TEXT OFF
259514437186 CHEETAH_SIGNAL SENT_AFTER_TIME 259514.436684
259514436004 DISPLAY_TEXT 179 57 1 Who
259514653401 CHEETAH_SIGNAL SENT_AFTER_TIME 259514.652901
259514652305 DISPLAY_TEXT OFF
259514969614 CHEETAH_SIGNAL SENT_AFTER_TIME 259514.969095
259514968466 DISPLAY_TEXT 180 57 2 eats
259515186937 CHEETAH_SIGNAL SENT_AFTER_TIME 259515.186456
259515185789 DISPLAY_TEXT OFF
259515503131 CHEETAH_SIGNAL SENT_AFTER_TIME 259515.502630
259515502021 DISPLAY_TEXT 181 57 3 the
259515567557 KEY_PRESS l
259515719609 CHEETAH_SIGNAL SENT_AFTER_TIME 259515.719111
259515718508 DISPLAY_TEXT OFF
259515791610 KEY_PRESS l
259516037091 CHEETAH_SIGNAL SENT_AFTER_TIME 259516.036633
259516036041 DISPLAY_TEXT 182 57 4 salad?
259516253462 CHEETAH_SIGNAL SENT_AFTER_TIME 259516.252964
259516252376 DISPLAY_TEXT OFF
259516575642 KEY_PRESS l
259516711607 KEY_PRESS l
259517270418 CHEETAH_SIGNAL SENT_AFTER_TIME 259517.269915
259517269281 DISPLAY_TEXT 183 58 1 He
259517486613 CHEETAH_SIGNAL SENT_AFTER_TIME 259517.486133
259517485549 DISPLAY_TEXT OFF
259517803892 CHEETAH_SIGNAL SENT_AFTER_TIME 259517.803393
259517802792 DISPLAY_TEXT 184 58 2 laughs.
259518020081 CHEETAH_SIGNAL SENT_AFTER_TIME 259518.019576
259518018936 DISPLAY_TEXT OFF
259519037564 CHEETAH_SIGNAL SENT_AFTER_TIME 259519.037047
259519036439 DISPLAY_TEXT 185 59 1 Who
259519253956 CHEETAH_SIGNAL SENT_AFTER_TIME 259519.253462
259519252872 DISPLAY_TEXT OFF
259519571342 CHEETAH_SIGNAL SENT_AFTER_TIME 259519.570841
259519570257 DISPLAY_TEXT 186 59 2 arrives?
259519787581 CHEETAH_SIGNAL SENT_AFTER_TIME 259519.787073
259519786491 DISPLAY_TEXT OFF
259520803937 CHEETAH_SIGNAL SENT_AFTER_TIME 259520.803448
259520802816 DISPLAY_TEXT 187 60 1 The
259521022238 CHEETAH_SIGNAL SENT_AFTER_TIME 259521.021742
259521021154 DISPLAY_TEXT OFF
259521338281 CHEETAH_SIGNAL SENT_AFTER_TIME 259521.337783
259521337202 DISPLAY_TEXT 188 60 2 boy
259521554604 CHEETAH_SIGNAL SENT_AFTER_TIME 259521.554099
259521553497 DISPLAY_TEXT OFF
259521870860 CHEETAH_SIGNAL SENT_AFTER_TIME 259521.870364
259521869771 DISPLAY_TEXT 189 60 3 smelled
259522088520 CHEETAH_SIGNAL SENT_AFTER_TIME 259522.088020
259522087432 DISPLAY_TEXT OFF
259522405276 CHEETAH_SIGNAL SENT_AFTER_TIME 259522.404768
259522404055 DISPLAY_TEXT 190 60 4 the
259522621742 CHEETAH_SIGNAL SENT_AFTER_TIME 259522.621246
259522620607 DISPLAY_TEXT OFF
259522938000 CHEETAH_SIGNAL SENT_AFTER_TIME 259522.937506
259522936807 DISPLAY_TEXT 191 60 5 flowers.
259523154094 CHEETAH_SIGNAL SENT_AFTER_TIME 259523.153592
259523153009 DISPLAY_TEXT OFF
259524171982 CHEETAH_SIGNAL SENT_AFTER_TIME 259524.171486
259524170765 DISPLAY_TEXT 192 61 1 Who
259524388046 CHEETAH_SIGNAL SENT_AFTER_TIME 259524.387550
259524386937 DISPLAY_TEXT OFF
259524705096 CHEETAH_SIGNAL SENT_AFTER_TIME 259524.704605
259524703895 DISPLAY_TEXT 193 61 2 tickles
259524921286 CHEETAH_SIGNAL SENT_AFTER_TIME 259524.920786
259524920204 DISPLAY_TEXT OFF
259525237881 CHEETAH_SIGNAL SENT_AFTER_TIME 259525.237410
259525236626 DISPLAY_TEXT 194 61 3 the
259525454618 CHEETAH_SIGNAL SENT_AFTER_TIME 259525.454140
259525453544 DISPLAY_TEXT OFF
259525772510 CHEETAH_SIGNAL SENT_AFTER_TIME 259525.772019
259525771317 DISPLAY_TEXT 195 61 4 girl?
259525988618 CHEETAH_SIGNAL SENT_AFTER_TIME 259525.988147
259525987564 DISPLAY_TEXT OFF
259527005045 CHEETAH_SIGNAL SENT_AFTER_TIME 259527.004555
259527003772 DISPLAY_TEXT 196 62 1 What
259527222282 CHEETAH_SIGNAL SENT_AFTER_TIME 259527.221786
259527221201 DISPLAY_TEXT OFF
259527538469 CHEETAH_SIGNAL SENT_AFTER_TIME 259527.537979
259527537289 DISPLAY_TEXT 197 62 2 will
259527754919 CHEETAH_SIGNAL SENT_AFTER_TIME 259527.754420
259527753840 DISPLAY_TEXT OFF
259528072181 CHEETAH_SIGNAL SENT_AFTER_TIME 259528.071690
259528071113 DISPLAY_TEXT 198 62 3 the
259528289150 CHEETAH_SIGNAL SENT_AFTER_TIME 259528.288654
259528288075 DISPLAY_TEXT OFF
259528605035 CHEETAH_SIGNAL SENT_AFTER_TIME 259528.604536
259528603955 DISPLAY_TEXT 199 62 4 girl
259528822984 CHEETAH_SIGNAL SENT_AFTER_TIME 259528.822487
259528821893 DISPLAY_TEXT OFF
259529139291 CHEETAH_SIGNAL SENT_AFTER_TIME 259529.138796
259529138218 DISPLAY_TEXT 200 62 5 kick?
259529355352 CHEETAH_SIGNAL SENT_AFTER_TIME 259529.354856
259529354279 DISPLAY_TEXT OFF
259530372960 CHEETAH_SIGNAL SENT_AFTER_TIME 259530.372463
259530371886 DISPLAY_TEXT 201 63 1 He
259530589299 CHEETAH_SIGNAL SENT_AFTER_TIME 259530.588795
259530588214 DISPLAY_TEXT OFF
259530901390 CHEETAH_SIGNAL SENT_AFTER_TIME 259530.900963
259530900497 DISPLAY_TEXT 202 63 2 sneezes.
259531122053 CHEETAH_SIGNAL SENT_AFTER_TIME 259531.121560
259531120978 DISPLAY_TEXT OFF
259532140002 CHEETAH_SIGNAL SENT_AFTER_TIME 259532.139498
259532138814 DISPLAY_TEXT 203 64 1 Who
259532356107 CHEETAH_SIGNAL SENT_AFTER_TIME 259532.355611
259532355028 DISPLAY_TEXT OFF
259532673451 CHEETAH_SIGNAL SENT_AFTER_TIME 259532.672946
259532672364 DISPLAY_TEXT 204 64 2 remains?
259532889653 CHEETAH_SIGNAL SENT_AFTER_TIME 259532.889162
259532888577 DISPLAY_TEXT OFF
259533906985 CHEETAH_SIGNAL SENT_AFTER_TIME 259533.906489
259533905908 DISPLAY_TEXT 205 65 1 They
259534123254 CHEETAH_SIGNAL SENT_AFTER_TIME 259534.122758
259534122113 DISPLAY_TEXT OFF
259534440370 CHEETAH_SIGNAL SENT_AFTER_TIME 259534.439871
259534439289 DISPLAY_TEXT 206 65 2 found
259534656612 CHEETAH_SIGNAL SENT_AFTER_TIME 259534.656101
259534655516 DISPLAY_TEXT OFF
259534974108 CHEETAH_SIGNAL SENT_AFTER_TIME 259534.973609
259534973014 DISPLAY_TEXT 207 65 3 the
259535190020 CHEETAH_SIGNAL SENT_AFTER_TIME 259535.189528
259535188943 DISPLAY_TEXT OFF
259535507202 CHEETAH_SIGNAL SENT_AFTER_TIME 259535.506708
259535506128 DISPLAY_TEXT 208 65 4 bikes.
259535723147 CHEETAH_SIGNAL SENT_AFTER_TIME 259535.722635
259535722060 DISPLAY_TEXT OFF
259536741007 CHEETAH_SIGNAL SENT_AFTER_TIME 259536.740509
259536739928 DISPLAY_TEXT 209 66 1 They
259536957508 CHEETAH_SIGNAL SENT_AFTER_TIME 259536.956999
259536956413 DISPLAY_TEXT OFF
259537273781 CHEETAH_SIGNAL SENT_AFTER_TIME 259537.273280
259537272694 DISPLAY_TEXT 210 66 2 appeared.
259537489889 CHEETAH_SIGNAL SENT_AFTER_TIME 259537.489395
259537488811 DISPLAY_TEXT OFF
259538506195 CHEETAH_SIGNAL SENT_AFTER_TIME 259538.505699
259538505111 DISPLAY_TEXT 211 67 1 They
259538724282 CHEETAH_SIGNAL SENT_AFTER_TIME 259538.723785
259538723202 DISPLAY_TEXT OFF
259539040502 CHEETAH_SIGNAL SENT_AFTER_TIME 259539.040005
259539039343 DISPLAY_TEXT 212 67 2 appear.
259539257756 CHEETAH_SIGNAL SENT_AFTER_TIME 259539.257229
259539256647 DISPLAY_TEXT OFF
259540273993 CHEETAH_SIGNAL SENT_AFTER_TIME 259540.273506
259540272822 DISPLAY_TEXT 213 68 1 He
259540491339 CHEETAH_SIGNAL SENT_AFTER_TIME 259540.490845
259540490259 DISPLAY_TEXT OFF
259540807307 CHEETAH_SIGNAL SENT_AFTER_TIME 259540.806807
259540806227 DISPLAY_TEXT 214 68 2 crawled.
259541025612 CHEETAH_SIGNAL SENT_AFTER_TIME 259541.025117
259541023481 DISPLAY_TEXT OFF
259542040789 CHEETAH_SIGNAL SENT_AFTER_TIME 259542.040291
259542039707 DISPLAY_TEXT 215 69 1 The
259542258313 CHEETAH_SIGNAL SENT_AFTER_TIME 259542.257812
259542257228 DISPLAY_TEXT OFF
259542574202 CHEETAH_SIGNAL SENT_AFTER_TIME 259542.573703
259542573122 DISPLAY_TEXT 216 69 2 boy
259542791613 CHEETAH_SIGNAL SENT_AFTER_TIME 259542.791154
259542790564 DISPLAY_TEXT OFF
259543107739 CHEETAH_SIGNAL SENT_AFTER_TIME 259543.107221
259543106637 DISPLAY_TEXT 217 69 3 jumped.
259543325006 CHEETAH_SIGNAL SENT_AFTER_TIME 259543.324505
259543323840 DISPLAY_TEXT OFF
259544341059 CHEETAH_SIGNAL SENT_AFTER_TIME 259544.340561
259544339978 DISPLAY_TEXT 218 70 1 She
259544557573 CHEETAH_SIGNAL SENT_AFTER_TIME 259544.557049
259544556469 DISPLAY_TEXT OFF
259544875171 CHEETAH_SIGNAL SENT_AFTER_TIME 259544.874671
259544874094 DISPLAY_TEXT 219 70 2 jumps.
259545091485 CHEETAH_SIGNAL SENT_AFTER_TIME 259545.090975
259545090376 DISPLAY_TEXT OFF
259546107965 CHEETAH_SIGNAL SENT_AFTER_TIME 259546.107496
259546106973 DISPLAY_TEXT 220 71 1 Who
259546324559 CHEETAH_SIGNAL SENT_AFTER_TIME 259546.324061
259546323459 DISPLAY_TEXT OFF
259546641932 CHEETAH_SIGNAL SENT_AFTER_TIME 259546.641435
259546640852 DISPLAY_TEXT 221 71 2 coughed?
259546859275 CHEETAH_SIGNAL SENT_AFTER_TIME 259546.858782
259546858185 DISPLAY_TEXT OFF
259547875291 CHEETAH_SIGNAL SENT_AFTER_TIME 259547.874793
259547874211 DISPLAY_TEXT 222 72 1 The
259548092754 CHEETAH_SIGNAL SENT_AFTER_TIME 259548.092253
259548091669 DISPLAY_TEXT OFF
259548408766 CHEETAH_SIGNAL SENT_AFTER_TIME 259548.408272
259548407611 DISPLAY_TEXT 223 72 2 girls
259548626288 CHEETAH_SIGNAL SENT_AFTER_TIME 259548.625792
259548625211 DISPLAY_TEXT OFF
259548942374 CHEETAH_SIGNAL SENT_AFTER_TIME 259548.941874
259548941291 DISPLAY_TEXT 224 72 3 found
259549158621 CHEETAH_SIGNAL SENT_AFTER_TIME 259549.158141
259549157559 DISPLAY_TEXT OFF
259549475790 CHEETAH_SIGNAL SENT_AFTER_TIME 259549.475299
259549474711 DISPLAY_TEXT 225 72 4 the
259549692187 CHEETAH_SIGNAL SENT_AFTER_TIME 259549.691672
259549691084 DISPLAY_TEXT OFF
259550009340 CHEETAH_SIGNAL SENT_AFTER_TIME 259550.008847
259550008261 DISPLAY_TEXT 226 72 5 bikes.
259550225298 CHEETAH_SIGNAL SENT_AFTER_TIME 259550.224794
259550224213 DISPLAY_TEXT OFF
259551242752 CHEETAH_SIGNAL SENT_AFTER_TIME 259551.242257
259551241552 DISPLAY_TEXT 227 73 1 She
259551458785 CHEETAH_SIGNAL SENT_AFTER_TIME 259551.458292
259551457712 DISPLAY_TEXT OFF
259551775916 CHEETAH_SIGNAL SENT_AFTER_TIME 259551.775401
259551774816 DISPLAY_TEXT 228 73 2 heard
259551992082 CHEETAH_SIGNAL SENT_AFTER_TIME 259551.991589
259551990997 DISPLAY_TEXT OFF
259552309622 CHEETAH_SIGNAL SENT_AFTER_TIME 259552.309119
259552308537 DISPLAY_TEXT 229 73 3 them
259552525712 CHEETAH_SIGNAL SENT_AFTER_TIME 259552.525205
259552524630 DISPLAY_TEXT OFF
259552843046 CHEETAH_SIGNAL SENT_AFTER_TIME 259552.842539
259552841841 DISPLAY_TEXT 230 73 4 crying.
259553058919 CHEETAH_SIGNAL SENT_AFTER_TIME 259553.058418
259553057837 DISPLAY_TEXT OFF
259554076314 CHEETAH_SIGNAL SENT_AFTER_TIME 259554.075817
259554075148 DISPLAY_TEXT 231 74 1 She
259554293143 CHEETAH_SIGNAL SENT_AFTER_TIME 259554.292647
259554292066 DISPLAY_TEXT OFF
259554610410 CHEETAH_SIGNAL SENT_AFTER_TIME 259554.609919
259554609339 DISPLAY_TEXT 232 74 2 eats
259554826571 CHEETAH_SIGNAL SENT_AFTER_TIME 259554.826063
259554825483 DISPLAY_TEXT OFF
259555143814 CHEETAH_SIGNAL SENT_AFTER_TIME 259555.143330
259555142751 DISPLAY_TEXT 233 74 3 the
259555159512 KEY_PRESS l
259555327625 KEY_PRESS l
259555359751 CHEETAH_SIGNAL SENT_AFTER_TIME 259555.359238
259555358660 DISPLAY_TEXT OFF
259555676886 CHEETAH_SIGNAL SENT_AFTER_TIME 259555.676391
259555675817 DISPLAY_TEXT 234 74 4 salad.
259555892945 CHEETAH_SIGNAL SENT_AFTER_TIME 259555.892446
259555891865 DISPLAY_TEXT OFF
259555975651 KEY_PRESS l
259556143630 KEY_PRESS l
259556910527 CHEETAH_SIGNAL SENT_AFTER_TIME 259556.910047
259556909536 DISPLAY_TEXT 235 75 1 He
259557126482 CHEETAH_SIGNAL SENT_AFTER_TIME 259557.125976
259557125388 DISPLAY_TEXT OFF
259557444001 CHEETAH_SIGNAL SENT_AFTER_TIME 259557.443501
259557442919 DISPLAY_TEXT 236 75 2 falls.
259557659950 CHEETAH_SIGNAL SENT_AFTER_TIME 259557.659452
259557658871 DISPLAY_TEXT OFF
259558677099 CHEETAH_SIGNAL SENT_AFTER_TIME 259558.676605
259558676026 DISPLAY_TEXT 237 76 1 The
259558893323 CHEETAH_SIGNAL SENT_AFTER_TIME 259558.892827
259558892170 DISPLAY_TEXT OFF
259559210178 CHEETAH_SIGNAL SENT_AFTER_TIME 259559.209683
259559208989 DISPLAY_TEXT 238 76 2 girl
259559427434 CHEETAH_SIGNAL SENT_AFTER_TIME 259559.426929
259559426289 DISPLAY_TEXT OFF
259559743703 CHEETAH_SIGNAL SENT_AFTER_TIME 259559.743200
259559742503 DISPLAY_TEXT 239 76 3 disappears.
259559961022 CHEETAH_SIGNAL SENT_AFTER_TIME 259559.960530
259559959852 DISPLAY_TEXT OFF
259560978066 CHEETAH_SIGNAL SENT_AFTER_TIME 259560.977562
259560976890 DISPLAY_TEXT 240 77 1 Who
259561194149 CHEETAH_SIGNAL SENT_AFTER_TIME 259561.193645
259561193051 DISPLAY_TEXT OFF
259561511374 CHEETAH_SIGNAL SENT_AFTER_TIME 259561.510879
259561510243 DISPLAY_TEXT 241 77 2 heard
259561728042 CHEETAH_SIGNAL SENT_AFTER_TIME 259561.727543
259561726964 DISPLAY_TEXT OFF
259562044038 CHEETAH_SIGNAL SENT_AFTER_TIME 259562.043540
259562042965 DISPLAY_TEXT 242 77 3 the
259562261155 CHEETAH_SIGNAL SENT_AFTER_TIME 259562.260663
259562260081 DISPLAY_TEXT OFF
259562577166 CHEETAH_SIGNAL SENT_AFTER_TIME 259562.576610
259562576029 DISPLAY_TEXT 243 77 4 men?
259562794242 CHEETAH_SIGNAL SENT_AFTER_TIME 259562.793743
259562793157 DISPLAY_TEXT OFF
259563811466 CHEETAH_SIGNAL SENT_AFTER_TIME 259563.810965
259563810373 DISPLAY_TEXT 244 78 1 She
259564027570 CHEETAH_SIGNAL SENT_AFTER_TIME 259564.027029
259564026447 DISPLAY_TEXT OFF
259564339715 CHEETAH_SIGNAL SENT_AFTER_TIME 259564.339294
259564338866 DISPLAY_TEXT 245 78 2 saw
259564561522 CHEETAH_SIGNAL SENT_AFTER_TIME 259564.561031
259564560450 DISPLAY_TEXT OFF
259564877567 CHEETAH_SIGNAL SENT_AFTER_TIME 259564.877076
259564876495 DISPLAY_TEXT 246 78 3 that
259565094844 CHEETAH_SIGNAL SENT_AFTER_TIME 259565.094345
259565093723 DISPLAY_TEXT OFF
259565412362 CHEETAH_SIGNAL SENT_AFTER_TIME 259565.411859
259565411127 DISPLAY_TEXT 247 78 4 he
259565628215 CHEETAH_SIGNAL SENT_AFTER_TIME 259565.627711
259565627100 DISPLAY_TEXT OFF
259565945478 CHEETAH_SIGNAL SENT_AFTER_TIME 259565.944984
259565944408 DISPLAY_TEXT 248 78 5 crawled.
259566161444 CHEETAH_SIGNAL SENT_AFTER_TIME 259566.160974
259566160401 DISPLAY_TEXT OFF
259567178738 CHEETAH_SIGNAL SENT_AFTER_TIME 259567.178250
259567177671 DISPLAY_TEXT 249 79 1 The
259567394948 CHEETAH_SIGNAL SENT_AFTER_TIME 259567.394450
259567393868 DISPLAY_TEXT OFF
259567712127 CHEETAH_SIGNAL SENT_AFTER_TIME 259567.711634
259567711000 DISPLAY_TEXT 250 79 2 boy
259567928252 CHEETAH_SIGNAL SENT_AFTER_TIME 259567.927762
259567927185 DISPLAY_TEXT OFF
259568245579 CHEETAH_SIGNAL SENT_AFTER_TIME 259568.245051
259568244476 DISPLAY_TEXT 251 79 3 collapses.
259568461570 CHEETAH_SIGNAL SENT_AFTER_TIME 259568.461040
259568460461 DISPLAY_TEXT OFF
259569478953 CHEETAH_SIGNAL SENT_AFTER_TIME 259569.478444
259569477770 DISPLAY_TEXT 252 80 1 She
259569694998 CHEETAH_SIGNAL SENT_AFTER_TIME 259569.694489
259569693895 DISPLAY_TEXT OFF
259570012386 CHEETAH_SIGNAL SENT_AFTER_TIME 259570.011887
259570011310 DISPLAY_TEXT 253 80 2 crawls.
259570229746 CHEETAH_SIGNAL SENT_AFTER_TIME 259570.229228
259570228539 DISPLAY_TEXT OFF
259571245750 CHEETAH_SIGNAL SENT_AFTER_TIME 259571.245218
259571244639 DISPLAY_TEXT 254 81 1 The
259571463171 CHEETAH_SIGNAL SENT_AFTER_TIME 259571.462672
259571462092 DISPLAY_TEXT OFF
259571779524 CHEETAH_SIGNAL SENT_AFTER_TIME 259571.779025
259571778450 DISPLAY_TEXT 255 81 2 actors
259571995614 CHEETAH_SIGNAL SENT_AFTER_TIME 259571.995106
259571994525 DISPLAY_TEXT OFF
259572312845 CHEETAH_SIGNAL SENT_AFTER_TIME 259572.312357
259572311681 DISPLAY_TEXT 256 81 3 will
259572529094 CHEETAH_SIGNAL SENT_AFTER_TIME 259572.528604
259572528027 DISPLAY_TEXT OFF
259572846263 CHEETAH_SIGNAL SENT_AFTER_TIME 259572.845766
259572845074 DISPLAY_TEXT 257 81 4 snore.
259573063452 CHEETAH_SIGNAL SENT_AFTER_TIME 259573.062963
259573062372 DISPLAY_TEXT OFF
259574079572 CHEETAH_SIGNAL SENT_AFTER_TIME 259574.079068
259574078397 DISPLAY_TEXT 258 82 1 The
259574294990 CHEETAH_SIGNAL SENT_AFTER_TIME 259574.294534
259574294014 DISPLAY_TEXT OFF
259574613488 CHEETAH_SIGNAL SENT_AFTER_TIME 259574.612997
259574612317 DISPLAY_TEXT 259 82 2 boy
259574829579 CHEETAH_SIGNAL SENT_AFTER_TIME 259574.829094
259574828495 DISPLAY_TEXT OFF
259575146704 CHEETAH_SIGNAL SENT_AFTER_TIME 259575.146212
259575145636 DISPLAY_TEXT 260 82 3 will
259575362755 CHEETAH_SIGNAL SENT_AFTER_TIME 259575.362261
259575361683 DISPLAY_TEXT OFF
259575679193 CHEETAH_SIGNAL SENT_AFTER_TIME 259575.678680
259575678099 DISPLAY_TEXT 261 82 4 sing.
259575896449 CHEETAH_SIGNAL SENT_AFTER_TIME 259575.895936
259575895359 DISPLAY_TEXT OFF
259576913740 CHEETAH_SIGNAL SENT_AFTER_TIME 259576.913215
259576912547 DISPLAY_TEXT 262 83 1 What
259577129809 CHEETAH_SIGNAL SENT_AFTER_TIME 259577.129311
259577128733 DISPLAY_TEXT OFF
259577446385 CHEETAH_SIGNAL SENT_AFTER_TIME 259577.445887
259577445296 DISPLAY_TEXT 263 83 2 will
259577663778 CHEETAH_SIGNAL SENT_AFTER_TIME 259577.663269
259577662689 DISPLAY_TEXT OFF
259577979744 CHEETAH_SIGNAL SENT_AFTER_TIME 259577.979240
259577978660 DISPLAY_TEXT 264 83 3 the
259578196303 CHEETAH_SIGNAL SENT_AFTER_TIME 259578.195806
259578195225 DISPLAY_TEXT OFF
259578513465 CHEETAH_SIGNAL SENT_AFTER_TIME 259578.512973
259578512397 DISPLAY_TEXT 265 83 4 girl
259578730809 CHEETAH_SIGNAL SENT_AFTER_TIME 259578.730310
259578729733 DISPLAY_TEXT OFF
259579046752 CHEETAH_SIGNAL SENT_AFTER_TIME 259579.046215
259579045636 DISPLAY_TEXT 266 83 5 eat?
259579263810 CHEETAH_SIGNAL SENT_AFTER_TIME 259579.263312
259579262732 DISPLAY_TEXT OFF
259579559581 KEY_PRESS l
259579775640 KEY_PRESS l
259580281376 CHEETAH_SIGNAL SENT_AFTER_TIME 259580.280879
259580280303 DISPLAY_TEXT 267 84 1 The
259580497260 CHEETAH_SIGNAL SENT_AFTER_TIME 259580.496762
259580496185 DISPLAY_TEXT OFF
259580810316 CHEETAH_SIGNAL SENT_AFTER_TIME 259580.809865
259580809344 DISPLAY_TEXT 268 84 2 girl
259581031752 CHEETAH_SIGNAL SENT_AFTER_TIME 259581.031264
259581030646 DISPLAY_TEXT OFF
259581348012 CHEETAH_SIGNAL SENT_AFTER_TIME 259581.347503
259581346924 DISPLAY_TEXT 269 84 3 smiled.
259581563955 CHEETAH_SIGNAL SENT_AFTER_TIME 259581.563459
259581562882 DISPLAY_TEXT OFF
259582581097 CHEETAH_SIGNAL SENT_AFTER_TIME 259582.580606
259582580026 DISPLAY_TEXT 270 85 1 The
259582797274 CHEETAH_SIGNAL SENT_AFTER_TIME 259582.796781
259582796202 DISPLAY_TEXT OFF
259583114401 CHEETAH_SIGNAL SENT_AFTER_TIME 259583.113908
259583113332 DISPLAY_TEXT 271 85 2 cook
259583330613 CHEETAH_SIGNAL SENT_AFTER_TIME 259583.330109
259583329529 DISPLAY_TEXT OFF
259583647872 CHEETAH_SIGNAL SENT_AFTER_TIME 259583.647385
259583646695 DISPLAY_TEXT 272 85 3 prepared
259583631633 KEY_PRESS l
259583799628 KEY_PRESS l
259583864314 CHEETAH_SIGNAL SENT_AFTER_TIME 259583.863814
259583863230 DISPLAY_TEXT OFF
259584181577 CHEETAH_SIGNAL SENT_AFTER_TIME 259584.181094
259584180499 DISPLAY_TEXT 273 85 4 the
259584397744 CHEETAH_SIGNAL SENT_AFTER_TIME 259584.397247
259584396665 DISPLAY_TEXT OFF
259584714933 CHEETAH_SIGNAL SENT_AFTER_TIME 259584.714434
259584713852 DISPLAY_TEXT 274 85 5 meal.
259584932055 CHEETAH_SIGNAL SENT_AFTER_TIME 259584.931563
259584930982 DISPLAY_TEXT OFF
259585151501 KEY_PRESS l
259585327493 KEY_PRESS l
259585948256 CHEETAH_SIGNAL SENT_AFTER_TIME 259585.947772
259585947182 DISPLAY_TEXT 275 86 1 What
259586165009 CHEETAH_SIGNAL SENT_AFTER_TIME 259586.164512
259586163931 DISPLAY_TEXT OFF
259586481517 CHEETAH_SIGNAL SENT_AFTER_TIME 259586.481030
259586480436 DISPLAY_TEXT 276 86 2 does
259586699290 CHEETAH_SIGNAL SENT_AFTER_TIME 259586.698797
259586698100 DISPLAY_TEXT OFF
259587015338 CHEETAH_SIGNAL SENT_AFTER_TIME 259587.014841
259587014150 DISPLAY_TEXT 277 86 3 the
259587231301 CHEETAH_SIGNAL SENT_AFTER_TIME 259587.230811
259587230230 DISPLAY_TEXT OFF
259587548274 CHEETAH_SIGNAL SENT_AFTER_TIME 259587.547784
259587547214 DISPLAY_TEXT 278 86 4 girl
259587765619 CHEETAH_SIGNAL SENT_AFTER_TIME 259587.765118
259587764536 DISPLAY_TEXT OFF
259588081652 CHEETAH_SIGNAL SENT_AFTER_TIME 259588.081162
259588080577 DISPLAY_TEXT 279 86 5 eat?
259588298744 CHEETAH_SIGNAL SENT_AFTER_TIME 259588.298255
259588297647 DISPLAY_TEXT OFF
259588471627 KEY_PRESS l
259588655555 KEY_PRESS l
259589314826 CHEETAH_SIGNAL SENT_AFTER_TIME 259589.314324
259589313683 DISPLAY_TEXT 280 87 1 Who
259589531740 CHEETAH_SIGNAL SENT_AFTER_TIME 259589.531243
259589530657 DISPLAY_TEXT OFF
259589848843 CHEETAH_SIGNAL SENT_AFTER_TIME 259589.848341
259589847760 DISPLAY_TEXT 281 87 2 kicked
259590066266 CHEETAH_SIGNAL SENT_AFTER_TIME 259590.065778
259590065201 DISPLAY_TEXT OFF
259590382378 CHEETAH_SIGNAL SENT_AFTER_TIME 259590.381885
259590381299 DISPLAY_TEXT 282 87 3 the
259590597717 CHEETAH_SIGNAL SENT_AFTER_TIME 259590.597292
259590596799 DISPLAY_TEXT OFF
259590916059 CHEETAH_SIGNAL SENT_AFTER_TIME 259590.915560
259590914983 DISPLAY_TEXT 283 87 4 ball?
259591132029 CHEETAH_SIGNAL SENT_AFTER_TIME 259591.131541
259591130959 DISPLAY_TEXT OFF
259592149383 CHEETAH_SIGNAL SENT_AFTER_TIME 259592.148896
259592148325 DISPLAY_TEXT 284 88 1 He
259592365360 CHEETAH_SIGNAL SENT_AFTER_TIME 259592.364866
259592364272 DISPLAY_TEXT OFF
259592682439 CHEETAH_SIGNAL SENT_AFTER_TIME 259592.681940
259592681324 DISPLAY_TEXT 285 88 2 collapses.
259592899477 CHEETAH_SIGNAL SENT_AFTER_TIME 259592.898988
259592898408 DISPLAY_TEXT OFF
259593916746 CHEETAH_SIGNAL SENT_AFTER_TIME 259593.916254
259593915677 DISPLAY_TEXT 286 89 1 He
259594132810 CHEETAH_SIGNAL SENT_AFTER_TIME 259594.132316
259594131733 DISPLAY_TEXT OFF
259594449942 CHEETAH_SIGNAL SENT_AFTER_TIME 259594.449444
259594448865 DISPLAY_TEXT 287 89 2 hears
259594665960 CHEETAH_SIGNAL SENT_AFTER_TIME 259594.665474
259594664851 DISPLAY_TEXT OFF
259594982941 CHEETAH_SIGNAL SENT_AFTER_TIME 259594.982445
259594981858 DISPLAY_TEXT 288 89 3 the
259595199881 CHEETAH_SIGNAL SENT_AFTER_TIME 259595.199384
259595198801 DISPLAY_TEXT OFF
259595516857 CHEETAH_SIGNAL SENT_AFTER_TIME 259595.516371
259595515771 DISPLAY_TEXT 289 89 4 men.
259595732809 CHEETAH_SIGNAL SENT_AFTER_TIME 259595.732319
259595731680 DISPLAY_TEXT OFF
259596750037 CHEETAH_SIGNAL SENT_AFTER_TIME 259596.749536
259596748956 DISPLAY_TEXT 290 90 1 Whom
259596966212 CHEETAH_SIGNAL SENT_AFTER_TIME 259596.965710
259596965014 DISPLAY_TEXT OFF
259597283392 CHEETAH_SIGNAL SENT_AFTER_TIME 259597.282907
259597282314 DISPLAY_TEXT 291 90 2 do
259597499479 CHEETAH_SIGNAL SENT_AFTER_TIME 259597.498982
259597498403 DISPLAY_TEXT OFF
259597816951 CHEETAH_SIGNAL SENT_AFTER_TIME 259597.816459
259597815786 DISPLAY_TEXT 292 90 3 the
259598032842 CHEETAH_SIGNAL SENT_AFTER_TIME 259598.032349
259598031773 DISPLAY_TEXT OFF
259598350046 CHEETAH_SIGNAL SENT_AFTER_TIME 259598.349554
259598348981 DISPLAY_TEXT 293 90 4 women
259598567448 CHEETAH_SIGNAL SENT_AFTER_TIME 259598.566960
259598566379 DISPLAY_TEXT OFF
259598883489 CHEETAH_SIGNAL SENT_AFTER_TIME 259598.883005
259598882342 DISPLAY_TEXT 294 90 5 hug?
259599100578 CHEETAH_SIGNAL SENT_AFTER_TIME 259599.100093
259599099511 DISPLAY_TEXT OFF
259600116619 CHEETAH_SIGNAL SENT_AFTER_TIME 259600.116114
259600115537 DISPLAY_TEXT 295 91 1 The
259600333280 CHEETAH_SIGNAL SENT_AFTER_TIME 259600.332790
259600332211 DISPLAY_TEXT OFF
259600650469 CHEETAH_SIGNAL SENT_AFTER_TIME 259600.649997
259600649359 DISPLAY_TEXT 296 91 2 girl
259600867753 CHEETAH_SIGNAL SENT_AFTER_TIME 259600.867266
259600866674 DISPLAY_TEXT OFF
259601183701 CHEETAH_SIGNAL SENT_AFTER_TIME 259601.183192
259601182601 DISPLAY_TEXT 297 91 3 fell.
259601400612 CHEETAH_SIGNAL SENT_AFTER_TIME 259601.400115
259601399541 DISPLAY_TEXT OFF
259602417981 CHEETAH_SIGNAL SENT_AFTER_TIME 259602.417482
259602416823 DISPLAY_TEXT 298 92 1 She
259602633934 CHEETAH_SIGNAL SENT_AFTER_TIME 259602.633437
259602632844 DISPLAY_TEXT OFF
259602951098 CHEETAH_SIGNAL SENT_AFTER_TIME 259602.950604
259602949950 DISPLAY_TEXT 299 92 2 blooms.
259603168200 CHEETAH_SIGNAL SENT_AFTER_TIME 259603.167706
259603167129 DISPLAY_TEXT OFF
259604184068 CHEETAH_SIGNAL SENT_AFTER_TIME 259604.183573
259604182995 DISPLAY_TEXT 300 93 1 Who
259604401292 CHEETAH_SIGNAL SENT_AFTER_TIME 259604.400798
259604400221 DISPLAY_TEXT OFF
259604718571 CHEETAH_SIGNAL SENT_AFTER_TIME 259604.718046
259604717464 DISPLAY_TEXT 301 93 2 smelled
259604934580 CHEETAH_SIGNAL SENT_AFTER_TIME 259604.934093
259604933512 DISPLAY_TEXT OFF
259605250872 CHEETAH_SIGNAL SENT_AFTER_TIME 259605.250377
259605249797 DISPLAY_TEXT 302 93 3 the
259605468093 CHEETAH_SIGNAL SENT_AFTER_TIME 259605.467588
259605467002 DISPLAY_TEXT OFF
259605785343 CHEETAH_SIGNAL SENT_AFTER_TIME 259605.784856
259605784278 DISPLAY_TEXT 303 93 4 flowers?
259606000926 CHEETAH_SIGNAL SENT_AFTER_TIME 259606.000434
259605999855 DISPLAY_TEXT OFF
259607018175 CHEETAH_SIGNAL SENT_AFTER_TIME 259607.017675
259607017101 DISPLAY_TEXT 304 94 1 She
259607236521 CHEETAH_SIGNAL SENT_AFTER_TIME 259607.235991
259607234398 DISPLAY_TEXT OFF
259607551230 CHEETAH_SIGNAL SENT_AFTER_TIME 259607.550747
259607550167 DISPLAY_TEXT 305 94 2 kicked
259607768254 CHEETAH_SIGNAL SENT_AFTER_TIME 259607.767755
259607767174 DISPLAY_TEXT OFF
259608085363 CHEETAH_SIGNAL SENT_AFTER_TIME 259608.084870
259608084288 DISPLAY_TEXT 306 94 3 the
259608301907 CHEETAH_SIGNAL SENT_AFTER_TIME 259608.301408
259608300828 DISPLAY_TEXT OFF
259608619139 CHEETAH_SIGNAL SENT_AFTER_TIME 259608.618647
259608618067 DISPLAY_TEXT 307 94 4 ball.
259608835150 CHEETAH_SIGNAL SENT_AFTER_TIME 259608.834654
259608834079 DISPLAY_TEXT OFF
259609852243 CHEETAH_SIGNAL SENT_AFTER_TIME 259609.851747
259609851168 DISPLAY_TEXT 308 95 1 He
259610068288 CHEETAH_SIGNAL SENT_AFTER_TIME 259610.067794
259610067214 DISPLAY_TEXT OFF
259610385616 CHEETAH_SIGNAL SENT_AFTER_TIME 259610.385105
259610384443 DISPLAY_TEXT 309 95 2 streched.
259610602744 CHEETAH_SIGNAL SENT_AFTER_TIME 259610.602214
259610601627 DISPLAY_TEXT OFF
259611618615 CHEETAH_SIGNAL SENT_AFTER_TIME 259611.618116
259611617533 DISPLAY_TEXT 310 96 1 The
259611835807 CHEETAH_SIGNAL SENT_AFTER_TIME 259611.835302
259611834696 DISPLAY_TEXT OFF
259612153079 CHEETAH_SIGNAL SENT_AFTER_TIME 259612.152586
259612151921 DISPLAY_TEXT 311 96 2 girl
259612365032 CHEETAH_SIGNAL SENT_AFTER_TIME 259612.364560
259612364057 DISPLAY_TEXT OFF
259612685663 CHEETAH_SIGNAL SENT_AFTER_TIME 259612.685181
259612684605 DISPLAY_TEXT 312 96 3 kicked
259612902939 CHEETAH_SIGNAL SENT_AFTER_TIME 259612.902438
259612901861 DISPLAY_TEXT OFF
259613218800 CHEETAH_SIGNAL SENT_AFTER_TIME 259613.218308
259613217727 DISPLAY_TEXT 313 96 4 the
259613436088 CHEETAH_SIGNAL SENT_AFTER_TIME 259613.435654
259613435138 DISPLAY_TEXT OFF
259613753200 CHEETAH_SIGNAL SENT_AFTER_TIME 259613.752690
259613752115 DISPLAY_TEXT 314 96 5 ball.
259613969043 CHEETAH_SIGNAL SENT_AFTER_TIME 259613.968555
259613967980 DISPLAY_TEXT OFF
259614986184 CHEETAH_SIGNAL SENT_AFTER_TIME 259614.985696
259614985092 DISPLAY_TEXT 315 97 1 They
259615203270 CHEETAH_SIGNAL SENT_AFTER_TIME 259615.202773
259615202197 DISPLAY_TEXT OFF
259615519156 CHEETAH_SIGNAL SENT_AFTER_TIME 259615.518671
259615518094 DISPLAY_TEXT 316 97 2 kissed
259615736417 CHEETAH_SIGNAL SENT_AFTER_TIME 259615.735920
259615735329 DISPLAY_TEXT OFF
259616053822 CHEETAH_SIGNAL SENT_AFTER_TIME 259616.053323
259616052649 DISPLAY_TEXT 317 97 3 the
259616269741 CHEETAH_SIGNAL SENT_AFTER_TIME 259616.269225
259616268654 DISPLAY_TEXT OFF
259616586951 CHEETAH_SIGNAL SENT_AFTER_TIME 259616.586454
259616585831 DISPLAY_TEXT 318 97 4 clowns.
259616802758 CHEETAH_SIGNAL SENT_AFTER_TIME 259616.802266
259616801691 DISPLAY_TEXT OFF
259617819853 CHEETAH_SIGNAL SENT_AFTER_TIME 259617.819362
259617818768 DISPLAY_TEXT 319 98 1 The
259618036982 CHEETAH_SIGNAL SENT_AFTER_TIME 259618.036488
259618035909 DISPLAY_TEXT OFF
259618354237 CHEETAH_SIGNAL SENT_AFTER_TIME 259618.353741
259618353165 DISPLAY_TEXT 320 98 2 boy
259618570410 CHEETAH_SIGNAL SENT_AFTER_TIME 259618.569916
259618569336 DISPLAY_TEXT OFF
259618882596 CHEETAH_SIGNAL SENT_AFTER_TIME 259618.882141
259618881637 DISPLAY_TEXT 321 98 3 bloomed.
259619104009 CHEETAH_SIGNAL SENT_AFTER_TIME 259619.103519
259619102940 DISPLAY_TEXT OFF
259620120523 CHEETAH_SIGNAL SENT_AFTER_TIME 259620.120029
259620119456 DISPLAY_TEXT 322 99 1 They
259620336555 CHEETAH_SIGNAL SENT_AFTER_TIME 259620.336039
259620335462 DISPLAY_TEXT OFF
259620653613 CHEETAH_SIGNAL SENT_AFTER_TIME 259620.653153
259620652577 DISPLAY_TEXT 323 99 2 cough.
259620870624 CHEETAH_SIGNAL SENT_AFTER_TIME 259620.870149
259620869562 DISPLAY_TEXT OFF
259621887844 CHEETAH_SIGNAL SENT_AFTER_TIME 259621.887346
259621886772 DISPLAY_TEXT 324 100 1 She
259622103857 CHEETAH_SIGNAL SENT_AFTER_TIME 259622.103362
259622102763 DISPLAY_TEXT OFF
259622420912 CHEETAH_SIGNAL SENT_AFTER_TIME 259622.420420
259622419790 DISPLAY_TEXT 325 100 2 fell.
259622636825 CHEETAH_SIGNAL SENT_AFTER_TIME 259622.636314
259622635738 DISPLAY_TEXT OFF
259623653980 CHEETAH_SIGNAL SENT_AFTER_TIME 259623.653490
259623652905 DISPLAY_TEXT 326 101 1 She
259623871155 CHEETAH_SIGNAL SENT_AFTER_TIME 259623.870658
259623870075 DISPLAY_TEXT OFF
259624187058 CHEETAH_SIGNAL SENT_AFTER_TIME 259624.186571
259624185991 DISPLAY_TEXT 327 101 2 cries.
259624404199 CHEETAH_SIGNAL SENT_AFTER_TIME 259624.403713
259624403133 DISPLAY_TEXT OFF
259625421328 CHEETAH_SIGNAL SENT_AFTER_TIME 259625.420823
259625420249 DISPLAY_TEXT 328 102 1 We
259625638229 CHEETAH_SIGNAL SENT_AFTER_TIME 259625.637730
259625637154 DISPLAY_TEXT OFF
259625954178 CHEETAH_SIGNAL SENT_AFTER_TIME 259625.953688
259625953113 DISPLAY_TEXT 329 102 2 heard
259626171388 CHEETAH_SIGNAL SENT_AFTER_TIME 259626.170895
259626170317 DISPLAY_TEXT OFF
259626483784 CHEETAH_SIGNAL SENT_AFTER_TIME 259626.483369
259626482928 DISPLAY_TEXT 330 102 3 that
259626704375 CHEETAH_SIGNAL SENT_AFTER_TIME 259626.703877
259626703299 DISPLAY_TEXT OFF
259627022352 CHEETAH_SIGNAL SENT_AFTER_TIME 259627.021864
259627021214 DISPLAY_TEXT 331 102 4 she
259627238405 CHEETAH_SIGNAL SENT_AFTER_TIME 259627.237913
259627237261 DISPLAY_TEXT OFF
259627555485 CHEETAH_SIGNAL SENT_AFTER_TIME 259627.554988
259627554411 DISPLAY_TEXT 332 102 5 sneezed.
259627771575 CHEETAH_SIGNAL SENT_AFTER_TIME 259627.771054
259627770477 DISPLAY_TEXT OFF
259628788648 CHEETAH_SIGNAL SENT_AFTER_TIME 259628.788173
259628787593 DISPLAY_TEXT 333 103 1 She
259629004571 CHEETAH_SIGNAL SENT_AFTER_TIME 259629.004041
259629003464 DISPLAY_TEXT OFF
259629321659 CHEETAH_SIGNAL SENT_AFTER_TIME 259629.321130
259629320556 DISPLAY_TEXT 334 103 2 scratched.
259629539245 CHEETAH_SIGNAL SENT_AFTER_TIME 259629.538752
259629538172 DISPLAY_TEXT OFF
259630555170 CHEETAH_SIGNAL SENT_AFTER_TIME 259630.554683
259630554105 DISPLAY_TEXT 335 104 1 They
259630772448 CHEETAH_SIGNAL SENT_AFTER_TIME 259630.771962
259630771336 DISPLAY_TEXT OFF
259631088408 CHEETAH_SIGNAL SENT_AFTER_TIME 259631.087919
259631087285 DISPLAY_TEXT 336 104 2 heared
259631305770 CHEETAH_SIGNAL SENT_AFTER_TIME 259631.305273
259631304691 DISPLAY_TEXT OFF
259631621801 CHEETAH_SIGNAL SENT_AFTER_TIME 259631.621301
259631620726 DISPLAY_TEXT 337 104 3 that
259631838938 CHEETAH_SIGNAL SENT_AFTER_TIME 259631.838443
259631837864 DISPLAY_TEXT OFF
259632156214 CHEETAH_SIGNAL SENT_AFTER_TIME 259632.155716
259632155042 DISPLAY_TEXT 338 104 4 she
259632372257 CHEETAH_SIGNAL SENT_AFTER_TIME 259632.371765
259632371185 DISPLAY_TEXT OFF
259632689703 CHEETAH_SIGNAL SENT_AFTER_TIME 259632.689199
259632688610 DISPLAY_TEXT 339 104 5 laughed.
259632905619 CHEETAH_SIGNAL SENT_AFTER_TIME 259632.905112
259632904534 DISPLAY_TEXT OFF
259633922753 CHEETAH_SIGNAL SENT_AFTER_TIME 259633.922260
259633921681 DISPLAY_TEXT 340 105 1 The
259634138891 CHEETAH_SIGNAL SENT_AFTER_TIME 259634.138401
259634137820 DISPLAY_TEXT OFF
259634455967 CHEETAH_SIGNAL SENT_AFTER_TIME 259634.455468
259634454890 DISPLAY_TEXT 341 105 2 boys
259634673068 CHEETAH_SIGNAL SENT_AFTER_TIME 259634.672580
259634672004 DISPLAY_TEXT OFF
259634989070 CHEETAH_SIGNAL SENT_AFTER_TIME 259634.988584
259634988008 DISPLAY_TEXT 342 105 3 winked.
259635206151 CHEETAH_SIGNAL SENT_AFTER_TIME 259635.205650
259635205061 DISPLAY_TEXT OFF
259636223444 CHEETAH_SIGNAL SENT_AFTER_TIME 259636.222950
259636222276 DISPLAY_TEXT 343 106 1 They
259636439470 CHEETAH_SIGNAL SENT_AFTER_TIME 259636.438974
259636438394 DISPLAY_TEXT OFF
259636756617 CHEETAH_SIGNAL SENT_AFTER_TIME 259636.756117
259636755533 DISPLAY_TEXT 344 106 2 vanish.
259636973747 CHEETAH_SIGNAL SENT_AFTER_TIME 259636.973238
259636972660 DISPLAY_TEXT OFF
259637989751 CHEETAH_SIGNAL SENT_AFTER_TIME 259637.989252
259637988675 DISPLAY_TEXT 345 107 1 They
259638206964 CHEETAH_SIGNAL SENT_AFTER_TIME 259638.206474
259638205897 DISPLAY_TEXT OFF
259638522879 CHEETAH_SIGNAL SENT_AFTER_TIME 259638.522402
259638521800 DISPLAY_TEXT 346 107 2 were
259638740844 CHEETAH_SIGNAL SENT_AFTER_TIME 259638.740359
259638739782 DISPLAY_TEXT OFF
259639056802 CHEETAH_SIGNAL SENT_AFTER_TIME 259639.056307
259639055727 DISPLAY_TEXT 347 107 3 loved.
259639269068 CHEETAH_SIGNAL SENT_AFTER_TIME 259639.268632
259639268049 DISPLAY_TEXT OFF
259640290771 CHEETAH_SIGNAL SENT_AFTER_TIME 259640.290275
259640289699 DISPLAY_TEXT 348 108 1 She
259640506824 CHEETAH_SIGNAL SENT_AFTER_TIME 259640.506334
259640505746 DISPLAY_TEXT OFF
259640824136 CHEETAH_SIGNAL SENT_AFTER_TIME 259640.823637
259640822961 DISPLAY_TEXT 349 108 2 arrives.
259641041745 CHEETAH_SIGNAL SENT_AFTER_TIME 259641.041234
259641040554 DISPLAY_TEXT OFF
259642057911 CHEETAH_SIGNAL SENT_AFTER_TIME 259642.057419
259642056841 DISPLAY_TEXT 350 109 1 The
259642274037 CHEETAH_SIGNAL SENT_AFTER_TIME 259642.273548
259642272972 DISPLAY_TEXT OFF
259642591365 CHEETAH_SIGNAL SENT_AFTER_TIME 259642.590861
259642590289 DISPLAY_TEXT 351 109 2 boy
259642803492 CHEETAH_SIGNAL SENT_AFTER_TIME 259642.803048
259642802552 DISPLAY_TEXT OFF
259643124831 CHEETAH_SIGNAL SENT_AFTER_TIME 259643.124328
259643123732 DISPLAY_TEXT 352 109 3 was
259643340908 CHEETAH_SIGNAL SENT_AFTER_TIME 259643.340420
259643339828 DISPLAY_TEXT OFF
259643658150 CHEETAH_SIGNAL SENT_AFTER_TIME 259643.657658
259643657078 DISPLAY_TEXT 353 109 4 pushed.
259643874013 CHEETAH_SIGNAL SENT_AFTER_TIME 259643.873523
259643872932 DISPLAY_TEXT OFF
259644891616 CHEETAH_SIGNAL SENT_AFTER_TIME 259644.891159
259644890583 DISPLAY_TEXT 354 110 1 The
259645107812 CHEETAH_SIGNAL SENT_AFTER_TIME 259645.107320
259645106738 DISPLAY_TEXT OFF
259645425202 CHEETAH_SIGNAL SENT_AFTER_TIME 259645.424699
259645423997 DISPLAY_TEXT 355 110 2 cake
259645641171 CHEETAH_SIGNAL SENT_AFTER_TIME 259645.640680
259645640103 DISPLAY_TEXT OFF
259645958154 CHEETAH_SIGNAL SENT_AFTER_TIME 259645.957659
259645957082 DISPLAY_TEXT 356 110 3 was
259646174271 CHEETAH_SIGNAL SENT_AFTER_TIME 259646.173776
259646173118 DISPLAY_TEXT OFF
259646175476 KEY_PRESS l
259646375622 KEY_PRESS l
259646491466 CHEETAH_SIGNAL SENT_AFTER_TIME 259646.490968
259646490315 DISPLAY_TEXT 357 110 4 overcooked.
259646708749 CHEETAH_SIGNAL SENT_AFTER_TIME 259646.708239
259646707655 DISPLAY_TEXT OFF
259647159756 KEY_PRESS l
259647335626 KEY_PRESS l
259647724983 CHEETAH_SIGNAL SENT_AFTER_TIME 259647.724486
259647723907 DISPLAY_TEXT 358 111 1 He
259647942061 CHEETAH_SIGNAL SENT_AFTER_TIME 259647.941577
259647940989 DISPLAY_TEXT OFF
259648258017 CHEETAH_SIGNAL SENT_AFTER_TIME 259648.257527
259648256947 DISPLAY_TEXT 359 111 2 jumped.
259648475109 CHEETAH_SIGNAL SENT_AFTER_TIME 259648.474609
259648474028 DISPLAY_TEXT OFF
259649491653 CHEETAH_SIGNAL SENT_AFTER_TIME 259649.491168
259649490593 DISPLAY_TEXT 360 112 1 Who
259649708744 CHEETAH_SIGNAL SENT_AFTER_TIME 259649.708226
259649707631 DISPLAY_TEXT OFF
259650025614 CHEETAH_SIGNAL SENT_AFTER_TIME 259650.025102
259650024446 DISPLAY_TEXT 361 112 2 appeared?
259650242752 CHEETAH_SIGNAL SENT_AFTER_TIME 259650.242225
259650241645 DISPLAY_TEXT OFF
259651259421 CHEETAH_SIGNAL SENT_AFTER_TIME 259651.258925
259651258346 DISPLAY_TEXT 362 113 1 What
259651475696 CHEETAH_SIGNAL SENT_AFTER_TIME 259651.475188
259651474613 DISPLAY_TEXT OFF
259651792861 CHEETAH_SIGNAL SENT_AFTER_TIME 259651.792378
259651791770 DISPLAY_TEXT 363 113 2 will
259652008772 CHEETAH_SIGNAL SENT_AFTER_TIME 259652.008297
259652007694 DISPLAY_TEXT OFF
259652325836 CHEETAH_SIGNAL SENT_AFTER_TIME 259652.325343
259652324766 DISPLAY_TEXT 364 113 3 the
259652541803 CHEETAH_SIGNAL SENT_AFTER_TIME 259652.541304
259652540710 DISPLAY_TEXT OFF
259652858798 CHEETAH_SIGNAL SENT_AFTER_TIME 259652.858303
259652857721 DISPLAY_TEXT 365 113 4 boy
259653075699 CHEETAH_SIGNAL SENT_AFTER_TIME 259653.075224
259653074625 DISPLAY_TEXT OFF
259653392909 CHEETAH_SIGNAL SENT_AFTER_TIME 259653.392443
259653391851 DISPLAY_TEXT 366 113 5 smell?
259653609026 CHEETAH_SIGNAL SENT_AFTER_TIME 259653.608540
259653607963 DISPLAY_TEXT OFF
259654626152 CHEETAH_SIGNAL SENT_AFTER_TIME 259654.625661
259654625082 DISPLAY_TEXT 367 114 1 She
259654842800 CHEETAH_SIGNAL SENT_AFTER_TIME 259654.842305
259654841725 DISPLAY_TEXT OFF
259655159649 CHEETAH_SIGNAL SENT_AFTER_TIME 259655.159132
259655158533 DISPLAY_TEXT 368 114 2 saw
259655375581 CHEETAH_SIGNAL SENT_AFTER_TIME 259655.375092
259655374511 DISPLAY_TEXT OFF
259655692818 CHEETAH_SIGNAL SENT_AFTER_TIME 259655.692336
259655691743 DISPLAY_TEXT 369 114 3 him
259655909981 CHEETAH_SIGNAL SENT_AFTER_TIME 259655.909496
259655908906 DISPLAY_TEXT OFF
259656226100 CHEETAH_SIGNAL SENT_AFTER_TIME 259656.225601
259656225021 DISPLAY_TEXT 370 114 4 coming.
259656443257 CHEETAH_SIGNAL SENT_AFTER_TIME 259656.442759
259656442180 DISPLAY_TEXT OFF
259657459470 CHEETAH_SIGNAL SENT_AFTER_TIME 259657.458977
259657458302 DISPLAY_TEXT 371 115 1 She
259657676743 CHEETAH_SIGNAL SENT_AFTER_TIME 259657.676228
259657675603 DISPLAY_TEXT OFF
259657991518 CHEETAH_SIGNAL SENT_AFTER_TIME 259657.991085
259657990623 DISPLAY_TEXT 372 115 2 discovered
259658209986 CHEETAH_SIGNAL SENT_AFTER_TIME 259658.209489
259658208913 DISPLAY_TEXT OFF
259658526574 CHEETAH_SIGNAL SENT_AFTER_TIME 259658.526083
259658525508 DISPLAY_TEXT 373 115 3 that
259658743795 CHEETAH_SIGNAL SENT_AFTER_TIME 259658.743304
259658742728 DISPLAY_TEXT OFF
259659059653 CHEETAH_SIGNAL SENT_AFTER_TIME 259659.059135
259659058557 DISPLAY_TEXT 374 115 4 they
259659276850 CHEETAH_SIGNAL SENT_AFTER_TIME 259659.276368
259659275788 DISPLAY_TEXT OFF
259659592793 CHEETAH_SIGNAL SENT_AFTER_TIME 259659.592296
259659591721 DISPLAY_TEXT 375 115 5 cough.
259659810736 CHEETAH_SIGNAL SENT_AFTER_TIME 259659.810224
259659809627 DISPLAY_TEXT OFF
259660826582 CHEETAH_SIGNAL SENT_AFTER_TIME 259660.826089
259660825508 DISPLAY_TEXT 376 116 1 Who
259661043925 CHEETAH_SIGNAL SENT_AFTER_TIME 259661.043433
259661042856 DISPLAY_TEXT OFF
259661359882 CHEETAH_SIGNAL SENT_AFTER_TIME 259661.359396
259661358819 DISPLAY_TEXT 377 116 2 vanished?
259661577070 CHEETAH_SIGNAL SENT_AFTER_TIME 259661.576565
259661575979 DISPLAY_TEXT OFF
259662593041 CHEETAH_SIGNAL SENT_AFTER_TIME 259662.592543
259662591985 DISPLAY_TEXT 378 117 1 The
259662810189 CHEETAH_SIGNAL SENT_AFTER_TIME 259662.809690
259662809095 DISPLAY_TEXT OFF
259663127379 CHEETAH_SIGNAL SENT_AFTER_TIME 259663.126888
259663126319 DISPLAY_TEXT 379 117 2 women
259663343460 CHEETAH_SIGNAL SENT_AFTER_TIME 259663.342968
259663342387 DISPLAY_TEXT OFF
259663660617 CHEETAH_SIGNAL SENT_AFTER_TIME 259663.660107
259663659528 DISPLAY_TEXT 380 117 3 hug
259663877886 CHEETAH_SIGNAL SENT_AFTER_TIME 259663.877395
259663876805 DISPLAY_TEXT OFF
259664193962 CHEETAH_SIGNAL SENT_AFTER_TIME 259664.193483
259664192909 DISPLAY_TEXT 381 117 4 the
259664411221 CHEETAH_SIGNAL SENT_AFTER_TIME 259664.410732
259664410154 DISPLAY_TEXT OFF
259664727329 CHEETAH_SIGNAL SENT_AFTER_TIME 259664.726855
259664726282 DISPLAY_TEXT 382 117 5 friend.
259664943770 CHEETAH_SIGNAL SENT_AFTER_TIME 259664.943287
259664942709 DISPLAY_TEXT OFF
259665960737 CHEETAH_SIGNAL SENT_AFTER_TIME 259665.960250
259665959668 DISPLAY_TEXT 383 118 1 The
259666178122 CHEETAH_SIGNAL SENT_AFTER_TIME 259666.177626
259666177046 DISPLAY_TEXT OFF
259666494307 CHEETAH_SIGNAL SENT_AFTER_TIME 259666.493801
259666493116 DISPLAY_TEXT 384 118 2 woman
259666711349 CHEETAH_SIGNAL SENT_AFTER_TIME 259666.710862
259666710268 DISPLAY_TEXT OFF
259667027810 CHEETAH_SIGNAL SENT_AFTER_TIME 259667.027324
259667026746 DISPLAY_TEXT 385 118 3 was
259667244829 CHEETAH_SIGNAL SENT_AFTER_TIME 259667.244349
259667243744 DISPLAY_TEXT OFF
259667562022 CHEETAH_SIGNAL SENT_AFTER_TIME 259667.561533
259667560939 DISPLAY_TEXT 386 118 4 pinched.
259667778040 CHEETAH_SIGNAL SENT_AFTER_TIME 259667.777548
259667776887 DISPLAY_TEXT OFF
259668792007 CHEETAH_SIGNAL SENT_AFTER_TIME 259668.791586
259668791060 DISPLAY_TEXT 387 119 1 She
259669011698 CHEETAH_SIGNAL SENT_AFTER_TIME 259669.011211
259669010631 DISPLAY_TEXT OFF
259669328965 CHEETAH_SIGNAL SENT_AFTER_TIME 259669.328467
259669327835 DISPLAY_TEXT 388 119 2 was
259669544745 CHEETAH_SIGNAL SENT_AFTER_TIME 259669.544220
259669543621 DISPLAY_TEXT OFF
259669861497 CHEETAH_SIGNAL SENT_AFTER_TIME 259669.861000
259669860423 DISPLAY_TEXT 389 119 3 kicked.
259670078757 CHEETAH_SIGNAL SENT_AFTER_TIME 259670.078112
259670077516 DISPLAY_TEXT OFF
259671095509 CHEETAH_SIGNAL SENT_AFTER_TIME 259671.095016
259671094439 DISPLAY_TEXT 390 120 1 They
259671312749 CHEETAH_SIGNAL SENT_AFTER_TIME 259671.312248
259671311667 DISPLAY_TEXT OFF
259671628612 CHEETAH_SIGNAL SENT_AFTER_TIME 259671.628147
259671627571 DISPLAY_TEXT 391 120 2 caught
259671845807 CHEETAH_SIGNAL SENT_AFTER_TIME 259671.845308
259671844725 DISPLAY_TEXT OFF
259672161736 CHEETAH_SIGNAL SENT_AFTER_TIME 259672.161247
259672160666 DISPLAY_TEXT 392 120 3 him
259672378890 CHEETAH_SIGNAL SENT_AFTER_TIME 259672.378391
259672377814 DISPLAY_TEXT OFF
259672696198 CHEETAH_SIGNAL SENT_AFTER_TIME 259672.695738
259672695219 DISPLAY_TEXT 393 120 4 stealing.
259672912559 CHEETAH_SIGNAL SENT_AFTER_TIME 259672.912049
259672911377 DISPLAY_TEXT OFF
259673929742 CHEETAH_SIGNAL SENT_AFTER_TIME 259673.929245
259673928670 DISPLAY_TEXT 394 121 1 What
259674146984 CHEETAH_SIGNAL SENT_AFTER_TIME 259674.146454
259674144831 DISPLAY_TEXT OFF
259674462333 CHEETAH_SIGNAL SENT_AFTER_TIME 259674.461839
259674461264 DISPLAY_TEXT 395 121 2 did
259674679434 CHEETAH_SIGNAL SENT_AFTER_TIME 259674.678935
259674678355 DISPLAY_TEXT OFF
259674996617 CHEETAH_SIGNAL SENT_AFTER_TIME 259674.996159
259674995581 DISPLAY_TEXT 396 121 3 the
259675212615 CHEETAH_SIGNAL SENT_AFTER_TIME 259675.212141
259675211526 DISPLAY_TEXT OFF
259675529650 CHEETAH_SIGNAL SENT_AFTER_TIME 259675.529127
259675528513 DISPLAY_TEXT 397 121 4 girls
259675745661 CHEETAH_SIGNAL SENT_AFTER_TIME 259675.745162
259675744584 DISPLAY_TEXT OFF
259676062703 CHEETAH_SIGNAL SENT_AFTER_TIME 259676.062193
259676061619 DISPLAY_TEXT 398 121 5 find?
259676279995 CHEETAH_SIGNAL SENT_AFTER_TIME 259676.279500
259676278830 DISPLAY_TEXT OFF
259677296071 CHEETAH_SIGNAL SENT_AFTER_TIME 259677.295577
259677294917 DISPLAY_TEXT 399 122 1 The
259677513261 CHEETAH_SIGNAL SENT_AFTER_TIME 259677.512764
259677512130 DISPLAY_TEXT OFF
259677829433 CHEETAH_SIGNAL SENT_AFTER_TIME 259677.828948
259677828377 DISPLAY_TEXT 400 122 2 girl
259678046609 CHEETAH_SIGNAL SENT_AFTER_TIME 259678.046160
259678045572 DISPLAY_TEXT OFF
259678362698 CHEETAH_SIGNAL SENT_AFTER_TIME 259678.362203
259678361627 DISPLAY_TEXT 401 122 3 crawls.
259678579805 CHEETAH_SIGNAL SENT_AFTER_TIME 259678.579309
259678578736 DISPLAY_TEXT OFF
259679596235 CHEETAH_SIGNAL SENT_AFTER_TIME 259679.595824
259679595349 DISPLAY_TEXT 402 123 1 Who
259679813460 CHEETAH_SIGNAL SENT_AFTER_TIME 259679.812977
259679812403 DISPLAY_TEXT OFF
259680130841 CHEETAH_SIGNAL SENT_AFTER_TIME 259680.130349
259680129772 DISPLAY_TEXT 403 123 2 will
259680346847 CHEETAH_SIGNAL SENT_AFTER_TIME 259680.346350
259680345772 DISPLAY_TEXT OFF
259680663993 CHEETAH_SIGNAL SENT_AFTER_TIME 259680.663507
259680662900 DISPLAY_TEXT 404 123 3 the
259680880427 CHEETAH_SIGNAL SENT_AFTER_TIME 259680.879954
259680879361 DISPLAY_TEXT OFF
259681197653 CHEETAH_SIGNAL SENT_AFTER_TIME 259681.197128
259681196551 DISPLAY_TEXT 405 123 4 boys
259681413602 CHEETAH_SIGNAL SENT_AFTER_TIME 259681.413049
259681412471 DISPLAY_TEXT OFF
259681730984 CHEETAH_SIGNAL SENT_AFTER_TIME 259681.730490
259681729911 DISPLAY_TEXT 406 123 5 kiss?
259681946942 CHEETAH_SIGNAL SENT_AFTER_TIME 259681.946445
259681945866 DISPLAY_TEXT OFF
259682964174 CHEETAH_SIGNAL SENT_AFTER_TIME 259682.963682
259682963082 DISPLAY_TEXT 407 124 1 Who
259683180199 CHEETAH_SIGNAL SENT_AFTER_TIME 259683.179707
259683179129 DISPLAY_TEXT OFF
259683497361 CHEETAH_SIGNAL SENT_AFTER_TIME 259683.496869
259683496294 DISPLAY_TEXT 408 124 2 disappeared?
259683713577 CHEETAH_SIGNAL SENT_AFTER_TIME 259683.713092
259683712515 DISPLAY_TEXT OFF
259684730829 CHEETAH_SIGNAL SENT_AFTER_TIME 259684.730337
259684729758 DISPLAY_TEXT 409 125 1 We
259684947858 CHEETAH_SIGNAL SENT_AFTER_TIME 259684.947421
259684946841 DISPLAY_TEXT OFF
259685264875 CHEETAH_SIGNAL SENT_AFTER_TIME 259685.264377
259685263797 DISPLAY_TEXT 410 125 2 believed
259685480941 CHEETAH_SIGNAL SENT_AFTER_TIME 259685.480446
259685479870 DISPLAY_TEXT OFF
259685797648 CHEETAH_SIGNAL SENT_AFTER_TIME 259685.797138
259685796551 DISPLAY_TEXT 411 125 3 that
259686014841 CHEETAH_SIGNAL SENT_AFTER_TIME 259686.014347
259686013766 DISPLAY_TEXT OFF
259686330740 CHEETAH_SIGNAL SENT_AFTER_TIME 259686.330285
259686329707 DISPLAY_TEXT 412 125 4 he
259686547745 CHEETAH_SIGNAL SENT_AFTER_TIME 259686.547230
259686546626 DISPLAY_TEXT OFF
259686864818 CHEETAH_SIGNAL SENT_AFTER_TIME 259686.864339
259686863738 DISPLAY_TEXT 413 125 5 cried.
259687081015 CHEETAH_SIGNAL SENT_AFTER_TIME 259687.080515
259687079939 DISPLAY_TEXT OFF
259688098085 CHEETAH_SIGNAL SENT_AFTER_TIME 259688.097599
259688097009 DISPLAY_TEXT 414 126 1 The
259688315092 CHEETAH_SIGNAL SENT_AFTER_TIME 259688.314595
259688314014 DISPLAY_TEXT OFF
259688631278 CHEETAH_SIGNAL SENT_AFTER_TIME 259688.630773
259688630098 DISPLAY_TEXT 415 126 2 host
259688848319 CHEETAH_SIGNAL SENT_AFTER_TIME 259688.847840
259688847248 DISPLAY_TEXT OFF
259689164952 CHEETAH_SIGNAL SENT_AFTER_TIME 259689.164460
259689163882 DISPLAY_TEXT 416 126 3 will
259689382182 CHEETAH_SIGNAL SENT_AFTER_TIME 259689.381691
259689381113 DISPLAY_TEXT OFF
259689698238 CHEETAH_SIGNAL SENT_AFTER_TIME 259689.697747
259689697114 DISPLAY_TEXT 417 126 4 eat.
259689915253 CHEETAH_SIGNAL SENT_AFTER_TIME 259689.914771
259689914192 DISPLAY_TEXT OFF
259690431697 KEY_PRESS l
259690719641 KEY_PRESS l
259690931496 CHEETAH_SIGNAL SENT_AFTER_TIME 259690.931007
259690930430 DISPLAY_TEXT 418 127 1 The
259691148611 CHEETAH_SIGNAL SENT_AFTER_TIME 259691.148139
259691147555 DISPLAY_TEXT OFF
259691465572 CHEETAH_SIGNAL SENT_AFTER_TIME 259691.465062
259691464491 DISPLAY_TEXT 419 127 2 woman
259691681480 CHEETAH_SIGNAL SENT_AFTER_TIME 259691.681001
259691680427 DISPLAY_TEXT OFF
259691998634 CHEETAH_SIGNAL SENT_AFTER_TIME 259691.998136
259691997561 DISPLAY_TEXT 420 127 3 will
259692215745 CHEETAH_SIGNAL SENT_AFTER_TIME 259692.215229
259692214568 DISPLAY_TEXT OFF
259692531684 CHEETAH_SIGNAL SENT_AFTER_TIME 259692.531201
259692530627 DISPLAY_TEXT 421 127 4 speak.
259692748740 CHEETAH_SIGNAL SENT_AFTER_TIME 259692.748240
259692747634 DISPLAY_TEXT OFF
259693765846 CHEETAH_SIGNAL SENT_AFTER_TIME 259693.765353
259693764776 DISPLAY_TEXT 422 128 1 Whom
259693981745 CHEETAH_SIGNAL SENT_AFTER_TIME 259693.981232
259693980650 DISPLAY_TEXT OFF
259694299223 CHEETAH_SIGNAL SENT_AFTER_TIME 259694.298749
259694298175 DISPLAY_TEXT 423 128 2 will
259694516457 CHEETAH_SIGNAL SENT_AFTER_TIME 259694.515951
259694515371 DISPLAY_TEXT OFF
259694832535 CHEETAH_SIGNAL SENT_AFTER_TIME 259694.832024
259694831449 DISPLAY_TEXT 424 128 3 the
259695049613 CHEETAH_SIGNAL SENT_AFTER_TIME 259695.049156
259695048578 DISPLAY_TEXT OFF
259695365603 CHEETAH_SIGNAL SENT_AFTER_TIME 259695.365108
259695364535 DISPLAY_TEXT 425 128 4 women
259695582743 CHEETAH_SIGNAL SENT_AFTER_TIME 259695.582234
259695581641 DISPLAY_TEXT OFF
259695899737 CHEETAH_SIGNAL SENT_AFTER_TIME 259695.899246
259695898662 DISPLAY_TEXT 426 128 5 hug?
259696115615 CHEETAH_SIGNAL SENT_AFTER_TIME 259696.115155
259696114577 DISPLAY_TEXT OFF
259697132747 CHEETAH_SIGNAL SENT_AFTER_TIME 259697.132233
259697131653 DISPLAY_TEXT 427 129 1 Who
259697349798 CHEETAH_SIGNAL SENT_AFTER_TIME 259697.349308
259697348729 DISPLAY_TEXT OFF
259697666657 CHEETAH_SIGNAL SENT_AFTER_TIME 259697.666174
259697665599 DISPLAY_TEXT 428 129 2 smiles?
259697882809 CHEETAH_SIGNAL SENT_AFTER_TIME 259697.882316
259697881684 DISPLAY_TEXT OFF
259698899874 CHEETAH_SIGNAL SENT_AFTER_TIME 259698.899378
259698898797 DISPLAY_TEXT 429 130 1 They
259699116397 CHEETAH_SIGNAL SENT_AFTER_TIME 259699.115897
259699115236 DISPLAY_TEXT OFF
259699433557 CHEETAH_SIGNAL SENT_AFTER_TIME 259699.433038
259699432359 DISPLAY_TEXT 430 130 2 coughed.
259699650406 CHEETAH_SIGNAL SENT_AFTER_TIME 259699.649918
259699649342 DISPLAY_TEXT OFF
259700666550 CHEETAH_SIGNAL SENT_AFTER_TIME 259700.666056
259700665446 DISPLAY_TEXT 431 131 1 Who
259700884230 CHEETAH_SIGNAL SENT_AFTER_TIME 259700.883752
259700883172 DISPLAY_TEXT OFF
259701201817 CHEETAH_SIGNAL SENT_AFTER_TIME 259701.201293
259701200634 DISPLAY_TEXT 432 131 2 cried?
259701416913 CHEETAH_SIGNAL SENT_AFTER_TIME 259701.416419
259701415843 DISPLAY_TEXT OFF
259702434025 CHEETAH_SIGNAL SENT_AFTER_TIME 259702.433538
259702432960 DISPLAY_TEXT 433 132 1 The
259702651176 CHEETAH_SIGNAL SENT_AFTER_TIME 259702.650701
259702650107 DISPLAY_TEXT OFF
259702967118 CHEETAH_SIGNAL SENT_AFTER_TIME 259702.966627
259702966050 DISPLAY_TEXT 434 132 2 boys
259703184259 CHEETAH_SIGNAL SENT_AFTER_TIME 259703.183772
259703183195 DISPLAY_TEXT OFF
259703500300 CHEETAH_SIGNAL SENT_AFTER_TIME 259703.499809
259703499235 DISPLAY_TEXT 435 132 3 kissed
259703717572 CHEETAH_SIGNAL SENT_AFTER_TIME 259703.717082
259703716417 DISPLAY_TEXT OFF
259704033747 CHEETAH_SIGNAL SENT_AFTER_TIME 259704.033236
259704032663 DISPLAY_TEXT 436 132 4 the
259704250828 CHEETAH_SIGNAL SENT_AFTER_TIME 259704.250352
259704249735 DISPLAY_TEXT OFF
259704568006 CHEETAH_SIGNAL SENT_AFTER_TIME 259704.567511
259704566932 DISPLAY_TEXT 437 132 5 clowns.
259704784506 CHEETAH_SIGNAL SENT_AFTER_TIME 259704.784015
259704783434 DISPLAY_TEXT OFF
259705801625 CHEETAH_SIGNAL SENT_AFTER_TIME 259705.801119
259705800525 DISPLAY_TEXT 438 133 1 Who
259706017504 CHEETAH_SIGNAL SENT_AFTER_TIME 259706.017020
259706016440 DISPLAY_TEXT OFF
259706334690 CHEETAH_SIGNAL SENT_AFTER_TIME 259706.334208
259706333620 DISPLAY_TEXT 439 133 2 found
259706550695 CHEETAH_SIGNAL SENT_AFTER_TIME 259706.550219
259706549601 DISPLAY_TEXT OFF
259706867875 CHEETAH_SIGNAL SENT_AFTER_TIME 259706.867375
259706866799 DISPLAY_TEXT 440 133 3 the
259707084941 CHEETAH_SIGNAL SENT_AFTER_TIME 259707.084456
259707083874 DISPLAY_TEXT OFF
259707401928 CHEETAH_SIGNAL SENT_AFTER_TIME 259707.401451
259707400874 DISPLAY_TEXT 441 133 4 bikes?
259707617977 CHEETAH_SIGNAL SENT_AFTER_TIME 259707.617489
259707616913 DISPLAY_TEXT OFF
259708635022 CHEETAH_SIGNAL SENT_AFTER_TIME 259708.634530
259708633936 DISPLAY_TEXT 442 134 1 Who
259708849613 CHEETAH_SIGNAL SENT_AFTER_TIME 259708.849211
259708848702 DISPLAY_TEXT OFF
259709164964 CHEETAH_SIGNAL SENT_AFTER_TIME 259709.164533
259709164033 DISPLAY_TEXT 443 134 2 crawled?
259709385595 CHEETAH_SIGNAL SENT_AFTER_TIME 259709.385050
259709384474 DISPLAY_TEXT OFF
259710402262 CHEETAH_SIGNAL SENT_AFTER_TIME 259710.401778
259710401189 DISPLAY_TEXT 444 135 1 The
259710618503 CHEETAH_SIGNAL SENT_AFTER_TIME 259710.618015
259710617426 DISPLAY_TEXT OFF
259710935762 CHEETAH_SIGNAL SENT_AFTER_TIME 259710.935267
259710934692 DISPLAY_TEXT 445 135 2 boy
259711151748 CHEETAH_SIGNAL SENT_AFTER_TIME 259711.151259
259711150671 DISPLAY_TEXT OFF
259711468791 CHEETAH_SIGNAL SENT_AFTER_TIME 259711.468305
259711467729 DISPLAY_TEXT 446 135 3 heard
259711681139 CHEETAH_SIGNAL SENT_AFTER_TIME 259711.680681
259711680145 DISPLAY_TEXT OFF
259712001418 CHEETAH_SIGNAL SENT_AFTER_TIME 259712.000939
259712000363 DISPLAY_TEXT 447 135 4 the
259712218756 CHEETAH_SIGNAL SENT_AFTER_TIME 259712.218271
259712217567 DISPLAY_TEXT OFF
259712535761 CHEETAH_SIGNAL SENT_AFTER_TIME 259712.535269
259712534693 DISPLAY_TEXT 448 135 5 men.
259712751692 CHEETAH_SIGNAL SENT_AFTER_TIME 259712.751192
259712750603 DISPLAY_TEXT OFF
259713768858 CHEETAH_SIGNAL SENT_AFTER_TIME 259713.768381
259713767788 DISPLAY_TEXT 449 136 1 Who
259713986455 CHEETAH_SIGNAL SENT_AFTER_TIME 259713.985965
259713985399 DISPLAY_TEXT OFF
259714301384 CHEETAH_SIGNAL SENT_AFTER_TIME 259714.300950
259714300485 DISPLAY_TEXT 450 136 2 kissed
259714519759 CHEETAH_SIGNAL SENT_AFTER_TIME 259714.519278
259714518701 DISPLAY_TEXT OFF
259714835832 CHEETAH_SIGNAL SENT_AFTER_TIME 259714.835330
259714834667 DISPLAY_TEXT 451 136 3 the
259715052899 CHEETAH_SIGNAL SENT_AFTER_TIME 259715.052408
259715051723 DISPLAY_TEXT OFF
259715369096 CHEETAH_SIGNAL SENT_AFTER_TIME 259715.368599
259715367895 DISPLAY_TEXT 452 136 4 clowns?
259715586156 CHEETAH_SIGNAL SENT_AFTER_TIME 259715.585665
259715585074 DISPLAY_TEXT OFF
259716602657 CHEETAH_SIGNAL SENT_AFTER_TIME 259716.602185
259716601608 DISPLAY_TEXT 453 137 1 The
259716819349 CHEETAH_SIGNAL SENT_AFTER_TIME 259716.818855
259716818276 DISPLAY_TEXT OFF
259717136468 CHEETAH_SIGNAL SENT_AFTER_TIME 259717.135980
259717135405 DISPLAY_TEXT 454 137 2 boys
259717352615 CHEETAH_SIGNAL SENT_AFTER_TIME 259717.352142
259717351568 DISPLAY_TEXT OFF
259717669929 CHEETAH_SIGNAL SENT_AFTER_TIME 259717.669438
259717668863 DISPLAY_TEXT 455 137 3 vanished.
259717886747 CHEETAH_SIGNAL SENT_AFTER_TIME 259717.886247
259717885676 DISPLAY_TEXT OFF
259718902993 CHEETAH_SIGNAL SENT_AFTER_TIME 259718.902516
259718901924 DISPLAY_TEXT 456 138 1 He
259719115909 CHEETAH_SIGNAL SENT_AFTER_TIME 259719.115463
259719114931 DISPLAY_TEXT OFF
259719437140 CHEETAH_SIGNAL SENT_AFTER_TIME 259719.436646
259719436068 DISPLAY_TEXT 457 138 2 shaved.
259719653217 CHEETAH_SIGNAL SENT_AFTER_TIME 259719.652723
259719652131 DISPLAY_TEXT OFF
259720669892 CHEETAH_SIGNAL SENT_AFTER_TIME 259720.669405
259720668834 DISPLAY_TEXT 458 139 1 He
259720887328 CHEETAH_SIGNAL SENT_AFTER_TIME 259720.886830
259720886252 DISPLAY_TEXT OFF
259721203183 CHEETAH_SIGNAL SENT_AFTER_TIME 259721.202694
259721202116 DISPLAY_TEXT 459 139 2 saw
259721420368 CHEETAH_SIGNAL SENT_AFTER_TIME 259721.419881
259721419283 DISPLAY_TEXT OFF
259721737612 CHEETAH_SIGNAL SENT_AFTER_TIME 259721.737143
259721736568 DISPLAY_TEXT 460 139 3 her
259721953850 CHEETAH_SIGNAL SENT_AFTER_TIME 259721.953380
259721952792 DISPLAY_TEXT OFF
259722270836 CHEETAH_SIGNAL SENT_AFTER_TIME 259722.270360
259722269749 DISPLAY_TEXT 461 139 4 winking.
259722487077 CHEETAH_SIGNAL SENT_AFTER_TIME 259722.486584
259722486009 DISPLAY_TEXT OFF
259723503701 CHEETAH_SIGNAL SENT_AFTER_TIME 259723.503190
259723502618 DISPLAY_TEXT 462 140 1 The
259723720805 CHEETAH_SIGNAL SENT_AFTER_TIME 259723.720308
259723719727 DISPLAY_TEXT OFF
259724036759 CHEETAH_SIGNAL SENT_AFTER_TIME 259724.036268
259724035693 DISPLAY_TEXT 463 140 2 actors
259724253892 CHEETAH_SIGNAL SENT_AFTER_TIME 259724.253408
259724252829 DISPLAY_TEXT OFF
259724571077 CHEETAH_SIGNAL SENT_AFTER_TIME 259724.570573
259724569996 DISPLAY_TEXT 464 140 3 were
259724787130 CHEETAH_SIGNAL SENT_AFTER_TIME 259724.786640
259724786061 DISPLAY_TEXT OFF
259725104231 CHEETAH_SIGNAL SENT_AFTER_TIME 259725.103715
259725103142 DISPLAY_TEXT 465 140 4 scorned.
259725321405 CHEETAH_SIGNAL SENT_AFTER_TIME 259725.320908
259725320314 DISPLAY_TEXT OFF
259726337797 CHEETAH_SIGNAL SENT_AFTER_TIME 259726.337316
259726336739 DISPLAY_TEXT 466 141 1 Who
259726554409 CHEETAH_SIGNAL SENT_AFTER_TIME 259726.553922
259726553345 DISPLAY_TEXT OFF
259726871882 CHEETAH_SIGNAL SENT_AFTER_TIME 259726.871385
259726870808 DISPLAY_TEXT 467 141 2 collapsed?
259727087616 CHEETAH_SIGNAL SENT_AFTER_TIME 259727.087117
259727086542 DISPLAY_TEXT OFF
259728104616 CHEETAH_SIGNAL SENT_AFTER_TIME 259728.104157
259728103580 DISPLAY_TEXT 468 142 1 He
259728322053 CHEETAH_SIGNAL SENT_AFTER_TIME 259728.321573
259728320982 DISPLAY_TEXT OFF
259728638896 CHEETAH_SIGNAL SENT_AFTER_TIME 259728.638403
259728637826 DISPLAY_TEXT 469 142 2 undressed.
259728854924 CHEETAH_SIGNAL SENT_AFTER_TIME 259728.854425
259728853848 DISPLAY_TEXT OFF
259729872121 CHEETAH_SIGNAL SENT_AFTER_TIME 259729.871625
259729871051 DISPLAY_TEXT 470 143 1 He
259730088890 CHEETAH_SIGNAL SENT_AFTER_TIME 259730.088380
259730087798 DISPLAY_TEXT OFF
259730404745 CHEETAH_SIGNAL SENT_AFTER_TIME 259730.404237
259730403661 DISPLAY_TEXT 471 143 2 was
259730621703 CHEETAH_SIGNAL SENT_AFTER_TIME 259730.621207
259730620613 DISPLAY_TEXT OFF
259730939011 CHEETAH_SIGNAL SENT_AFTER_TIME 259730.938536
259730937936 DISPLAY_TEXT 472 143 3 kissed.
259731154897 CHEETAH_SIGNAL SENT_AFTER_TIME 259731.154419
259731153822 DISPLAY_TEXT OFF
259732171973 CHEETAH_SIGNAL SENT_AFTER_TIME 259732.171476
259732170896 DISPLAY_TEXT 473 144 1 The
259732389338 CHEETAH_SIGNAL SENT_AFTER_TIME 259732.388837
259732388165 DISPLAY_TEXT OFF
259732705523 CHEETAH_SIGNAL SENT_AFTER_TIME 259732.705038
259732704464 DISPLAY_TEXT 474 144 2 girls
259732921653 CHEETAH_SIGNAL SENT_AFTER_TIME 259732.921193
259732920616 DISPLAY_TEXT OFF
259733238699 CHEETAH_SIGNAL SENT_AFTER_TIME 259733.238194
259733237599 DISPLAY_TEXT 475 144 3 arrive.
259733455895 CHEETAH_SIGNAL SENT_AFTER_TIME 259733.455402
259733454822 DISPLAY_TEXT OFF
259734471852 CHEETAH_SIGNAL SENT_AFTER_TIME 259734.471365
259734470784 DISPLAY_TEXT 476 145 1 He
259734689008 CHEETAH_SIGNAL SENT_AFTER_TIME 259734.688507
259734687904 DISPLAY_TEXT OFF
259735006054 CHEETAH_SIGNAL SENT_AFTER_TIME 259735.005575
259735004989 DISPLAY_TEXT 477 145 2 smelled
259735222047 CHEETAH_SIGNAL SENT_AFTER_TIME 259735.221551
259735220973 DISPLAY_TEXT OFF
259735539192 CHEETAH_SIGNAL SENT_AFTER_TIME 259735.538704
259735538127 DISPLAY_TEXT 478 145 3 the
259735756586 CHEETAH_SIGNAL SENT_AFTER_TIME 259735.756077
259735755497 DISPLAY_TEXT OFF
259736072604 CHEETAH_SIGNAL SENT_AFTER_TIME 259736.072105
259736071525 DISPLAY_TEXT 479 145 4 flowers.
259736289086 CHEETAH_SIGNAL SENT_AFTER_TIME 259736.288635
259736288138 DISPLAY_TEXT OFF
259737306895 CHEETAH_SIGNAL SENT_AFTER_TIME 259737.306401
259737305824 DISPLAY_TEXT 480 146 1 He
259737522794 CHEETAH_SIGNAL SENT_AFTER_TIME 259737.522291
259737521715 DISPLAY_TEXT OFF
259737839750 CHEETAH_SIGNAL SENT_AFTER_TIME 259737.839221
259737838642 DISPLAY_TEXT 481 146 2 said
259738055614 CHEETAH_SIGNAL SENT_AFTER_TIME 259738.055118
259738054532 DISPLAY_TEXT OFF
259738373098 CHEETAH_SIGNAL SENT_AFTER_TIME 259738.372617
259738372024 DISPLAY_TEXT 482 146 3 that
259738590346 CHEETAH_SIGNAL SENT_AFTER_TIME 259738.589848
259738589254 DISPLAY_TEXT OFF
259738906296 CHEETAH_SIGNAL SENT_AFTER_TIME 259738.905810
259738905233 DISPLAY_TEXT 483 146 4 she
259739123523 CHEETAH_SIGNAL SENT_AFTER_TIME 259739.123024
259739122351 DISPLAY_TEXT OFF
259739439669 CHEETAH_SIGNAL SENT_AFTER_TIME 259739.439192
259739438618 DISPLAY_TEXT 484 146 5 smiled.
259739658155 CHEETAH_SIGNAL SENT_AFTER_TIME 259739.657622
259739655964 DISPLAY_TEXT OFF
259740673749 CHEETAH_SIGNAL SENT_AFTER_TIME 259740.673256
259740672598 DISPLAY_TEXT 485 147 1 The
259740889929 CHEETAH_SIGNAL SENT_AFTER_TIME 259740.889437
259740888859 DISPLAY_TEXT OFF
259741207026 CHEETAH_SIGNAL SENT_AFTER_TIME 259741.206550
259741205957 DISPLAY_TEXT 486 147 2 boys
259741423412 CHEETAH_SIGNAL SENT_AFTER_TIME 259741.422910
259741422332 DISPLAY_TEXT OFF
259741740584 CHEETAH_SIGNAL SENT_AFTER_TIME 259741.740057
259741739480 DISPLAY_TEXT 487 147 3 tickle
259741957073 CHEETAH_SIGNAL SENT_AFTER_TIME 259741.956576
259741955997 DISPLAY_TEXT OFF
259742274341 CHEETAH_SIGNAL SENT_AFTER_TIME 259742.273858
259742273272 DISPLAY_TEXT 488 147 4 the
259742490313 CHEETAH_SIGNAL SENT_AFTER_TIME 259742.489820
259742489242 DISPLAY_TEXT OFF
259742806902 CHEETAH_SIGNAL SENT_AFTER_TIME 259742.806405
259742805828 DISPLAY_TEXT 489 147 5 girl.
259743023755 CHEETAH_SIGNAL SENT_AFTER_TIME 259743.023267
259743022697 DISPLAY_TEXT OFF
259744040979 CHEETAH_SIGNAL SENT_AFTER_TIME 259744.040478
259744039874 DISPLAY_TEXT 490 148 1 The
259744257074 CHEETAH_SIGNAL SENT_AFTER_TIME 259744.256581
259744256002 DISPLAY_TEXT OFF
259744573613 CHEETAH_SIGNAL SENT_AFTER_TIME 259744.573116
259744572544 DISPLAY_TEXT 491 148 2 grandpa
259744790787 CHEETAH_SIGNAL SENT_AFTER_TIME 259744.790285
259744789706 DISPLAY_TEXT OFF
259745107447 CHEETAH_SIGNAL SENT_AFTER_TIME 259745.106950
259745106321 DISPLAY_TEXT 492 148 3 ate
259745324833 CHEETAH_SIGNAL SENT_AFTER_TIME 259745.324333
259745323752 DISPLAY_TEXT OFF
259745636993 CHEETAH_SIGNAL SENT_AFTER_TIME 259745.636603
259745636182 DISPLAY_TEXT 493 148 4 the
259745857511 CHEETAH_SIGNAL SENT_AFTER_TIME 259745.857031
259745856458 DISPLAY_TEXT OFF
259745887670 KEY_PRESS l
259746047625 KEY_PRESS l
259746174449 CHEETAH_SIGNAL SENT_AFTER_TIME 259746.173964
259746173360 DISPLAY_TEXT 494 148 5 meal.
259746390575 CHEETAH_SIGNAL SENT_AFTER_TIME 259746.390077
259746389501 DISPLAY_TEXT OFF
259746759751 KEY_PRESS l
259746903754 KEY_PRESS l
259747408045 CHEETAH_SIGNAL SENT_AFTER_TIME 259747.407560
259747406847 DISPLAY_TEXT 495 149 1 The
259747619230 CHEETAH_SIGNAL SENT_AFTER_TIME 259747.618846
259747618444 DISPLAY_TEXT OFF
259747935992 CHEETAH_SIGNAL SENT_AFTER_TIME 259747.935620
259747935136 DISPLAY_TEXT 496 149 2 girl
259748151952 CHEETAH_SIGNAL SENT_AFTER_TIME 259748.151572
259748151147 DISPLAY_TEXT OFF
259748469848 CHEETAH_SIGNAL SENT_AFTER_TIME 259748.469476
259748468973 DISPLAY_TEXT 497 149 3 cries.
259748686434 CHEETAH_SIGNAL SENT_AFTER_TIME 259748.686053
259748685610 DISPLAY_TEXT OFF
259749702814 CHEETAH_SIGNAL SENT_AFTER_TIME 259749.702390
259749701904 DISPLAY_TEXT 498 150 1 What
259749919562 CHEETAH_SIGNAL SENT_AFTER_TIME 259749.919155
259749918629 DISPLAY_TEXT OFF
259750242176 CHEETAH_SIGNAL SENT_AFTER_TIME 259750.241705
259750241138 DISPLAY_TEXT 499 150 2 did
259750458334 CHEETAH_SIGNAL SENT_AFTER_TIME 259750.457847
259750457276 DISPLAY_TEXT OFF
259750775441 CHEETAH_SIGNAL SENT_AFTER_TIME 259750.774949
259750774389 DISPLAY_TEXT 500 150 3 the
259750991452 CHEETAH_SIGNAL SENT_AFTER_TIME 259750.990962
259750990398 DISPLAY_TEXT OFF
259751308166 CHEETAH_SIGNAL SENT_AFTER_TIME 259751.307711
259751307233 DISPLAY_TEXT 501 150 4 boy
259751525229 CHEETAH_SIGNAL SENT_AFTER_TIME 259751.524734
259751524155 DISPLAY_TEXT OFF
259751837496 CHEETAH_SIGNAL SENT_AFTER_TIME 259751.837111
259751836638 DISPLAY_TEXT 502 150 5 smell?
259752058619 CHEETAH_SIGNAL SENT_AFTER_TIME 259752.058121
259752057553 DISPLAY_TEXT OFF
259753076024 CHEETAH_SIGNAL SENT_AFTER_TIME 259753.075544
259753074971 DISPLAY_TEXT 503 151 1 He
259753292397 CHEETAH_SIGNAL SENT_AFTER_TIME 259753.291915
259753291256 DISPLAY_TEXT OFF
259753604406 CHEETAH_SIGNAL SENT_AFTER_TIME 259753.603960
259753603469 DISPLAY_TEXT 504 151 2 heard
259753825838 CHEETAH_SIGNAL SENT_AFTER_TIME 259753.825351
259753824761 DISPLAY_TEXT OFF
259754141807 CHEETAH_SIGNAL SENT_AFTER_TIME 259754.141310
259754140745 DISPLAY_TEXT 505 151 3 her
259754359056 CHEETAH_SIGNAL SENT_AFTER_TIME 259754.358552
259754357984 DISPLAY_TEXT OFF
259754676269 CHEETAH_SIGNAL SENT_AFTER_TIME 259754.675777
259754675212 DISPLAY_TEXT 506 151 4 play.
259754888836 CHEETAH_SIGNAL SENT_AFTER_TIME 259754.888392
259754887876 DISPLAY_TEXT OFF
259755909411 CHEETAH_SIGNAL SENT_AFTER_TIME 259755.908914
259755908343 DISPLAY_TEXT 507 152 1 She
259756126669 CHEETAH_SIGNAL SENT_AFTER_TIME 259756.126180
259756125613 DISPLAY_TEXT OFF
259756442698 CHEETAH_SIGNAL SENT_AFTER_TIME 259756.442201
259756441633 DISPLAY_TEXT 508 152 2 dressed.
259756659961 CHEETAH_SIGNAL SENT_AFTER_TIME 259756.659462
259756658879 DISPLAY_TEXT OFF
